<?xml version="1.0" encoding="UTF-8"?>
<testsuite xmlns:xsi="http://www.w3.org/2001/XMLSchema-instance" xsi:noNamespaceSchemaLocation="https://maven.apache.org/surefire/maven-surefire-plugin/xsd/surefire-test-report-3.0.xsd" version="3.0" name="pe.edu.upc.mind.care.platform.MindCarePlatformApplicationTests" time="4.649" tests="1" errors="1" skipped="0" failures="0">
  <properties>
    <property name="java.specification.version" value="21"/>
    <property name="sun.cpu.isalist" value="amd64"/>
    <property name="sun.jnu.encoding" value="Cp1252"/>
    <property name="java.class.path" value="C:\Users\sebas\OneDrive\Escritorio\Sebas\UPC\Desarrollo de Aplicaciones Open Source\mindcare-backend\target\test-classes;C:\Users\sebas\OneDrive\Escritorio\Sebas\UPC\Desarrollo de Aplicaciones Open Source\mindcare-backend\target\classes;C:\Users\sebas\.m2\repository\org\springframework\boot\spring-boot-starter-data-jpa\3.2.6\spring-boot-starter-data-jpa-3.2.6.jar;C:\Users\sebas\.m2\repository\org\springframework\boot\spring-boot-starter-aop\3.2.6\spring-boot-starter-aop-3.2.6.jar;C:\Users\sebas\.m2\repository\org\aspectj\aspectjweaver\1.9.22\aspectjweaver-1.9.22.jar;C:\Users\sebas\.m2\repository\org\springframework\boot\spring-boot-starter-jdbc\3.2.6\spring-boot-starter-jdbc-3.2.6.jar;C:\Users\sebas\.m2\repository\com\zaxxer\HikariCP\5.0.1\HikariCP-5.0.1.jar;C:\Users\sebas\.m2\repository\org\springframework\spring-jdbc\6.1.8\spring-jdbc-6.1.8.jar;C:\Users\sebas\.m2\repository\org\hibernate\orm\hibernate-core\6.4.8.Final\hibernate-core-6.4.8.Final.jar;C:\Users\sebas\.m2\repository\jakarta\persistence\jakarta.persistence-api\3.1.0\jakarta.persistence-api-3.1.0.jar;C:\Users\sebas\.m2\repository\jakarta\transaction\jakarta.transaction-api\2.0.1\jakarta.transaction-api-2.0.1.jar;C:\Users\sebas\.m2\repository\org\jboss\logging\jboss-logging\3.5.3.Final\jboss-logging-3.5.3.Final.jar;C:\Users\sebas\.m2\repository\org\hibernate\common\hibernate-commons-annotations\6.0.6.Final\hibernate-commons-annotations-6.0.6.Final.jar;C:\Users\sebas\.m2\repository\io\smallrye\jandex\3.1.2\jandex-3.1.2.jar;C:\Users\sebas\.m2\repository\com\fasterxml\classmate\1.6.0\classmate-1.6.0.jar;C:\Users\sebas\.m2\repository\org\glassfish\jaxb\jaxb-runtime\4.0.5\jaxb-runtime-4.0.5.jar;C:\Users\sebas\.m2\repository\org\glassfish\jaxb\jaxb-core\4.0.5\jaxb-core-4.0.5.jar;C:\Users\sebas\.m2\repository\org\eclipse\angus\angus-activation\2.0.2\angus-activation-2.0.2.jar;C:\Users\sebas\.m2\repository\org\glassfish\jaxb\txw2\4.0.5\txw2-4.0.5.jar;C:\Users\sebas\.m2\repository\com\sun\istack\istack-commons-runtime\4.1.2\istack-commons-runtime-4.1.2.jar;C:\Users\sebas\.m2\repository\jakarta\inject\jakarta.inject-api\2.0.1\jakarta.inject-api-2.0.1.jar;C:\Users\sebas\.m2\repository\org\antlr\antlr4-runtime\4.13.0\antlr4-runtime-4.13.0.jar;C:\Users\sebas\.m2\repository\org\springframework\data\spring-data-jpa\3.2.6\spring-data-jpa-3.2.6.jar;C:\Users\sebas\.m2\repository\org\springframework\data\spring-data-commons\3.2.6\spring-data-commons-3.2.6.jar;C:\Users\sebas\.m2\repository\org\springframework\spring-orm\6.1.8\spring-orm-6.1.8.jar;C:\Users\sebas\.m2\repository\org\springframework\spring-context\6.1.8\spring-context-6.1.8.jar;C:\Users\sebas\.m2\repository\org\springframework\spring-tx\6.1.8\spring-tx-6.1.8.jar;C:\Users\sebas\.m2\repository\org\springframework\spring-beans\6.1.8\spring-beans-6.1.8.jar;C:\Users\sebas\.m2\repository\jakarta\annotation\jakarta.annotation-api\2.1.1\jakarta.annotation-api-2.1.1.jar;C:\Users\sebas\.m2\repository\org\slf4j\slf4j-api\2.0.13\slf4j-api-2.0.13.jar;C:\Users\sebas\.m2\repository\org\springframework\spring-aspects\6.1.8\spring-aspects-6.1.8.jar;C:\Users\sebas\.m2\repository\org\springframework\boot\spring-boot-starter-validation\3.2.6\spring-boot-starter-validation-3.2.6.jar;C:\Users\sebas\.m2\repository\org\springframework\boot\spring-boot-starter\3.2.6\spring-boot-starter-3.2.6.jar;C:\Users\sebas\.m2\repository\org\springframework\boot\spring-boot-starter-logging\3.2.6\spring-boot-starter-logging-3.2.6.jar;C:\Users\sebas\.m2\repository\ch\qos\logback\logback-classic\1.4.14\logback-classic-1.4.14.jar;C:\Users\sebas\.m2\repository\ch\qos\logback\logback-core\1.4.14\logback-core-1.4.14.jar;C:\Users\sebas\.m2\repository\org\apache\logging\log4j\log4j-to-slf4j\2.21.1\log4j-to-slf4j-2.21.1.jar;C:\Users\sebas\.m2\repository\org\apache\logging\log4j\log4j-api\2.21.1\log4j-api-2.21.1.jar;C:\Users\sebas\.m2\repository\org\slf4j\jul-to-slf4j\2.0.13\jul-to-slf4j-2.0.13.jar;C:\Users\sebas\.m2\repository\org\yaml\snakeyaml\2.2\snakeyaml-2.2.jar;C:\Users\sebas\.m2\repository\org\apache\tomcat\embed\tomcat-embed-el\10.1.24\tomcat-embed-el-10.1.24.jar;C:\Users\sebas\.m2\repository\org\hibernate\validator\hibernate-validator\8.0.1.Final\hibernate-validator-8.0.1.Final.jar;C:\Users\sebas\.m2\repository\jakarta\validation\jakarta.validation-api\3.0.2\jakarta.validation-api-3.0.2.jar;C:\Users\sebas\.m2\repository\org\springframework\boot\spring-boot-starter-web\3.2.6\spring-boot-starter-web-3.2.6.jar;C:\Users\sebas\.m2\repository\org\springframework\boot\spring-boot-starter-json\3.2.6\spring-boot-starter-json-3.2.6.jar;C:\Users\sebas\.m2\repository\com\fasterxml\jackson\datatype\jackson-datatype-jdk8\2.15.4\jackson-datatype-jdk8-2.15.4.jar;C:\Users\sebas\.m2\repository\com\fasterxml\jackson\datatype\jackson-datatype-jsr310\2.15.4\jackson-datatype-jsr310-2.15.4.jar;C:\Users\sebas\.m2\repository\com\fasterxml\jackson\module\jackson-module-parameter-names\2.15.4\jackson-module-parameter-names-2.15.4.jar;C:\Users\sebas\.m2\repository\org\springframework\boot\spring-boot-starter-tomcat\3.2.6\spring-boot-starter-tomcat-3.2.6.jar;C:\Users\sebas\.m2\repository\org\apache\tomcat\embed\tomcat-embed-core\10.1.24\tomcat-embed-core-10.1.24.jar;C:\Users\sebas\.m2\repository\org\apache\tomcat\embed\tomcat-embed-websocket\10.1.24\tomcat-embed-websocket-10.1.24.jar;C:\Users\sebas\.m2\repository\org\springframework\spring-web\6.1.8\spring-web-6.1.8.jar;C:\Users\sebas\.m2\repository\io\micrometer\micrometer-observation\1.12.6\micrometer-observation-1.12.6.jar;C:\Users\sebas\.m2\repository\io\micrometer\micrometer-commons\1.12.6\micrometer-commons-1.12.6.jar;C:\Users\sebas\.m2\repository\org\springframework\spring-webmvc\6.1.8\spring-webmvc-6.1.8.jar;C:\Users\sebas\.m2\repository\org\springframework\spring-expression\6.1.8\spring-expression-6.1.8.jar;C:\Users\sebas\.m2\repository\org\springframework\modulith\spring-modulith-starter-core\1.1.4\spring-modulith-starter-core-1.1.4.jar;C:\Users\sebas\.m2\repository\org\springframework\modulith\spring-modulith-api\1.1.4\spring-modulith-api-1.1.4.jar;C:\Users\sebas\.m2\repository\org\springframework\modulith\spring-modulith-core\1.1.4\spring-modulith-core-1.1.4.jar;C:\Users\sebas\.m2\repository\com\tngtech\archunit\archunit\1.1.1\archunit-1.1.1.jar;C:\Users\sebas\.m2\repository\org\springframework\modulith\spring-modulith-moments\1.1.4\spring-modulith-moments-1.1.4.jar;C:\Users\sebas\.m2\repository\org\jmolecules\jmolecules-events\1.9.0\jmolecules-events-1.9.0.jar;C:\Users\sebas\.m2\repository\org\springframework\modulith\spring-modulith-starter-jpa\1.1.4\spring-modulith-starter-jpa-1.1.4.jar;C:\Users\sebas\.m2\repository\org\springframework\modulith\spring-modulith-events-api\1.1.4\spring-modulith-events-api-1.1.4.jar;C:\Users\sebas\.m2\repository\org\springframework\modulith\spring-modulith-events-core\1.1.4\spring-modulith-events-core-1.1.4.jar;C:\Users\sebas\.m2\repository\org\slf4j\jcl-over-slf4j\2.0.13\jcl-over-slf4j-2.0.13.jar;C:\Users\sebas\.m2\repository\org\springframework\modulith\spring-modulith-events-jackson\1.1.4\spring-modulith-events-jackson-1.1.4.jar;C:\Users\sebas\.m2\repository\org\springframework\modulith\spring-modulith-events-jpa\1.1.4\spring-modulith-events-jpa-1.1.4.jar;C:\Users\sebas\.m2\repository\org\springframework\boot\spring-boot-devtools\3.2.6\spring-boot-devtools-3.2.6.jar;C:\Users\sebas\.m2\repository\org\springframework\boot\spring-boot\3.2.6\spring-boot-3.2.6.jar;C:\Users\sebas\.m2\repository\org\springframework\boot\spring-boot-autoconfigure\3.2.6\spring-boot-autoconfigure-3.2.6.jar;C:\Users\sebas\.m2\repository\org\postgresql\postgresql\42.6.2\postgresql-42.6.2.jar;C:\Users\sebas\.m2\repository\org\checkerframework\checker-qual\3.31.0\checker-qual-3.31.0.jar;C:\Users\sebas\.m2\repository\org\projectlombok\lombok\1.18.32\lombok-1.18.32.jar;C:\Users\sebas\.m2\repository\org\springframework\boot\spring-boot-starter-test\3.2.6\spring-boot-starter-test-3.2.6.jar;C:\Users\sebas\.m2\repository\org\springframework\boot\spring-boot-test\3.2.6\spring-boot-test-3.2.6.jar;C:\Users\sebas\.m2\repository\org\springframework\boot\spring-boot-test-autoconfigure\3.2.6\spring-boot-test-autoconfigure-3.2.6.jar;C:\Users\sebas\.m2\repository\com\jayway\jsonpath\json-path\2.9.0\json-path-2.9.0.jar;C:\Users\sebas\.m2\repository\jakarta\xml\bind\jakarta.xml.bind-api\4.0.2\jakarta.xml.bind-api-4.0.2.jar;C:\Users\sebas\.m2\repository\jakarta\activation\jakarta.activation-api\2.1.3\jakarta.activation-api-2.1.3.jar;C:\Users\sebas\.m2\repository\net\minidev\json-smart\2.5.1\json-smart-2.5.1.jar;C:\Users\sebas\.m2\repository\net\minidev\accessors-smart\2.5.1\accessors-smart-2.5.1.jar;C:\Users\sebas\.m2\repository\org\ow2\asm\asm\9.6\asm-9.6.jar;C:\Users\sebas\.m2\repository\org\assertj\assertj-core\3.24.2\assertj-core-3.24.2.jar;C:\Users\sebas\.m2\repository\org\awaitility\awaitility\4.2.1\awaitility-4.2.1.jar;C:\Users\sebas\.m2\repository\org\hamcrest\hamcrest\2.2\hamcrest-2.2.jar;C:\Users\sebas\.m2\repository\org\junit\jupiter\junit-jupiter\5.10.2\junit-jupiter-5.10.2.jar;C:\Users\sebas\.m2\repository\org\junit\jupiter\junit-jupiter-params\5.10.2\junit-jupiter-params-5.10.2.jar;C:\Users\sebas\.m2\repository\org\mockito\mockito-junit-jupiter\5.7.0\mockito-junit-jupiter-5.7.0.jar;C:\Users\sebas\.m2\repository\org\skyscreamer\jsonassert\1.5.1\jsonassert-1.5.1.jar;C:\Users\sebas\.m2\repository\com\vaadin\external\google\android-json\0.0.20131108.vaadin1\android-json-0.0.20131108.vaadin1.jar;C:\Users\sebas\.m2\repository\org\springframework\spring-core\6.1.8\spring-core-6.1.8.jar;C:\Users\sebas\.m2\repository\org\springframework\spring-jcl\6.1.8\spring-jcl-6.1.8.jar;C:\Users\sebas\.m2\repository\org\springframework\spring-test\6.1.8\spring-test-6.1.8.jar;C:\Users\sebas\.m2\repository\org\xmlunit\xmlunit-core\2.9.1\xmlunit-core-2.9.1.jar;C:\Users\sebas\.m2\repository\org\springframework\modulith\spring-modulith-starter-test\1.1.4\spring-modulith-starter-test-1.1.4.jar;C:\Users\sebas\.m2\repository\org\springframework\modulith\spring-modulith-test\1.1.4\spring-modulith-test-1.1.4.jar;C:\Users\sebas\.m2\repository\org\springframework\modulith\spring-modulith-docs\1.1.4\spring-modulith-docs-1.1.4.jar;C:\Users\sebas\.m2\repository\com\structurizr\structurizr-core\1.18.0\structurizr-core-1.18.0.jar;C:\Users\sebas\.m2\repository\com\google\code\findbugs\jsr305\3.0.2\jsr305-3.0.2.jar;C:\Users\sebas\.m2\repository\commons-logging\commons-logging\1.2\commons-logging-1.2.jar;C:\Users\sebas\.m2\repository\com\structurizr\structurizr-plantuml\1.6.3\structurizr-plantuml-1.6.3.jar;C:\Users\sebas\.m2\repository\com\structurizr\structurizr-export\1.8.3\structurizr-export-1.8.3.jar;C:\Users\sebas\.m2\repository\org\junit\jupiter\junit-jupiter-api\5.10.2\junit-jupiter-api-5.10.2.jar;C:\Users\sebas\.m2\repository\org\opentest4j\opentest4j\1.3.0\opentest4j-1.3.0.jar;C:\Users\sebas\.m2\repository\org\junit\platform\junit-platform-commons\1.10.2\junit-platform-commons-1.10.2.jar;C:\Users\sebas\.m2\repository\org\apiguardian\apiguardian-api\1.1.2\apiguardian-api-1.1.2.jar;C:\Users\sebas\.m2\repository\org\junit\jupiter\junit-jupiter-engine\5.10.2\junit-jupiter-engine-5.10.2.jar;C:\Users\sebas\.m2\repository\org\junit\platform\junit-platform-engine\1.10.2\junit-platform-engine-1.10.2.jar;C:\Users\sebas\.m2\repository\org\mockito\mockito-core\5.7.0\mockito-core-5.7.0.jar;C:\Users\sebas\.m2\repository\net\bytebuddy\byte-buddy\1.14.16\byte-buddy-1.14.16.jar;C:\Users\sebas\.m2\repository\net\bytebuddy\byte-buddy-agent\1.14.16\byte-buddy-agent-1.14.16.jar;C:\Users\sebas\.m2\repository\org\objenesis\objenesis\3.3\objenesis-3.3.jar;C:\Users\sebas\.m2\repository\io\github\encryptorcode\pluralize\1.0.0\pluralize-1.0.0.jar;C:\Users\sebas\.m2\repository\org\springdoc\springdoc-openapi-starter-webmvc-ui\2.5.0\springdoc-openapi-starter-webmvc-ui-2.5.0.jar;C:\Users\sebas\.m2\repository\org\springdoc\springdoc-openapi-starter-webmvc-api\2.5.0\springdoc-openapi-starter-webmvc-api-2.5.0.jar;C:\Users\sebas\.m2\repository\org\springdoc\springdoc-openapi-starter-common\2.5.0\springdoc-openapi-starter-common-2.5.0.jar;C:\Users\sebas\.m2\repository\io\swagger\core\v3\swagger-core-jakarta\2.2.21\swagger-core-jakarta-2.2.21.jar;C:\Users\sebas\.m2\repository\io\swagger\core\v3\swagger-annotations-jakarta\2.2.21\swagger-annotations-jakarta-2.2.21.jar;C:\Users\sebas\.m2\repository\io\swagger\core\v3\swagger-models-jakarta\2.2.21\swagger-models-jakarta-2.2.21.jar;C:\Users\sebas\.m2\repository\com\fasterxml\jackson\dataformat\jackson-dataformat-yaml\2.15.4\jackson-dataformat-yaml-2.15.4.jar;C:\Users\sebas\.m2\repository\org\webjars\swagger-ui\5.13.0\swagger-ui-5.13.0.jar;C:\Users\sebas\.m2\repository\org\apache\commons\commons-lang3\3.12.0\commons-lang3-3.12.0.jar;C:\Users\sebas\.m2\repository\io\jsonwebtoken\jjwt-api\0.12.3\jjwt-api-0.12.3.jar;C:\Users\sebas\.m2\repository\io\jsonwebtoken\jjwt-impl\0.12.3\jjwt-impl-0.12.3.jar;C:\Users\sebas\.m2\repository\io\jsonwebtoken\jjwt-jackson\0.12.3\jjwt-jackson-0.12.3.jar;C:\Users\sebas\.m2\repository\com\fasterxml\jackson\core\jackson-databind\2.15.4\jackson-databind-2.15.4.jar;C:\Users\sebas\.m2\repository\com\fasterxml\jackson\core\jackson-annotations\2.15.4\jackson-annotations-2.15.4.jar;C:\Users\sebas\.m2\repository\com\fasterxml\jackson\core\jackson-core\2.15.4\jackson-core-2.15.4.jar;C:\Users\sebas\.m2\repository\org\springframework\boot\spring-boot-starter-security\3.2.6\spring-boot-starter-security-3.2.6.jar;C:\Users\sebas\.m2\repository\org\springframework\spring-aop\6.1.8\spring-aop-6.1.8.jar;C:\Users\sebas\.m2\repository\org\springframework\security\spring-security-config\6.2.4\spring-security-config-6.2.4.jar;C:\Users\sebas\.m2\repository\org\springframework\security\spring-security-core\6.2.4\spring-security-core-6.2.4.jar;C:\Users\sebas\.m2\repository\org\springframework\security\spring-security-crypto\6.2.4\spring-security-crypto-6.2.4.jar;C:\Users\sebas\.m2\repository\org\springframework\security\spring-security-web\6.2.4\spring-security-web-6.2.4.jar;"/>
    <property name="java.vm.vendor" value="Amazon.com Inc."/>
    <property name="sun.arch.data.model" value="64"/>
    <property name="user.variant" value=""/>
    <property name="java.vendor.url" value="https://aws.amazon.com/corretto/"/>
    <property name="user.timezone" value="America/Bogota"/>
    <property name="org.jboss.logging.provider" value="slf4j"/>
    <property name="os.name" value="Windows 11"/>
    <property name="java.vm.specification.version" value="21"/>
    <property name="sun.java.launcher" value="SUN_STANDARD"/>
    <property name="user.country" value="US"/>
    <property name="sun.boot.library.path" value="C:\Users\sebas\.jdks\corretto-21.0.3\bin"/>
    <property name="sun.java.command" value="C:\Users\sebas\AppData\Local\Temp\surefire2618889038671979296\surefirebooter-20240627141255359_3.jar C:\Users\sebas\AppData\Local\Temp\surefire2618889038671979296 2024-06-27T14-12-55_180-jvmRun1 surefire-20240627141255359_1tmp surefire_0-20240627141255359_2tmp"/>
    <property name="jdk.debug" value="release"/>
    <property name="surefire.test.class.path" value="C:\Users\sebas\OneDrive\Escritorio\Sebas\UPC\Desarrollo de Aplicaciones Open Source\mindcare-backend\target\test-classes;C:\Users\sebas\OneDrive\Escritorio\Sebas\UPC\Desarrollo de Aplicaciones Open Source\mindcare-backend\target\classes;C:\Users\sebas\.m2\repository\org\springframework\boot\spring-boot-starter-data-jpa\3.2.6\spring-boot-starter-data-jpa-3.2.6.jar;C:\Users\sebas\.m2\repository\org\springframework\boot\spring-boot-starter-aop\3.2.6\spring-boot-starter-aop-3.2.6.jar;C:\Users\sebas\.m2\repository\org\aspectj\aspectjweaver\1.9.22\aspectjweaver-1.9.22.jar;C:\Users\sebas\.m2\repository\org\springframework\boot\spring-boot-starter-jdbc\3.2.6\spring-boot-starter-jdbc-3.2.6.jar;C:\Users\sebas\.m2\repository\com\zaxxer\HikariCP\5.0.1\HikariCP-5.0.1.jar;C:\Users\sebas\.m2\repository\org\springframework\spring-jdbc\6.1.8\spring-jdbc-6.1.8.jar;C:\Users\sebas\.m2\repository\org\hibernate\orm\hibernate-core\6.4.8.Final\hibernate-core-6.4.8.Final.jar;C:\Users\sebas\.m2\repository\jakarta\persistence\jakarta.persistence-api\3.1.0\jakarta.persistence-api-3.1.0.jar;C:\Users\sebas\.m2\repository\jakarta\transaction\jakarta.transaction-api\2.0.1\jakarta.transaction-api-2.0.1.jar;C:\Users\sebas\.m2\repository\org\jboss\logging\jboss-logging\3.5.3.Final\jboss-logging-3.5.3.Final.jar;C:\Users\sebas\.m2\repository\org\hibernate\common\hibernate-commons-annotations\6.0.6.Final\hibernate-commons-annotations-6.0.6.Final.jar;C:\Users\sebas\.m2\repository\io\smallrye\jandex\3.1.2\jandex-3.1.2.jar;C:\Users\sebas\.m2\repository\com\fasterxml\classmate\1.6.0\classmate-1.6.0.jar;C:\Users\sebas\.m2\repository\org\glassfish\jaxb\jaxb-runtime\4.0.5\jaxb-runtime-4.0.5.jar;C:\Users\sebas\.m2\repository\org\glassfish\jaxb\jaxb-core\4.0.5\jaxb-core-4.0.5.jar;C:\Users\sebas\.m2\repository\org\eclipse\angus\angus-activation\2.0.2\angus-activation-2.0.2.jar;C:\Users\sebas\.m2\repository\org\glassfish\jaxb\txw2\4.0.5\txw2-4.0.5.jar;C:\Users\sebas\.m2\repository\com\sun\istack\istack-commons-runtime\4.1.2\istack-commons-runtime-4.1.2.jar;C:\Users\sebas\.m2\repository\jakarta\inject\jakarta.inject-api\2.0.1\jakarta.inject-api-2.0.1.jar;C:\Users\sebas\.m2\repository\org\antlr\antlr4-runtime\4.13.0\antlr4-runtime-4.13.0.jar;C:\Users\sebas\.m2\repository\org\springframework\data\spring-data-jpa\3.2.6\spring-data-jpa-3.2.6.jar;C:\Users\sebas\.m2\repository\org\springframework\data\spring-data-commons\3.2.6\spring-data-commons-3.2.6.jar;C:\Users\sebas\.m2\repository\org\springframework\spring-orm\6.1.8\spring-orm-6.1.8.jar;C:\Users\sebas\.m2\repository\org\springframework\spring-context\6.1.8\spring-context-6.1.8.jar;C:\Users\sebas\.m2\repository\org\springframework\spring-tx\6.1.8\spring-tx-6.1.8.jar;C:\Users\sebas\.m2\repository\org\springframework\spring-beans\6.1.8\spring-beans-6.1.8.jar;C:\Users\sebas\.m2\repository\jakarta\annotation\jakarta.annotation-api\2.1.1\jakarta.annotation-api-2.1.1.jar;C:\Users\sebas\.m2\repository\org\slf4j\slf4j-api\2.0.13\slf4j-api-2.0.13.jar;C:\Users\sebas\.m2\repository\org\springframework\spring-aspects\6.1.8\spring-aspects-6.1.8.jar;C:\Users\sebas\.m2\repository\org\springframework\boot\spring-boot-starter-validation\3.2.6\spring-boot-starter-validation-3.2.6.jar;C:\Users\sebas\.m2\repository\org\springframework\boot\spring-boot-starter\3.2.6\spring-boot-starter-3.2.6.jar;C:\Users\sebas\.m2\repository\org\springframework\boot\spring-boot-starter-logging\3.2.6\spring-boot-starter-logging-3.2.6.jar;C:\Users\sebas\.m2\repository\ch\qos\logback\logback-classic\1.4.14\logback-classic-1.4.14.jar;C:\Users\sebas\.m2\repository\ch\qos\logback\logback-core\1.4.14\logback-core-1.4.14.jar;C:\Users\sebas\.m2\repository\org\apache\logging\log4j\log4j-to-slf4j\2.21.1\log4j-to-slf4j-2.21.1.jar;C:\Users\sebas\.m2\repository\org\apache\logging\log4j\log4j-api\2.21.1\log4j-api-2.21.1.jar;C:\Users\sebas\.m2\repository\org\slf4j\jul-to-slf4j\2.0.13\jul-to-slf4j-2.0.13.jar;C:\Users\sebas\.m2\repository\org\yaml\snakeyaml\2.2\snakeyaml-2.2.jar;C:\Users\sebas\.m2\repository\org\apache\tomcat\embed\tomcat-embed-el\10.1.24\tomcat-embed-el-10.1.24.jar;C:\Users\sebas\.m2\repository\org\hibernate\validator\hibernate-validator\8.0.1.Final\hibernate-validator-8.0.1.Final.jar;C:\Users\sebas\.m2\repository\jakarta\validation\jakarta.validation-api\3.0.2\jakarta.validation-api-3.0.2.jar;C:\Users\sebas\.m2\repository\org\springframework\boot\spring-boot-starter-web\3.2.6\spring-boot-starter-web-3.2.6.jar;C:\Users\sebas\.m2\repository\org\springframework\boot\spring-boot-starter-json\3.2.6\spring-boot-starter-json-3.2.6.jar;C:\Users\sebas\.m2\repository\com\fasterxml\jackson\datatype\jackson-datatype-jdk8\2.15.4\jackson-datatype-jdk8-2.15.4.jar;C:\Users\sebas\.m2\repository\com\fasterxml\jackson\datatype\jackson-datatype-jsr310\2.15.4\jackson-datatype-jsr310-2.15.4.jar;C:\Users\sebas\.m2\repository\com\fasterxml\jackson\module\jackson-module-parameter-names\2.15.4\jackson-module-parameter-names-2.15.4.jar;C:\Users\sebas\.m2\repository\org\springframework\boot\spring-boot-starter-tomcat\3.2.6\spring-boot-starter-tomcat-3.2.6.jar;C:\Users\sebas\.m2\repository\org\apache\tomcat\embed\tomcat-embed-core\10.1.24\tomcat-embed-core-10.1.24.jar;C:\Users\sebas\.m2\repository\org\apache\tomcat\embed\tomcat-embed-websocket\10.1.24\tomcat-embed-websocket-10.1.24.jar;C:\Users\sebas\.m2\repository\org\springframework\spring-web\6.1.8\spring-web-6.1.8.jar;C:\Users\sebas\.m2\repository\io\micrometer\micrometer-observation\1.12.6\micrometer-observation-1.12.6.jar;C:\Users\sebas\.m2\repository\io\micrometer\micrometer-commons\1.12.6\micrometer-commons-1.12.6.jar;C:\Users\sebas\.m2\repository\org\springframework\spring-webmvc\6.1.8\spring-webmvc-6.1.8.jar;C:\Users\sebas\.m2\repository\org\springframework\spring-expression\6.1.8\spring-expression-6.1.8.jar;C:\Users\sebas\.m2\repository\org\springframework\modulith\spring-modulith-starter-core\1.1.4\spring-modulith-starter-core-1.1.4.jar;C:\Users\sebas\.m2\repository\org\springframework\modulith\spring-modulith-api\1.1.4\spring-modulith-api-1.1.4.jar;C:\Users\sebas\.m2\repository\org\springframework\modulith\spring-modulith-core\1.1.4\spring-modulith-core-1.1.4.jar;C:\Users\sebas\.m2\repository\com\tngtech\archunit\archunit\1.1.1\archunit-1.1.1.jar;C:\Users\sebas\.m2\repository\org\springframework\modulith\spring-modulith-moments\1.1.4\spring-modulith-moments-1.1.4.jar;C:\Users\sebas\.m2\repository\org\jmolecules\jmolecules-events\1.9.0\jmolecules-events-1.9.0.jar;C:\Users\sebas\.m2\repository\org\springframework\modulith\spring-modulith-starter-jpa\1.1.4\spring-modulith-starter-jpa-1.1.4.jar;C:\Users\sebas\.m2\repository\org\springframework\modulith\spring-modulith-events-api\1.1.4\spring-modulith-events-api-1.1.4.jar;C:\Users\sebas\.m2\repository\org\springframework\modulith\spring-modulith-events-core\1.1.4\spring-modulith-events-core-1.1.4.jar;C:\Users\sebas\.m2\repository\org\slf4j\jcl-over-slf4j\2.0.13\jcl-over-slf4j-2.0.13.jar;C:\Users\sebas\.m2\repository\org\springframework\modulith\spring-modulith-events-jackson\1.1.4\spring-modulith-events-jackson-1.1.4.jar;C:\Users\sebas\.m2\repository\org\springframework\modulith\spring-modulith-events-jpa\1.1.4\spring-modulith-events-jpa-1.1.4.jar;C:\Users\sebas\.m2\repository\org\springframework\boot\spring-boot-devtools\3.2.6\spring-boot-devtools-3.2.6.jar;C:\Users\sebas\.m2\repository\org\springframework\boot\spring-boot\3.2.6\spring-boot-3.2.6.jar;C:\Users\sebas\.m2\repository\org\springframework\boot\spring-boot-autoconfigure\3.2.6\spring-boot-autoconfigure-3.2.6.jar;C:\Users\sebas\.m2\repository\org\postgresql\postgresql\42.6.2\postgresql-42.6.2.jar;C:\Users\sebas\.m2\repository\org\checkerframework\checker-qual\3.31.0\checker-qual-3.31.0.jar;C:\Users\sebas\.m2\repository\org\projectlombok\lombok\1.18.32\lombok-1.18.32.jar;C:\Users\sebas\.m2\repository\org\springframework\boot\spring-boot-starter-test\3.2.6\spring-boot-starter-test-3.2.6.jar;C:\Users\sebas\.m2\repository\org\springframework\boot\spring-boot-test\3.2.6\spring-boot-test-3.2.6.jar;C:\Users\sebas\.m2\repository\org\springframework\boot\spring-boot-test-autoconfigure\3.2.6\spring-boot-test-autoconfigure-3.2.6.jar;C:\Users\sebas\.m2\repository\com\jayway\jsonpath\json-path\2.9.0\json-path-2.9.0.jar;C:\Users\sebas\.m2\repository\jakarta\xml\bind\jakarta.xml.bind-api\4.0.2\jakarta.xml.bind-api-4.0.2.jar;C:\Users\sebas\.m2\repository\jakarta\activation\jakarta.activation-api\2.1.3\jakarta.activation-api-2.1.3.jar;C:\Users\sebas\.m2\repository\net\minidev\json-smart\2.5.1\json-smart-2.5.1.jar;C:\Users\sebas\.m2\repository\net\minidev\accessors-smart\2.5.1\accessors-smart-2.5.1.jar;C:\Users\sebas\.m2\repository\org\ow2\asm\asm\9.6\asm-9.6.jar;C:\Users\sebas\.m2\repository\org\assertj\assertj-core\3.24.2\assertj-core-3.24.2.jar;C:\Users\sebas\.m2\repository\org\awaitility\awaitility\4.2.1\awaitility-4.2.1.jar;C:\Users\sebas\.m2\repository\org\hamcrest\hamcrest\2.2\hamcrest-2.2.jar;C:\Users\sebas\.m2\repository\org\junit\jupiter\junit-jupiter\5.10.2\junit-jupiter-5.10.2.jar;C:\Users\sebas\.m2\repository\org\junit\jupiter\junit-jupiter-params\5.10.2\junit-jupiter-params-5.10.2.jar;C:\Users\sebas\.m2\repository\org\mockito\mockito-junit-jupiter\5.7.0\mockito-junit-jupiter-5.7.0.jar;C:\Users\sebas\.m2\repository\org\skyscreamer\jsonassert\1.5.1\jsonassert-1.5.1.jar;C:\Users\sebas\.m2\repository\com\vaadin\external\google\android-json\0.0.20131108.vaadin1\android-json-0.0.20131108.vaadin1.jar;C:\Users\sebas\.m2\repository\org\springframework\spring-core\6.1.8\spring-core-6.1.8.jar;C:\Users\sebas\.m2\repository\org\springframework\spring-jcl\6.1.8\spring-jcl-6.1.8.jar;C:\Users\sebas\.m2\repository\org\springframework\spring-test\6.1.8\spring-test-6.1.8.jar;C:\Users\sebas\.m2\repository\org\xmlunit\xmlunit-core\2.9.1\xmlunit-core-2.9.1.jar;C:\Users\sebas\.m2\repository\org\springframework\modulith\spring-modulith-starter-test\1.1.4\spring-modulith-starter-test-1.1.4.jar;C:\Users\sebas\.m2\repository\org\springframework\modulith\spring-modulith-test\1.1.4\spring-modulith-test-1.1.4.jar;C:\Users\sebas\.m2\repository\org\springframework\modulith\spring-modulith-docs\1.1.4\spring-modulith-docs-1.1.4.jar;C:\Users\sebas\.m2\repository\com\structurizr\structurizr-core\1.18.0\structurizr-core-1.18.0.jar;C:\Users\sebas\.m2\repository\com\google\code\findbugs\jsr305\3.0.2\jsr305-3.0.2.jar;C:\Users\sebas\.m2\repository\commons-logging\commons-logging\1.2\commons-logging-1.2.jar;C:\Users\sebas\.m2\repository\com\structurizr\structurizr-plantuml\1.6.3\structurizr-plantuml-1.6.3.jar;C:\Users\sebas\.m2\repository\com\structurizr\structurizr-export\1.8.3\structurizr-export-1.8.3.jar;C:\Users\sebas\.m2\repository\org\junit\jupiter\junit-jupiter-api\5.10.2\junit-jupiter-api-5.10.2.jar;C:\Users\sebas\.m2\repository\org\opentest4j\opentest4j\1.3.0\opentest4j-1.3.0.jar;C:\Users\sebas\.m2\repository\org\junit\platform\junit-platform-commons\1.10.2\junit-platform-commons-1.10.2.jar;C:\Users\sebas\.m2\repository\org\apiguardian\apiguardian-api\1.1.2\apiguardian-api-1.1.2.jar;C:\Users\sebas\.m2\repository\org\junit\jupiter\junit-jupiter-engine\5.10.2\junit-jupiter-engine-5.10.2.jar;C:\Users\sebas\.m2\repository\org\junit\platform\junit-platform-engine\1.10.2\junit-platform-engine-1.10.2.jar;C:\Users\sebas\.m2\repository\org\mockito\mockito-core\5.7.0\mockito-core-5.7.0.jar;C:\Users\sebas\.m2\repository\net\bytebuddy\byte-buddy\1.14.16\byte-buddy-1.14.16.jar;C:\Users\sebas\.m2\repository\net\bytebuddy\byte-buddy-agent\1.14.16\byte-buddy-agent-1.14.16.jar;C:\Users\sebas\.m2\repository\org\objenesis\objenesis\3.3\objenesis-3.3.jar;C:\Users\sebas\.m2\repository\io\github\encryptorcode\pluralize\1.0.0\pluralize-1.0.0.jar;C:\Users\sebas\.m2\repository\org\springdoc\springdoc-openapi-starter-webmvc-ui\2.5.0\springdoc-openapi-starter-webmvc-ui-2.5.0.jar;C:\Users\sebas\.m2\repository\org\springdoc\springdoc-openapi-starter-webmvc-api\2.5.0\springdoc-openapi-starter-webmvc-api-2.5.0.jar;C:\Users\sebas\.m2\repository\org\springdoc\springdoc-openapi-starter-common\2.5.0\springdoc-openapi-starter-common-2.5.0.jar;C:\Users\sebas\.m2\repository\io\swagger\core\v3\swagger-core-jakarta\2.2.21\swagger-core-jakarta-2.2.21.jar;C:\Users\sebas\.m2\repository\io\swagger\core\v3\swagger-annotations-jakarta\2.2.21\swagger-annotations-jakarta-2.2.21.jar;C:\Users\sebas\.m2\repository\io\swagger\core\v3\swagger-models-jakarta\2.2.21\swagger-models-jakarta-2.2.21.jar;C:\Users\sebas\.m2\repository\com\fasterxml\jackson\dataformat\jackson-dataformat-yaml\2.15.4\jackson-dataformat-yaml-2.15.4.jar;C:\Users\sebas\.m2\repository\org\webjars\swagger-ui\5.13.0\swagger-ui-5.13.0.jar;C:\Users\sebas\.m2\repository\org\apache\commons\commons-lang3\3.12.0\commons-lang3-3.12.0.jar;C:\Users\sebas\.m2\repository\io\jsonwebtoken\jjwt-api\0.12.3\jjwt-api-0.12.3.jar;C:\Users\sebas\.m2\repository\io\jsonwebtoken\jjwt-impl\0.12.3\jjwt-impl-0.12.3.jar;C:\Users\sebas\.m2\repository\io\jsonwebtoken\jjwt-jackson\0.12.3\jjwt-jackson-0.12.3.jar;C:\Users\sebas\.m2\repository\com\fasterxml\jackson\core\jackson-databind\2.15.4\jackson-databind-2.15.4.jar;C:\Users\sebas\.m2\repository\com\fasterxml\jackson\core\jackson-annotations\2.15.4\jackson-annotations-2.15.4.jar;C:\Users\sebas\.m2\repository\com\fasterxml\jackson\core\jackson-core\2.15.4\jackson-core-2.15.4.jar;C:\Users\sebas\.m2\repository\org\springframework\boot\spring-boot-starter-security\3.2.6\spring-boot-starter-security-3.2.6.jar;C:\Users\sebas\.m2\repository\org\springframework\spring-aop\6.1.8\spring-aop-6.1.8.jar;C:\Users\sebas\.m2\repository\org\springframework\security\spring-security-config\6.2.4\spring-security-config-6.2.4.jar;C:\Users\sebas\.m2\repository\org\springframework\security\spring-security-core\6.2.4\spring-security-core-6.2.4.jar;C:\Users\sebas\.m2\repository\org\springframework\security\spring-security-crypto\6.2.4\spring-security-crypto-6.2.4.jar;C:\Users\sebas\.m2\repository\org\springframework\security\spring-security-web\6.2.4\spring-security-web-6.2.4.jar;"/>
    <property name="sun.cpu.endian" value="little"/>
    <property name="user.home" value="C:\Users\sebas"/>
    <property name="user.language" value="en"/>
    <property name="java.specification.vendor" value="Oracle Corporation"/>
    <property name="java.version.date" value="2024-04-16"/>
    <property name="java.home" value="C:\Users\sebas\.jdks\corretto-21.0.3"/>
    <property name="file.separator" value="\"/>
    <property name="basedir" value="C:\Users\sebas\OneDrive\Escritorio\Sebas\UPC\Desarrollo de Aplicaciones Open Source\mindcare-backend"/>
    <property name="java.vm.compressedOopsMode" value="Zero based"/>
    <property name="line.separator" value="&#10;"/>
    <property name="java.vm.specification.vendor" value="Oracle Corporation"/>
    <property name="java.specification.name" value="Java Platform API Specification"/>
    <property name="FILE_LOG_CHARSET" value="UTF-8"/>
    <property name="java.awt.headless" value="true"/>
    <property name="surefire.real.class.path" value="C:\Users\sebas\AppData\Local\Temp\surefire2618889038671979296\surefirebooter-20240627141255359_3.jar"/>
    <property name="user.script" value=""/>
    <property name="sun.management.compiler" value="HotSpot 64-Bit Tiered Compilers"/>
    <property name="java.runtime.version" value="21.0.3+9-LTS"/>
    <property name="user.name" value="sebas"/>
    <property name="stdout.encoding" value="Cp1252"/>
    <property name="path.separator" value=";"/>
    <property name="os.version" value="10.0"/>
    <property name="java.runtime.name" value="OpenJDK Runtime Environment"/>
    <property name="file.encoding" value="UTF-8"/>
    <property name="java.vm.name" value="OpenJDK 64-Bit Server VM"/>
    <property name="java.vendor.version" value="Corretto-21.0.3.9.1"/>
    <property name="localRepository" value="C:\Users\sebas\.m2\repository"/>
    <property name="java.vendor.url.bug" value="https://github.com/corretto/corretto-21/issues/"/>
    <property name="java.io.tmpdir" value="C:\Users\sebas\AppData\Local\Temp\"/>
    <property name="idea.version" value="2024.1.1"/>
    <property name="com.zaxxer.hikari.pool_number" value="1"/>
    <property name="java.version" value="21.0.3"/>
    <property name="user.dir" value="C:\Users\sebas\OneDrive\Escritorio\Sebas\UPC\Desarrollo de Aplicaciones Open Source\mindcare-backend"/>
    <property name="os.arch" value="amd64"/>
    <property name="java.vm.specification.name" value="Java Virtual Machine Specification"/>
    <property name="PID" value="22344"/>
    <property name="sun.os.patch.level" value=""/>
    <property name="CONSOLE_LOG_CHARSET" value="UTF-8"/>
    <property name="native.encoding" value="Cp1252"/>
    <property name="java.library.path" value="C:\Users\sebas\.jdks\corretto-21.0.3\bin;C:\Windows\Sun\Java\bin;C:\Windows\system32;C:\Windows;C:\Program Files\Microsoft SDKs\Azure\CLI2\wbin;C:\Program Files (x86)\Common Files\Oracle\Java\java8path;C:\Program Files (x86)\Common Files\Oracle\Java\javapath;C:\Python312\Scripts\;C:\Python312\;C:\Windows\system32;C:\Windows;C:\Windows\System32\Wbem;C:\Windows\System32\WindowsPowerShell\v1.0\;C:\Windows\System32\OpenSSH\;C:\Program Files\NVIDIA Corporation\NVIDIA NvDLISR;C:\Program Files (x86)\NVIDIA Corporation\PhysX\Common;C:\Program Files\dotnet\;C:\ProgramData\chocolatey\bin;C:\Users\sebas\AppData\Roaming\nvm;C:\Program Files\nodejs;C:\Program Files\Git\cmd;C:\Program Files\Docker\Docker\resources\bin;C:\msys64\ucrt64\bin;C:\Users\sebas\.dotnet\tools;C:\Users\sebas\AppData\Local\Programs\Microsoft VS Code\bin;."/>
    <property name="java.vm.info" value="mixed mode, sharing"/>
    <property name="stderr.encoding" value="Cp1252"/>
    <property name="java.vendor" value="Amazon.com Inc."/>
    <property name="java.vm.version" value="21.0.3+9-LTS"/>
    <property name="sun.io.unicode.encoding" value="UnicodeLittle"/>
    <property name="java.class.version" value="65.0"/>
    <property name="LOGGED_APPLICATION_NAME" value="[mindcare-backend] "/>
  </properties>
  <testcase name="contextLoads" classname="pe.edu.upc.mind.care.platform.MindCarePlatformApplicationTests" time="0.009">
    <error message="Failed to load ApplicationContext for [WebMergedContextConfiguration@16a78700 testClass = pe.edu.upc.mind.care.platform.MindCarePlatformApplicationTests, locations = [], classes = [pe.edu.upc.mind.care.platform.MindCarePlatformApplication], contextInitializerClasses = [], activeProfiles = [], propertySourceDescriptors = [], propertySourceProperties = [&quot;org.springframework.boot.test.context.SpringBootTestContextBootstrapper=true&quot;], contextCustomizers = [org.springframework.boot.test.context.filter.ExcludeFilterContextCustomizer@3b35a229, org.springframework.boot.test.json.DuplicateJsonObjectContextCustomizerFactory$DuplicateJsonObjectContextCustomizer@7dc3712, org.springframework.boot.test.mock.mockito.MockitoContextCustomizer@0, org.springframework.boot.test.web.client.TestRestTemplateContextCustomizer@10289886, org.springframework.boot.test.autoconfigure.actuate.observability.ObservabilityContextCustomizerFactory$DisableObservabilityContextCustomizer@1f, org.springframework.boot.test.autoconfigure.properties.PropertyMappingContextCustomizer@0, org.springframework.boot.test.autoconfigure.web.servlet.WebDriverContextCustomizer@79defdc, org.springframework.boot.test.context.SpringBootTestAnnotation@f9baaf3], resourceBasePath = &quot;src/main/webapp&quot;, contextLoader = org.springframework.boot.test.context.SpringBootContextLoader, parent = null]" type="java.lang.IllegalStateException"><![CDATA[java.lang.IllegalStateException: Failed to load ApplicationContext for [WebMergedContextConfiguration@16a78700 testClass = pe.edu.upc.mind.care.platform.MindCarePlatformApplicationTests, locations = [], classes = [pe.edu.upc.mind.care.platform.MindCarePlatformApplication], contextInitializerClasses = [], activeProfiles = [], propertySourceDescriptors = [], propertySourceProperties = ["org.springframework.boot.test.context.SpringBootTestContextBootstrapper=true"], contextCustomizers = [org.springframework.boot.test.context.filter.ExcludeFilterContextCustomizer@3b35a229, org.springframework.boot.test.json.DuplicateJsonObjectContextCustomizerFactory$DuplicateJsonObjectContextCustomizer@7dc3712, org.springframework.boot.test.mock.mockito.MockitoContextCustomizer@0, org.springframework.boot.test.web.client.TestRestTemplateContextCustomizer@10289886, org.springframework.boot.test.autoconfigure.actuate.observability.ObservabilityContextCustomizerFactory$DisableObservabilityContextCustomizer@1f, org.springframework.boot.test.autoconfigure.properties.PropertyMappingContextCustomizer@0, org.springframework.boot.test.autoconfigure.web.servlet.WebDriverContextCustomizer@79defdc, org.springframework.boot.test.context.SpringBootTestAnnotation@f9baaf3], resourceBasePath = "src/main/webapp", contextLoader = org.springframework.boot.test.context.SpringBootContextLoader, parent = null]
	at org.springframework.test.context.cache.DefaultCacheAwareContextLoaderDelegate.loadContext(DefaultCacheAwareContextLoaderDelegate.java:180)
	at org.springframework.test.context.support.DefaultTestContext.getApplicationContext(DefaultTestContext.java:130)
	at org.springframework.test.context.web.ServletTestExecutionListener.setUpRequestContextIfNecessary(ServletTestExecutionListener.java:191)
	at org.springframework.test.context.web.ServletTestExecutionListener.prepareTestInstance(ServletTestExecutionListener.java:130)
	at org.springframework.test.context.TestContextManager.prepareTestInstance(TestContextManager.java:260)
	at org.springframework.test.context.junit.jupiter.SpringExtension.postProcessTestInstance(SpringExtension.java:163)
	at java.base/java.util.stream.ReferencePipeline$3$1.accept(ReferencePipeline.java:197)
	at java.base/java.util.stream.ReferencePipeline$2$1.accept(ReferencePipeline.java:179)
	at java.base/java.util.ArrayList$ArrayListSpliterator.forEachRemaining(ArrayList.java:1708)
	at java.base/java.util.stream.AbstractPipeline.copyInto(AbstractPipeline.java:509)
	at java.base/java.util.stream.AbstractPipeline.wrapAndCopyInto(AbstractPipeline.java:499)
	at java.base/java.util.stream.StreamSpliterators$WrappingSpliterator.forEachRemaining(StreamSpliterators.java:310)
	at java.base/java.util.stream.Streams$ConcatSpliterator.forEachRemaining(Streams.java:735)
	at java.base/java.util.stream.Streams$ConcatSpliterator.forEachRemaining(Streams.java:734)
	at java.base/java.util.stream.ReferencePipeline$Head.forEach(ReferencePipeline.java:762)
	at java.base/java.util.Optional.orElseGet(Optional.java:364)
	at java.base/java.util.ArrayList.forEach(ArrayList.java:1596)
	at java.base/java.util.ArrayList.forEach(ArrayList.java:1596)
Caused by: org.springframework.beans.factory.UnsatisfiedDependencyException: Error creating bean with name 'userCommandServiceImpl' defined in file [C:\Users\sebas\OneDrive\Escritorio\Sebas\UPC\Desarrollo de Aplicaciones Open Source\mindcare-backend\target\classes\pe\edu\upc\mind\care\platform\iam\application\internal\commandservices\UserCommandServiceImpl.class]: Unsatisfied dependency expressed through constructor parameter 2: Error creating bean with name 'tokenServiceImpl': Injection of autowired dependencies failed
	at org.springframework.beans.factory.support.ConstructorResolver.createArgumentArray(ConstructorResolver.java:795)
	at org.springframework.beans.factory.support.ConstructorResolver.autowireConstructor(ConstructorResolver.java:237)
	at org.springframework.beans.factory.support.AbstractAutowireCapableBeanFactory.autowireConstructor(AbstractAutowireCapableBeanFactory.java:1357)
	at org.springframework.beans.factory.support.AbstractAutowireCapableBeanFactory.createBeanInstance(AbstractAutowireCapableBeanFactory.java:1194)
	at org.springframework.beans.factory.support.AbstractAutowireCapableBeanFactory.doCreateBean(AbstractAutowireCapableBeanFactory.java:562)
	at org.springframework.beans.factory.support.AbstractAutowireCapableBeanFactory.createBean(AbstractAutowireCapableBeanFactory.java:522)
	at org.springframework.beans.factory.support.AbstractBeanFactory.lambda$doGetBean$0(AbstractBeanFactory.java:337)
	at org.springframework.beans.factory.support.DefaultSingletonBeanRegistry.getSingleton(DefaultSingletonBeanRegistry.java:234)
	at org.springframework.beans.factory.support.AbstractBeanFactory.doGetBean(AbstractBeanFactory.java:335)
	at org.springframework.beans.factory.support.AbstractBeanFactory.getBean(AbstractBeanFactory.java:200)
	at org.springframework.beans.factory.support.DefaultListableBeanFactory.preInstantiateSingletons(DefaultListableBeanFactory.java:975)
	at org.springframework.context.support.AbstractApplicationContext.finishBeanFactoryInitialization(AbstractApplicationContext.java:962)
	at org.springframework.context.support.AbstractApplicationContext.refresh(AbstractApplicationContext.java:624)
	at org.springframework.boot.SpringApplication.refresh(SpringApplication.java:754)
	at org.springframework.boot.SpringApplication.refreshContext(SpringApplication.java:456)
	at org.springframework.boot.SpringApplication.run(SpringApplication.java:335)
	at org.springframework.boot.test.context.SpringBootContextLoader.lambda$loadContext$3(SpringBootContextLoader.java:137)
	at org.springframework.util.function.ThrowingSupplier.get(ThrowingSupplier.java:58)
	at org.springframework.util.function.ThrowingSupplier.get(ThrowingSupplier.java:46)
	at org.springframework.boot.SpringApplication.withHook(SpringApplication.java:1463)
	at org.springframework.boot.test.context.SpringBootContextLoader$ContextLoaderHook.run(SpringBootContextLoader.java:553)
	at org.springframework.boot.test.context.SpringBootContextLoader.loadContext(SpringBootContextLoader.java:137)
	at org.springframework.boot.test.context.SpringBootContextLoader.loadContext(SpringBootContextLoader.java:108)
	at org.springframework.test.context.cache.DefaultCacheAwareContextLoaderDelegate.loadContextInternal(DefaultCacheAwareContextLoaderDelegate.java:225)
	at org.springframework.test.context.cache.DefaultCacheAwareContextLoaderDelegate.loadContext(DefaultCacheAwareContextLoaderDelegate.java:152)
	... 17 more
Caused by: org.springframework.beans.factory.BeanCreationException: Error creating bean with name 'tokenServiceImpl': Injection of autowired dependencies failed
	at org.springframework.beans.factory.annotation.AutowiredAnnotationBeanPostProcessor.postProcessProperties(AutowiredAnnotationBeanPostProcessor.java:514)
	at org.springframework.beans.factory.support.AbstractAutowireCapableBeanFactory.populateBean(AbstractAutowireCapableBeanFactory.java:1421)
	at org.springframework.beans.factory.support.AbstractAutowireCapableBeanFactory.doCreateBean(AbstractAutowireCapableBeanFactory.java:599)
	at org.springframework.beans.factory.support.AbstractAutowireCapableBeanFactory.createBean(AbstractAutowireCapableBeanFactory.java:522)
	at org.springframework.beans.factory.support.AbstractBeanFactory.lambda$doGetBean$0(AbstractBeanFactory.java:337)
	at org.springframework.beans.factory.support.DefaultSingletonBeanRegistry.getSingleton(DefaultSingletonBeanRegistry.java:234)
	at org.springframework.beans.factory.support.AbstractBeanFactory.doGetBean(AbstractBeanFactory.java:335)
	at org.springframework.beans.factory.support.AbstractBeanFactory.getBean(AbstractBeanFactory.java:200)
	at org.springframework.beans.factory.config.DependencyDescriptor.resolveCandidate(DependencyDescriptor.java:254)
	at org.springframework.beans.factory.support.DefaultListableBeanFactory.doResolveDependency(DefaultListableBeanFactory.java:1443)
	at org.springframework.beans.factory.support.DefaultListableBeanFactory.resolveDependency(DefaultListableBeanFactory.java:1353)
	at org.springframework.beans.factory.support.ConstructorResolver.resolveAutowiredArgument(ConstructorResolver.java:904)
	at org.springframework.beans.factory.support.ConstructorResolver.createArgumentArray(ConstructorResolver.java:782)
	... 41 more
Caused by: java.lang.IllegalArgumentException: Could not resolve placeholder 'authorization.jwt.secret' in value "${authorization.jwt.secret}"
	at org.springframework.util.PropertyPlaceholderHelper.parseStringValue(PropertyPlaceholderHelper.java:180)
	at org.springframework.util.PropertyPlaceholderHelper.replacePlaceholders(PropertyPlaceholderHelper.java:126)
	at org.springframework.core.env.AbstractPropertyResolver.doResolvePlaceholders(AbstractPropertyResolver.java:239)
	at org.springframework.core.env.AbstractPropertyResolver.resolveRequiredPlaceholders(AbstractPropertyResolver.java:210)
	at org.springframework.context.support.PropertySourcesPlaceholderConfigurer.lambda$processProperties$0(PropertySourcesPlaceholderConfigurer.java:200)
	at org.springframework.beans.factory.support.AbstractBeanFactory.resolveEmbeddedValue(AbstractBeanFactory.java:964)
	at org.springframework.beans.factory.support.DefaultListableBeanFactory.doResolveDependency(DefaultListableBeanFactory.java:1374)
	at org.springframework.beans.factory.support.DefaultListableBeanFactory.resolveDependency(DefaultListableBeanFactory.java:1353)
	at org.springframework.beans.factory.annotation.AutowiredAnnotationBeanPostProcessor$AutowiredFieldElement.resolveFieldValue(AutowiredAnnotationBeanPostProcessor.java:784)
	at org.springframework.beans.factory.annotation.AutowiredAnnotationBeanPostProcessor$AutowiredFieldElement.inject(AutowiredAnnotationBeanPostProcessor.java:767)
	at org.springframework.beans.factory.annotation.InjectionMetadata.inject(InjectionMetadata.java:145)
	at org.springframework.beans.factory.annotation.AutowiredAnnotationBeanPostProcessor.postProcessProperties(AutowiredAnnotationBeanPostProcessor.java:508)
	... 53 more
]]></error>
    <system-out><![CDATA[14:12:56.200 [main] INFO org.springframework.test.context.support.AnnotationConfigContextLoaderUtils -- Could not detect default configuration classes for test class [pe.edu.upc.mind.care.platform.MindCarePlatformApplicationTests]: MindCarePlatformApplicationTests does not declare any static, non-private, non-final, nested classes annotated with @Configuration.
14:12:56.309 [main] INFO org.springframework.boot.test.context.SpringBootTestContextBootstrapper -- Found @SpringBootConfiguration pe.edu.upc.mind.care.platform.MindCarePlatformApplication for test class pe.edu.upc.mind.care.platform.MindCarePlatformApplicationTests
14:12:56.435 [main] INFO org.springframework.boot.devtools.restart.RestartApplicationListener -- Restart disabled due to context in which it is running

  .   ____          _            __ _ _
 /\\ / ___'_ __ _ _(_)_ __  __ _ \ \ \ \
( ( )\___ | '_ | '_| | '_ \/ _` | \ \ \ \
 \\/  ___)| |_)| | | | | || (_| |  ) ) ) )
  '  |____| .__|_| |_|_| |_\__, | / / / /
 =========|_|==============|___/=/_/_/_/
 :: Spring Boot ::                (v3.2.6)

2024-06-27T14:12:56.621-05:00 DEBUG 22344 --- [mindcare-backend] [kground-preinit] org.jboss.logging                        : Logging Provider: org.jboss.logging.Slf4jLoggerProvider found via system property
2024-06-27T14:12:56.628-05:00 DEBUG 22344 --- [mindcare-backend] [kground-preinit] o.h.v.i.xml.config.ValidationXmlParser   : Trying to load META-INF/validation.xml for XML based Validator configuration.
2024-06-27T14:12:56.629-05:00 DEBUG 22344 --- [mindcare-backend] [kground-preinit] o.h.v.i.xml.config.ResourceLoaderHelper  : Trying to load META-INF/validation.xml via TCCL
2024-06-27T14:12:56.629-05:00 DEBUG 22344 --- [mindcare-backend] [kground-preinit] o.h.v.i.xml.config.ResourceLoaderHelper  : Trying to load META-INF/validation.xml via Hibernate Validator's class loader
2024-06-27T14:12:56.629-05:00 DEBUG 22344 --- [mindcare-backend] [kground-preinit] o.h.v.i.xml.config.ValidationXmlParser   : No META-INF/validation.xml found. Using annotation based configuration only.
2024-06-27T14:12:56.633-05:00 DEBUG 22344 --- [mindcare-backend] [kground-preinit] o.h.v.i.e.resolver.TraversableResolvers  : Found jakarta.persistence.Persistence on classpath containing 'getPersistenceUtil'. Assuming JPA 2 environment. Trying to instantiate JPA aware TraversableResolver
2024-06-27T14:12:56.634-05:00 DEBUG 22344 --- [mindcare-backend] [kground-preinit] o.h.v.i.e.resolver.TraversableResolvers  : Instantiated JPA aware TraversableResolver of type org.hibernate.validator.internal.engine.resolver.JPATraversableResolver.
2024-06-27T14:12:56.638-05:00  INFO 22344 --- [mindcare-backend] [           main] u.m.c.p.MindCarePlatformApplicationTests : Starting MindCarePlatformApplicationTests using Java 21.0.3 with PID 22344 (started by sebas in C:\Users\sebas\OneDrive\Escritorio\Sebas\UPC\Desarrollo de Aplicaciones Open Source\mindcare-backend)
2024-06-27T14:12:56.638-05:00 DEBUG 22344 --- [mindcare-backend] [           main] u.m.c.p.MindCarePlatformApplicationTests : Running with Spring Boot v3.2.6, Spring v6.1.8
2024-06-27T14:12:56.639-05:00  INFO 22344 --- [mindcare-backend] [           main] u.m.c.p.MindCarePlatformApplicationTests : No active profile set, falling back to 1 default profile: "default"
2024-06-27T14:12:56.639-05:00 DEBUG 22344 --- [mindcare-backend] [           main] o.s.boot.SpringApplication               : Loading source class pe.edu.upc.mind.care.platform.MindCarePlatformApplication
2024-06-27T14:12:56.650-05:00 DEBUG 22344 --- [mindcare-backend] [kground-preinit] .h.v.m.ResourceBundleMessageInterpolator : Loaded expression factory via original TCCL
2024-06-27T14:12:56.661-05:00 DEBUG 22344 --- [mindcare-backend] [           main] o.s.w.c.s.GenericWebApplicationContext   : Refreshing org.springframework.web.context.support.GenericWebApplicationContext@4d4d8fcf
2024-06-27T14:12:56.675-05:00 DEBUG 22344 --- [mindcare-backend] [           main] o.s.b.f.s.DefaultListableBeanFactory     : Creating shared instance of singleton bean 'org.springframework.context.annotation.internalConfigurationAnnotationProcessor'
2024-06-27T14:12:56.686-05:00 DEBUG 22344 --- [mindcare-backend] [           main] o.s.b.f.s.DefaultListableBeanFactory     : Creating shared instance of singleton bean 'org.springframework.boot.autoconfigure.internalCachingMetadataReaderFactory'
2024-06-27T14:12:56.721-05:00 DEBUG 22344 --- [mindcare-backend] [kground-preinit] .i.e.ValidatorFactoryConfigurationHelper : HV000252: Using org.hibernate.validator.internal.engine.DefaultPropertyNodeNameProvider as property node name provider.
2024-06-27T14:12:56.723-05:00 DEBUG 22344 --- [mindcare-backend] [           main] o.s.c.a.ClassPathBeanDefinitionScanner   : Identified candidate component class: file [C:\Users\sebas\OneDrive\Escritorio\Sebas\UPC\Desarrollo de Aplicaciones Open Source\mindcare-backend\target\classes\pe\edu\upc\mind\care\platform\appointmentManagement\application\internal\commandservices\AppointmentCommandServiceImpl.class]
2024-06-27T14:12:56.724-05:00 DEBUG 22344 --- [mindcare-backend] [           main] o.s.c.a.ClassPathBeanDefinitionScanner   : Identified candidate component class: file [C:\Users\sebas\OneDrive\Escritorio\Sebas\UPC\Desarrollo de Aplicaciones Open Source\mindcare-backend\target\classes\pe\edu\upc\mind\care\platform\appointmentManagement\application\internal\queryservices\AppointmentQueryServiceImpl.class]
2024-06-27T14:12:56.727-05:00 DEBUG 22344 --- [mindcare-backend] [kground-preinit] .i.e.ValidatorFactoryConfigurationHelper : HV000234: Using org.hibernate.validator.messageinterpolation.ResourceBundleMessageInterpolator as ValidatorFactory-scoped message interpolator.
2024-06-27T14:12:56.727-05:00 DEBUG 22344 --- [mindcare-backend] [kground-preinit] .i.e.ValidatorFactoryConfigurationHelper : HV000234: Using org.hibernate.validator.internal.engine.resolver.JPATraversableResolver as ValidatorFactory-scoped traversable resolver.
2024-06-27T14:12:56.727-05:00 DEBUG 22344 --- [mindcare-backend] [kground-preinit] .i.e.ValidatorFactoryConfigurationHelper : HV000234: Using org.hibernate.validator.internal.util.ExecutableParameterNameProvider as ValidatorFactory-scoped parameter name provider.
2024-06-27T14:12:56.727-05:00 DEBUG 22344 --- [mindcare-backend] [kground-preinit] .i.e.ValidatorFactoryConfigurationHelper : HV000234: Using org.hibernate.validator.internal.engine.DefaultClockProvider as ValidatorFactory-scoped clock provider.
2024-06-27T14:12:56.728-05:00 DEBUG 22344 --- [mindcare-backend] [kground-preinit] .i.e.ValidatorFactoryConfigurationHelper : HV000234: Using org.hibernate.validator.internal.engine.scripting.DefaultScriptEvaluatorFactory as ValidatorFactory-scoped script evaluator factory.
2024-06-27T14:12:56.729-05:00 DEBUG 22344 --- [mindcare-backend] [           main] o.s.c.a.ClassPathBeanDefinitionScanner   : Ignored because not a concrete top-level class: file [C:\Users\sebas\OneDrive\Escritorio\Sebas\UPC\Desarrollo de Aplicaciones Open Source\mindcare-backend\target\classes\pe\edu\upc\mind\care\platform\appointmentManagement\infrastructure\persistence\jpa\repositories\AppointmentRepository.class]
2024-06-27T14:12:56.743-05:00 DEBUG 22344 --- [mindcare-backend] [           main] o.s.c.a.ClassPathBeanDefinitionScanner   : Identified candidate component class: file [C:\Users\sebas\OneDrive\Escritorio\Sebas\UPC\Desarrollo de Aplicaciones Open Source\mindcare-backend\target\classes\pe\edu\upc\mind\care\platform\appointmentManagement\interfaces\rest\AppointmentController.class]
2024-06-27T14:12:56.745-05:00 DEBUG 22344 --- [mindcare-backend] [           main] o.s.c.a.ClassPathBeanDefinitionScanner   : Identified candidate component class: file [C:\Users\sebas\OneDrive\Escritorio\Sebas\UPC\Desarrollo de Aplicaciones Open Source\mindcare-backend\target\classes\pe\edu\upc\mind\care\platform\iam\application\internal\commandservices\RoleCommandServiceImpl.class]
2024-06-27T14:12:56.746-05:00 DEBUG 22344 --- [mindcare-backend] [           main] o.s.c.a.ClassPathBeanDefinitionScanner   : Identified candidate component class: file [C:\Users\sebas\OneDrive\Escritorio\Sebas\UPC\Desarrollo de Aplicaciones Open Source\mindcare-backend\target\classes\pe\edu\upc\mind\care\platform\iam\application\internal\commandservices\UserCommandServiceImpl.class]
2024-06-27T14:12:56.747-05:00 DEBUG 22344 --- [mindcare-backend] [           main] o.s.c.a.ClassPathBeanDefinitionScanner   : Identified candidate component class: file [C:\Users\sebas\OneDrive\Escritorio\Sebas\UPC\Desarrollo de Aplicaciones Open Source\mindcare-backend\target\classes\pe\edu\upc\mind\care\platform\iam\application\internal\eventhandlers\ApplicationReadyEventHandler.class]
2024-06-27T14:12:56.748-05:00 DEBUG 22344 --- [mindcare-backend] [           main] o.s.c.a.ClassPathBeanDefinitionScanner   : Identified candidate component class: file [C:\Users\sebas\OneDrive\Escritorio\Sebas\UPC\Desarrollo de Aplicaciones Open Source\mindcare-backend\target\classes\pe\edu\upc\mind\care\platform\iam\application\internal\queryservices\RoleQueryServiceImpl.class]
2024-06-27T14:12:56.750-05:00 DEBUG 22344 --- [mindcare-backend] [           main] o.s.c.a.ClassPathBeanDefinitionScanner   : Identified candidate component class: file [C:\Users\sebas\OneDrive\Escritorio\Sebas\UPC\Desarrollo de Aplicaciones Open Source\mindcare-backend\target\classes\pe\edu\upc\mind\care\platform\iam\application\internal\queryservices\UserQueryServiceImpl.class]
2024-06-27T14:12:56.763-05:00 DEBUG 22344 --- [mindcare-backend] [           main] o.s.c.a.ClassPathBeanDefinitionScanner   : Identified candidate component class: file [C:\Users\sebas\OneDrive\Escritorio\Sebas\UPC\Desarrollo de Aplicaciones Open Source\mindcare-backend\target\classes\pe\edu\upc\mind\care\platform\iam\infrastructure\authorization\sfs\configuration\WebSecurityConfiguration.class]
2024-06-27T14:12:56.766-05:00 DEBUG 22344 --- [mindcare-backend] [           main] o.s.c.a.ClassPathBeanDefinitionScanner   : Identified candidate component class: file [C:\Users\sebas\OneDrive\Escritorio\Sebas\UPC\Desarrollo de Aplicaciones Open Source\mindcare-backend\target\classes\pe\edu\upc\mind\care\platform\iam\infrastructure\authorization\sfs\pipeline\UnauthorizedRequestHandlerEntryPoint.class]
2024-06-27T14:12:56.767-05:00 DEBUG 22344 --- [mindcare-backend] [           main] o.s.c.a.ClassPathBeanDefinitionScanner   : Identified candidate component class: file [C:\Users\sebas\OneDrive\Escritorio\Sebas\UPC\Desarrollo de Aplicaciones Open Source\mindcare-backend\target\classes\pe\edu\upc\mind\care\platform\iam\infrastructure\authorization\sfs\services\UserDetailsServiceImpl.class]
2024-06-27T14:12:56.768-05:00 DEBUG 22344 --- [mindcare-backend] [           main] o.s.c.a.ClassPathBeanDefinitionScanner   : Identified candidate component class: file [C:\Users\sebas\OneDrive\Escritorio\Sebas\UPC\Desarrollo de Aplicaciones Open Source\mindcare-backend\target\classes\pe\edu\upc\mind\care\platform\iam\infrastructure\hashing\bcrypt\services\HashingServiceImpl.class]
2024-06-27T14:12:56.769-05:00 DEBUG 22344 --- [mindcare-backend] [           main] o.s.c.a.ClassPathBeanDefinitionScanner   : Ignored because not a concrete top-level class: file [C:\Users\sebas\OneDrive\Escritorio\Sebas\UPC\Desarrollo de Aplicaciones Open Source\mindcare-backend\target\classes\pe\edu\upc\mind\care\platform\iam\infrastructure\persistence\jpa\repositories\RoleRepository.class]
2024-06-27T14:12:56.769-05:00 DEBUG 22344 --- [mindcare-backend] [           main] o.s.c.a.ClassPathBeanDefinitionScanner   : Ignored because not a concrete top-level class: file [C:\Users\sebas\OneDrive\Escritorio\Sebas\UPC\Desarrollo de Aplicaciones Open Source\mindcare-backend\target\classes\pe\edu\upc\mind\care\platform\iam\infrastructure\persistence\jpa\repositories\UserRepository.class]
2024-06-27T14:12:56.770-05:00 DEBUG 22344 --- [mindcare-backend] [           main] o.s.c.a.ClassPathBeanDefinitionScanner   : Identified candidate component class: file [C:\Users\sebas\OneDrive\Escritorio\Sebas\UPC\Desarrollo de Aplicaciones Open Source\mindcare-backend\target\classes\pe\edu\upc\mind\care\platform\iam\infrastructure\tokens\jwt\services\TokenServiceImpl.class]
2024-06-27T14:12:56.771-05:00 DEBUG 22344 --- [mindcare-backend] [           main] o.s.c.a.ClassPathBeanDefinitionScanner   : Identified candidate component class: file [C:\Users\sebas\OneDrive\Escritorio\Sebas\UPC\Desarrollo de Aplicaciones Open Source\mindcare-backend\target\classes\pe\edu\upc\mind\care\platform\iam\interfaces\rest\AuthenticationController.class]
2024-06-27T14:12:56.774-05:00 DEBUG 22344 --- [mindcare-backend] [           main] o.s.c.a.ClassPathBeanDefinitionScanner   : Identified candidate component class: file [C:\Users\sebas\OneDrive\Escritorio\Sebas\UPC\Desarrollo de Aplicaciones Open Source\mindcare-backend\target\classes\pe\edu\upc\mind\care\platform\iam\interfaces\rest\RolesController.class]
2024-06-27T14:12:56.776-05:00 DEBUG 22344 --- [mindcare-backend] [           main] o.s.c.a.ClassPathBeanDefinitionScanner   : Identified candidate component class: file [C:\Users\sebas\OneDrive\Escritorio\Sebas\UPC\Desarrollo de Aplicaciones Open Source\mindcare-backend\target\classes\pe\edu\upc\mind\care\platform\iam\interfaces\rest\UsersController.class]
2024-06-27T14:12:56.777-05:00 DEBUG 22344 --- [mindcare-backend] [           main] o.s.c.a.ClassPathBeanDefinitionScanner   : Identified candidate component class: file [C:\Users\sebas\OneDrive\Escritorio\Sebas\UPC\Desarrollo de Aplicaciones Open Source\mindcare-backend\target\classes\pe\edu\upc\mind\care\platform\NoteManagement\application\internal\commandservices\AppointmentNoteCommandServiceImpl.class]
2024-06-27T14:12:56.777-05:00 DEBUG 22344 --- [mindcare-backend] [           main] o.s.c.a.ClassPathBeanDefinitionScanner   : Identified candidate component class: file [C:\Users\sebas\OneDrive\Escritorio\Sebas\UPC\Desarrollo de Aplicaciones Open Source\mindcare-backend\target\classes\pe\edu\upc\mind\care\platform\NoteManagement\application\internal\queryservices\AppointmentNoteQueryServiceImpl.class]
2024-06-27T14:12:56.784-05:00 DEBUG 22344 --- [mindcare-backend] [           main] o.s.c.a.ClassPathBeanDefinitionScanner   : Ignored because not a concrete top-level class: file [C:\Users\sebas\OneDrive\Escritorio\Sebas\UPC\Desarrollo de Aplicaciones Open Source\mindcare-backend\target\classes\pe\edu\upc\mind\care\platform\NoteManagement\infrastructure\persistence\jpa\repositories\AppointmentNoteRepository.class]
2024-06-27T14:12:56.787-05:00 DEBUG 22344 --- [mindcare-backend] [           main] o.s.c.a.ClassPathBeanDefinitionScanner   : Identified candidate component class: file [C:\Users\sebas\OneDrive\Escritorio\Sebas\UPC\Desarrollo de Aplicaciones Open Source\mindcare-backend\target\classes\pe\edu\upc\mind\care\platform\NoteManagement\interfaces\rest\NoteManagementController.class]
2024-06-27T14:12:56.791-05:00 DEBUG 22344 --- [mindcare-backend] [           main] o.s.c.a.ClassPathBeanDefinitionScanner   : Identified candidate component class: file [C:\Users\sebas\OneDrive\Escritorio\Sebas\UPC\Desarrollo de Aplicaciones Open Source\mindcare-backend\target\classes\pe\edu\upc\mind\care\platform\searchandmatch\application\internal\commandservices\ScheduleCommandServiceImpl.class]
2024-06-27T14:12:56.791-05:00 DEBUG 22344 --- [mindcare-backend] [           main] o.s.c.a.ClassPathBeanDefinitionScanner   : Identified candidate component class: file [C:\Users\sebas\OneDrive\Escritorio\Sebas\UPC\Desarrollo de Aplicaciones Open Source\mindcare-backend\target\classes\pe\edu\upc\mind\care\platform\searchandmatch\application\internal\queryservices\ScheduleQueryServiceImpl.class]
2024-06-27T14:12:56.802-05:00 DEBUG 22344 --- [mindcare-backend] [           main] o.s.c.a.ClassPathBeanDefinitionScanner   : Ignored because not a concrete top-level class: file [C:\Users\sebas\OneDrive\Escritorio\Sebas\UPC\Desarrollo de Aplicaciones Open Source\mindcare-backend\target\classes\pe\edu\upc\mind\care\platform\searchandmatch\infrastructure\persistence\jpa\repositories\ScheduleRepository.class]
2024-06-27T14:12:56.804-05:00 DEBUG 22344 --- [mindcare-backend] [           main] o.s.c.a.ClassPathBeanDefinitionScanner   : Identified candidate component class: file [C:\Users\sebas\OneDrive\Escritorio\Sebas\UPC\Desarrollo de Aplicaciones Open Source\mindcare-backend\target\classes\pe\edu\upc\mind\care\platform\searchandmatch\interfaces\rest\ScheduleController.class]
2024-06-27T14:12:56.807-05:00 DEBUG 22344 --- [mindcare-backend] [           main] o.s.c.a.ClassPathBeanDefinitionScanner   : Identified candidate component class: file [C:\Users\sebas\OneDrive\Escritorio\Sebas\UPC\Desarrollo de Aplicaciones Open Source\mindcare-backend\target\classes\pe\edu\upc\mind\care\platform\shared\infrastructure\documentation\openapi\configuration\OpenApiConfiguration.class]
2024-06-27T14:12:56.810-05:00 DEBUG 22344 --- [mindcare-backend] [           main] o.s.c.a.ClassPathBeanDefinitionScanner   : Identified candidate component class: file [C:\Users\sebas\OneDrive\Escritorio\Sebas\UPC\Desarrollo de Aplicaciones Open Source\mindcare-backend\target\classes\pe\edu\upc\mind\care\platform\therapymanagement\application\internal\commandservices\FinancialCommandServiceImpl.class]
2024-06-27T14:12:56.812-05:00 DEBUG 22344 --- [mindcare-backend] [           main] o.s.c.a.ClassPathBeanDefinitionScanner   : Identified candidate component class: file [C:\Users\sebas\OneDrive\Escritorio\Sebas\UPC\Desarrollo de Aplicaciones Open Source\mindcare-backend\target\classes\pe\edu\upc\mind\care\platform\therapymanagement\application\internal\queryservices\FinancialQueryServiceImpl.class]
2024-06-27T14:12:56.819-05:00 DEBUG 22344 --- [mindcare-backend] [           main] o.s.c.a.ClassPathBeanDefinitionScanner   : Ignored because not a concrete top-level class: file [C:\Users\sebas\OneDrive\Escritorio\Sebas\UPC\Desarrollo de Aplicaciones Open Source\mindcare-backend\target\classes\pe\edu\upc\mind\care\platform\therapymanagement\infraestructure\persistence\jpa\repositories\FinancialRepository.class]
2024-06-27T14:12:56.820-05:00 DEBUG 22344 --- [mindcare-backend] [           main] o.s.c.a.ClassPathBeanDefinitionScanner   : Identified candidate component class: file [C:\Users\sebas\OneDrive\Escritorio\Sebas\UPC\Desarrollo de Aplicaciones Open Source\mindcare-backend\target\classes\pe\edu\upc\mind\care\platform\therapymanagement\interfaces\rest\FinancialController.class]
2024-06-27T14:12:56.823-05:00 DEBUG 22344 --- [mindcare-backend] [           main] o.s.c.a.ClassPathBeanDefinitionScanner   : Identified candidate component class: file [C:\Users\sebas\OneDrive\Escritorio\Sebas\UPC\Desarrollo de Aplicaciones Open Source\mindcare-backend\target\classes\pe\edu\upc\mind\care\platform\therapymanagement\interfaces\rest\transform\AddTransactionToFinancialCommandFromResource.class]
2024-06-27T14:12:56.823-05:00 DEBUG 22344 --- [mindcare-backend] [           main] o.s.c.a.ClassPathBeanDefinitionScanner   : Identified candidate component class: file [C:\Users\sebas\OneDrive\Escritorio\Sebas\UPC\Desarrollo de Aplicaciones Open Source\mindcare-backend\target\classes\pe\edu\upc\mind\care\platform\therapymanagement\interfaces\rest\transform\CancelTransactionCommandFromResource.class]
2024-06-27T14:12:57.493-05:00  INFO 22344 --- [mindcare-backend] [           main] .s.d.r.c.RepositoryConfigurationDelegate : Bootstrapping Spring Data JPA repositories in DEFAULT mode.
2024-06-27T14:12:57.497-05:00 DEBUG 22344 --- [mindcare-backend] [           main] o.s.b.f.s.DefaultListableBeanFactory     : Creating shared instance of singleton bean 'org.springframework.boot.autoconfigure.AutoConfigurationPackages'
2024-06-27T14:12:57.503-05:00 DEBUG 22344 --- [mindcare-backend] [           main] o.s.b.a.AutoConfigurationPackages        : @EnableAutoConfiguration was declared on a class in the package 'pe.edu.upc.mind.care.platform,org.springframework.modulith.events.jpa'. Automatic @Repository and @Entity scanning is enabled.
2024-06-27T14:12:57.503-05:00 DEBUG 22344 --- [mindcare-backend] [           main] .s.d.r.c.RepositoryConfigurationDelegate : Scanning for JPA repositories in packages pe.edu.upc.mind.care.platform, org.springframework.modulith.events.jpa.
2024-06-27T14:12:57.521-05:00 DEBUG 22344 --- [mindcare-backend] [           main] o.s.d.r.c.RepositoryComponentProvider    : Identified candidate component class: file [C:\Users\sebas\OneDrive\Escritorio\Sebas\UPC\Desarrollo de Aplicaciones Open Source\mindcare-backend\target\classes\pe\edu\upc\mind\care\platform\appointmentManagement\infrastructure\persistence\jpa\repositories\AppointmentRepository.class]
2024-06-27T14:12:57.524-05:00 DEBUG 22344 --- [mindcare-backend] [           main] o.s.d.r.c.RepositoryComponentProvider    : Identified candidate component class: file [C:\Users\sebas\OneDrive\Escritorio\Sebas\UPC\Desarrollo de Aplicaciones Open Source\mindcare-backend\target\classes\pe\edu\upc\mind\care\platform\iam\infrastructure\persistence\jpa\repositories\RoleRepository.class]
2024-06-27T14:12:57.524-05:00 DEBUG 22344 --- [mindcare-backend] [           main] o.s.d.r.c.RepositoryComponentProvider    : Identified candidate component class: file [C:\Users\sebas\OneDrive\Escritorio\Sebas\UPC\Desarrollo de Aplicaciones Open Source\mindcare-backend\target\classes\pe\edu\upc\mind\care\platform\iam\infrastructure\persistence\jpa\repositories\UserRepository.class]
2024-06-27T14:12:57.525-05:00 DEBUG 22344 --- [mindcare-backend] [           main] o.s.d.r.c.RepositoryComponentProvider    : Identified candidate component class: file [C:\Users\sebas\OneDrive\Escritorio\Sebas\UPC\Desarrollo de Aplicaciones Open Source\mindcare-backend\target\classes\pe\edu\upc\mind\care\platform\NoteManagement\infrastructure\persistence\jpa\repositories\AppointmentNoteRepository.class]
2024-06-27T14:12:57.526-05:00 DEBUG 22344 --- [mindcare-backend] [           main] o.s.d.r.c.RepositoryComponentProvider    : Identified candidate component class: file [C:\Users\sebas\OneDrive\Escritorio\Sebas\UPC\Desarrollo de Aplicaciones Open Source\mindcare-backend\target\classes\pe\edu\upc\mind\care\platform\searchandmatch\infrastructure\persistence\jpa\repositories\ReservationRepository.class]
2024-06-27T14:12:57.526-05:00 DEBUG 22344 --- [mindcare-backend] [           main] o.s.d.r.c.RepositoryComponentProvider    : Identified candidate component class: file [C:\Users\sebas\OneDrive\Escritorio\Sebas\UPC\Desarrollo de Aplicaciones Open Source\mindcare-backend\target\classes\pe\edu\upc\mind\care\platform\searchandmatch\infrastructure\persistence\jpa\repositories\ScheduleRepository.class]
2024-06-27T14:12:57.527-05:00 DEBUG 22344 --- [mindcare-backend] [           main] o.s.d.r.c.RepositoryComponentProvider    : Identified candidate component class: file [C:\Users\sebas\OneDrive\Escritorio\Sebas\UPC\Desarrollo de Aplicaciones Open Source\mindcare-backend\target\classes\pe\edu\upc\mind\care\platform\therapymanagement\infraestructure\persistence\jpa\repositories\FinancialRepository.class]
2024-06-27T14:12:57.559-05:00 DEBUG 22344 --- [mindcare-backend] [           main] ssPathScanningCandidateComponentProvider : Identified candidate component class: file [C:\Users\sebas\OneDrive\Escritorio\Sebas\UPC\Desarrollo de Aplicaciones Open Source\mindcare-backend\target\classes\pe\edu\upc\mind\care\platform\appointmentManagement\application\internal\commandservices\AppointmentCommandServiceImpl.class]
2024-06-27T14:12:57.559-05:00 DEBUG 22344 --- [mindcare-backend] [           main] ssPathScanningCandidateComponentProvider : Identified candidate component class: file [C:\Users\sebas\OneDrive\Escritorio\Sebas\UPC\Desarrollo de Aplicaciones Open Source\mindcare-backend\target\classes\pe\edu\upc\mind\care\platform\appointmentManagement\application\internal\queryservices\AppointmentQueryServiceImpl.class]
2024-06-27T14:12:57.559-05:00 DEBUG 22344 --- [mindcare-backend] [           main] ssPathScanningCandidateComponentProvider : Identified candidate component class: file [C:\Users\sebas\OneDrive\Escritorio\Sebas\UPC\Desarrollo de Aplicaciones Open Source\mindcare-backend\target\classes\pe\edu\upc\mind\care\platform\iam\application\internal\commandservices\RoleCommandServiceImpl.class]
2024-06-27T14:12:57.559-05:00 DEBUG 22344 --- [mindcare-backend] [           main] ssPathScanningCandidateComponentProvider : Identified candidate component class: file [C:\Users\sebas\OneDrive\Escritorio\Sebas\UPC\Desarrollo de Aplicaciones Open Source\mindcare-backend\target\classes\pe\edu\upc\mind\care\platform\iam\application\internal\commandservices\UserCommandServiceImpl.class]
2024-06-27T14:12:57.559-05:00 DEBUG 22344 --- [mindcare-backend] [           main] ssPathScanningCandidateComponentProvider : Identified candidate component class: file [C:\Users\sebas\OneDrive\Escritorio\Sebas\UPC\Desarrollo de Aplicaciones Open Source\mindcare-backend\target\classes\pe\edu\upc\mind\care\platform\iam\application\internal\queryservices\RoleQueryServiceImpl.class]
2024-06-27T14:12:57.560-05:00 DEBUG 22344 --- [mindcare-backend] [           main] ssPathScanningCandidateComponentProvider : Identified candidate component class: file [C:\Users\sebas\OneDrive\Escritorio\Sebas\UPC\Desarrollo de Aplicaciones Open Source\mindcare-backend\target\classes\pe\edu\upc\mind\care\platform\iam\application\internal\queryservices\UserQueryServiceImpl.class]
2024-06-27T14:12:57.560-05:00 DEBUG 22344 --- [mindcare-backend] [           main] ssPathScanningCandidateComponentProvider : Identified candidate component class: file [C:\Users\sebas\OneDrive\Escritorio\Sebas\UPC\Desarrollo de Aplicaciones Open Source\mindcare-backend\target\classes\pe\edu\upc\mind\care\platform\iam\infrastructure\authorization\sfs\model\UserDetailsImpl.class]
2024-06-27T14:12:57.560-05:00 DEBUG 22344 --- [mindcare-backend] [           main] ssPathScanningCandidateComponentProvider : Identified candidate component class: file [C:\Users\sebas\OneDrive\Escritorio\Sebas\UPC\Desarrollo de Aplicaciones Open Source\mindcare-backend\target\classes\pe\edu\upc\mind\care\platform\iam\infrastructure\authorization\sfs\services\UserDetailsServiceImpl.class]
2024-06-27T14:12:57.560-05:00 DEBUG 22344 --- [mindcare-backend] [           main] ssPathScanningCandidateComponentProvider : Identified candidate component class: file [C:\Users\sebas\OneDrive\Escritorio\Sebas\UPC\Desarrollo de Aplicaciones Open Source\mindcare-backend\target\classes\pe\edu\upc\mind\care\platform\iam\infrastructure\hashing\bcrypt\services\HashingServiceImpl.class]
2024-06-27T14:12:57.560-05:00 DEBUG 22344 --- [mindcare-backend] [           main] ssPathScanningCandidateComponentProvider : Identified candidate component class: file [C:\Users\sebas\OneDrive\Escritorio\Sebas\UPC\Desarrollo de Aplicaciones Open Source\mindcare-backend\target\classes\pe\edu\upc\mind\care\platform\iam\infrastructure\tokens\jwt\services\TokenServiceImpl.class]
2024-06-27T14:12:57.560-05:00 DEBUG 22344 --- [mindcare-backend] [           main] ssPathScanningCandidateComponentProvider : Identified candidate component class: file [C:\Users\sebas\OneDrive\Escritorio\Sebas\UPC\Desarrollo de Aplicaciones Open Source\mindcare-backend\target\classes\pe\edu\upc\mind\care\platform\NoteManagement\application\internal\commandservices\AppointmentNoteCommandServiceImpl.class]
2024-06-27T14:12:57.560-05:00 DEBUG 22344 --- [mindcare-backend] [           main] ssPathScanningCandidateComponentProvider : Identified candidate component class: file [C:\Users\sebas\OneDrive\Escritorio\Sebas\UPC\Desarrollo de Aplicaciones Open Source\mindcare-backend\target\classes\pe\edu\upc\mind\care\platform\NoteManagement\application\internal\queryservices\AppointmentNoteQueryServiceImpl.class]
2024-06-27T14:12:57.560-05:00 DEBUG 22344 --- [mindcare-backend] [           main] ssPathScanningCandidateComponentProvider : Identified candidate component class: file [C:\Users\sebas\OneDrive\Escritorio\Sebas\UPC\Desarrollo de Aplicaciones Open Source\mindcare-backend\target\classes\pe\edu\upc\mind\care\platform\searchandmatch\application\internal\commandservices\ScheduleCommandServiceImpl.class]
2024-06-27T14:12:57.560-05:00 DEBUG 22344 --- [mindcare-backend] [           main] ssPathScanningCandidateComponentProvider : Identified candidate component class: file [C:\Users\sebas\OneDrive\Escritorio\Sebas\UPC\Desarrollo de Aplicaciones Open Source\mindcare-backend\target\classes\pe\edu\upc\mind\care\platform\searchandmatch\application\internal\queryservices\ScheduleQueryServiceImpl.class]
2024-06-27T14:12:57.560-05:00 DEBUG 22344 --- [mindcare-backend] [           main] ssPathScanningCandidateComponentProvider : Identified candidate component class: file [C:\Users\sebas\OneDrive\Escritorio\Sebas\UPC\Desarrollo de Aplicaciones Open Source\mindcare-backend\target\classes\pe\edu\upc\mind\care\platform\therapymanagement\application\internal\commandservices\FinancialCommandServiceImpl.class]
2024-06-27T14:12:57.560-05:00 DEBUG 22344 --- [mindcare-backend] [           main] ssPathScanningCandidateComponentProvider : Identified candidate component class: file [C:\Users\sebas\OneDrive\Escritorio\Sebas\UPC\Desarrollo de Aplicaciones Open Source\mindcare-backend\target\classes\pe\edu\upc\mind\care\platform\therapymanagement\application\internal\queryservices\FinancialQueryServiceImpl.class]
2024-06-27T14:12:57.585-05:00  INFO 22344 --- [mindcare-backend] [           main] .s.d.r.c.RepositoryConfigurationDelegate : Finished Spring Data repository scanning in 79 ms. Found 7 JPA repository interfaces.
2024-06-27T14:12:57.699-05:00 DEBUG 22344 --- [mindcare-backend] [           main] o.s.b.f.s.DefaultListableBeanFactory     : Creating shared instance of singleton bean 'springSecurityHandlerMappingIntrospectorBeanDefinitionRegistryPostProcessor'
2024-06-27T14:12:57.785-05:00 DEBUG 22344 --- [mindcare-backend] [           main] o.s.b.f.s.DefaultListableBeanFactory     : Creating shared instance of singleton bean 'propertySourcesPlaceholderConfigurer'
2024-06-27T14:12:57.789-05:00 DEBUG 22344 --- [mindcare-backend] [           main] o.s.b.f.s.DefaultListableBeanFactory     : Creating shared instance of singleton bean 'org.springframework.boot.test.mock.mockito.MockitoPostProcessor'
2024-06-27T14:12:57.791-05:00 DEBUG 22344 --- [mindcare-backend] [           main] o.s.b.f.s.DefaultListableBeanFactory     : Creating shared instance of singleton bean 'emBeanDefinitionRegistrarPostProcessor'
2024-06-27T14:12:57.792-05:00 DEBUG 22344 --- [mindcare-backend] [           main] o.s.b.f.s.DefaultListableBeanFactory     : Creating shared instance of singleton bean 'org.springframework.boot.sql.init.dependency.DatabaseInitializationDependencyConfigurer$DependsOnDatabaseInitializationPostProcessor'
2024-06-27T14:12:57.840-05:00 DEBUG 22344 --- [mindcare-backend] [           main] o.s.b.f.s.DefaultListableBeanFactory     : Creating shared instance of singleton bean 'org.springframework.context.event.internalEventListenerProcessor'
2024-06-27T14:12:57.842-05:00 DEBUG 22344 --- [mindcare-backend] [           main] o.s.b.f.s.DefaultListableBeanFactory     : Creating shared instance of singleton bean 'preserveErrorControllerTargetClassPostProcessor'
2024-06-27T14:12:57.843-05:00 DEBUG 22344 --- [mindcare-backend] [           main] o.s.b.f.s.DefaultListableBeanFactory     : Creating shared instance of singleton bean 'conversionServicePostProcessor'
2024-06-27T14:12:57.849-05:00 DEBUG 22344 --- [mindcare-backend] [           main] o.s.b.f.s.DefaultListableBeanFactory     : Creating shared instance of singleton bean 'org.springframework.modulith.core.config.ApplicationModuleInitializerRuntimeVerification'
2024-06-27T14:12:57.850-05:00 DEBUG 22344 --- [mindcare-backend] [           main] o.s.b.f.s.DefaultListableBeanFactory     : Creating shared instance of singleton bean 'org.springframework.context.event.internalEventListenerFactory'
2024-06-27T14:12:57.850-05:00 DEBUG 22344 --- [mindcare-backend] [           main] o.s.b.f.s.DefaultListableBeanFactory     : Creating shared instance of singleton bean 'org.springframework.transaction.config.internalTransactionalEventListenerFactory'
2024-06-27T14:12:57.850-05:00 DEBUG 22344 --- [mindcare-backend] [           main] o.s.b.f.s.DefaultListableBeanFactory     : Creating shared instance of singleton bean 'filteringEventListenerFactory'
2024-06-27T14:12:57.860-05:00 DEBUG 22344 --- [mindcare-backend] [           main] o.s.b.f.s.DefaultListableBeanFactory     : Creating shared instance of singleton bean 'eventExternalizationConfiguration'
2024-06-27T14:12:57.861-05:00 DEBUG 22344 --- [mindcare-backend] [           main] o.s.b.f.s.DefaultListableBeanFactory     : Autowiring by type from bean name 'eventExternalizationConfiguration' via factory method to bean named 'org.springframework.beans.factory.support.DefaultListableBeanFactory@ba1f559'
2024-06-27T14:12:57.868-05:00 DEBUG 22344 --- [mindcare-backend] [           main] o.s.b.f.s.DefaultListableBeanFactory     : Autowiring by type from bean name 'filteringEventListenerFactory' via factory method to bean named 'eventExternalizationConfiguration'
2024-06-27T14:12:57.873-05:00 DEBUG 22344 --- [mindcare-backend] [           main] o.s.b.f.s.DefaultListableBeanFactory     : Creating shared instance of singleton bean 'org.springframework.boot.test.mock.mockito.MockitoPostProcessor$SpyPostProcessor'
2024-06-27T14:12:57.874-05:00 DEBUG 22344 --- [mindcare-backend] [           main] o.s.b.f.s.DefaultListableBeanFactory     : Creating shared instance of singleton bean 'org.springframework.context.annotation.internalAutowiredAnnotationProcessor'
2024-06-27T14:12:57.875-05:00 DEBUG 22344 --- [mindcare-backend] [           main] o.s.b.f.s.DefaultListableBeanFactory     : Creating shared instance of singleton bean 'org.springframework.context.annotation.internalCommonAnnotationProcessor'
2024-06-27T14:12:57.879-05:00 DEBUG 22344 --- [mindcare-backend] [           main] o.s.b.f.s.DefaultListableBeanFactory     : Creating shared instance of singleton bean 'org.springframework.context.annotation.internalPersistenceAnnotationProcessor'
2024-06-27T14:12:57.879-05:00 DEBUG 22344 --- [mindcare-backend] [           main] o.s.b.f.s.DefaultListableBeanFactory     : Creating shared instance of singleton bean 'org.springframework.boot.context.properties.ConfigurationPropertiesBindingPostProcessor'
2024-06-27T14:12:57.879-05:00 DEBUG 22344 --- [mindcare-backend] [           main] o.s.b.f.s.DefaultListableBeanFactory     : Creating shared instance of singleton bean 'org.springframework.boot.context.internalConfigurationPropertiesBinder'
2024-06-27T14:12:57.881-05:00 DEBUG 22344 --- [mindcare-backend] [           main] o.s.b.f.s.DefaultListableBeanFactory     : Creating shared instance of singleton bean 'jdbcConnectionDetailsHikariBeanPostProcessor'
2024-06-27T14:12:57.882-05:00 DEBUG 22344 --- [mindcare-backend] [           main] o.s.b.f.s.DefaultListableBeanFactory     : Creating shared instance of singleton bean 'org.springframework.aop.config.internalAutoProxyCreator'
2024-06-27T14:12:57.901-05:00 DEBUG 22344 --- [mindcare-backend] [           main] o.s.b.f.s.DefaultListableBeanFactory     : Creating shared instance of singleton bean 'methodValidationPostProcessor'
2024-06-27T14:12:57.902-05:00 DEBUG 22344 --- [mindcare-backend] [           main] o.s.b.f.s.DefaultListableBeanFactory     : Autowiring by type from bean name 'methodValidationPostProcessor' via factory method to bean named 'environment'
2024-06-27T14:12:57.905-05:00 DEBUG 22344 --- [mindcare-backend] [           main] o.s.b.f.s.DefaultListableBeanFactory     : Creating shared instance of singleton bean 'org.springframework.boot.context.properties.EnableConfigurationPropertiesRegistrar.methodValidationExcludeFilter'
2024-06-27T14:12:57.915-05:00 DEBUG 22344 --- [mindcare-backend] [           main] o.s.b.f.s.DefaultListableBeanFactory     : Creating shared instance of singleton bean 'persistenceExceptionTranslationPostProcessor'
2024-06-27T14:12:57.916-05:00 DEBUG 22344 --- [mindcare-backend] [           main] o.s.b.f.s.DefaultListableBeanFactory     : Autowiring by type from bean name 'persistenceExceptionTranslationPostProcessor' via factory method to bean named 'environment'
2024-06-27T14:12:57.917-05:00 DEBUG 22344 --- [mindcare-backend] [           main] o.s.b.f.s.DefaultListableBeanFactory     : Creating shared instance of singleton bean 'org.springframework.context.annotation.internalAsyncAnnotationProcessor'
2024-06-27T14:12:57.917-05:00 DEBUG 22344 --- [mindcare-backend] [           main] o.s.b.f.s.DefaultListableBeanFactory     : Creating shared instance of singleton bean 'org.springframework.scheduling.annotation.ProxyAsyncConfiguration'
2024-06-27T14:12:57.925-05:00 DEBUG 22344 --- [mindcare-backend] [           main] o.s.b.f.s.DefaultListableBeanFactory     : Creating shared instance of singleton bean 'org.springframework.context.annotation.internalScheduledAnnotationProcessor'
2024-06-27T14:12:57.925-05:00 DEBUG 22344 --- [mindcare-backend] [           main] o.s.b.f.s.DefaultListableBeanFactory     : Creating shared instance of singleton bean 'org.springframework.scheduling.annotation.SchedulingConfiguration'
2024-06-27T14:12:57.930-05:00 DEBUG 22344 --- [mindcare-backend] [           main] o.s.b.f.s.DefaultListableBeanFactory     : Creating shared instance of singleton bean 'webServerFactoryCustomizerBeanPostProcessor'
2024-06-27T14:12:57.932-05:00 DEBUG 22344 --- [mindcare-backend] [           main] o.s.b.f.s.DefaultListableBeanFactory     : Creating shared instance of singleton bean 'errorPageRegistrarBeanPostProcessor'
2024-06-27T14:12:57.933-05:00 DEBUG 22344 --- [mindcare-backend] [           main] o.s.b.f.s.DefaultListableBeanFactory     : Creating shared instance of singleton bean 'projectingArgumentResolverBeanPostProcessor'
2024-06-27T14:12:57.934-05:00 DEBUG 22344 --- [mindcare-backend] [           main] o.s.b.f.s.DefaultListableBeanFactory     : Creating shared instance of singleton bean 'preFilterAuthorizationAdvisor'
2024-06-27T14:12:57.935-05:00 DEBUG 22344 --- [mindcare-backend] [           main] o.s.b.f.s.DefaultListableBeanFactory     : Autowiring by type from bean name 'preFilterAuthorizationAdvisor' via factory method to bean named 'org.springframework.web.context.support.GenericWebApplicationContext@4d4d8fcf'
2024-06-27T14:12:57.948-05:00 DEBUG 22344 --- [mindcare-backend] [           main] o.s.b.f.s.DefaultListableBeanFactory     : Creating shared instance of singleton bean 'preAuthorizeAuthorizationAdvisor'
2024-06-27T14:12:57.950-05:00 DEBUG 22344 --- [mindcare-backend] [           main] o.s.b.f.s.DefaultListableBeanFactory     : Autowiring by type from bean name 'preAuthorizeAuthorizationAdvisor' via factory method to bean named 'org.springframework.web.context.support.GenericWebApplicationContext@4d4d8fcf'
2024-06-27T14:12:57.958-05:00 DEBUG 22344 --- [mindcare-backend] [           main] o.s.b.f.s.DefaultListableBeanFactory     : Creating shared instance of singleton bean 'postFilterAuthorizationAdvisor'
2024-06-27T14:12:57.960-05:00 DEBUG 22344 --- [mindcare-backend] [           main] o.s.b.f.s.DefaultListableBeanFactory     : Autowiring by type from bean name 'postFilterAuthorizationAdvisor' via factory method to bean named 'org.springframework.web.context.support.GenericWebApplicationContext@4d4d8fcf'
2024-06-27T14:12:57.963-05:00 DEBUG 22344 --- [mindcare-backend] [           main] o.s.b.f.s.DefaultListableBeanFactory     : Creating shared instance of singleton bean 'postAuthorizeAuthorizationAdvisor'
2024-06-27T14:12:57.964-05:00 DEBUG 22344 --- [mindcare-backend] [           main] o.s.b.f.s.DefaultListableBeanFactory     : Autowiring by type from bean name 'postAuthorizeAuthorizationAdvisor' via factory method to bean named 'org.springframework.web.context.support.GenericWebApplicationContext@4d4d8fcf'
2024-06-27T14:12:57.968-05:00 DEBUG 22344 --- [mindcare-backend] [           main] o.s.b.f.s.DefaultListableBeanFactory     : Creating shared instance of singleton bean 'org.springframework.transaction.config.internalTransactionAdvisor'
2024-06-27T14:12:57.968-05:00 DEBUG 22344 --- [mindcare-backend] [           main] o.s.b.f.s.DefaultListableBeanFactory     : Creating shared instance of singleton bean 'org.springframework.transaction.annotation.ProxyTransactionManagementConfiguration'
2024-06-27T14:12:57.969-05:00 DEBUG 22344 --- [mindcare-backend] [           main] o.s.b.f.s.DefaultListableBeanFactory     : Creating shared instance of singleton bean 'completionRegisteringAdvisor'
2024-06-27T14:12:57.986-05:00 DEBUG 22344 --- [mindcare-backend] [           main] o.s.b.f.s.DefaultListableBeanFactory     : Creating shared instance of singleton bean 'transactionAttributeSource'
2024-06-27T14:12:57.988-05:00 DEBUG 22344 --- [mindcare-backend] [           main] o.s.b.f.s.DefaultListableBeanFactory     : Creating shared instance of singleton bean 'transactionInterceptor'
2024-06-27T14:12:57.989-05:00 DEBUG 22344 --- [mindcare-backend] [           main] o.s.b.f.s.DefaultListableBeanFactory     : Autowiring by type from bean name 'transactionInterceptor' via factory method to bean named 'transactionAttributeSource'
2024-06-27T14:12:57.998-05:00 DEBUG 22344 --- [mindcare-backend] [           main] o.s.b.f.s.DefaultListableBeanFactory     : Autowiring by type from bean name 'org.springframework.transaction.config.internalTransactionAdvisor' via factory method to bean named 'transactionAttributeSource'
2024-06-27T14:12:57.998-05:00 DEBUG 22344 --- [mindcare-backend] [           main] o.s.b.f.s.DefaultListableBeanFactory     : Autowiring by type from bean name 'org.springframework.transaction.config.internalTransactionAdvisor' via factory method to bean named 'transactionInterceptor'
2024-06-27T14:12:58.024-05:00 DEBUG 22344 --- [mindcare-backend] [           main] o.s.b.f.s.DefaultListableBeanFactory     : Creating shared instance of singleton bean 'asyncPropertiesDefaulter'
2024-06-27T14:12:58.025-05:00 DEBUG 22344 --- [mindcare-backend] [           main] o.s.b.f.s.DefaultListableBeanFactory     : Autowiring by type from bean name 'asyncPropertiesDefaulter' via factory method to bean named 'environment'
2024-06-27T14:12:58.029-05:00 DEBUG 22344 --- [mindcare-backend] [           main] o.s.b.f.s.DefaultListableBeanFactory     : Creating shared instance of singleton bean 'applicationEventMulticaster'
2024-06-27T14:12:58.038-05:00 DEBUG 22344 --- [mindcare-backend] [           main] o.s.u.c.s.UiApplicationContextUtils      : Unable to locate ThemeSource with name 'themeSource': using default [org.springframework.ui.context.support.ResourceBundleThemeSource@33e0c716]
2024-06-27T14:12:58.041-05:00 DEBUG 22344 --- [mindcare-backend] [           main] o.s.b.f.s.DefaultListableBeanFactory     : Creating shared instance of singleton bean 'dataSourceScriptDatabaseInitializer'
2024-06-27T14:12:58.041-05:00 DEBUG 22344 --- [mindcare-backend] [           main] o.s.b.f.s.DefaultListableBeanFactory     : Creating shared instance of singleton bean 'org.springframework.boot.autoconfigure.sql.init.DataSourceInitializationConfiguration'
2024-06-27T14:12:58.043-05:00 DEBUG 22344 --- [mindcare-backend] [           main] o.s.b.f.s.DefaultListableBeanFactory     : Creating shared instance of singleton bean 'dataSource'
2024-06-27T14:12:58.043-05:00 DEBUG 22344 --- [mindcare-backend] [           main] o.s.b.f.s.DefaultListableBeanFactory     : Creating shared instance of singleton bean 'org.springframework.boot.autoconfigure.jdbc.DataSourceConfiguration$Hikari'
2024-06-27T14:12:58.044-05:00 DEBUG 22344 --- [mindcare-backend] [           main] o.s.b.f.s.DefaultListableBeanFactory     : Creating shared instance of singleton bean 'spring.datasource-org.springframework.boot.autoconfigure.jdbc.DataSourceProperties'
2024-06-27T14:12:58.045-05:00 DEBUG 22344 --- [mindcare-backend] [           main] o.s.b.f.s.DefaultListableBeanFactory     : Creating shared instance of singleton bean 'org.springframework.boot.context.properties.BoundConfigurationProperties'
2024-06-27T14:12:58.059-05:00 DEBUG 22344 --- [mindcare-backend] [           main] o.s.b.f.s.DefaultListableBeanFactory     : Creating shared instance of singleton bean 'jdbcConnectionDetails'
2024-06-27T14:12:58.060-05:00 DEBUG 22344 --- [mindcare-backend] [           main] o.s.b.f.s.DefaultListableBeanFactory     : Creating shared instance of singleton bean 'org.springframework.boot.autoconfigure.jdbc.DataSourceAutoConfiguration$PooledDataSourceConfiguration'
2024-06-27T14:12:58.061-05:00 DEBUG 22344 --- [mindcare-backend] [           main] o.s.b.f.s.DefaultListableBeanFactory     : Autowiring by type from bean name 'jdbcConnectionDetails' via factory method to bean named 'spring.datasource-org.springframework.boot.autoconfigure.jdbc.DataSourceProperties'
2024-06-27T14:12:58.062-05:00 DEBUG 22344 --- [mindcare-backend] [           main] o.s.b.f.s.DefaultListableBeanFactory     : Autowiring by type from bean name 'dataSource' via factory method to bean named 'spring.datasource-org.springframework.boot.autoconfigure.jdbc.DataSourceProperties'
2024-06-27T14:12:58.062-05:00 DEBUG 22344 --- [mindcare-backend] [           main] o.s.b.f.s.DefaultListableBeanFactory     : Autowiring by type from bean name 'dataSource' via factory method to bean named 'jdbcConnectionDetails'
2024-06-27T14:12:58.067-05:00 DEBUG 22344 --- [mindcare-backend] [           main] com.zaxxer.hikari.HikariConfig           : Driver class org.postgresql.Driver found in Thread context class loader jdk.internal.loader.ClassLoaders$AppClassLoader@70dea4e
2024-06-27T14:12:58.092-05:00 DEBUG 22344 --- [mindcare-backend] [           main] o.s.b.f.s.DefaultListableBeanFactory     : Creating shared instance of singleton bean 'spring.sql.init-org.springframework.boot.autoconfigure.sql.init.SqlInitializationProperties'
2024-06-27T14:12:58.096-05:00 DEBUG 22344 --- [mindcare-backend] [           main] o.s.b.f.s.DefaultListableBeanFactory     : Autowiring by type from bean name 'dataSourceScriptDatabaseInitializer' via factory method to bean named 'dataSource'
2024-06-27T14:12:58.096-05:00 DEBUG 22344 --- [mindcare-backend] [           main] o.s.b.f.s.DefaultListableBeanFactory     : Autowiring by type from bean name 'dataSourceScriptDatabaseInitializer' via factory method to bean named 'spring.sql.init-org.springframework.boot.autoconfigure.sql.init.SqlInitializationProperties'
2024-06-27T14:12:58.109-05:00 DEBUG 22344 --- [mindcare-backend] [           main] o.s.b.f.s.DefaultListableBeanFactory     : Creating shared instance of singleton bean 'entityManagerFactory'
2024-06-27T14:12:58.110-05:00 DEBUG 22344 --- [mindcare-backend] [           main] o.s.b.f.s.DefaultListableBeanFactory     : Creating shared instance of singleton bean 'org.springframework.boot.autoconfigure.orm.jpa.HibernateJpaConfiguration'
2024-06-27T14:12:58.111-05:00 DEBUG 22344 --- [mindcare-backend] [           main] o.s.b.f.s.DefaultListableBeanFactory     : Creating shared instance of singleton bean 'spring.jpa-org.springframework.boot.autoconfigure.orm.jpa.JpaProperties'
2024-06-27T14:12:58.123-05:00 DEBUG 22344 --- [mindcare-backend] [           main] o.s.b.f.s.DefaultListableBeanFactory     : Creating shared instance of singleton bean 'spring.jpa.hibernate-org.springframework.boot.autoconfigure.orm.jpa.HibernateProperties'
2024-06-27T14:12:58.126-05:00 DEBUG 22344 --- [mindcare-backend] [           main] o.s.b.f.s.DefaultListableBeanFactory     : Autowiring by type from bean name 'org.springframework.boot.autoconfigure.orm.jpa.HibernateJpaConfiguration' via constructor to bean named 'dataSource'
2024-06-27T14:12:58.126-05:00 DEBUG 22344 --- [mindcare-backend] [           main] o.s.b.f.s.DefaultListableBeanFactory     : Autowiring by type from bean name 'org.springframework.boot.autoconfigure.orm.jpa.HibernateJpaConfiguration' via constructor to bean named 'spring.jpa-org.springframework.boot.autoconfigure.orm.jpa.JpaProperties'
2024-06-27T14:12:58.126-05:00 DEBUG 22344 --- [mindcare-backend] [           main] o.s.b.f.s.DefaultListableBeanFactory     : Autowiring by type from bean name 'org.springframework.boot.autoconfigure.orm.jpa.HibernateJpaConfiguration' via constructor to bean named 'org.springframework.beans.factory.support.DefaultListableBeanFactory@ba1f559'
2024-06-27T14:12:58.126-05:00 DEBUG 22344 --- [mindcare-backend] [           main] o.s.b.f.s.DefaultListableBeanFactory     : Autowiring by type from bean name 'org.springframework.boot.autoconfigure.orm.jpa.HibernateJpaConfiguration' via constructor to bean named 'spring.jpa.hibernate-org.springframework.boot.autoconfigure.orm.jpa.HibernateProperties'
2024-06-27T14:12:58.131-05:00 DEBUG 22344 --- [mindcare-backend] [           main] o.s.b.f.s.DefaultListableBeanFactory     : Creating shared instance of singleton bean 'hikariPoolDataSourceMetadataProvider'
2024-06-27T14:12:58.131-05:00 DEBUG 22344 --- [mindcare-backend] [           main] o.s.b.f.s.DefaultListableBeanFactory     : Creating shared instance of singleton bean 'org.springframework.boot.autoconfigure.jdbc.metadata.DataSourcePoolMetadataProvidersConfiguration$HikariPoolDataSourceMetadataProviderConfiguration'
2024-06-27T14:12:58.138-05:00 DEBUG 22344 --- [mindcare-backend] [           main] o.s.b.f.s.DefaultListableBeanFactory     : Creating shared instance of singleton bean 'entityManagerFactoryBuilder'
2024-06-27T14:12:58.139-05:00 DEBUG 22344 --- [mindcare-backend] [           main] o.s.b.f.s.DefaultListableBeanFactory     : Creating shared instance of singleton bean 'jpaVendorAdapter'
2024-06-27T14:12:58.155-05:00 DEBUG 22344 --- [mindcare-backend] [           main] o.s.b.f.s.DefaultListableBeanFactory     : Autowiring by type from bean name 'entityManagerFactoryBuilder' via factory method to bean named 'jpaVendorAdapter'
2024-06-27T14:12:58.163-05:00 DEBUG 22344 --- [mindcare-backend] [           main] o.s.b.f.s.DefaultListableBeanFactory     : Creating shared instance of singleton bean 'persistenceManagedTypes'
2024-06-27T14:12:58.164-05:00 DEBUG 22344 --- [mindcare-backend] [           main] o.s.b.f.s.DefaultListableBeanFactory     : Autowiring by type from bean name 'persistenceManagedTypes' via factory method to bean named 'org.springframework.beans.factory.support.DefaultListableBeanFactory@ba1f559'
2024-06-27T14:12:58.164-05:00 DEBUG 22344 --- [mindcare-backend] [           main] o.s.b.f.s.DefaultListableBeanFactory     : Autowiring by type from bean name 'persistenceManagedTypes' via factory method to bean named 'org.springframework.web.context.support.GenericWebApplicationContext@4d4d8fcf'
2024-06-27T14:12:58.191-05:00 DEBUG 22344 --- [mindcare-backend] [           main] o.s.b.f.s.DefaultListableBeanFactory     : Autowiring by type from bean name 'entityManagerFactory' via factory method to bean named 'entityManagerFactoryBuilder'
2024-06-27T14:12:58.191-05:00 DEBUG 22344 --- [mindcare-backend] [           main] o.s.b.f.s.DefaultListableBeanFactory     : Autowiring by type from bean name 'entityManagerFactory' via factory method to bean named 'persistenceManagedTypes'
2024-06-27T14:12:58.243-05:00 DEBUG 22344 --- [mindcare-backend] [           main] j.LocalContainerEntityManagerFactoryBean : Building JPA container EntityManagerFactory for persistence unit 'default'
2024-06-27T14:12:58.334-05:00 DEBUG 22344 --- [mindcare-backend] [           main] o.hibernate.jpa.internal.util.LogHelper  : PersistenceUnitInfo [
	name: default
	persistence provider classname: null
	classloader: jdk.internal.loader.ClassLoaders$AppClassLoader@70dea4e
	excludeUnlistedClasses: true
	JTA datasource: null
	Non JTA datasource: HikariDataSource (null)
	Transaction type: RESOURCE_LOCAL
	PU root URL: file:/C:/Users/sebas/.m2/repository/org/springframework/modulith/spring-modulith-events-jpa/1.1.4/spring-modulith-events-jpa-1.1.4.jar
	Shared Cache Mode: UNSPECIFIED
	Validation Mode: AUTO
	Jar files URLs []
	Managed classes names [
		pe.edu.upc.mind.care.platform.appointmentManagement.domain.model.aggregates.Appointment
		pe.edu.upc.mind.care.platform.appointmentManagement.domain.model.valueobjects.PatientId
		pe.edu.upc.mind.care.platform.appointmentManagement.domain.model.valueobjects.PsychologistId
		pe.edu.upc.mind.care.platform.iam.domain.model.aggregates.User
		pe.edu.upc.mind.care.platform.iam.domain.model.entities.Role
		pe.edu.upc.mind.care.platform.NoteManagement.domain.model.aggregates.AppointmentNote
		pe.edu.upc.mind.care.platform.NoteManagement.domain.model.entities.Note
		pe.edu.upc.mind.care.platform.NoteManagement.domain.model.valueobjects.AppointmentId
		pe.edu.upc.mind.care.platform.NoteManagement.domain.model.valueobjects.PatientId
		pe.edu.upc.mind.care.platform.NoteManagement.domain.model.valueobjects.PsychologistId
		pe.edu.upc.mind.care.platform.searchandmatch.domain.model.aggregates.Schedule
		pe.edu.upc.mind.care.platform.searchandmatch.domain.model.entities.Reservation
		pe.edu.upc.mind.care.platform.searchandmatch.domain.model.valueobjects.PatientId
		pe.edu.upc.mind.care.platform.searchandmatch.domain.model.valueobjects.PsychologistId
		pe.edu.upc.mind.care.platform.shared.domain.model.aggregate.AuditableAbstractAggregateRoot
		pe.edu.upc.mind.care.platform.shared.domain.model.entity.AuditableModel
		pe.edu.upc.mind.care.platform.therapymanagement.domain.model.aggregates.Financial
		pe.edu.upc.mind.care.platform.therapymanagement.domain.model.entities.Transaction
		pe.edu.upc.mind.care.platform.therapymanagement.domain.model.valueobjects.PatientId
		pe.edu.upc.mind.care.platform.therapymanagement.domain.model.valueobjects.PyschologistId
		pe.edu.upc.mind.care.platform.therapymanagement.domain.model.valueobjects.ReservationId
		org.springframework.modulith.events.jpa.JpaEventPublication
		org.springframework.modulith.events.jpa]
	Mapping files names []
	Properties []
2024-06-27T14:12:58.362-05:00 DEBUG 22344 --- [mindcare-backend] [           main] o.h.i.internal.IntegratorServiceImpl     : Adding Integrator [org.hibernate.boot.beanvalidation.BeanValidationIntegrator].
2024-06-27T14:12:58.364-05:00 DEBUG 22344 --- [mindcare-backend] [           main] o.h.i.internal.IntegratorServiceImpl     : Adding Integrator [org.hibernate.cache.internal.CollectionCacheInvalidator].
2024-06-27T14:12:58.471-05:00  INFO 22344 --- [mindcare-backend] [           main] org.hibernate.Version                    : HHH000412: Hibernate ORM core version 6.4.8.Final
2024-06-27T14:12:58.473-05:00 DEBUG 22344 --- [mindcare-backend] [           main] org.hibernate.cfg.Environment            : HHH000206: 'hibernate.properties' not found
2024-06-27T14:12:58.499-05:00 DEBUG 22344 --- [mindcare-backend] [           main] org.hibernate.orm.idgen.factory          : Registering IdentifierGenerator strategy [uuid2] -> [org.hibernate.id.UUIDGenerator]
2024-06-27T14:12:58.500-05:00 DEBUG 22344 --- [mindcare-backend] [           main] org.hibernate.orm.idgen.factory          : Registering IdentifierGenerator strategy [guid] -> [org.hibernate.id.GUIDGenerator]
2024-06-27T14:12:58.500-05:00 DEBUG 22344 --- [mindcare-backend] [           main] org.hibernate.orm.idgen.factory          : Registering IdentifierGenerator strategy [uuid] -> [org.hibernate.id.UUIDHexGenerator]
2024-06-27T14:12:58.500-05:00 DEBUG 22344 --- [mindcare-backend] [           main] org.hibernate.orm.idgen.factory          : Registering IdentifierGenerator strategy [uuid.hex] -> [org.hibernate.id.UUIDHexGenerator]
2024-06-27T14:12:58.500-05:00 DEBUG 22344 --- [mindcare-backend] [           main] org.hibernate.orm.idgen.factory          : Registering IdentifierGenerator strategy [assigned] -> [org.hibernate.id.Assigned]
2024-06-27T14:12:58.502-05:00 DEBUG 22344 --- [mindcare-backend] [           main] org.hibernate.orm.idgen.factory          : Registering IdentifierGenerator strategy [identity] -> [org.hibernate.id.IdentityGenerator]
2024-06-27T14:12:58.502-05:00 DEBUG 22344 --- [mindcare-backend] [           main] org.hibernate.orm.idgen.factory          : Registering IdentifierGenerator strategy [select] -> [org.hibernate.id.SelectGenerator]
2024-06-27T14:12:58.503-05:00 DEBUG 22344 --- [mindcare-backend] [           main] org.hibernate.orm.idgen.factory          : Registering IdentifierGenerator strategy [sequence] -> [org.hibernate.id.enhanced.SequenceStyleGenerator]
2024-06-27T14:12:58.503-05:00 DEBUG 22344 --- [mindcare-backend] [           main] org.hibernate.orm.idgen.factory          : Registering IdentifierGenerator strategy [increment] -> [org.hibernate.id.IncrementGenerator]
2024-06-27T14:12:58.504-05:00 DEBUG 22344 --- [mindcare-backend] [           main] org.hibernate.orm.idgen.factory          : Registering IdentifierGenerator strategy [foreign] -> [org.hibernate.id.ForeignGenerator]
2024-06-27T14:12:58.504-05:00 DEBUG 22344 --- [mindcare-backend] [           main] org.hibernate.orm.idgen.factory          : Registering IdentifierGenerator strategy [enhanced-sequence] -> [org.hibernate.id.enhanced.SequenceStyleGenerator]
2024-06-27T14:12:58.505-05:00 DEBUG 22344 --- [mindcare-backend] [           main] org.hibernate.orm.idgen.factory          : Registering IdentifierGenerator strategy [enhanced-table] -> [org.hibernate.id.enhanced.TableGenerator]
2024-06-27T14:12:58.510-05:00 DEBUG 22344 --- [mindcare-backend] [           main] o.h.c.internal.RegionFactoryInitiator    : Cannot default RegionFactory based on registered strategies as `[]` RegionFactory strategies were registered
2024-06-27T14:12:58.511-05:00  INFO 22344 --- [mindcare-backend] [           main] o.h.c.internal.RegionFactoryInitiator    : HHH000026: Second-level cache disabled
2024-06-27T14:12:58.596-05:00 DEBUG 22344 --- [mindcare-backend] [           main] org.hibernate.type.BasicTypeRegistry     : Adding type registration boolean -> org.hibernate.type.BasicTypeReference@36ad5f2a
2024-06-27T14:12:58.598-05:00 DEBUG 22344 --- [mindcare-backend] [           main] org.hibernate.type.BasicTypeRegistry     : Adding type registration boolean -> org.hibernate.type.BasicTypeReference@36ad5f2a
2024-06-27T14:12:58.598-05:00 DEBUG 22344 --- [mindcare-backend] [           main] org.hibernate.type.BasicTypeRegistry     : Adding type registration java.lang.Boolean -> org.hibernate.type.BasicTypeReference@36ad5f2a
2024-06-27T14:12:58.598-05:00 DEBUG 22344 --- [mindcare-backend] [           main] org.hibernate.type.BasicTypeRegistry     : Adding type registration numeric_boolean -> org.hibernate.type.BasicTypeReference@53cddaf8
2024-06-27T14:12:58.598-05:00 DEBUG 22344 --- [mindcare-backend] [           main] org.hibernate.type.BasicTypeRegistry     : Adding type registration org.hibernate.type.NumericBooleanConverter -> org.hibernate.type.BasicTypeReference@53cddaf8
2024-06-27T14:12:58.598-05:00 DEBUG 22344 --- [mindcare-backend] [           main] org.hibernate.type.BasicTypeRegistry     : Adding type registration true_false -> org.hibernate.type.BasicTypeReference@55c50f52
2024-06-27T14:12:58.598-05:00 DEBUG 22344 --- [mindcare-backend] [           main] org.hibernate.type.BasicTypeRegistry     : Adding type registration org.hibernate.type.TrueFalseConverter -> org.hibernate.type.BasicTypeReference@55c50f52
2024-06-27T14:12:58.598-05:00 DEBUG 22344 --- [mindcare-backend] [           main] org.hibernate.type.BasicTypeRegistry     : Adding type registration yes_no -> org.hibernate.type.BasicTypeReference@1ccc1026
2024-06-27T14:12:58.598-05:00 DEBUG 22344 --- [mindcare-backend] [           main] org.hibernate.type.BasicTypeRegistry     : Adding type registration org.hibernate.type.YesNoConverter -> org.hibernate.type.BasicTypeReference@1ccc1026
2024-06-27T14:12:58.598-05:00 DEBUG 22344 --- [mindcare-backend] [           main] org.hibernate.type.BasicTypeRegistry     : Adding type registration byte -> org.hibernate.type.BasicTypeReference@4044589a
2024-06-27T14:12:58.598-05:00 DEBUG 22344 --- [mindcare-backend] [           main] org.hibernate.type.BasicTypeRegistry     : Adding type registration byte -> org.hibernate.type.BasicTypeReference@4044589a
2024-06-27T14:12:58.598-05:00 DEBUG 22344 --- [mindcare-backend] [           main] org.hibernate.type.BasicTypeRegistry     : Adding type registration java.lang.Byte -> org.hibernate.type.BasicTypeReference@4044589a
2024-06-27T14:12:58.598-05:00 DEBUG 22344 --- [mindcare-backend] [           main] org.hibernate.type.BasicTypeRegistry     : Adding type registration binary -> org.hibernate.type.BasicTypeReference@7de35070
2024-06-27T14:12:58.598-05:00 DEBUG 22344 --- [mindcare-backend] [           main] org.hibernate.type.BasicTypeRegistry     : Adding type registration byte[] -> org.hibernate.type.BasicTypeReference@7de35070
2024-06-27T14:12:58.598-05:00 DEBUG 22344 --- [mindcare-backend] [           main] org.hibernate.type.BasicTypeRegistry     : Adding type registration [B -> org.hibernate.type.BasicTypeReference@7de35070
2024-06-27T14:12:58.598-05:00 DEBUG 22344 --- [mindcare-backend] [           main] org.hibernate.type.BasicTypeRegistry     : Adding type registration binary_wrapper -> org.hibernate.type.BasicTypeReference@216f01
2024-06-27T14:12:58.598-05:00 DEBUG 22344 --- [mindcare-backend] [           main] org.hibernate.type.BasicTypeRegistry     : Adding type registration wrapper-binary -> org.hibernate.type.BasicTypeReference@216f01
2024-06-27T14:12:58.598-05:00 DEBUG 22344 --- [mindcare-backend] [           main] org.hibernate.type.BasicTypeRegistry     : Adding type registration image -> org.hibernate.type.BasicTypeReference@7c901203
2024-06-27T14:12:58.598-05:00 DEBUG 22344 --- [mindcare-backend] [           main] org.hibernate.type.BasicTypeRegistry     : Adding type registration blob -> org.hibernate.type.BasicTypeReference@1e721583
2024-06-27T14:12:58.598-05:00 DEBUG 22344 --- [mindcare-backend] [           main] org.hibernate.type.BasicTypeRegistry     : Adding type registration java.sql.Blob -> org.hibernate.type.BasicTypeReference@1e721583
2024-06-27T14:12:58.598-05:00 DEBUG 22344 --- [mindcare-backend] [           main] org.hibernate.type.BasicTypeRegistry     : Adding type registration materialized_blob -> org.hibernate.type.BasicTypeReference@79f5a6ed
2024-06-27T14:12:58.598-05:00 DEBUG 22344 --- [mindcare-backend] [           main] org.hibernate.type.BasicTypeRegistry     : Adding type registration materialized_blob_wrapper -> org.hibernate.type.BasicTypeReference@722787b5
2024-06-27T14:12:58.599-05:00 DEBUG 22344 --- [mindcare-backend] [           main] org.hibernate.type.BasicTypeRegistry     : Adding type registration short -> org.hibernate.type.BasicTypeReference@edb83f8
2024-06-27T14:12:58.599-05:00 DEBUG 22344 --- [mindcare-backend] [           main] org.hibernate.type.BasicTypeRegistry     : Adding type registration short -> org.hibernate.type.BasicTypeReference@edb83f8
2024-06-27T14:12:58.599-05:00 DEBUG 22344 --- [mindcare-backend] [           main] org.hibernate.type.BasicTypeRegistry     : Adding type registration java.lang.Short -> org.hibernate.type.BasicTypeReference@edb83f8
2024-06-27T14:12:58.599-05:00 DEBUG 22344 --- [mindcare-backend] [           main] org.hibernate.type.BasicTypeRegistry     : Adding type registration integer -> org.hibernate.type.BasicTypeReference@8b41ad
2024-06-27T14:12:58.599-05:00 DEBUG 22344 --- [mindcare-backend] [           main] org.hibernate.type.BasicTypeRegistry     : Adding type registration int -> org.hibernate.type.BasicTypeReference@8b41ad
2024-06-27T14:12:58.599-05:00 DEBUG 22344 --- [mindcare-backend] [           main] org.hibernate.type.BasicTypeRegistry     : Adding type registration java.lang.Integer -> org.hibernate.type.BasicTypeReference@8b41ad
2024-06-27T14:12:58.599-05:00 DEBUG 22344 --- [mindcare-backend] [           main] org.hibernate.type.BasicTypeRegistry     : Adding type registration long -> org.hibernate.type.BasicTypeReference@541d4d9f
2024-06-27T14:12:58.599-05:00 DEBUG 22344 --- [mindcare-backend] [           main] org.hibernate.type.BasicTypeRegistry     : Adding type registration long -> org.hibernate.type.BasicTypeReference@541d4d9f
2024-06-27T14:12:58.599-05:00 DEBUG 22344 --- [mindcare-backend] [           main] org.hibernate.type.BasicTypeRegistry     : Adding type registration java.lang.Long -> org.hibernate.type.BasicTypeReference@541d4d9f
2024-06-27T14:12:58.599-05:00 DEBUG 22344 --- [mindcare-backend] [           main] org.hibernate.type.BasicTypeRegistry     : Adding type registration float -> org.hibernate.type.BasicTypeReference@1a497286
2024-06-27T14:12:58.599-05:00 DEBUG 22344 --- [mindcare-backend] [           main] org.hibernate.type.BasicTypeRegistry     : Adding type registration float -> org.hibernate.type.BasicTypeReference@1a497286
2024-06-27T14:12:58.599-05:00 DEBUG 22344 --- [mindcare-backend] [           main] org.hibernate.type.BasicTypeRegistry     : Adding type registration java.lang.Float -> org.hibernate.type.BasicTypeReference@1a497286
2024-06-27T14:12:58.599-05:00 DEBUG 22344 --- [mindcare-backend] [           main] org.hibernate.type.BasicTypeRegistry     : Adding type registration double -> org.hibernate.type.BasicTypeReference@48dff674
2024-06-27T14:12:58.599-05:00 DEBUG 22344 --- [mindcare-backend] [           main] org.hibernate.type.BasicTypeRegistry     : Adding type registration double -> org.hibernate.type.BasicTypeReference@48dff674
2024-06-27T14:12:58.599-05:00 DEBUG 22344 --- [mindcare-backend] [           main] org.hibernate.type.BasicTypeRegistry     : Adding type registration java.lang.Double -> org.hibernate.type.BasicTypeReference@48dff674
2024-06-27T14:12:58.599-05:00 DEBUG 22344 --- [mindcare-backend] [           main] org.hibernate.type.BasicTypeRegistry     : Adding type registration big_integer -> org.hibernate.type.BasicTypeReference@120350eb
2024-06-27T14:12:58.599-05:00 DEBUG 22344 --- [mindcare-backend] [           main] org.hibernate.type.BasicTypeRegistry     : Adding type registration java.math.BigInteger -> org.hibernate.type.BasicTypeReference@120350eb
2024-06-27T14:12:58.599-05:00 DEBUG 22344 --- [mindcare-backend] [           main] org.hibernate.type.BasicTypeRegistry     : Adding type registration big_decimal -> org.hibernate.type.BasicTypeReference@2ccc9681
2024-06-27T14:12:58.599-05:00 DEBUG 22344 --- [mindcare-backend] [           main] org.hibernate.type.BasicTypeRegistry     : Adding type registration java.math.BigDecimal -> org.hibernate.type.BasicTypeReference@2ccc9681
2024-06-27T14:12:58.599-05:00 DEBUG 22344 --- [mindcare-backend] [           main] org.hibernate.type.BasicTypeRegistry     : Adding type registration character -> org.hibernate.type.BasicTypeReference@7d401cdc
2024-06-27T14:12:58.599-05:00 DEBUG 22344 --- [mindcare-backend] [           main] org.hibernate.type.BasicTypeRegistry     : Adding type registration char -> org.hibernate.type.BasicTypeReference@7d401cdc
2024-06-27T14:12:58.599-05:00 DEBUG 22344 --- [mindcare-backend] [           main] org.hibernate.type.BasicTypeRegistry     : Adding type registration java.lang.Character -> org.hibernate.type.BasicTypeReference@7d401cdc
2024-06-27T14:12:58.600-05:00 DEBUG 22344 --- [mindcare-backend] [           main] org.hibernate.type.BasicTypeRegistry     : Adding type registration character_nchar -> org.hibernate.type.BasicTypeReference@4a9b3956
2024-06-27T14:12:58.600-05:00 DEBUG 22344 --- [mindcare-backend] [           main] org.hibernate.type.BasicTypeRegistry     : Adding type registration string -> org.hibernate.type.BasicTypeReference@4217bce6
2024-06-27T14:12:58.600-05:00 DEBUG 22344 --- [mindcare-backend] [           main] org.hibernate.type.BasicTypeRegistry     : Adding type registration java.lang.String -> org.hibernate.type.BasicTypeReference@4217bce6
2024-06-27T14:12:58.600-05:00 DEBUG 22344 --- [mindcare-backend] [           main] org.hibernate.type.BasicTypeRegistry     : Adding type registration nstring -> org.hibernate.type.BasicTypeReference@aa752bb
2024-06-27T14:12:58.600-05:00 DEBUG 22344 --- [mindcare-backend] [           main] org.hibernate.type.BasicTypeRegistry     : Adding type registration characters -> org.hibernate.type.BasicTypeReference@77fc19cf
2024-06-27T14:12:58.600-05:00 DEBUG 22344 --- [mindcare-backend] [           main] org.hibernate.type.BasicTypeRegistry     : Adding type registration char[] -> org.hibernate.type.BasicTypeReference@77fc19cf
2024-06-27T14:12:58.600-05:00 DEBUG 22344 --- [mindcare-backend] [           main] org.hibernate.type.BasicTypeRegistry     : Adding type registration [C -> org.hibernate.type.BasicTypeReference@77fc19cf
2024-06-27T14:12:58.600-05:00 DEBUG 22344 --- [mindcare-backend] [           main] org.hibernate.type.BasicTypeRegistry     : Adding type registration wrapper-characters -> org.hibernate.type.BasicTypeReference@643ecfef
2024-06-27T14:12:58.600-05:00 DEBUG 22344 --- [mindcare-backend] [           main] org.hibernate.type.BasicTypeRegistry     : Adding type registration text -> org.hibernate.type.BasicTypeReference@1b31af02
2024-06-27T14:12:58.600-05:00 DEBUG 22344 --- [mindcare-backend] [           main] org.hibernate.type.BasicTypeRegistry     : Adding type registration ntext -> org.hibernate.type.BasicTypeReference@2bb31455
2024-06-27T14:12:58.601-05:00 DEBUG 22344 --- [mindcare-backend] [           main] org.hibernate.type.BasicTypeRegistry     : Adding type registration clob -> org.hibernate.type.BasicTypeReference@3c16528d
2024-06-27T14:12:58.601-05:00 DEBUG 22344 --- [mindcare-backend] [           main] org.hibernate.type.BasicTypeRegistry     : Adding type registration java.sql.Clob -> org.hibernate.type.BasicTypeReference@3c16528d
2024-06-27T14:12:58.601-05:00 DEBUG 22344 --- [mindcare-backend] [           main] org.hibernate.type.BasicTypeRegistry     : Adding type registration nclob -> org.hibernate.type.BasicTypeReference@2e45a357
2024-06-27T14:12:58.601-05:00 DEBUG 22344 --- [mindcare-backend] [           main] org.hibernate.type.BasicTypeRegistry     : Adding type registration java.sql.NClob -> org.hibernate.type.BasicTypeReference@2e45a357
2024-06-27T14:12:58.601-05:00 DEBUG 22344 --- [mindcare-backend] [           main] org.hibernate.type.BasicTypeRegistry     : Adding type registration materialized_clob -> org.hibernate.type.BasicTypeReference@389a5022
2024-06-27T14:12:58.601-05:00 DEBUG 22344 --- [mindcare-backend] [           main] org.hibernate.type.BasicTypeRegistry     : Adding type registration materialized_clob_char_array -> org.hibernate.type.BasicTypeReference@bb8ead8
2024-06-27T14:12:58.601-05:00 DEBUG 22344 --- [mindcare-backend] [           main] org.hibernate.type.BasicTypeRegistry     : Adding type registration materialized_clob_character_array -> org.hibernate.type.BasicTypeReference@5b44318
2024-06-27T14:12:58.601-05:00 DEBUG 22344 --- [mindcare-backend] [           main] org.hibernate.type.BasicTypeRegistry     : Adding type registration materialized_nclob -> org.hibernate.type.BasicTypeReference@6e807e2
2024-06-27T14:12:58.601-05:00 DEBUG 22344 --- [mindcare-backend] [           main] org.hibernate.type.BasicTypeRegistry     : Adding type registration materialized_nclob_character_array -> org.hibernate.type.BasicTypeReference@6c995c5d
2024-06-27T14:12:58.601-05:00 DEBUG 22344 --- [mindcare-backend] [           main] org.hibernate.type.BasicTypeRegistry     : Adding type registration materialized_nclob_char_array -> org.hibernate.type.BasicTypeReference@203b953c
2024-06-27T14:12:58.601-05:00 DEBUG 22344 --- [mindcare-backend] [           main] org.hibernate.type.BasicTypeRegistry     : Adding type registration Duration -> org.hibernate.type.BasicTypeReference@730bea0
2024-06-27T14:12:58.601-05:00 DEBUG 22344 --- [mindcare-backend] [           main] org.hibernate.type.BasicTypeRegistry     : Adding type registration java.time.Duration -> org.hibernate.type.BasicTypeReference@730bea0
2024-06-27T14:12:58.601-05:00 DEBUG 22344 --- [mindcare-backend] [           main] org.hibernate.type.BasicTypeRegistry     : Adding type registration LocalDateTime -> org.hibernate.type.BasicTypeReference@41a16eb3
2024-06-27T14:12:58.601-05:00 DEBUG 22344 --- [mindcare-backend] [           main] org.hibernate.type.BasicTypeRegistry     : Adding type registration java.time.LocalDateTime -> org.hibernate.type.BasicTypeReference@41a16eb3
2024-06-27T14:12:58.601-05:00 DEBUG 22344 --- [mindcare-backend] [           main] org.hibernate.type.BasicTypeRegistry     : Adding type registration LocalDate -> org.hibernate.type.BasicTypeReference@677cb96e
2024-06-27T14:12:58.601-05:00 DEBUG 22344 --- [mindcare-backend] [           main] org.hibernate.type.BasicTypeRegistry     : Adding type registration java.time.LocalDate -> org.hibernate.type.BasicTypeReference@677cb96e
2024-06-27T14:12:58.601-05:00 DEBUG 22344 --- [mindcare-backend] [           main] org.hibernate.type.BasicTypeRegistry     : Adding type registration LocalTime -> org.hibernate.type.BasicTypeReference@1b1252c8
2024-06-27T14:12:58.602-05:00 DEBUG 22344 --- [mindcare-backend] [           main] org.hibernate.type.BasicTypeRegistry     : Adding type registration java.time.LocalTime -> org.hibernate.type.BasicTypeReference@1b1252c8
2024-06-27T14:12:58.602-05:00 DEBUG 22344 --- [mindcare-backend] [           main] org.hibernate.type.BasicTypeRegistry     : Adding type registration OffsetDateTime -> org.hibernate.type.BasicTypeReference@19d53ab4
2024-06-27T14:12:58.602-05:00 DEBUG 22344 --- [mindcare-backend] [           main] org.hibernate.type.BasicTypeRegistry     : Adding type registration java.time.OffsetDateTime -> org.hibernate.type.BasicTypeReference@19d53ab4
2024-06-27T14:12:58.602-05:00 DEBUG 22344 --- [mindcare-backend] [           main] org.hibernate.type.BasicTypeRegistry     : Adding type registration OffsetDateTimeWithTimezone -> org.hibernate.type.BasicTypeReference@53cb0bcb
2024-06-27T14:12:58.602-05:00 DEBUG 22344 --- [mindcare-backend] [           main] org.hibernate.type.BasicTypeRegistry     : Adding type registration OffsetDateTimeWithoutTimezone -> org.hibernate.type.BasicTypeReference@51fe7f15
2024-06-27T14:12:58.602-05:00 DEBUG 22344 --- [mindcare-backend] [           main] org.hibernate.type.BasicTypeRegistry     : Adding type registration OffsetTime -> org.hibernate.type.BasicTypeReference@5873f3f0
2024-06-27T14:12:58.602-05:00 DEBUG 22344 --- [mindcare-backend] [           main] org.hibernate.type.BasicTypeRegistry     : Adding type registration java.time.OffsetTime -> org.hibernate.type.BasicTypeReference@5873f3f0
2024-06-27T14:12:58.602-05:00 DEBUG 22344 --- [mindcare-backend] [           main] org.hibernate.type.BasicTypeRegistry     : Adding type registration OffsetTimeUtc -> org.hibernate.type.BasicTypeReference@684372d0
2024-06-27T14:12:58.602-05:00 DEBUG 22344 --- [mindcare-backend] [           main] org.hibernate.type.BasicTypeRegistry     : Adding type registration OffsetTimeWithTimezone -> org.hibernate.type.BasicTypeReference@63dda940
2024-06-27T14:12:58.602-05:00 DEBUG 22344 --- [mindcare-backend] [           main] org.hibernate.type.BasicTypeRegistry     : Adding type registration OffsetTimeWithoutTimezone -> org.hibernate.type.BasicTypeReference@41f964f9
2024-06-27T14:12:58.602-05:00 DEBUG 22344 --- [mindcare-backend] [           main] org.hibernate.type.BasicTypeRegistry     : Adding type registration ZonedDateTime -> org.hibernate.type.BasicTypeReference@652e345
2024-06-27T14:12:58.602-05:00 DEBUG 22344 --- [mindcare-backend] [           main] org.hibernate.type.BasicTypeRegistry     : Adding type registration java.time.ZonedDateTime -> org.hibernate.type.BasicTypeReference@652e345
2024-06-27T14:12:58.602-05:00 DEBUG 22344 --- [mindcare-backend] [           main] org.hibernate.type.BasicTypeRegistry     : Adding type registration ZonedDateTimeWithTimezone -> org.hibernate.type.BasicTypeReference@7574d4ad
2024-06-27T14:12:58.602-05:00 DEBUG 22344 --- [mindcare-backend] [           main] org.hibernate.type.BasicTypeRegistry     : Adding type registration ZonedDateTimeWithoutTimezone -> org.hibernate.type.BasicTypeReference@7bede4ea
2024-06-27T14:12:58.602-05:00 DEBUG 22344 --- [mindcare-backend] [           main] org.hibernate.type.BasicTypeRegistry     : Adding type registration date -> org.hibernate.type.BasicTypeReference@713999c2
2024-06-27T14:12:58.602-05:00 DEBUG 22344 --- [mindcare-backend] [           main] org.hibernate.type.BasicTypeRegistry     : Adding type registration java.sql.Date -> org.hibernate.type.BasicTypeReference@713999c2
2024-06-27T14:12:58.602-05:00 DEBUG 22344 --- [mindcare-backend] [           main] org.hibernate.type.BasicTypeRegistry     : Adding type registration time -> org.hibernate.type.BasicTypeReference@6060146b
2024-06-27T14:12:58.602-05:00 DEBUG 22344 --- [mindcare-backend] [           main] org.hibernate.type.BasicTypeRegistry     : Adding type registration java.sql.Time -> org.hibernate.type.BasicTypeReference@6060146b
2024-06-27T14:12:58.602-05:00 DEBUG 22344 --- [mindcare-backend] [           main] org.hibernate.type.BasicTypeRegistry     : Adding type registration timestamp -> org.hibernate.type.BasicTypeReference@33627576
2024-06-27T14:12:58.602-05:00 DEBUG 22344 --- [mindcare-backend] [           main] org.hibernate.type.BasicTypeRegistry     : Adding type registration java.sql.Timestamp -> org.hibernate.type.BasicTypeReference@33627576
2024-06-27T14:12:58.602-05:00 DEBUG 22344 --- [mindcare-backend] [           main] org.hibernate.type.BasicTypeRegistry     : Adding type registration java.util.Date -> org.hibernate.type.BasicTypeReference@33627576
2024-06-27T14:12:58.602-05:00 DEBUG 22344 --- [mindcare-backend] [           main] org.hibernate.type.BasicTypeRegistry     : Adding type registration calendar -> org.hibernate.type.BasicTypeReference@27bc1d44
2024-06-27T14:12:58.603-05:00 DEBUG 22344 --- [mindcare-backend] [           main] org.hibernate.type.BasicTypeRegistry     : Adding type registration java.util.Calendar -> org.hibernate.type.BasicTypeReference@27bc1d44
2024-06-27T14:12:58.603-05:00 DEBUG 22344 --- [mindcare-backend] [           main] org.hibernate.type.BasicTypeRegistry     : Adding type registration java.util.GregorianCalendar -> org.hibernate.type.BasicTypeReference@27bc1d44
2024-06-27T14:12:58.603-05:00 DEBUG 22344 --- [mindcare-backend] [           main] org.hibernate.type.BasicTypeRegistry     : Adding type registration calendar_date -> org.hibernate.type.BasicTypeReference@7a55fb81
2024-06-27T14:12:58.603-05:00 DEBUG 22344 --- [mindcare-backend] [           main] org.hibernate.type.BasicTypeRegistry     : Adding type registration calendar_time -> org.hibernate.type.BasicTypeReference@5a3cf878
2024-06-27T14:12:58.603-05:00 DEBUG 22344 --- [mindcare-backend] [           main] org.hibernate.type.BasicTypeRegistry     : Adding type registration instant -> org.hibernate.type.BasicTypeReference@1d2d8846
2024-06-27T14:12:58.603-05:00 DEBUG 22344 --- [mindcare-backend] [           main] org.hibernate.type.BasicTypeRegistry     : Adding type registration java.time.Instant -> org.hibernate.type.BasicTypeReference@1d2d8846
2024-06-27T14:12:58.603-05:00 DEBUG 22344 --- [mindcare-backend] [           main] org.hibernate.type.BasicTypeRegistry     : Adding type registration uuid -> org.hibernate.type.BasicTypeReference@34cd65ac
2024-06-27T14:12:58.603-05:00 DEBUG 22344 --- [mindcare-backend] [           main] org.hibernate.type.BasicTypeRegistry     : Adding type registration java.util.UUID -> org.hibernate.type.BasicTypeReference@34cd65ac
2024-06-27T14:12:58.603-05:00 DEBUG 22344 --- [mindcare-backend] [           main] org.hibernate.type.BasicTypeRegistry     : Adding type registration pg-uuid -> org.hibernate.type.BasicTypeReference@34cd65ac
2024-06-27T14:12:58.603-05:00 DEBUG 22344 --- [mindcare-backend] [           main] org.hibernate.type.BasicTypeRegistry     : Adding type registration uuid-binary -> org.hibernate.type.BasicTypeReference@61911947
2024-06-27T14:12:58.604-05:00 DEBUG 22344 --- [mindcare-backend] [           main] org.hibernate.type.BasicTypeRegistry     : Adding type registration uuid-char -> org.hibernate.type.BasicTypeReference@5c53c235
2024-06-27T14:12:58.604-05:00 DEBUG 22344 --- [mindcare-backend] [           main] org.hibernate.type.BasicTypeRegistry     : Adding type registration class -> org.hibernate.type.BasicTypeReference@2dcd0e41
2024-06-27T14:12:58.604-05:00 DEBUG 22344 --- [mindcare-backend] [           main] org.hibernate.type.BasicTypeRegistry     : Adding type registration java.lang.Class -> org.hibernate.type.BasicTypeReference@2dcd0e41
2024-06-27T14:12:58.604-05:00 DEBUG 22344 --- [mindcare-backend] [           main] org.hibernate.type.BasicTypeRegistry     : Adding type registration currency -> org.hibernate.type.BasicTypeReference@7272ee51
2024-06-27T14:12:58.604-05:00 DEBUG 22344 --- [mindcare-backend] [           main] org.hibernate.type.BasicTypeRegistry     : Adding type registration Currency -> org.hibernate.type.BasicTypeReference@7272ee51
2024-06-27T14:12:58.604-05:00 DEBUG 22344 --- [mindcare-backend] [           main] org.hibernate.type.BasicTypeRegistry     : Adding type registration java.util.Currency -> org.hibernate.type.BasicTypeReference@7272ee51
2024-06-27T14:12:58.604-05:00 DEBUG 22344 --- [mindcare-backend] [           main] org.hibernate.type.BasicTypeRegistry     : Adding type registration locale -> org.hibernate.type.BasicTypeReference@1b409a79
2024-06-27T14:12:58.604-05:00 DEBUG 22344 --- [mindcare-backend] [           main] org.hibernate.type.BasicTypeRegistry     : Adding type registration java.util.Locale -> org.hibernate.type.BasicTypeReference@1b409a79
2024-06-27T14:12:58.604-05:00 DEBUG 22344 --- [mindcare-backend] [           main] org.hibernate.type.BasicTypeRegistry     : Adding type registration serializable -> org.hibernate.type.BasicTypeReference@5940b14e
2024-06-27T14:12:58.604-05:00 DEBUG 22344 --- [mindcare-backend] [           main] org.hibernate.type.BasicTypeRegistry     : Adding type registration java.io.Serializable -> org.hibernate.type.BasicTypeReference@5940b14e
2024-06-27T14:12:58.604-05:00 DEBUG 22344 --- [mindcare-backend] [           main] org.hibernate.type.BasicTypeRegistry     : Adding type registration timezone -> org.hibernate.type.BasicTypeReference@1cba0321
2024-06-27T14:12:58.604-05:00 DEBUG 22344 --- [mindcare-backend] [           main] org.hibernate.type.BasicTypeRegistry     : Adding type registration java.util.TimeZone -> org.hibernate.type.BasicTypeReference@1cba0321
2024-06-27T14:12:58.604-05:00 DEBUG 22344 --- [mindcare-backend] [           main] org.hibernate.type.BasicTypeRegistry     : Adding type registration ZoneOffset -> org.hibernate.type.BasicTypeReference@795f6681
2024-06-27T14:12:58.604-05:00 DEBUG 22344 --- [mindcare-backend] [           main] org.hibernate.type.BasicTypeRegistry     : Adding type registration java.time.ZoneOffset -> org.hibernate.type.BasicTypeReference@795f6681
2024-06-27T14:12:58.604-05:00 DEBUG 22344 --- [mindcare-backend] [           main] org.hibernate.type.BasicTypeRegistry     : Adding type registration url -> org.hibernate.type.BasicTypeReference@66d3b881
2024-06-27T14:12:58.604-05:00 DEBUG 22344 --- [mindcare-backend] [           main] org.hibernate.type.BasicTypeRegistry     : Adding type registration java.net.URL -> org.hibernate.type.BasicTypeReference@66d3b881
2024-06-27T14:12:58.604-05:00 DEBUG 22344 --- [mindcare-backend] [           main] org.hibernate.type.BasicTypeRegistry     : Adding type registration vector -> org.hibernate.type.BasicTypeReference@3a45afd4
2024-06-27T14:12:58.604-05:00 DEBUG 22344 --- [mindcare-backend] [           main] org.hibernate.type.BasicTypeRegistry     : Adding type registration row_version -> org.hibernate.type.BasicTypeReference@762a10b6
2024-06-27T14:12:58.618-05:00 DEBUG 22344 --- [mindcare-backend] [           main] org.hibernate.type.BasicTypeRegistry     : Adding type registration object -> org.hibernate.type.JavaObjectType@4e4894d
2024-06-27T14:12:58.619-05:00 DEBUG 22344 --- [mindcare-backend] [           main] org.hibernate.type.BasicTypeRegistry     : Adding type registration java.lang.Object -> org.hibernate.type.JavaObjectType@4e4894d
2024-06-27T14:12:58.622-05:00 DEBUG 22344 --- [mindcare-backend] [           main] org.hibernate.type.BasicTypeRegistry     : Adding type registration null -> org.hibernate.type.NullType@65859b44
2024-06-27T14:12:58.622-05:00 DEBUG 22344 --- [mindcare-backend] [           main] org.hibernate.type.BasicTypeRegistry     : Adding type registration imm_date -> org.hibernate.type.BasicTypeReference@d9f5fce
2024-06-27T14:12:58.622-05:00 DEBUG 22344 --- [mindcare-backend] [           main] org.hibernate.type.BasicTypeRegistry     : Adding type registration imm_time -> org.hibernate.type.BasicTypeReference@49653791
2024-06-27T14:12:58.622-05:00 DEBUG 22344 --- [mindcare-backend] [           main] org.hibernate.type.BasicTypeRegistry     : Adding type registration imm_timestamp -> org.hibernate.type.BasicTypeReference@45b7c97f
2024-06-27T14:12:58.622-05:00 DEBUG 22344 --- [mindcare-backend] [           main] org.hibernate.type.BasicTypeRegistry     : Adding type registration imm_calendar -> org.hibernate.type.BasicTypeReference@c212536
2024-06-27T14:12:58.622-05:00 DEBUG 22344 --- [mindcare-backend] [           main] org.hibernate.type.BasicTypeRegistry     : Adding type registration imm_calendar_date -> org.hibernate.type.BasicTypeReference@7b377a53
2024-06-27T14:12:58.622-05:00 DEBUG 22344 --- [mindcare-backend] [           main] org.hibernate.type.BasicTypeRegistry     : Adding type registration imm_calendar_time -> org.hibernate.type.BasicTypeReference@1b0e031b
2024-06-27T14:12:58.622-05:00 DEBUG 22344 --- [mindcare-backend] [           main] org.hibernate.type.BasicTypeRegistry     : Adding type registration imm_binary -> org.hibernate.type.BasicTypeReference@6009cd34
2024-06-27T14:12:58.623-05:00 DEBUG 22344 --- [mindcare-backend] [           main] org.hibernate.type.BasicTypeRegistry     : Adding type registration imm_serializable -> org.hibernate.type.BasicTypeReference@65844c96
2024-06-27T14:12:58.635-05:00 DEBUG 22344 --- [mindcare-backend] [           main] o.h.boot.internal.BootstrapContextImpl   : Injecting JPA temp ClassLoader [org.springframework.instrument.classloading.SimpleThrowawayClassLoader@394a6d2b] into BootstrapContext; was [null]
2024-06-27T14:12:58.635-05:00 DEBUG 22344 --- [mindcare-backend] [           main] o.h.boot.internal.ClassLoaderAccessImpl  : ClassLoaderAccessImpl#injectTempClassLoader(org.springframework.instrument.classloading.SimpleThrowawayClassLoader@394a6d2b) [was null]
2024-06-27T14:12:58.636-05:00 DEBUG 22344 --- [mindcare-backend] [           main] o.h.boot.internal.BootstrapContextImpl   : Injecting ScanEnvironment [org.hibernate.jpa.boot.internal.StandardJpaScanEnvironmentImpl@638afcaa] into BootstrapContext; was [null]
2024-06-27T14:12:58.636-05:00 DEBUG 22344 --- [mindcare-backend] [           main] o.h.boot.internal.BootstrapContextImpl   : Injecting ScanOptions [org.hibernate.boot.archive.scan.internal.StandardScanOptions@58601e7a] into BootstrapContext; was [org.hibernate.boot.archive.scan.internal.StandardScanOptions@62735b13]
2024-06-27T14:12:58.803-05:00  INFO 22344 --- [mindcare-backend] [           main] o.s.o.j.p.SpringPersistenceUnitInfo      : No LoadTimeWeaver setup: ignoring JPA class transformer
2024-06-27T14:12:58.803-05:00 DEBUG 22344 --- [mindcare-backend] [           main] o.h.boot.internal.BootstrapContextImpl   : Injecting JPA temp ClassLoader [null] into BootstrapContext; was [org.springframework.instrument.classloading.SimpleThrowawayClassLoader@394a6d2b]
2024-06-27T14:12:58.803-05:00 DEBUG 22344 --- [mindcare-backend] [           main] o.h.boot.internal.ClassLoaderAccessImpl  : ClassLoaderAccessImpl#injectTempClassLoader(null) [was org.springframework.instrument.classloading.SimpleThrowawayClassLoader@394a6d2b]
2024-06-27T14:12:58.824-05:00 DEBUG 22344 --- [mindcare-backend] [           main] com.zaxxer.hikari.HikariConfig           : HikariPool-1 - configuration:
2024-06-27T14:12:58.827-05:00 DEBUG 22344 --- [mindcare-backend] [           main] com.zaxxer.hikari.HikariConfig           : allowPoolSuspension.............false
2024-06-27T14:12:58.828-05:00 DEBUG 22344 --- [mindcare-backend] [           main] com.zaxxer.hikari.HikariConfig           : autoCommit......................true
2024-06-27T14:12:58.828-05:00 DEBUG 22344 --- [mindcare-backend] [           main] com.zaxxer.hikari.HikariConfig           : catalog.........................none
2024-06-27T14:12:58.828-05:00 DEBUG 22344 --- [mindcare-backend] [           main] com.zaxxer.hikari.HikariConfig           : connectionInitSql...............none
2024-06-27T14:12:58.828-05:00 DEBUG 22344 --- [mindcare-backend] [           main] com.zaxxer.hikari.HikariConfig           : connectionTestQuery.............none
2024-06-27T14:12:58.830-05:00 DEBUG 22344 --- [mindcare-backend] [           main] com.zaxxer.hikari.HikariConfig           : connectionTimeout...............30000
2024-06-27T14:12:58.830-05:00 DEBUG 22344 --- [mindcare-backend] [           main] com.zaxxer.hikari.HikariConfig           : dataSource......................none
2024-06-27T14:12:58.830-05:00 DEBUG 22344 --- [mindcare-backend] [           main] com.zaxxer.hikari.HikariConfig           : dataSourceClassName.............none
2024-06-27T14:12:58.830-05:00 DEBUG 22344 --- [mindcare-backend] [           main] com.zaxxer.hikari.HikariConfig           : dataSourceJNDI..................none
2024-06-27T14:12:58.830-05:00 DEBUG 22344 --- [mindcare-backend] [           main] com.zaxxer.hikari.HikariConfig           : dataSourceProperties............{password=<masked>}
2024-06-27T14:12:58.831-05:00 DEBUG 22344 --- [mindcare-backend] [           main] com.zaxxer.hikari.HikariConfig           : driverClassName................."org.postgresql.Driver"
2024-06-27T14:12:58.831-05:00 DEBUG 22344 --- [mindcare-backend] [           main] com.zaxxer.hikari.HikariConfig           : exceptionOverrideClassName......none
2024-06-27T14:12:58.831-05:00 DEBUG 22344 --- [mindcare-backend] [           main] com.zaxxer.hikari.HikariConfig           : healthCheckProperties...........{}
2024-06-27T14:12:58.831-05:00 DEBUG 22344 --- [mindcare-backend] [           main] com.zaxxer.hikari.HikariConfig           : healthCheckRegistry.............none
2024-06-27T14:12:58.831-05:00 DEBUG 22344 --- [mindcare-backend] [           main] com.zaxxer.hikari.HikariConfig           : idleTimeout.....................600000
2024-06-27T14:12:58.831-05:00 DEBUG 22344 --- [mindcare-backend] [           main] com.zaxxer.hikari.HikariConfig           : initializationFailTimeout.......1
2024-06-27T14:12:58.831-05:00 DEBUG 22344 --- [mindcare-backend] [           main] com.zaxxer.hikari.HikariConfig           : isolateInternalQueries..........false
2024-06-27T14:12:58.831-05:00 DEBUG 22344 --- [mindcare-backend] [           main] com.zaxxer.hikari.HikariConfig           : jdbcUrl.........................jdbc:postgresql://localhost:5432/mindcare
2024-06-27T14:12:58.831-05:00 DEBUG 22344 --- [mindcare-backend] [           main] com.zaxxer.hikari.HikariConfig           : keepaliveTime...................0
2024-06-27T14:12:58.832-05:00 DEBUG 22344 --- [mindcare-backend] [           main] com.zaxxer.hikari.HikariConfig           : leakDetectionThreshold..........0
2024-06-27T14:12:58.832-05:00 DEBUG 22344 --- [mindcare-backend] [           main] com.zaxxer.hikari.HikariConfig           : maxLifetime.....................1800000
2024-06-27T14:12:58.832-05:00 DEBUG 22344 --- [mindcare-backend] [           main] com.zaxxer.hikari.HikariConfig           : maximumPoolSize.................10
2024-06-27T14:12:58.832-05:00 DEBUG 22344 --- [mindcare-backend] [           main] com.zaxxer.hikari.HikariConfig           : metricRegistry..................none
2024-06-27T14:12:58.832-05:00 DEBUG 22344 --- [mindcare-backend] [           main] com.zaxxer.hikari.HikariConfig           : metricsTrackerFactory...........none
2024-06-27T14:12:58.832-05:00 DEBUG 22344 --- [mindcare-backend] [           main] com.zaxxer.hikari.HikariConfig           : minimumIdle.....................10
2024-06-27T14:12:58.832-05:00 DEBUG 22344 --- [mindcare-backend] [           main] com.zaxxer.hikari.HikariConfig           : password........................<masked>
2024-06-27T14:12:58.832-05:00 DEBUG 22344 --- [mindcare-backend] [           main] com.zaxxer.hikari.HikariConfig           : poolName........................"HikariPool-1"
2024-06-27T14:12:58.832-05:00 DEBUG 22344 --- [mindcare-backend] [           main] com.zaxxer.hikari.HikariConfig           : readOnly........................false
2024-06-27T14:12:58.832-05:00 DEBUG 22344 --- [mindcare-backend] [           main] com.zaxxer.hikari.HikariConfig           : registerMbeans..................false
2024-06-27T14:12:58.832-05:00 DEBUG 22344 --- [mindcare-backend] [           main] com.zaxxer.hikari.HikariConfig           : scheduledExecutor...............none
2024-06-27T14:12:58.832-05:00 DEBUG 22344 --- [mindcare-backend] [           main] com.zaxxer.hikari.HikariConfig           : schema..........................none
2024-06-27T14:12:58.833-05:00 DEBUG 22344 --- [mindcare-backend] [           main] com.zaxxer.hikari.HikariConfig           : threadFactory...................internal
2024-06-27T14:12:58.833-05:00 DEBUG 22344 --- [mindcare-backend] [           main] com.zaxxer.hikari.HikariConfig           : transactionIsolation............default
2024-06-27T14:12:58.833-05:00 DEBUG 22344 --- [mindcare-backend] [           main] com.zaxxer.hikari.HikariConfig           : username........................"postgres"
2024-06-27T14:12:58.833-05:00 DEBUG 22344 --- [mindcare-backend] [           main] com.zaxxer.hikari.HikariConfig           : validationTimeout...............5000
2024-06-27T14:12:58.833-05:00  INFO 22344 --- [mindcare-backend] [           main] com.zaxxer.hikari.HikariDataSource       : HikariPool-1 - Starting...
2024-06-27T14:12:58.849-05:00 DEBUG 22344 --- [mindcare-backend] [           main] org.postgresql.Driver                    : Loading driver configuration via classloader jdk.internal.loader.ClassLoaders$AppClassLoader@70dea4e
2024-06-27T14:12:58.850-05:00 DEBUG 22344 --- [mindcare-backend] [           main] org.postgresql.Driver                    : Connecting with URL: jdbc:postgresql://localhost:5432/mindcare
2024-06-27T14:12:58.858-05:00 DEBUG 22344 --- [mindcare-backend] [           main] org.postgresql.jdbc.PgConnection         : PostgreSQL JDBC Driver 42.6.2
2024-06-27T14:12:58.858-05:00 DEBUG 22344 --- [mindcare-backend] [           main] org.postgresql.jdbc.PgConnection         :   setDefaultFetchSize = 0
2024-06-27T14:12:58.858-05:00 DEBUG 22344 --- [mindcare-backend] [           main] org.postgresql.jdbc.PgConnection         :   setPrepareThreshold = 5
2024-06-27T14:12:58.863-05:00 DEBUG 22344 --- [mindcare-backend] [           main] o.p.core.v3.ConnectionFactoryImpl        : Trying to establish a protocol version 3 connection to localhost:5432
2024-06-27T14:12:58.878-05:00 DEBUG 22344 --- [mindcare-backend] [           main] o.p.core.v3.ConnectionFactoryImpl        : Receive Buffer Size is 65,536
2024-06-27T14:12:58.878-05:00 DEBUG 22344 --- [mindcare-backend] [           main] o.p.core.v3.ConnectionFactoryImpl        : Send Buffer Size is 65,536
2024-06-27T14:12:58.983-05:00  INFO 22344 --- [mindcare-backend] [           main] com.zaxxer.hikari.pool.HikariPool        : HikariPool-1 - Added connection org.postgresql.jdbc.PgConnection@3bf5911d
2024-06-27T14:12:58.984-05:00  INFO 22344 --- [mindcare-backend] [           main] com.zaxxer.hikari.HikariDataSource       : HikariPool-1 - Start completed.
2024-06-27T14:12:58.989-05:00 DEBUG 22344 --- [mindcare-backend] [           main] o.h.e.j.e.i.JdbcEnvironmentInitiator     : Database ->
       name : PostgreSQL
    version : 16.3
      major : 16
      minor : 3
2024-06-27T14:12:58.989-05:00 DEBUG 22344 --- [mindcare-backend] [           main] o.h.e.j.e.i.JdbcEnvironmentInitiator     : Driver ->
       name : PostgreSQL JDBC Driver
    version : 42.6.2
      major : 42
      minor : 6
2024-06-27T14:12:58.990-05:00 DEBUG 22344 --- [mindcare-backend] [           main] o.h.e.j.e.i.JdbcEnvironmentInitiator     : JDBC version : 4.2
2024-06-27T14:12:59.010-05:00  WARN 22344 --- [mindcare-backend] [           main] org.hibernate.orm.deprecation            : HHH90000025: PostgreSQLDialect does not need to be specified explicitly using 'hibernate.dialect' (remove the property setting and it will be selected by default)
2024-06-27T14:12:59.013-05:00 DEBUG 22344 --- [mindcare-backend] [           main] org.hibernate.orm.dialect                : HHH035001: Using dialect: org.hibernate.dialect.PostgreSQLDialect, version: 16.3
2024-06-27T14:12:59.019-05:00 DEBUG 22344 --- [mindcare-backend] [           main] o.h.e.j.env.spi.IdentifierHelperBuilder  : JDBC driver metadata reported database stores quoted identifiers in neither upper, lower nor mixed case
2024-06-27T14:12:59.025-05:00 DEBUG 22344 --- [mindcare-backend] [           main] org.hibernate.orm.jdbc.lob               : HHH10010004: Disabling contextual LOB creation as Dialect reported it is not supported
2024-06-27T14:12:59.037-05:00 DEBUG 22344 --- [mindcare-backend] [           main] o.h.t.d.sql.spi.DdlTypeRegistry          : addDescriptor(2003, org.hibernate.type.descriptor.sql.internal.ArrayDdlTypeImpl@2beee3e8) replaced previous registration(org.hibernate.type.descriptor.sql.internal.ArrayDdlTypeImpl@732d078d)
2024-06-27T14:12:59.037-05:00 DEBUG 22344 --- [mindcare-backend] [           main] o.h.t.d.sql.spi.DdlTypeRegistry          : addDescriptor(6, org.hibernate.type.descriptor.sql.internal.CapacityDependentDdlType@58bad46f) replaced previous registration(org.hibernate.type.descriptor.sql.internal.DdlTypeImpl@7c0e4e4e)
2024-06-27T14:12:59.040-05:00 DEBUG 22344 --- [mindcare-backend] [           main] o.h.t.d.jdbc.spi.JdbcTypeRegistry        : addDescriptor(2004, BlobTypeDescriptor(BLOB_BINDING)) replaced previous registration(BlobTypeDescriptor(DEFAULT))
2024-06-27T14:12:59.040-05:00 DEBUG 22344 --- [mindcare-backend] [           main] o.h.t.d.jdbc.spi.JdbcTypeRegistry        : addDescriptor(2005, ClobTypeDescriptor(CLOB_BINDING)) replaced previous registration(ClobTypeDescriptor(DEFAULT))
2024-06-27T14:12:59.046-05:00 DEBUG 22344 --- [mindcare-backend] [           main] org.hibernate.type.BasicTypeRegistry     : Adding type registration JAVA_OBJECT -> org.hibernate.type.JavaObjectType@35454c7a
2024-06-27T14:12:59.046-05:00 DEBUG 22344 --- [mindcare-backend] [           main] org.hibernate.type.BasicTypeRegistry     : Adding type registration java.lang.Object -> org.hibernate.type.JavaObjectType@35454c7a
2024-06-27T14:12:59.046-05:00 DEBUG 22344 --- [mindcare-backend] [           main] org.hibernate.type.BasicTypeRegistry     : Type registration key [java.lang.Object] overrode previous entry : `org.hibernate.type.JavaObjectType@4e4894d`
2024-06-27T14:12:59.048-05:00 DEBUG 22344 --- [mindcare-backend] [           main] org.hibernate.type.BasicTypeRegistry     : Adding type registration org.hibernate.type.DurationType -> basicType@1(java.time.Duration,3015)
2024-06-27T14:12:59.048-05:00 DEBUG 22344 --- [mindcare-backend] [           main] org.hibernate.type.BasicTypeRegistry     : Adding type registration Duration -> basicType@1(java.time.Duration,3015)
2024-06-27T14:12:59.048-05:00 DEBUG 22344 --- [mindcare-backend] [           main] org.hibernate.type.BasicTypeRegistry     : Adding type registration java.time.Duration -> basicType@1(java.time.Duration,3015)
2024-06-27T14:12:59.051-05:00 DEBUG 22344 --- [mindcare-backend] [           main] org.hibernate.type.BasicTypeRegistry     : Adding type registration org.hibernate.type.OffsetDateTimeType -> basicType@2(java.time.OffsetDateTime,3003)
2024-06-27T14:12:59.051-05:00 DEBUG 22344 --- [mindcare-backend] [           main] org.hibernate.type.BasicTypeRegistry     : Adding type registration OffsetDateTime -> basicType@2(java.time.OffsetDateTime,3003)
2024-06-27T14:12:59.051-05:00 DEBUG 22344 --- [mindcare-backend] [           main] org.hibernate.type.BasicTypeRegistry     : Adding type registration java.time.OffsetDateTime -> basicType@2(java.time.OffsetDateTime,3003)
2024-06-27T14:12:59.051-05:00 DEBUG 22344 --- [mindcare-backend] [           main] org.hibernate.type.BasicTypeRegistry     : Adding type registration org.hibernate.type.ZonedDateTimeType -> basicType@3(java.time.ZonedDateTime,3003)
2024-06-27T14:12:59.051-05:00 DEBUG 22344 --- [mindcare-backend] [           main] org.hibernate.type.BasicTypeRegistry     : Adding type registration ZonedDateTime -> basicType@3(java.time.ZonedDateTime,3003)
2024-06-27T14:12:59.051-05:00 DEBUG 22344 --- [mindcare-backend] [           main] org.hibernate.type.BasicTypeRegistry     : Adding type registration java.time.ZonedDateTime -> basicType@3(java.time.ZonedDateTime,3003)
2024-06-27T14:12:59.051-05:00 DEBUG 22344 --- [mindcare-backend] [           main] org.hibernate.type.BasicTypeRegistry     : Adding type registration org.hibernate.type.OffsetTimeType -> basicType@4(java.time.OffsetTime,3007)
2024-06-27T14:12:59.051-05:00 DEBUG 22344 --- [mindcare-backend] [           main] org.hibernate.type.BasicTypeRegistry     : Adding type registration OffsetTime -> basicType@4(java.time.OffsetTime,3007)
2024-06-27T14:12:59.051-05:00 DEBUG 22344 --- [mindcare-backend] [           main] org.hibernate.type.BasicTypeRegistry     : Adding type registration java.time.OffsetTime -> basicType@4(java.time.OffsetTime,3007)
2024-06-27T14:12:59.052-05:00 DEBUG 22344 --- [mindcare-backend] [           main] o.h.type.spi.TypeConfiguration$Scope     : Scoping TypeConfiguration [org.hibernate.type.spi.TypeConfiguration@6e49b011] to MetadataBuildingContext [org.hibernate.boot.internal.MetadataBuildingContextRootImpl@3a709cc7]
2024-06-27T14:12:59.080-05:00 DEBUG 22344 --- [mindcare-backend] [           main] o.h.boot.model.relational.Namespace      : Created database namespace [logicalName=Name{catalog=null, schema=null}, physicalName=Name{catalog=null, schema=null}]
2024-06-27T14:12:59.086-05:00 DEBUG 22344 --- [mindcare-backend] [l-1 housekeeper] com.zaxxer.hikari.pool.HikariPool        : HikariPool-1 - Pool stats (total=1, active=0, idle=1, waiting=0)
2024-06-27T14:12:59.086-05:00 DEBUG 22344 --- [mindcare-backend] [onnection adder] org.postgresql.Driver                    : Connecting with URL: jdbc:postgresql://localhost:5432/mindcare
2024-06-27T14:12:59.086-05:00 DEBUG 22344 --- [mindcare-backend] [onnection adder] org.postgresql.jdbc.PgConnection         : PostgreSQL JDBC Driver 42.6.2
2024-06-27T14:12:59.087-05:00 DEBUG 22344 --- [mindcare-backend] [onnection adder] org.postgresql.jdbc.PgConnection         :   setDefaultFetchSize = 0
2024-06-27T14:12:59.087-05:00 DEBUG 22344 --- [mindcare-backend] [onnection adder] org.postgresql.jdbc.PgConnection         :   setPrepareThreshold = 5
2024-06-27T14:12:59.087-05:00 DEBUG 22344 --- [mindcare-backend] [onnection adder] o.p.core.v3.ConnectionFactoryImpl        : Trying to establish a protocol version 3 connection to localhost:5432
2024-06-27T14:12:59.087-05:00 DEBUG 22344 --- [mindcare-backend] [onnection adder] o.p.core.v3.ConnectionFactoryImpl        : Receive Buffer Size is 65,536
2024-06-27T14:12:59.087-05:00 DEBUG 22344 --- [mindcare-backend] [onnection adder] o.p.core.v3.ConnectionFactoryImpl        : Send Buffer Size is 65,536
2024-06-27T14:12:59.092-05:00 DEBUG 22344 --- [mindcare-backend] [           main] .a.AnnotationMetadataSourceProcessorImpl : Skipping explicit MappedSuperclass pe.edu.upc.mind.care.platform.shared.domain.model.aggregate.AuditableAbstractAggregateRoot, the class will be discovered analyzing the implementing class
2024-06-27T14:12:59.092-05:00 DEBUG 22344 --- [mindcare-backend] [           main] .a.AnnotationMetadataSourceProcessorImpl : Skipping explicit MappedSuperclass pe.edu.upc.mind.care.platform.shared.domain.model.entity.AuditableModel, the class will be discovered analyzing the implementing class
2024-06-27T14:12:59.100-05:00 DEBUG 22344 --- [mindcare-backend] [           main] o.h.boot.model.internal.EntityBinder     : Binding entity from annotated class: pe.edu.upc.mind.care.platform.appointmentManagement.domain.model.aggregates.Appointment
2024-06-27T14:12:59.107-05:00 DEBUG 22344 --- [mindcare-backend] [           main] o.h.boot.model.internal.EntityBinder     : Import with entity name Appointment
2024-06-27T14:12:59.112-05:00 DEBUG 22344 --- [mindcare-backend] [           main] o.h.boot.model.internal.EntityBinder     : Bind entity pe.edu.upc.mind.care.platform.appointmentManagement.domain.model.aggregates.Appointment on table appointment
2024-06-27T14:12:59.117-05:00 DEBUG 22344 --- [mindcare-backend] [onnection adder] com.zaxxer.hikari.pool.HikariPool        : HikariPool-1 - Added connection org.postgresql.jdbc.PgConnection@64008ae7
2024-06-27T14:12:59.119-05:00 DEBUG 22344 --- [mindcare-backend] [           main] o.h.boot.model.internal.AnnotatedColumn  : Binding column: AnnotatedDiscriminatorColumn(column='DTYPE')
2024-06-27T14:12:59.130-05:00 DEBUG 22344 --- [mindcare-backend] [           main] o.h.boot.model.internal.AnnotatedColumn  : Binding column: AnnotatedColumn()
2024-06-27T14:12:59.131-05:00 DEBUG 22344 --- [mindcare-backend] [           main] o.h.boot.internal.ClassLoaderAccessImpl  : Not known whether passed class name [pe.edu.upc.mind.care.platform.appointmentManagement.domain.model.aggregates.Appointment] is safe
2024-06-27T14:12:59.131-05:00 DEBUG 22344 --- [mindcare-backend] [           main] o.h.boot.internal.ClassLoaderAccessImpl  : No temp ClassLoader provided; using live ClassLoader for loading potentially unsafe class : pe.edu.upc.mind.care.platform.appointmentManagement.domain.model.aggregates.Appointment
2024-06-27T14:12:59.133-05:00 DEBUG 22344 --- [mindcare-backend] [onnection adder] org.postgresql.Driver                    : Connecting with URL: jdbc:postgresql://localhost:5432/mindcare
2024-06-27T14:12:59.133-05:00 DEBUG 22344 --- [mindcare-backend] [onnection adder] org.postgresql.jdbc.PgConnection         : PostgreSQL JDBC Driver 42.6.2
2024-06-27T14:12:59.133-05:00 DEBUG 22344 --- [mindcare-backend] [onnection adder] org.postgresql.jdbc.PgConnection         :   setDefaultFetchSize = 0
2024-06-27T14:12:59.133-05:00 DEBUG 22344 --- [mindcare-backend] [onnection adder] org.postgresql.jdbc.PgConnection         :   setPrepareThreshold = 5
2024-06-27T14:12:59.133-05:00 DEBUG 22344 --- [mindcare-backend] [onnection adder] o.p.core.v3.ConnectionFactoryImpl        : Trying to establish a protocol version 3 connection to localhost:5432
2024-06-27T14:12:59.133-05:00 DEBUG 22344 --- [mindcare-backend] [           main] o.h.boot.model.internal.PropertyBinder   : MetadataSourceProcessor property id with lazy=false
2024-06-27T14:12:59.134-05:00 DEBUG 22344 --- [mindcare-backend] [onnection adder] o.p.core.v3.ConnectionFactoryImpl        : Receive Buffer Size is 65,536
2024-06-27T14:12:59.134-05:00 DEBUG 22344 --- [mindcare-backend] [onnection adder] o.p.core.v3.ConnectionFactoryImpl        : Send Buffer Size is 65,536
2024-06-27T14:12:59.136-05:00 DEBUG 22344 --- [mindcare-backend] [           main] o.h.b.m.internal.AbstractPropertyHolder  : Attempting to locate auto-apply AttributeConverter for property [pe.edu.upc.mind.care.platform.appointmentManagement.domain.model.aggregates.Appointment:id]
2024-06-27T14:12:59.138-05:00 DEBUG 22344 --- [mindcare-backend] [           main] o.h.b.model.internal.BasicValueBinder    : building BasicValue for id
2024-06-27T14:12:59.141-05:00 DEBUG 22344 --- [mindcare-backend] [           main] org.hibernate.mapping.BasicValue         : Skipping column re-registration: appointment.id
2024-06-27T14:12:59.141-05:00 DEBUG 22344 --- [mindcare-backend] [           main] o.h.boot.model.internal.PropertyBinder   : Building property id
2024-06-27T14:12:59.144-05:00 DEBUG 22344 --- [mindcare-backend] [           main] o.h.boot.model.internal.BinderHelper     : #makeIdGenerator(BasicValue([Column(id)]), id, identity, , ...)
2024-06-27T14:12:59.145-05:00 DEBUG 22344 --- [mindcare-backend] [           main] o.h.boot.model.internal.AnnotatedColumn  : Binding column: AnnotatedColumn()
2024-06-27T14:12:59.145-05:00 DEBUG 22344 --- [mindcare-backend] [           main] o.h.boot.model.internal.PropertyBinder   : MetadataSourceProcessor property date with lazy=false
2024-06-27T14:12:59.145-05:00 DEBUG 22344 --- [mindcare-backend] [           main] o.h.b.m.internal.AbstractPropertyHolder  : Attempting to locate auto-apply AttributeConverter for property [pe.edu.upc.mind.care.platform.appointmentManagement.domain.model.aggregates.Appointment:date]
2024-06-27T14:12:59.145-05:00 DEBUG 22344 --- [mindcare-backend] [           main] o.h.b.model.internal.BasicValueBinder    : building BasicValue for date
2024-06-27T14:12:59.145-05:00 DEBUG 22344 --- [mindcare-backend] [           main] org.hibernate.mapping.BasicValue         : Skipping column re-registration: appointment.date
2024-06-27T14:12:59.146-05:00 DEBUG 22344 --- [mindcare-backend] [           main] o.h.boot.model.internal.PropertyBinder   : Building property date
2024-06-27T14:12:59.146-05:00 DEBUG 22344 --- [mindcare-backend] [           main] o.h.boot.model.internal.AnnotatedColumn  : Binding column: AnnotatedColumn()
2024-06-27T14:12:59.146-05:00 DEBUG 22344 --- [mindcare-backend] [           main] o.h.boot.model.internal.PropertyBinder   : MetadataSourceProcessor property description with lazy=false
2024-06-27T14:12:59.146-05:00 DEBUG 22344 --- [mindcare-backend] [           main] o.h.b.m.internal.AbstractPropertyHolder  : Attempting to locate auto-apply AttributeConverter for property [pe.edu.upc.mind.care.platform.appointmentManagement.domain.model.aggregates.Appointment:description]
2024-06-27T14:12:59.146-05:00 DEBUG 22344 --- [mindcare-backend] [           main] o.h.b.model.internal.BasicValueBinder    : building BasicValue for description
2024-06-27T14:12:59.146-05:00 DEBUG 22344 --- [mindcare-backend] [           main] org.hibernate.mapping.BasicValue         : Skipping column re-registration: appointment.description
2024-06-27T14:12:59.146-05:00 DEBUG 22344 --- [mindcare-backend] [           main] o.h.boot.model.internal.PropertyBinder   : Building property description
2024-06-27T14:12:59.146-05:00 DEBUG 22344 --- [mindcare-backend] [           main] o.h.boot.model.internal.AnnotatedColumn  : Binding column: AnnotatedColumn()
2024-06-27T14:12:59.146-05:00 DEBUG 22344 --- [mindcare-backend] [           main] o.h.boot.model.internal.PropertyBinder   : MetadataSourceProcessor property hour with lazy=false
2024-06-27T14:12:59.146-05:00 DEBUG 22344 --- [mindcare-backend] [           main] o.h.b.m.internal.AbstractPropertyHolder  : Attempting to locate auto-apply AttributeConverter for property [pe.edu.upc.mind.care.platform.appointmentManagement.domain.model.aggregates.Appointment:hour]
2024-06-27T14:12:59.146-05:00 DEBUG 22344 --- [mindcare-backend] [           main] o.h.b.model.internal.BasicValueBinder    : building BasicValue for hour
2024-06-27T14:12:59.147-05:00 DEBUG 22344 --- [mindcare-backend] [           main] org.hibernate.mapping.BasicValue         : Skipping column re-registration: appointment.hour
2024-06-27T14:12:59.147-05:00 DEBUG 22344 --- [mindcare-backend] [           main] o.h.boot.model.internal.PropertyBinder   : Building property hour
2024-06-27T14:12:59.147-05:00 DEBUG 22344 --- [mindcare-backend] [           main] o.h.boot.model.internal.AnnotatedColumn  : Binding column: AnnotatedColumn()
2024-06-27T14:12:59.151-05:00 DEBUG 22344 --- [mindcare-backend] [           main] o.h.boot.model.internal.AnnotatedColumn  : Binding column: AnnotatedColumn()
2024-06-27T14:12:59.151-05:00 DEBUG 22344 --- [mindcare-backend] [           main] o.h.boot.model.internal.PropertyBinder   : MetadataSourceProcessor property patientId with lazy=false
2024-06-27T14:12:59.151-05:00 DEBUG 22344 --- [mindcare-backend] [           main] o.h.b.m.internal.AbstractPropertyHolder  : Attempting to locate auto-apply AttributeConverter for property [pe.edu.upc.mind.care.platform.appointmentManagement.domain.model.aggregates.Appointment.patientId:patientId]
2024-06-27T14:12:59.151-05:00 DEBUG 22344 --- [mindcare-backend] [           main] o.h.b.model.internal.BasicValueBinder    : building BasicValue for patientId
2024-06-27T14:12:59.151-05:00 DEBUG 22344 --- [mindcare-backend] [           main] org.hibernate.mapping.BasicValue         : Skipping column re-registration: appointment.patient_id
2024-06-27T14:12:59.151-05:00 DEBUG 22344 --- [mindcare-backend] [           main] o.h.boot.model.internal.PropertyBinder   : Building property patientId
2024-06-27T14:12:59.152-05:00 DEBUG 22344 --- [mindcare-backend] [           main] o.h.boot.model.internal.PropertyBinder   : Building property patientId
2024-06-27T14:12:59.152-05:00 DEBUG 22344 --- [mindcare-backend] [           main] o.h.boot.model.internal.AnnotatedColumn  : Binding column: AnnotatedColumn()
2024-06-27T14:12:59.154-05:00 DEBUG 22344 --- [mindcare-backend] [           main] o.h.boot.model.internal.AnnotatedColumn  : Binding column: AnnotatedColumn()
2024-06-27T14:12:59.154-05:00 DEBUG 22344 --- [mindcare-backend] [           main] o.h.boot.model.internal.PropertyBinder   : MetadataSourceProcessor property psychologistId with lazy=false
2024-06-27T14:12:59.154-05:00 DEBUG 22344 --- [mindcare-backend] [           main] o.h.b.m.internal.AbstractPropertyHolder  : Attempting to locate auto-apply AttributeConverter for property [pe.edu.upc.mind.care.platform.appointmentManagement.domain.model.aggregates.Appointment.psychologistId:psychologistId]
2024-06-27T14:12:59.154-05:00 DEBUG 22344 --- [mindcare-backend] [           main] o.h.b.model.internal.BasicValueBinder    : building BasicValue for psychologistId
2024-06-27T14:12:59.154-05:00 DEBUG 22344 --- [mindcare-backend] [           main] org.hibernate.mapping.BasicValue         : Skipping column re-registration: appointment.psychologist_id
2024-06-27T14:12:59.154-05:00 DEBUG 22344 --- [mindcare-backend] [           main] o.h.boot.model.internal.PropertyBinder   : Building property psychologistId
2024-06-27T14:12:59.154-05:00 DEBUG 22344 --- [mindcare-backend] [           main] o.h.boot.model.internal.PropertyBinder   : Building property psychologistId
2024-06-27T14:12:59.154-05:00 DEBUG 22344 --- [mindcare-backend] [           main] o.h.boot.model.internal.AnnotatedColumn  : Binding column: AnnotatedColumn()
2024-06-27T14:12:59.154-05:00 DEBUG 22344 --- [mindcare-backend] [           main] o.h.boot.model.internal.PropertyBinder   : MetadataSourceProcessor property title with lazy=false
2024-06-27T14:12:59.154-05:00 DEBUG 22344 --- [mindcare-backend] [           main] o.h.b.m.internal.AbstractPropertyHolder  : Attempting to locate auto-apply AttributeConverter for property [pe.edu.upc.mind.care.platform.appointmentManagement.domain.model.aggregates.Appointment:title]
2024-06-27T14:12:59.154-05:00 DEBUG 22344 --- [mindcare-backend] [           main] o.h.b.model.internal.BasicValueBinder    : building BasicValue for title
2024-06-27T14:12:59.154-05:00 DEBUG 22344 --- [mindcare-backend] [           main] org.hibernate.mapping.BasicValue         : Skipping column re-registration: appointment.title
2024-06-27T14:12:59.154-05:00 DEBUG 22344 --- [mindcare-backend] [           main] o.h.boot.model.internal.PropertyBinder   : Building property title
2024-06-27T14:12:59.155-05:00 DEBUG 22344 --- [mindcare-backend] [           main] o.h.boot.model.internal.AnnotatedColumn  : Binding column: AnnotatedColumn()
2024-06-27T14:12:59.155-05:00 DEBUG 22344 --- [mindcare-backend] [           main] o.h.boot.model.internal.PropertyBinder   : MetadataSourceProcessor property type with lazy=false
2024-06-27T14:12:59.155-05:00 DEBUG 22344 --- [mindcare-backend] [           main] o.h.b.m.internal.AbstractPropertyHolder  : Attempting to locate auto-apply AttributeConverter for property [pe.edu.upc.mind.care.platform.appointmentManagement.domain.model.aggregates.Appointment:type]
2024-06-27T14:12:59.155-05:00 DEBUG 22344 --- [mindcare-backend] [           main] o.h.b.model.internal.BasicValueBinder    : building BasicValue for type
2024-06-27T14:12:59.155-05:00 DEBUG 22344 --- [mindcare-backend] [           main] org.hibernate.mapping.BasicValue         : Skipping column re-registration: appointment.type
2024-06-27T14:12:59.155-05:00 DEBUG 22344 --- [mindcare-backend] [           main] o.h.boot.model.internal.PropertyBinder   : Building property type
2024-06-27T14:12:59.157-05:00 DEBUG 22344 --- [mindcare-backend] [           main] o.h.b.r.c.i.ClassLoaderServiceImpl       : HHH000194: Package not found or wo package-info.java: pe.edu.upc.mind.care.platform.appointmentManagement.domain.model.aggregates
2024-06-27T14:12:59.165-05:00 DEBUG 22344 --- [mindcare-backend] [           main] e.i.CallbackDefinitionResolverLegacyImpl : Adding touchForUpdate as PreUpdate callback for entity pe.edu.upc.mind.care.platform.appointmentManagement.domain.model.aggregates.Appointment
2024-06-27T14:12:59.166-05:00 DEBUG 22344 --- [mindcare-backend] [           main] e.i.CallbackDefinitionResolverLegacyImpl : Adding touchForCreate as PrePersist callback for entity pe.edu.upc.mind.care.platform.appointmentManagement.domain.model.aggregates.Appointment
2024-06-27T14:12:59.166-05:00 DEBUG 22344 --- [mindcare-backend] [onnection adder] com.zaxxer.hikari.pool.HikariPool        : HikariPool-1 - Added connection org.postgresql.jdbc.PgConnection@6ef8e197
2024-06-27T14:12:59.168-05:00 DEBUG 22344 --- [mindcare-backend] [           main] o.h.boot.model.internal.EntityBinder     : Binding entity from annotated class: pe.edu.upc.mind.care.platform.iam.domain.model.aggregates.User
2024-06-27T14:12:59.168-05:00 DEBUG 22344 --- [mindcare-backend] [           main] o.h.boot.model.internal.EntityBinder     : Import with entity name User
2024-06-27T14:12:59.169-05:00 DEBUG 22344 --- [mindcare-backend] [           main] o.h.boot.model.internal.EntityBinder     : Bind entity pe.edu.upc.mind.care.platform.iam.domain.model.aggregates.User on table user
2024-06-27T14:12:59.169-05:00 DEBUG 22344 --- [mindcare-backend] [           main] o.h.boot.model.internal.AnnotatedColumn  : Binding column: AnnotatedDiscriminatorColumn(column='DTYPE')
2024-06-27T14:12:59.181-05:00 DEBUG 22344 --- [mindcare-backend] [onnection adder] org.postgresql.Driver                    : Connecting with URL: jdbc:postgresql://localhost:5432/mindcare
2024-06-27T14:12:59.181-05:00 DEBUG 22344 --- [mindcare-backend] [onnection adder] org.postgresql.jdbc.PgConnection         : PostgreSQL JDBC Driver 42.6.2
2024-06-27T14:12:59.181-05:00 DEBUG 22344 --- [mindcare-backend] [onnection adder] org.postgresql.jdbc.PgConnection         :   setDefaultFetchSize = 0
2024-06-27T14:12:59.181-05:00 DEBUG 22344 --- [mindcare-backend] [onnection adder] org.postgresql.jdbc.PgConnection         :   setPrepareThreshold = 5
2024-06-27T14:12:59.181-05:00 DEBUG 22344 --- [mindcare-backend] [onnection adder] o.p.core.v3.ConnectionFactoryImpl        : Trying to establish a protocol version 3 connection to localhost:5432
2024-06-27T14:12:59.182-05:00 DEBUG 22344 --- [mindcare-backend] [onnection adder] o.p.core.v3.ConnectionFactoryImpl        : Receive Buffer Size is 65,536
2024-06-27T14:12:59.182-05:00 DEBUG 22344 --- [mindcare-backend] [onnection adder] o.p.core.v3.ConnectionFactoryImpl        : Send Buffer Size is 65,536
2024-06-27T14:12:59.187-05:00 DEBUG 22344 --- [mindcare-backend] [           main] o.h.boot.model.internal.AnnotatedColumn  : Binding column: AnnotatedColumn()
2024-06-27T14:12:59.187-05:00 DEBUG 22344 --- [mindcare-backend] [           main] o.h.boot.internal.ClassLoaderAccessImpl  : Not known whether passed class name [pe.edu.upc.mind.care.platform.iam.domain.model.aggregates.User] is safe
2024-06-27T14:12:59.187-05:00 DEBUG 22344 --- [mindcare-backend] [           main] o.h.boot.internal.ClassLoaderAccessImpl  : No temp ClassLoader provided; using live ClassLoader for loading potentially unsafe class : pe.edu.upc.mind.care.platform.iam.domain.model.aggregates.User
2024-06-27T14:12:59.187-05:00 DEBUG 22344 --- [mindcare-backend] [           main] o.h.boot.model.internal.PropertyBinder   : MetadataSourceProcessor property id with lazy=false
2024-06-27T14:12:59.187-05:00 DEBUG 22344 --- [mindcare-backend] [           main] o.h.b.m.internal.AbstractPropertyHolder  : Attempting to locate auto-apply AttributeConverter for property [pe.edu.upc.mind.care.platform.iam.domain.model.aggregates.User:id]
2024-06-27T14:12:59.187-05:00 DEBUG 22344 --- [mindcare-backend] [           main] o.h.b.model.internal.BasicValueBinder    : building BasicValue for id
2024-06-27T14:12:59.187-05:00 DEBUG 22344 --- [mindcare-backend] [           main] org.hibernate.mapping.BasicValue         : Skipping column re-registration: user.id
2024-06-27T14:12:59.187-05:00 DEBUG 22344 --- [mindcare-backend] [           main] o.h.boot.model.internal.PropertyBinder   : Building property id
2024-06-27T14:12:59.188-05:00 DEBUG 22344 --- [mindcare-backend] [           main] o.h.boot.model.internal.BinderHelper     : #makeIdGenerator(BasicValue([Column(id)]), id, identity, , ...)
2024-06-27T14:12:59.189-05:00 DEBUG 22344 --- [mindcare-backend] [           main] o.h.boot.model.internal.AnnotatedColumn  : Binding column: AnnotatedColumn()
2024-06-27T14:12:59.189-05:00 DEBUG 22344 --- [mindcare-backend] [           main] o.h.boot.model.internal.PropertyBinder   : MetadataSourceProcessor property createdAt with lazy=false
2024-06-27T14:12:59.189-05:00 DEBUG 22344 --- [mindcare-backend] [           main] o.h.b.m.internal.AbstractPropertyHolder  : Attempting to locate auto-apply AttributeConverter for property [pe.edu.upc.mind.care.platform.iam.domain.model.aggregates.User:createdAt]
2024-06-27T14:12:59.190-05:00 DEBUG 22344 --- [mindcare-backend] [           main] o.h.b.model.internal.BasicValueBinder    : building BasicValue for createdAt
2024-06-27T14:12:59.190-05:00 DEBUG 22344 --- [mindcare-backend] [           main] org.hibernate.mapping.BasicValue         : Skipping column re-registration: user.created_at
2024-06-27T14:12:59.190-05:00 DEBUG 22344 --- [mindcare-backend] [           main] o.h.boot.model.internal.PropertyBinder   : Building property createdAt
2024-06-27T14:12:59.191-05:00 DEBUG 22344 --- [mindcare-backend] [           main] o.h.boot.model.internal.AnnotatedColumn  : Binding column: AnnotatedColumn()
2024-06-27T14:12:59.191-05:00 DEBUG 22344 --- [mindcare-backend] [           main] o.h.boot.model.internal.PropertyBinder   : MetadataSourceProcessor property updatedAt with lazy=false
2024-06-27T14:12:59.191-05:00 DEBUG 22344 --- [mindcare-backend] [           main] o.h.b.m.internal.AbstractPropertyHolder  : Attempting to locate auto-apply AttributeConverter for property [pe.edu.upc.mind.care.platform.iam.domain.model.aggregates.User:updatedAt]
2024-06-27T14:12:59.191-05:00 DEBUG 22344 --- [mindcare-backend] [           main] o.h.b.model.internal.BasicValueBinder    : building BasicValue for updatedAt
2024-06-27T14:12:59.191-05:00 DEBUG 22344 --- [mindcare-backend] [           main] org.hibernate.mapping.BasicValue         : Skipping column re-registration: user.updated_at
2024-06-27T14:12:59.191-05:00 DEBUG 22344 --- [mindcare-backend] [           main] o.h.boot.model.internal.PropertyBinder   : Building property updatedAt
2024-06-27T14:12:59.193-05:00 DEBUG 22344 --- [mindcare-backend] [           main] o.h.boot.model.internal.AnnotatedColumn  : Binding column: AnnotatedColumn()
2024-06-27T14:12:59.194-05:00 DEBUG 22344 --- [mindcare-backend] [           main] o.h.boot.model.internal.PropertyBinder   : MetadataSourceProcessor property password with lazy=false
2024-06-27T14:12:59.194-05:00 DEBUG 22344 --- [mindcare-backend] [           main] o.h.b.m.internal.AbstractPropertyHolder  : Attempting to locate auto-apply AttributeConverter for property [pe.edu.upc.mind.care.platform.iam.domain.model.aggregates.User:password]
2024-06-27T14:12:59.194-05:00 DEBUG 22344 --- [mindcare-backend] [           main] o.h.b.model.internal.BasicValueBinder    : building BasicValue for password
2024-06-27T14:12:59.194-05:00 DEBUG 22344 --- [mindcare-backend] [           main] org.hibernate.mapping.BasicValue         : Skipping column re-registration: user.password
2024-06-27T14:12:59.194-05:00 DEBUG 22344 --- [mindcare-backend] [           main] o.h.boot.model.internal.PropertyBinder   : Building property password
2024-06-27T14:12:59.207-05:00 DEBUG 22344 --- [mindcare-backend] [           main] o.h.boot.model.internal.AnnotatedColumn  : Binding column: IndexColumn(column='roles_ORDER')
2024-06-27T14:12:59.211-05:00 DEBUG 22344 --- [mindcare-backend] [onnection adder] com.zaxxer.hikari.pool.HikariPool        : HikariPool-1 - Added connection org.postgresql.jdbc.PgConnection@2bfa722c
2024-06-27T14:12:59.212-05:00 DEBUG 22344 --- [mindcare-backend] [           main] o.h.boot.model.internal.AnnotatedColumn  : Binding column: AnnotatedColumn()
2024-06-27T14:12:59.213-05:00 DEBUG 22344 --- [mindcare-backend] [           main] o.h.boot.model.internal.AnnotatedColumn  : Binding column: AnnotatedColumn(column='roles_KEY')
2024-06-27T14:12:59.215-05:00 DEBUG 22344 --- [mindcare-backend] [           main] o.h.boot.model.internal.AnnotatedColumn  : Binding column: AnnotatedJoinColumn(column='roles_KEY')
2024-06-27T14:12:59.217-05:00 DEBUG 22344 --- [mindcare-backend] [           main] o.h.boot.model.internal.AnnotatedColumn  : Binding column: AnnotatedJoinColumn(column='user_id')
2024-06-27T14:12:59.217-05:00 DEBUG 22344 --- [mindcare-backend] [           main] o.h.boot.model.internal.AnnotatedColumn  : Binding column: AnnotatedJoinColumn(column='role_id')
2024-06-27T14:12:59.220-05:00 DEBUG 22344 --- [mindcare-backend] [           main] o.h.b.model.internal.CollectionBinder    : Collection role: pe.edu.upc.mind.care.platform.iam.domain.model.aggregates.User.roles
2024-06-27T14:12:59.224-05:00 DEBUG 22344 --- [mindcare-backend] [           main] o.h.boot.model.internal.PropertyBinder   : Building property roles
2024-06-27T14:12:59.225-05:00 DEBUG 22344 --- [mindcare-backend] [           main] o.h.boot.model.internal.AnnotatedColumn  : Binding column: AnnotatedColumn()
2024-06-27T14:12:59.225-05:00 DEBUG 22344 --- [mindcare-backend] [           main] o.h.boot.model.internal.PropertyBinder   : MetadataSourceProcessor property username with lazy=false
2024-06-27T14:12:59.225-05:00 DEBUG 22344 --- [mindcare-backend] [           main] o.h.b.m.internal.AbstractPropertyHolder  : Attempting to locate auto-apply AttributeConverter for property [pe.edu.upc.mind.care.platform.iam.domain.model.aggregates.User:username]
2024-06-27T14:12:59.225-05:00 DEBUG 22344 --- [mindcare-backend] [           main] o.h.b.model.internal.BasicValueBinder    : building BasicValue for username
2024-06-27T14:12:59.225-05:00 DEBUG 22344 --- [mindcare-backend] [           main] org.hibernate.mapping.BasicValue         : Skipping column re-registration: user.username
2024-06-27T14:12:59.225-05:00 DEBUG 22344 --- [mindcare-backend] [           main] o.h.boot.model.internal.PropertyBinder   : Building property username
2024-06-27T14:12:59.226-05:00 DEBUG 22344 --- [mindcare-backend] [           main] o.h.b.r.c.i.ClassLoaderServiceImpl       : HHH000194: Package not found or wo package-info.java: pe.edu.upc.mind.care.platform.iam.domain.model.aggregates
2024-06-27T14:12:59.226-05:00 DEBUG 22344 --- [mindcare-backend] [           main] e.i.CallbackDefinitionResolverLegacyImpl : Adding touchForUpdate as PreUpdate callback for entity pe.edu.upc.mind.care.platform.iam.domain.model.aggregates.User
2024-06-27T14:12:59.226-05:00 DEBUG 22344 --- [mindcare-backend] [           main] e.i.CallbackDefinitionResolverLegacyImpl : Adding touchForCreate as PrePersist callback for entity pe.edu.upc.mind.care.platform.iam.domain.model.aggregates.User
2024-06-27T14:12:59.226-05:00 DEBUG 22344 --- [mindcare-backend] [           main] o.h.boot.model.internal.EntityBinder     : Binding entity from annotated class: pe.edu.upc.mind.care.platform.iam.domain.model.entities.Role
2024-06-27T14:12:59.227-05:00 DEBUG 22344 --- [mindcare-backend] [           main] o.h.boot.model.internal.EntityBinder     : Import with entity name Role
2024-06-27T14:12:59.227-05:00 DEBUG 22344 --- [mindcare-backend] [           main] o.h.boot.model.internal.EntityBinder     : Bind entity pe.edu.upc.mind.care.platform.iam.domain.model.entities.Role on table role
2024-06-27T14:12:59.227-05:00 DEBUG 22344 --- [mindcare-backend] [           main] o.h.boot.model.internal.AnnotatedColumn  : Binding column: AnnotatedDiscriminatorColumn(column='DTYPE')
2024-06-27T14:12:59.229-05:00 DEBUG 22344 --- [mindcare-backend] [onnection adder] org.postgresql.Driver                    : Connecting with URL: jdbc:postgresql://localhost:5432/mindcare
2024-06-27T14:12:59.229-05:00 DEBUG 22344 --- [mindcare-backend] [onnection adder] org.postgresql.jdbc.PgConnection         : PostgreSQL JDBC Driver 42.6.2
2024-06-27T14:12:59.229-05:00 DEBUG 22344 --- [mindcare-backend] [onnection adder] org.postgresql.jdbc.PgConnection         :   setDefaultFetchSize = 0
2024-06-27T14:12:59.229-05:00 DEBUG 22344 --- [mindcare-backend] [onnection adder] org.postgresql.jdbc.PgConnection         :   setPrepareThreshold = 5
2024-06-27T14:12:59.229-05:00 DEBUG 22344 --- [mindcare-backend] [onnection adder] o.p.core.v3.ConnectionFactoryImpl        : Trying to establish a protocol version 3 connection to localhost:5432
2024-06-27T14:12:59.229-05:00 DEBUG 22344 --- [mindcare-backend] [           main] o.h.boot.model.internal.AnnotatedColumn  : Binding column: AnnotatedColumn()
2024-06-27T14:12:59.229-05:00 DEBUG 22344 --- [mindcare-backend] [           main] o.h.boot.internal.ClassLoaderAccessImpl  : Not known whether passed class name [pe.edu.upc.mind.care.platform.iam.domain.model.entities.Role] is safe
2024-06-27T14:12:59.229-05:00 DEBUG 22344 --- [mindcare-backend] [           main] o.h.boot.internal.ClassLoaderAccessImpl  : No temp ClassLoader provided; using live ClassLoader for loading potentially unsafe class : pe.edu.upc.mind.care.platform.iam.domain.model.entities.Role
2024-06-27T14:12:59.229-05:00 DEBUG 22344 --- [mindcare-backend] [           main] o.h.boot.model.internal.PropertyBinder   : MetadataSourceProcessor property id with lazy=false
2024-06-27T14:12:59.229-05:00 DEBUG 22344 --- [mindcare-backend] [           main] o.h.b.m.internal.AbstractPropertyHolder  : Attempting to locate auto-apply AttributeConverter for property [pe.edu.upc.mind.care.platform.iam.domain.model.entities.Role:id]
2024-06-27T14:12:59.229-05:00 DEBUG 22344 --- [mindcare-backend] [           main] o.h.b.model.internal.BasicValueBinder    : building BasicValue for id
2024-06-27T14:12:59.229-05:00 DEBUG 22344 --- [mindcare-backend] [           main] org.hibernate.mapping.BasicValue         : Skipping column re-registration: role.id
2024-06-27T14:12:59.229-05:00 DEBUG 22344 --- [mindcare-backend] [           main] o.h.boot.model.internal.PropertyBinder   : Building property id
2024-06-27T14:12:59.229-05:00 DEBUG 22344 --- [mindcare-backend] [           main] o.h.boot.model.internal.BinderHelper     : #makeIdGenerator(BasicValue([Column(id)]), id, identity, , ...)
2024-06-27T14:12:59.229-05:00 DEBUG 22344 --- [mindcare-backend] [           main] o.h.boot.model.internal.AnnotatedColumn  : Binding column: AnnotatedColumn()
2024-06-27T14:12:59.229-05:00 DEBUG 22344 --- [mindcare-backend] [           main] o.h.boot.model.internal.PropertyBinder   : MetadataSourceProcessor property name with lazy=false
2024-06-27T14:12:59.229-05:00 DEBUG 22344 --- [mindcare-backend] [           main] o.h.b.m.internal.AbstractPropertyHolder  : Attempting to locate auto-apply AttributeConverter for property [pe.edu.upc.mind.care.platform.iam.domain.model.entities.Role:name]
2024-06-27T14:12:59.230-05:00 DEBUG 22344 --- [mindcare-backend] [           main] o.h.b.model.internal.BasicValueBinder    : building BasicValue for name
2024-06-27T14:12:59.230-05:00 DEBUG 22344 --- [mindcare-backend] [           main] org.hibernate.mapping.BasicValue         : Skipping column re-registration: role.name
2024-06-27T14:12:59.230-05:00 DEBUG 22344 --- [mindcare-backend] [           main] o.h.boot.model.internal.PropertyBinder   : Building property name
2024-06-27T14:12:59.230-05:00 DEBUG 22344 --- [mindcare-backend] [onnection adder] o.p.core.v3.ConnectionFactoryImpl        : Receive Buffer Size is 65,536
2024-06-27T14:12:59.230-05:00 DEBUG 22344 --- [mindcare-backend] [onnection adder] o.p.core.v3.ConnectionFactoryImpl        : Send Buffer Size is 65,536
2024-06-27T14:12:59.231-05:00 DEBUG 22344 --- [mindcare-backend] [           main] o.h.b.r.c.i.ClassLoaderServiceImpl       : HHH000194: Package not found or wo package-info.java: pe.edu.upc.mind.care.platform.iam.domain.model.entities
2024-06-27T14:12:59.231-05:00 DEBUG 22344 --- [mindcare-backend] [           main] o.h.boot.model.internal.EntityBinder     : Binding entity from annotated class: pe.edu.upc.mind.care.platform.NoteManagement.domain.model.aggregates.AppointmentNote
2024-06-27T14:12:59.231-05:00 DEBUG 22344 --- [mindcare-backend] [           main] o.h.boot.model.internal.EntityBinder     : Import with entity name AppointmentNote
2024-06-27T14:12:59.231-05:00 DEBUG 22344 --- [mindcare-backend] [           main] o.h.boot.model.internal.EntityBinder     : Bind entity pe.edu.upc.mind.care.platform.NoteManagement.domain.model.aggregates.AppointmentNote on table appointment_note
2024-06-27T14:12:59.231-05:00 DEBUG 22344 --- [mindcare-backend] [           main] o.h.boot.model.internal.AnnotatedColumn  : Binding column: AnnotatedDiscriminatorColumn(column='DTYPE')
2024-06-27T14:12:59.234-05:00 DEBUG 22344 --- [mindcare-backend] [           main] o.h.boot.model.internal.AnnotatedColumn  : Binding column: AnnotatedColumn()
2024-06-27T14:12:59.234-05:00 DEBUG 22344 --- [mindcare-backend] [           main] o.h.boot.internal.ClassLoaderAccessImpl  : Not known whether passed class name [pe.edu.upc.mind.care.platform.NoteManagement.domain.model.aggregates.AppointmentNote] is safe
2024-06-27T14:12:59.234-05:00 DEBUG 22344 --- [mindcare-backend] [           main] o.h.boot.internal.ClassLoaderAccessImpl  : No temp ClassLoader provided; using live ClassLoader for loading potentially unsafe class : pe.edu.upc.mind.care.platform.NoteManagement.domain.model.aggregates.AppointmentNote
2024-06-27T14:12:59.234-05:00 DEBUG 22344 --- [mindcare-backend] [           main] o.h.boot.model.internal.PropertyBinder   : MetadataSourceProcessor property id with lazy=false
2024-06-27T14:12:59.234-05:00 DEBUG 22344 --- [mindcare-backend] [           main] o.h.b.m.internal.AbstractPropertyHolder  : Attempting to locate auto-apply AttributeConverter for property [pe.edu.upc.mind.care.platform.NoteManagement.domain.model.aggregates.AppointmentNote:id]
2024-06-27T14:12:59.234-05:00 DEBUG 22344 --- [mindcare-backend] [           main] o.h.b.model.internal.BasicValueBinder    : building BasicValue for id
2024-06-27T14:12:59.234-05:00 DEBUG 22344 --- [mindcare-backend] [           main] org.hibernate.mapping.BasicValue         : Skipping column re-registration: appointment_note.id
2024-06-27T14:12:59.234-05:00 DEBUG 22344 --- [mindcare-backend] [           main] o.h.boot.model.internal.PropertyBinder   : Building property id
2024-06-27T14:12:59.234-05:00 DEBUG 22344 --- [mindcare-backend] [           main] o.h.boot.model.internal.BinderHelper     : #makeIdGenerator(BasicValue([Column(id)]), id, identity, , ...)
2024-06-27T14:12:59.234-05:00 DEBUG 22344 --- [mindcare-backend] [           main] o.h.boot.model.internal.AnnotatedColumn  : Binding column: AnnotatedColumn()
2024-06-27T14:12:59.235-05:00 DEBUG 22344 --- [mindcare-backend] [           main] o.h.boot.model.internal.AnnotatedColumn  : Binding column: AnnotatedColumn(column='appointment_id')
2024-06-27T14:12:59.235-05:00 DEBUG 22344 --- [mindcare-backend] [           main] o.h.boot.model.internal.PropertyBinder   : MetadataSourceProcessor property id with lazy=false
2024-06-27T14:12:59.235-05:00 DEBUG 22344 --- [mindcare-backend] [           main] o.h.b.m.internal.AbstractPropertyHolder  : Attempting to locate auto-apply AttributeConverter for property [pe.edu.upc.mind.care.platform.NoteManagement.domain.model.aggregates.AppointmentNote.appointmentId:id]
2024-06-27T14:12:59.235-05:00 DEBUG 22344 --- [mindcare-backend] [           main] o.h.b.model.internal.BasicValueBinder    : building BasicValue for id
2024-06-27T14:12:59.235-05:00 DEBUG 22344 --- [mindcare-backend] [           main] org.hibernate.mapping.BasicValue         : Skipping column re-registration: appointment_note.appointment_id
2024-06-27T14:12:59.235-05:00 DEBUG 22344 --- [mindcare-backend] [           main] o.h.boot.model.internal.PropertyBinder   : Building property id
2024-06-27T14:12:59.235-05:00 DEBUG 22344 --- [mindcare-backend] [           main] o.h.boot.model.internal.PropertyBinder   : Building property appointmentId
2024-06-27T14:12:59.236-05:00 DEBUG 22344 --- [mindcare-backend] [           main] o.h.boot.model.internal.AnnotatedColumn  : Binding column: AnnotatedColumn()
2024-06-27T14:12:59.236-05:00 DEBUG 22344 --- [mindcare-backend] [           main] o.h.boot.model.internal.PropertyBinder   : MetadataSourceProcessor property createdAt with lazy=false
2024-06-27T14:12:59.236-05:00 DEBUG 22344 --- [mindcare-backend] [           main] o.h.b.m.internal.AbstractPropertyHolder  : Attempting to locate auto-apply AttributeConverter for property [pe.edu.upc.mind.care.platform.NoteManagement.domain.model.aggregates.AppointmentNote:createdAt]
2024-06-27T14:12:59.236-05:00 DEBUG 22344 --- [mindcare-backend] [           main] o.h.b.model.internal.BasicValueBinder    : building BasicValue for createdAt
2024-06-27T14:12:59.236-05:00 DEBUG 22344 --- [mindcare-backend] [           main] org.hibernate.mapping.BasicValue         : Skipping column re-registration: appointment_note.created_at
2024-06-27T14:12:59.236-05:00 DEBUG 22344 --- [mindcare-backend] [           main] o.h.boot.model.internal.PropertyBinder   : Building property createdAt
2024-06-27T14:12:59.236-05:00 DEBUG 22344 --- [mindcare-backend] [           main] o.h.boot.model.internal.AnnotatedColumn  : Binding column: AnnotatedJoinColumn()
2024-06-27T14:12:59.236-05:00 DEBUG 22344 --- [mindcare-backend] [           main] o.h.boot.model.internal.AnnotatedColumn  : Binding column: AnnotatedColumn()
2024-06-27T14:12:59.242-05:00 DEBUG 22344 --- [mindcare-backend] [           main] o.h.boot.model.internal.AnnotatedColumn  : Binding column: AnnotatedColumn()
2024-06-27T14:12:59.242-05:00 DEBUG 22344 --- [mindcare-backend] [           main] o.h.boot.model.internal.AnnotatedColumn  : Binding column: AnnotatedColumn(column='patient_id')
2024-06-27T14:12:59.242-05:00 DEBUG 22344 --- [mindcare-backend] [           main] o.h.boot.model.internal.PropertyBinder   : MetadataSourceProcessor property id with lazy=false
2024-06-27T14:12:59.242-05:00 DEBUG 22344 --- [mindcare-backend] [           main] o.h.b.m.internal.AbstractPropertyHolder  : Attempting to locate auto-apply AttributeConverter for property [pe.edu.upc.mind.care.platform.NoteManagement.domain.model.aggregates.AppointmentNote.patientId:id]
2024-06-27T14:12:59.242-05:00 DEBUG 22344 --- [mindcare-backend] [           main] o.h.b.model.internal.BasicValueBinder    : building BasicValue for id
2024-06-27T14:12:59.243-05:00 DEBUG 22344 --- [mindcare-backend] [           main] org.hibernate.mapping.BasicValue         : Skipping column re-registration: appointment_note.patient_id
2024-06-27T14:12:59.243-05:00 DEBUG 22344 --- [mindcare-backend] [           main] o.h.boot.model.internal.PropertyBinder   : Building property id
2024-06-27T14:12:59.243-05:00 DEBUG 22344 --- [mindcare-backend] [           main] o.h.boot.model.internal.PropertyBinder   : Building property patientId
2024-06-27T14:12:59.243-05:00 DEBUG 22344 --- [mindcare-backend] [           main] o.h.boot.model.internal.AnnotatedColumn  : Binding column: AnnotatedColumn()
2024-06-27T14:12:59.243-05:00 DEBUG 22344 --- [mindcare-backend] [           main] o.h.boot.model.internal.AnnotatedColumn  : Binding column: AnnotatedColumn(column='psychologist_id')
2024-06-27T14:12:59.243-05:00 DEBUG 22344 --- [mindcare-backend] [           main] o.h.boot.model.internal.PropertyBinder   : MetadataSourceProcessor property id with lazy=false
2024-06-27T14:12:59.244-05:00 DEBUG 22344 --- [mindcare-backend] [           main] o.h.b.m.internal.AbstractPropertyHolder  : Attempting to locate auto-apply AttributeConverter for property [pe.edu.upc.mind.care.platform.NoteManagement.domain.model.aggregates.AppointmentNote.psychologistId:id]
2024-06-27T14:12:59.244-05:00 DEBUG 22344 --- [mindcare-backend] [           main] o.h.b.model.internal.BasicValueBinder    : building BasicValue for id
2024-06-27T14:12:59.244-05:00 DEBUG 22344 --- [mindcare-backend] [           main] org.hibernate.mapping.BasicValue         : Skipping column re-registration: appointment_note.psychologist_id
2024-06-27T14:12:59.244-05:00 DEBUG 22344 --- [mindcare-backend] [           main] o.h.boot.model.internal.PropertyBinder   : Building property id
2024-06-27T14:12:59.244-05:00 DEBUG 22344 --- [mindcare-backend] [           main] o.h.boot.model.internal.PropertyBinder   : Building property psychologistId
2024-06-27T14:12:59.244-05:00 DEBUG 22344 --- [mindcare-backend] [           main] o.h.boot.model.internal.AnnotatedColumn  : Binding column: AnnotatedColumn()
2024-06-27T14:12:59.244-05:00 DEBUG 22344 --- [mindcare-backend] [           main] o.h.boot.model.internal.PropertyBinder   : MetadataSourceProcessor property updatedAt with lazy=false
2024-06-27T14:12:59.244-05:00 DEBUG 22344 --- [mindcare-backend] [           main] o.h.b.m.internal.AbstractPropertyHolder  : Attempting to locate auto-apply AttributeConverter for property [pe.edu.upc.mind.care.platform.NoteManagement.domain.model.aggregates.AppointmentNote:updatedAt]
2024-06-27T14:12:59.244-05:00 DEBUG 22344 --- [mindcare-backend] [           main] o.h.b.model.internal.BasicValueBinder    : building BasicValue for updatedAt
2024-06-27T14:12:59.244-05:00 DEBUG 22344 --- [mindcare-backend] [           main] org.hibernate.mapping.BasicValue         : Skipping column re-registration: appointment_note.updated_at
2024-06-27T14:12:59.244-05:00 DEBUG 22344 --- [mindcare-backend] [           main] o.h.boot.model.internal.PropertyBinder   : Building property updatedAt
2024-06-27T14:12:59.245-05:00 DEBUG 22344 --- [mindcare-backend] [           main] o.h.b.r.c.i.ClassLoaderServiceImpl       : HHH000194: Package not found or wo package-info.java: pe.edu.upc.mind.care.platform.NoteManagement.domain.model.aggregates
2024-06-27T14:12:59.245-05:00 DEBUG 22344 --- [mindcare-backend] [           main] e.i.CallbackDefinitionResolverLegacyImpl : Adding touchForUpdate as PreUpdate callback for entity pe.edu.upc.mind.care.platform.NoteManagement.domain.model.aggregates.AppointmentNote
2024-06-27T14:12:59.245-05:00 DEBUG 22344 --- [mindcare-backend] [           main] e.i.CallbackDefinitionResolverLegacyImpl : Adding touchForCreate as PrePersist callback for entity pe.edu.upc.mind.care.platform.NoteManagement.domain.model.aggregates.AppointmentNote
2024-06-27T14:12:59.245-05:00 DEBUG 22344 --- [mindcare-backend] [           main] o.h.boot.model.internal.EntityBinder     : Binding entity from annotated class: pe.edu.upc.mind.care.platform.NoteManagement.domain.model.entities.Note
2024-06-27T14:12:59.246-05:00 DEBUG 22344 --- [mindcare-backend] [           main] o.h.boot.model.internal.EntityBinder     : Import with entity name Note
2024-06-27T14:12:59.246-05:00 DEBUG 22344 --- [mindcare-backend] [           main] o.h.boot.model.internal.EntityBinder     : Bind entity pe.edu.upc.mind.care.platform.NoteManagement.domain.model.entities.Note on table note
2024-06-27T14:12:59.246-05:00 DEBUG 22344 --- [mindcare-backend] [           main] o.h.boot.model.internal.AnnotatedColumn  : Binding column: AnnotatedDiscriminatorColumn(column='DTYPE')
2024-06-27T14:12:59.247-05:00 DEBUG 22344 --- [mindcare-backend] [           main] o.h.boot.model.internal.AnnotatedColumn  : Binding column: AnnotatedColumn()
2024-06-27T14:12:59.247-05:00 DEBUG 22344 --- [mindcare-backend] [           main] o.h.boot.internal.ClassLoaderAccessImpl  : Not known whether passed class name [pe.edu.upc.mind.care.platform.NoteManagement.domain.model.entities.Note] is safe
2024-06-27T14:12:59.247-05:00 DEBUG 22344 --- [mindcare-backend] [           main] o.h.boot.internal.ClassLoaderAccessImpl  : No temp ClassLoader provided; using live ClassLoader for loading potentially unsafe class : pe.edu.upc.mind.care.platform.NoteManagement.domain.model.entities.Note
2024-06-27T14:12:59.247-05:00 DEBUG 22344 --- [mindcare-backend] [           main] o.h.boot.model.internal.PropertyBinder   : MetadataSourceProcessor property id with lazy=false
2024-06-27T14:12:59.247-05:00 DEBUG 22344 --- [mindcare-backend] [           main] o.h.b.m.internal.AbstractPropertyHolder  : Attempting to locate auto-apply AttributeConverter for property [pe.edu.upc.mind.care.platform.NoteManagement.domain.model.entities.Note:id]
2024-06-27T14:12:59.247-05:00 DEBUG 22344 --- [mindcare-backend] [           main] o.h.b.model.internal.BasicValueBinder    : building BasicValue for id
2024-06-27T14:12:59.247-05:00 DEBUG 22344 --- [mindcare-backend] [           main] org.hibernate.mapping.BasicValue         : Skipping column re-registration: note.id
2024-06-27T14:12:59.247-05:00 DEBUG 22344 --- [mindcare-backend] [           main] o.h.boot.model.internal.PropertyBinder   : Building property id
2024-06-27T14:12:59.247-05:00 DEBUG 22344 --- [mindcare-backend] [           main] o.h.boot.model.internal.BinderHelper     : #makeIdGenerator(BasicValue([Column(id)]), id, identity, , ...)
2024-06-27T14:12:59.248-05:00 DEBUG 22344 --- [mindcare-backend] [           main] o.h.boot.model.internal.AnnotatedColumn  : Binding column: AnnotatedColumn()
2024-06-27T14:12:59.248-05:00 DEBUG 22344 --- [mindcare-backend] [           main] o.h.boot.model.internal.PropertyBinder   : MetadataSourceProcessor property createdAt with lazy=false
2024-06-27T14:12:59.248-05:00 DEBUG 22344 --- [mindcare-backend] [           main] o.h.b.m.internal.AbstractPropertyHolder  : Attempting to locate auto-apply AttributeConverter for property [pe.edu.upc.mind.care.platform.NoteManagement.domain.model.entities.Note:createdAt]
2024-06-27T14:12:59.248-05:00 DEBUG 22344 --- [mindcare-backend] [           main] o.h.b.model.internal.BasicValueBinder    : building BasicValue for createdAt
2024-06-27T14:12:59.248-05:00 DEBUG 22344 --- [mindcare-backend] [           main] org.hibernate.mapping.BasicValue         : Skipping column re-registration: note.created_at
2024-06-27T14:12:59.248-05:00 DEBUG 22344 --- [mindcare-backend] [           main] o.h.boot.model.internal.PropertyBinder   : Building property createdAt
2024-06-27T14:12:59.248-05:00 DEBUG 22344 --- [mindcare-backend] [           main] o.h.boot.model.internal.AnnotatedColumn  : Binding column: AnnotatedColumn()
2024-06-27T14:12:59.248-05:00 DEBUG 22344 --- [mindcare-backend] [           main] o.h.boot.model.internal.PropertyBinder   : MetadataSourceProcessor property updatedAt with lazy=false
2024-06-27T14:12:59.248-05:00 DEBUG 22344 --- [mindcare-backend] [           main] o.h.b.m.internal.AbstractPropertyHolder  : Attempting to locate auto-apply AttributeConverter for property [pe.edu.upc.mind.care.platform.NoteManagement.domain.model.entities.Note:updatedAt]
2024-06-27T14:12:59.248-05:00 DEBUG 22344 --- [mindcare-backend] [           main] o.h.b.model.internal.BasicValueBinder    : building BasicValue for updatedAt
2024-06-27T14:12:59.248-05:00 DEBUG 22344 --- [mindcare-backend] [           main] org.hibernate.mapping.BasicValue         : Skipping column re-registration: note.updated_at
2024-06-27T14:12:59.248-05:00 DEBUG 22344 --- [mindcare-backend] [           main] o.h.boot.model.internal.PropertyBinder   : Building property updatedAt
2024-06-27T14:12:59.248-05:00 DEBUG 22344 --- [mindcare-backend] [           main] o.h.boot.model.internal.AnnotatedColumn  : Binding column: AnnotatedJoinColumn(column='appointmentnote_id')
2024-06-27T14:12:59.248-05:00 DEBUG 22344 --- [mindcare-backend] [           main] o.h.boot.model.internal.AnnotatedColumn  : Binding column: AnnotatedColumn()
2024-06-27T14:12:59.251-05:00 DEBUG 22344 --- [mindcare-backend] [           main] o.h.boot.model.internal.PropertyBinder   : Building property appointmentNote
2024-06-27T14:12:59.251-05:00 DEBUG 22344 --- [mindcare-backend] [           main] o.h.boot.model.internal.AnnotatedColumn  : Binding column: AnnotatedColumn()
2024-06-27T14:12:59.251-05:00 DEBUG 22344 --- [mindcare-backend] [           main] o.h.boot.model.internal.PropertyBinder   : MetadataSourceProcessor property content with lazy=false
2024-06-27T14:12:59.251-05:00 DEBUG 22344 --- [mindcare-backend] [           main] o.h.b.m.internal.AbstractPropertyHolder  : Attempting to locate auto-apply AttributeConverter for property [pe.edu.upc.mind.care.platform.NoteManagement.domain.model.entities.Note:content]
2024-06-27T14:12:59.251-05:00 DEBUG 22344 --- [mindcare-backend] [           main] o.h.b.model.internal.BasicValueBinder    : building BasicValue for content
2024-06-27T14:12:59.251-05:00 DEBUG 22344 --- [mindcare-backend] [           main] org.hibernate.mapping.BasicValue         : Skipping column re-registration: note.content
2024-06-27T14:12:59.251-05:00 DEBUG 22344 --- [mindcare-backend] [           main] o.h.boot.model.internal.PropertyBinder   : Building property content
2024-06-27T14:12:59.252-05:00 DEBUG 22344 --- [mindcare-backend] [           main] o.h.b.r.c.i.ClassLoaderServiceImpl       : HHH000194: Package not found or wo package-info.java: pe.edu.upc.mind.care.platform.NoteManagement.domain.model.entities
2024-06-27T14:12:59.253-05:00 DEBUG 22344 --- [mindcare-backend] [           main] e.i.CallbackDefinitionResolverLegacyImpl : Adding touchForUpdate as PreUpdate callback for entity pe.edu.upc.mind.care.platform.NoteManagement.domain.model.entities.Note
2024-06-27T14:12:59.253-05:00 DEBUG 22344 --- [mindcare-backend] [           main] e.i.CallbackDefinitionResolverLegacyImpl : Adding touchForCreate as PrePersist callback for entity pe.edu.upc.mind.care.platform.NoteManagement.domain.model.entities.Note
2024-06-27T14:12:59.253-05:00 DEBUG 22344 --- [mindcare-backend] [           main] o.h.boot.model.internal.EntityBinder     : Binding entity from annotated class: pe.edu.upc.mind.care.platform.searchandmatch.domain.model.aggregates.Schedule
2024-06-27T14:12:59.253-05:00 DEBUG 22344 --- [mindcare-backend] [           main] o.h.boot.model.internal.EntityBinder     : Import with entity name Schedule
2024-06-27T14:12:59.253-05:00 DEBUG 22344 --- [mindcare-backend] [           main] o.h.boot.model.internal.EntityBinder     : Bind entity pe.edu.upc.mind.care.platform.searchandmatch.domain.model.aggregates.Schedule on table schedule
2024-06-27T14:12:59.253-05:00 DEBUG 22344 --- [mindcare-backend] [           main] o.h.boot.model.internal.AnnotatedColumn  : Binding column: AnnotatedDiscriminatorColumn(column='DTYPE')
2024-06-27T14:12:59.257-05:00 DEBUG 22344 --- [mindcare-backend] [onnection adder] com.zaxxer.hikari.pool.HikariPool        : HikariPool-1 - Added connection org.postgresql.jdbc.PgConnection@4bcd8206
2024-06-27T14:12:59.257-05:00 DEBUG 22344 --- [mindcare-backend] [           main] o.h.boot.model.internal.AnnotatedColumn  : Binding column: AnnotatedColumn()
2024-06-27T14:12:59.257-05:00 DEBUG 22344 --- [mindcare-backend] [           main] o.h.boot.internal.ClassLoaderAccessImpl  : Not known whether passed class name [pe.edu.upc.mind.care.platform.searchandmatch.domain.model.aggregates.Schedule] is safe
2024-06-27T14:12:59.257-05:00 DEBUG 22344 --- [mindcare-backend] [           main] o.h.boot.internal.ClassLoaderAccessImpl  : No temp ClassLoader provided; using live ClassLoader for loading potentially unsafe class : pe.edu.upc.mind.care.platform.searchandmatch.domain.model.aggregates.Schedule
2024-06-27T14:12:59.257-05:00 DEBUG 22344 --- [mindcare-backend] [           main] o.h.boot.model.internal.PropertyBinder   : MetadataSourceProcessor property id with lazy=false
2024-06-27T14:12:59.257-05:00 DEBUG 22344 --- [mindcare-backend] [           main] o.h.b.m.internal.AbstractPropertyHolder  : Attempting to locate auto-apply AttributeConverter for property [pe.edu.upc.mind.care.platform.searchandmatch.domain.model.aggregates.Schedule:id]
2024-06-27T14:12:59.257-05:00 DEBUG 22344 --- [mindcare-backend] [           main] o.h.b.model.internal.BasicValueBinder    : building BasicValue for id
2024-06-27T14:12:59.257-05:00 DEBUG 22344 --- [mindcare-backend] [           main] org.hibernate.mapping.BasicValue         : Skipping column re-registration: schedule.id
2024-06-27T14:12:59.257-05:00 DEBUG 22344 --- [mindcare-backend] [           main] o.h.boot.model.internal.PropertyBinder   : Building property id
2024-06-27T14:12:59.257-05:00 DEBUG 22344 --- [mindcare-backend] [           main] o.h.boot.model.internal.BinderHelper     : #makeIdGenerator(BasicValue([Column(id)]), id, identity, , ...)
2024-06-27T14:12:59.258-05:00 DEBUG 22344 --- [mindcare-backend] [           main] o.h.boot.model.internal.AnnotatedColumn  : Binding column: AnnotatedColumn()
2024-06-27T14:12:59.258-05:00 DEBUG 22344 --- [mindcare-backend] [           main] o.h.boot.model.internal.PropertyBinder   : MetadataSourceProcessor property createdAt with lazy=false
2024-06-27T14:12:59.258-05:00 DEBUG 22344 --- [mindcare-backend] [           main] o.h.b.m.internal.AbstractPropertyHolder  : Attempting to locate auto-apply AttributeConverter for property [pe.edu.upc.mind.care.platform.searchandmatch.domain.model.aggregates.Schedule:createdAt]
2024-06-27T14:12:59.258-05:00 DEBUG 22344 --- [mindcare-backend] [           main] o.h.b.model.internal.BasicValueBinder    : building BasicValue for createdAt
2024-06-27T14:12:59.258-05:00 DEBUG 22344 --- [mindcare-backend] [           main] org.hibernate.mapping.BasicValue         : Skipping column re-registration: schedule.created_at
2024-06-27T14:12:59.258-05:00 DEBUG 22344 --- [mindcare-backend] [           main] o.h.boot.model.internal.PropertyBinder   : Building property createdAt
2024-06-27T14:12:59.258-05:00 DEBUG 22344 --- [mindcare-backend] [           main] o.h.boot.model.internal.AnnotatedColumn  : Binding column: AnnotatedColumn()
2024-06-27T14:12:59.258-05:00 DEBUG 22344 --- [mindcare-backend] [           main] o.h.boot.model.internal.PropertyBinder   : MetadataSourceProcessor property updatedAt with lazy=false
2024-06-27T14:12:59.258-05:00 DEBUG 22344 --- [mindcare-backend] [           main] o.h.b.m.internal.AbstractPropertyHolder  : Attempting to locate auto-apply AttributeConverter for property [pe.edu.upc.mind.care.platform.searchandmatch.domain.model.aggregates.Schedule:updatedAt]
2024-06-27T14:12:59.258-05:00 DEBUG 22344 --- [mindcare-backend] [           main] o.h.b.model.internal.BasicValueBinder    : building BasicValue for updatedAt
2024-06-27T14:12:59.258-05:00 DEBUG 22344 --- [mindcare-backend] [           main] org.hibernate.mapping.BasicValue         : Skipping column re-registration: schedule.updated_at
2024-06-27T14:12:59.258-05:00 DEBUG 22344 --- [mindcare-backend] [           main] o.h.boot.model.internal.PropertyBinder   : Building property updatedAt
2024-06-27T14:12:59.258-05:00 DEBUG 22344 --- [mindcare-backend] [           main] o.h.boot.model.internal.AnnotatedColumn  : Binding column: AnnotatedColumn()
2024-06-27T14:12:59.258-05:00 DEBUG 22344 --- [mindcare-backend] [           main] o.h.boot.model.internal.PropertyBinder   : MetadataSourceProcessor property finishedHour with lazy=false
2024-06-27T14:12:59.258-05:00 DEBUG 22344 --- [mindcare-backend] [           main] o.h.b.m.internal.AbstractPropertyHolder  : Attempting to locate auto-apply AttributeConverter for property [pe.edu.upc.mind.care.platform.searchandmatch.domain.model.aggregates.Schedule:finishedHour]
2024-06-27T14:12:59.258-05:00 DEBUG 22344 --- [mindcare-backend] [           main] o.h.b.model.internal.BasicValueBinder    : building BasicValue for finishedHour
2024-06-27T14:12:59.258-05:00 DEBUG 22344 --- [mindcare-backend] [           main] org.hibernate.mapping.BasicValue         : Skipping column re-registration: schedule.finished_hour
2024-06-27T14:12:59.258-05:00 DEBUG 22344 --- [mindcare-backend] [           main] o.h.boot.model.internal.PropertyBinder   : Building property finishedHour
2024-06-27T14:12:59.258-05:00 DEBUG 22344 --- [mindcare-backend] [           main] o.h.boot.model.internal.AnnotatedColumn  : Binding column: AnnotatedColumn()
2024-06-27T14:12:59.259-05:00 DEBUG 22344 --- [mindcare-backend] [           main] o.h.boot.model.internal.AnnotatedColumn  : Binding column: AnnotatedColumn()
2024-06-27T14:12:59.259-05:00 DEBUG 22344 --- [mindcare-backend] [           main] o.h.boot.model.internal.PropertyBinder   : MetadataSourceProcessor property psychologistId with lazy=false
2024-06-27T14:12:59.259-05:00 DEBUG 22344 --- [mindcare-backend] [           main] o.h.b.m.internal.AbstractPropertyHolder  : Attempting to locate auto-apply AttributeConverter for property [pe.edu.upc.mind.care.platform.searchandmatch.domain.model.aggregates.Schedule.psychologistId:psychologistId]
2024-06-27T14:12:59.259-05:00 DEBUG 22344 --- [mindcare-backend] [           main] o.h.b.model.internal.BasicValueBinder    : building BasicValue for psychologistId
2024-06-27T14:12:59.259-05:00 DEBUG 22344 --- [mindcare-backend] [           main] org.hibernate.mapping.BasicValue         : Skipping column re-registration: schedule.psychologist_id
2024-06-27T14:12:59.259-05:00 DEBUG 22344 --- [mindcare-backend] [           main] o.h.boot.model.internal.PropertyBinder   : Building property psychologistId
2024-06-27T14:12:59.259-05:00 DEBUG 22344 --- [mindcare-backend] [           main] o.h.boot.model.internal.PropertyBinder   : Building property psychologistId
2024-06-27T14:12:59.259-05:00 DEBUG 22344 --- [mindcare-backend] [           main] o.h.boot.model.internal.AnnotatedColumn  : Binding column: AnnotatedJoinColumn()
2024-06-27T14:12:59.259-05:00 DEBUG 22344 --- [mindcare-backend] [           main] o.h.boot.model.internal.AnnotatedColumn  : Binding column: AnnotatedColumn()
2024-06-27T14:12:59.260-05:00 DEBUG 22344 --- [mindcare-backend] [           main] o.h.boot.model.internal.AnnotatedColumn  : Binding column: IndexColumn(column='reservations_ORDER')
2024-06-27T14:12:59.261-05:00 DEBUG 22344 --- [mindcare-backend] [           main] o.h.boot.model.internal.AnnotatedColumn  : Binding column: AnnotatedColumn()
2024-06-27T14:12:59.261-05:00 DEBUG 22344 --- [mindcare-backend] [           main] o.h.boot.model.internal.AnnotatedColumn  : Binding column: AnnotatedColumn(column='reservations_KEY')
2024-06-27T14:12:59.261-05:00 DEBUG 22344 --- [mindcare-backend] [           main] o.h.boot.model.internal.AnnotatedColumn  : Binding column: AnnotatedJoinColumn(column='reservations_KEY')
2024-06-27T14:12:59.261-05:00 DEBUG 22344 --- [mindcare-backend] [           main] o.h.boot.model.internal.AnnotatedColumn  : Binding column: AnnotatedJoinColumn()
2024-06-27T14:12:59.261-05:00 DEBUG 22344 --- [mindcare-backend] [           main] o.h.boot.model.internal.AnnotatedColumn  : Binding column: AnnotatedJoinColumn()
2024-06-27T14:12:59.262-05:00 DEBUG 22344 --- [mindcare-backend] [           main] o.h.b.model.internal.CollectionBinder    : Collection role: pe.edu.upc.mind.care.platform.searchandmatch.domain.model.aggregates.Schedule.reservations
2024-06-27T14:12:59.262-05:00 DEBUG 22344 --- [mindcare-backend] [           main] o.h.boot.model.internal.PropertyBinder   : Building property reservations
2024-06-27T14:12:59.262-05:00 DEBUG 22344 --- [mindcare-backend] [           main] o.h.boot.model.internal.AnnotatedColumn  : Binding column: AnnotatedColumn()
2024-06-27T14:12:59.262-05:00 DEBUG 22344 --- [mindcare-backend] [           main] o.h.boot.model.internal.PropertyBinder   : MetadataSourceProcessor property startedHour with lazy=false
2024-06-27T14:12:59.262-05:00 DEBUG 22344 --- [mindcare-backend] [           main] o.h.b.m.internal.AbstractPropertyHolder  : Attempting to locate auto-apply AttributeConverter for property [pe.edu.upc.mind.care.platform.searchandmatch.domain.model.aggregates.Schedule:startedHour]
2024-06-27T14:12:59.262-05:00 DEBUG 22344 --- [mindcare-backend] [           main] o.h.b.model.internal.BasicValueBinder    : building BasicValue for startedHour
2024-06-27T14:12:59.262-05:00 DEBUG 22344 --- [mindcare-backend] [           main] org.hibernate.mapping.BasicValue         : Skipping column re-registration: schedule.started_hour
2024-06-27T14:12:59.262-05:00 DEBUG 22344 --- [mindcare-backend] [           main] o.h.boot.model.internal.PropertyBinder   : Building property startedHour
2024-06-27T14:12:59.263-05:00 DEBUG 22344 --- [mindcare-backend] [           main] o.h.b.r.c.i.ClassLoaderServiceImpl       : HHH000194: Package not found or wo package-info.java: pe.edu.upc.mind.care.platform.searchandmatch.domain.model.aggregates
2024-06-27T14:12:59.263-05:00 DEBUG 22344 --- [mindcare-backend] [           main] e.i.CallbackDefinitionResolverLegacyImpl : Adding touchForUpdate as PreUpdate callback for entity pe.edu.upc.mind.care.platform.searchandmatch.domain.model.aggregates.Schedule
2024-06-27T14:12:59.263-05:00 DEBUG 22344 --- [mindcare-backend] [           main] e.i.CallbackDefinitionResolverLegacyImpl : Adding touchForCreate as PrePersist callback for entity pe.edu.upc.mind.care.platform.searchandmatch.domain.model.aggregates.Schedule
2024-06-27T14:12:59.263-05:00 DEBUG 22344 --- [mindcare-backend] [           main] o.h.boot.model.internal.EntityBinder     : Binding entity from annotated class: pe.edu.upc.mind.care.platform.searchandmatch.domain.model.entities.Reservation
2024-06-27T14:12:59.264-05:00 DEBUG 22344 --- [mindcare-backend] [           main] o.h.boot.model.internal.EntityBinder     : Import with entity name Reservation
2024-06-27T14:12:59.264-05:00 DEBUG 22344 --- [mindcare-backend] [           main] o.h.boot.model.internal.EntityBinder     : Bind entity pe.edu.upc.mind.care.platform.searchandmatch.domain.model.entities.Reservation on table reservation
2024-06-27T14:12:59.264-05:00 DEBUG 22344 --- [mindcare-backend] [           main] o.h.boot.model.internal.AnnotatedColumn  : Binding column: AnnotatedDiscriminatorColumn(column='DTYPE')
2024-06-27T14:12:59.266-05:00 DEBUG 22344 --- [mindcare-backend] [           main] o.h.boot.model.internal.AnnotatedColumn  : Binding column: AnnotatedColumn()
2024-06-27T14:12:59.266-05:00 DEBUG 22344 --- [mindcare-backend] [           main] o.h.boot.internal.ClassLoaderAccessImpl  : Not known whether passed class name [pe.edu.upc.mind.care.platform.searchandmatch.domain.model.entities.Reservation] is safe
2024-06-27T14:12:59.266-05:00 DEBUG 22344 --- [mindcare-backend] [           main] o.h.boot.internal.ClassLoaderAccessImpl  : No temp ClassLoader provided; using live ClassLoader for loading potentially unsafe class : pe.edu.upc.mind.care.platform.searchandmatch.domain.model.entities.Reservation
2024-06-27T14:12:59.266-05:00 DEBUG 22344 --- [mindcare-backend] [           main] o.h.boot.model.internal.PropertyBinder   : MetadataSourceProcessor property id with lazy=false
2024-06-27T14:12:59.266-05:00 DEBUG 22344 --- [mindcare-backend] [           main] o.h.b.m.internal.AbstractPropertyHolder  : Attempting to locate auto-apply AttributeConverter for property [pe.edu.upc.mind.care.platform.searchandmatch.domain.model.entities.Reservation:id]
2024-06-27T14:12:59.267-05:00 DEBUG 22344 --- [mindcare-backend] [           main] o.h.b.model.internal.BasicValueBinder    : building BasicValue for id
2024-06-27T14:12:59.267-05:00 DEBUG 22344 --- [mindcare-backend] [           main] org.hibernate.mapping.BasicValue         : Skipping column re-registration: reservation.id
2024-06-27T14:12:59.267-05:00 DEBUG 22344 --- [mindcare-backend] [           main] o.h.boot.model.internal.PropertyBinder   : Building property id
2024-06-27T14:12:59.267-05:00 DEBUG 22344 --- [mindcare-backend] [           main] o.h.boot.model.internal.BinderHelper     : #makeIdGenerator(BasicValue([Column(id)]), id, identity, , ...)
2024-06-27T14:12:59.267-05:00 DEBUG 22344 --- [mindcare-backend] [           main] o.h.boot.model.internal.AnnotatedColumn  : Binding column: AnnotatedColumn()
2024-06-27T14:12:59.267-05:00 DEBUG 22344 --- [mindcare-backend] [           main] o.h.boot.model.internal.PropertyBinder   : MetadataSourceProcessor property createdAt with lazy=false
2024-06-27T14:12:59.267-05:00 DEBUG 22344 --- [mindcare-backend] [           main] o.h.b.m.internal.AbstractPropertyHolder  : Attempting to locate auto-apply AttributeConverter for property [pe.edu.upc.mind.care.platform.searchandmatch.domain.model.entities.Reservation:createdAt]
2024-06-27T14:12:59.267-05:00 DEBUG 22344 --- [mindcare-backend] [           main] o.h.b.model.internal.BasicValueBinder    : building BasicValue for createdAt
2024-06-27T14:12:59.267-05:00 DEBUG 22344 --- [mindcare-backend] [           main] org.hibernate.mapping.BasicValue         : Skipping column re-registration: reservation.created_at
2024-06-27T14:12:59.267-05:00 DEBUG 22344 --- [mindcare-backend] [           main] o.h.boot.model.internal.PropertyBinder   : Building property createdAt
2024-06-27T14:12:59.267-05:00 DEBUG 22344 --- [mindcare-backend] [           main] o.h.boot.model.internal.AnnotatedColumn  : Binding column: AnnotatedColumn()
2024-06-27T14:12:59.267-05:00 DEBUG 22344 --- [mindcare-backend] [           main] o.h.boot.model.internal.PropertyBinder   : MetadataSourceProcessor property updatedAt with lazy=false
2024-06-27T14:12:59.267-05:00 DEBUG 22344 --- [mindcare-backend] [           main] o.h.b.m.internal.AbstractPropertyHolder  : Attempting to locate auto-apply AttributeConverter for property [pe.edu.upc.mind.care.platform.searchandmatch.domain.model.entities.Reservation:updatedAt]
2024-06-27T14:12:59.267-05:00 DEBUG 22344 --- [mindcare-backend] [           main] o.h.b.model.internal.BasicValueBinder    : building BasicValue for updatedAt
2024-06-27T14:12:59.267-05:00 DEBUG 22344 --- [mindcare-backend] [           main] org.hibernate.mapping.BasicValue         : Skipping column re-registration: reservation.updated_at
2024-06-27T14:12:59.267-05:00 DEBUG 22344 --- [mindcare-backend] [           main] o.h.boot.model.internal.PropertyBinder   : Building property updatedAt
2024-06-27T14:12:59.268-05:00 DEBUG 22344 --- [mindcare-backend] [           main] o.h.boot.model.internal.AnnotatedColumn  : Binding column: AnnotatedColumn()
2024-06-27T14:12:59.268-05:00 DEBUG 22344 --- [mindcare-backend] [           main] o.h.boot.model.internal.AnnotatedColumn  : Binding column: AnnotatedColumn()
2024-06-27T14:12:59.268-05:00 DEBUG 22344 --- [mindcare-backend] [           main] o.h.boot.model.internal.PropertyBinder   : MetadataSourceProcessor property patientId with lazy=false
2024-06-27T14:12:59.268-05:00 DEBUG 22344 --- [mindcare-backend] [           main] o.h.b.m.internal.AbstractPropertyHolder  : Attempting to locate auto-apply AttributeConverter for property [pe.edu.upc.mind.care.platform.searchandmatch.domain.model.entities.Reservation.patientId:patientId]
2024-06-27T14:12:59.268-05:00 DEBUG 22344 --- [mindcare-backend] [           main] o.h.b.model.internal.BasicValueBinder    : building BasicValue for patientId
2024-06-27T14:12:59.268-05:00 DEBUG 22344 --- [mindcare-backend] [           main] org.hibernate.mapping.BasicValue         : Skipping column re-registration: reservation.patient_id
2024-06-27T14:12:59.268-05:00 DEBUG 22344 --- [mindcare-backend] [           main] o.h.boot.model.internal.PropertyBinder   : Building property patientId
2024-06-27T14:12:59.268-05:00 DEBUG 22344 --- [mindcare-backend] [           main] o.h.boot.model.internal.PropertyBinder   : Building property patientId
2024-06-27T14:12:59.269-05:00 DEBUG 22344 --- [mindcare-backend] [           main] o.h.boot.model.internal.AnnotatedColumn  : Binding column: AnnotatedColumn()
2024-06-27T14:12:59.269-05:00 DEBUG 22344 --- [mindcare-backend] [           main] o.h.boot.model.internal.AnnotatedColumn  : Binding column: AnnotatedColumn()
2024-06-27T14:12:59.269-05:00 DEBUG 22344 --- [mindcare-backend] [           main] o.h.boot.model.internal.PropertyBinder   : MetadataSourceProcessor property psychologistId with lazy=false
2024-06-27T14:12:59.269-05:00 DEBUG 22344 --- [mindcare-backend] [           main] o.h.b.m.internal.AbstractPropertyHolder  : Attempting to locate auto-apply AttributeConverter for property [pe.edu.upc.mind.care.platform.searchandmatch.domain.model.entities.Reservation.psychologistId:psychologistId]
2024-06-27T14:12:59.269-05:00 DEBUG 22344 --- [mindcare-backend] [           main] o.h.b.model.internal.BasicValueBinder    : building BasicValue for psychologistId
2024-06-27T14:12:59.269-05:00 DEBUG 22344 --- [mindcare-backend] [           main] org.hibernate.mapping.BasicValue         : Skipping column re-registration: reservation.psychologist_id
2024-06-27T14:12:59.269-05:00 DEBUG 22344 --- [mindcare-backend] [           main] o.h.boot.model.internal.PropertyBinder   : Building property psychologistId
2024-06-27T14:12:59.269-05:00 DEBUG 22344 --- [mindcare-backend] [           main] o.h.boot.model.internal.PropertyBinder   : Building property psychologistId
2024-06-27T14:12:59.269-05:00 DEBUG 22344 --- [mindcare-backend] [           main] o.h.boot.model.internal.AnnotatedColumn  : Binding column: AnnotatedColumn()
2024-06-27T14:12:59.269-05:00 DEBUG 22344 --- [mindcare-backend] [           main] o.h.boot.model.internal.PropertyBinder   : MetadataSourceProcessor property reservationDate with lazy=false
2024-06-27T14:12:59.269-05:00 DEBUG 22344 --- [mindcare-backend] [           main] o.h.b.m.internal.AbstractPropertyHolder  : Attempting to locate auto-apply AttributeConverter for property [pe.edu.upc.mind.care.platform.searchandmatch.domain.model.entities.Reservation:reservationDate]
2024-06-27T14:12:59.269-05:00 DEBUG 22344 --- [mindcare-backend] [           main] o.h.b.model.internal.BasicValueBinder    : building BasicValue for reservationDate
2024-06-27T14:12:59.269-05:00 DEBUG 22344 --- [mindcare-backend] [           main] org.hibernate.mapping.BasicValue         : Skipping column re-registration: reservation.reservation_date
2024-06-27T14:12:59.269-05:00 DEBUG 22344 --- [mindcare-backend] [           main] o.h.boot.model.internal.PropertyBinder   : Building property reservationDate
2024-06-27T14:12:59.269-05:00 DEBUG 22344 --- [mindcare-backend] [           main] o.h.boot.model.internal.AnnotatedColumn  : Binding column: AnnotatedColumn()
2024-06-27T14:12:59.269-05:00 DEBUG 22344 --- [mindcare-backend] [           main] o.h.boot.model.internal.PropertyBinder   : MetadataSourceProcessor property reservationHour with lazy=false
2024-06-27T14:12:59.269-05:00 DEBUG 22344 --- [mindcare-backend] [           main] o.h.b.m.internal.AbstractPropertyHolder  : Attempting to locate auto-apply AttributeConverter for property [pe.edu.upc.mind.care.platform.searchandmatch.domain.model.entities.Reservation:reservationHour]
2024-06-27T14:12:59.269-05:00 DEBUG 22344 --- [mindcare-backend] [           main] o.h.b.model.internal.BasicValueBinder    : building BasicValue for reservationHour
2024-06-27T14:12:59.269-05:00 DEBUG 22344 --- [mindcare-backend] [           main] org.hibernate.mapping.BasicValue         : Skipping column re-registration: reservation.reservation_hour
2024-06-27T14:12:59.270-05:00 DEBUG 22344 --- [mindcare-backend] [           main] o.h.boot.model.internal.PropertyBinder   : Building property reservationHour
2024-06-27T14:12:59.270-05:00 DEBUG 22344 --- [mindcare-backend] [           main] o.h.boot.model.internal.AnnotatedColumn  : Binding column: AnnotatedJoinColumn(column='schedule_id')
2024-06-27T14:12:59.270-05:00 DEBUG 22344 --- [mindcare-backend] [           main] o.h.boot.model.internal.AnnotatedColumn  : Binding column: AnnotatedColumn()
2024-06-27T14:12:59.270-05:00 DEBUG 22344 --- [mindcare-backend] [           main] o.h.boot.model.internal.PropertyBinder   : Building property schedule
2024-06-27T14:12:59.271-05:00 DEBUG 22344 --- [mindcare-backend] [           main] o.h.b.r.c.i.ClassLoaderServiceImpl       : HHH000194: Package not found or wo package-info.java: pe.edu.upc.mind.care.platform.searchandmatch.domain.model.entities
2024-06-27T14:12:59.271-05:00 DEBUG 22344 --- [mindcare-backend] [           main] e.i.CallbackDefinitionResolverLegacyImpl : Adding touchForUpdate as PreUpdate callback for entity pe.edu.upc.mind.care.platform.searchandmatch.domain.model.entities.Reservation
2024-06-27T14:12:59.271-05:00 DEBUG 22344 --- [mindcare-backend] [           main] e.i.CallbackDefinitionResolverLegacyImpl : Adding touchForUpdate as PreUpdate callback for entity pe.edu.upc.mind.care.platform.searchandmatch.domain.model.entities.Reservation
2024-06-27T14:12:59.271-05:00 DEBUG 22344 --- [mindcare-backend] [           main] e.i.CallbackDefinitionResolverLegacyImpl : Adding touchForCreate as PrePersist callback for entity pe.edu.upc.mind.care.platform.searchandmatch.domain.model.entities.Reservation
2024-06-27T14:12:59.271-05:00 DEBUG 22344 --- [mindcare-backend] [           main] e.i.CallbackDefinitionResolverLegacyImpl : Adding touchForCreate as PrePersist callback for entity pe.edu.upc.mind.care.platform.searchandmatch.domain.model.entities.Reservation
2024-06-27T14:12:59.271-05:00 DEBUG 22344 --- [mindcare-backend] [           main] o.h.boot.model.internal.EntityBinder     : Binding entity from annotated class: pe.edu.upc.mind.care.platform.therapymanagement.domain.model.aggregates.Financial
2024-06-27T14:12:59.271-05:00 DEBUG 22344 --- [mindcare-backend] [           main] o.h.boot.model.internal.EntityBinder     : Import with entity name Financial
2024-06-27T14:12:59.271-05:00 DEBUG 22344 --- [mindcare-backend] [           main] o.h.boot.model.internal.EntityBinder     : Bind entity pe.edu.upc.mind.care.platform.therapymanagement.domain.model.aggregates.Financial on table financial
2024-06-27T14:12:59.272-05:00 DEBUG 22344 --- [mindcare-backend] [           main] o.h.boot.model.internal.AnnotatedColumn  : Binding column: AnnotatedDiscriminatorColumn(column='DTYPE')
2024-06-27T14:12:59.272-05:00 DEBUG 22344 --- [mindcare-backend] [           main] o.h.boot.model.internal.AnnotatedColumn  : Binding column: AnnotatedColumn()
2024-06-27T14:12:59.272-05:00 DEBUG 22344 --- [mindcare-backend] [           main] o.h.boot.internal.ClassLoaderAccessImpl  : Not known whether passed class name [pe.edu.upc.mind.care.platform.therapymanagement.domain.model.aggregates.Financial] is safe
2024-06-27T14:12:59.272-05:00 DEBUG 22344 --- [mindcare-backend] [           main] o.h.boot.internal.ClassLoaderAccessImpl  : No temp ClassLoader provided; using live ClassLoader for loading potentially unsafe class : pe.edu.upc.mind.care.platform.therapymanagement.domain.model.aggregates.Financial
2024-06-27T14:12:59.272-05:00 DEBUG 22344 --- [mindcare-backend] [           main] o.h.boot.model.internal.PropertyBinder   : MetadataSourceProcessor property financial_id with lazy=false
2024-06-27T14:12:59.273-05:00 DEBUG 22344 --- [mindcare-backend] [           main] o.h.b.m.internal.AbstractPropertyHolder  : Attempting to locate auto-apply AttributeConverter for property [pe.edu.upc.mind.care.platform.therapymanagement.domain.model.aggregates.Financial:financial_id]
2024-06-27T14:12:59.273-05:00 DEBUG 22344 --- [mindcare-backend] [           main] o.h.b.model.internal.BasicValueBinder    : building BasicValue for financial_id
2024-06-27T14:12:59.273-05:00 DEBUG 22344 --- [mindcare-backend] [           main] org.hibernate.mapping.BasicValue         : Skipping column re-registration: financial.financial_id
2024-06-27T14:12:59.273-05:00 DEBUG 22344 --- [mindcare-backend] [           main] o.h.boot.model.internal.PropertyBinder   : Building property financial_id
2024-06-27T14:12:59.273-05:00 DEBUG 22344 --- [mindcare-backend] [           main] o.h.boot.model.internal.BinderHelper     : #makeIdGenerator(BasicValue([Column(financial_id)]), financial_id, identity, , ...)
2024-06-27T14:12:59.273-05:00 DEBUG 22344 --- [mindcare-backend] [           main] o.h.boot.model.internal.AnnotatedColumn  : Binding column: AnnotatedColumn()
2024-06-27T14:12:59.273-05:00 DEBUG 22344 --- [mindcare-backend] [           main] o.h.boot.model.internal.PropertyBinder   : MetadataSourceProcessor property patientId with lazy=false
2024-06-27T14:12:59.273-05:00 DEBUG 22344 --- [mindcare-backend] [           main] o.h.b.m.internal.AbstractPropertyHolder  : Attempting to locate auto-apply AttributeConverter for property [pe.edu.upc.mind.care.platform.therapymanagement.domain.model.aggregates.Financial:patientId]
2024-06-27T14:12:59.273-05:00 DEBUG 22344 --- [mindcare-backend] [           main] o.h.b.model.internal.BasicValueBinder    : building BasicValue for patientId
2024-06-27T14:12:59.273-05:00 DEBUG 22344 --- [mindcare-backend] [           main] org.hibernate.mapping.BasicValue         : Skipping column re-registration: financial.patient_id
2024-06-27T14:12:59.273-05:00 DEBUG 22344 --- [mindcare-backend] [           main] o.h.boot.model.internal.PropertyBinder   : Building property patientId
2024-06-27T14:12:59.273-05:00 DEBUG 22344 --- [mindcare-backend] [           main] o.h.boot.model.internal.AnnotatedColumn  : Binding column: AnnotatedJoinColumn()
2024-06-27T14:12:59.273-05:00 DEBUG 22344 --- [mindcare-backend] [           main] o.h.boot.model.internal.AnnotatedColumn  : Binding column: AnnotatedColumn()
2024-06-27T14:12:59.273-05:00 DEBUG 22344 --- [mindcare-backend] [           main] o.h.boot.model.internal.AnnotatedColumn  : Binding column: IndexColumn(column='transactions_ORDER')
2024-06-27T14:12:59.274-05:00 DEBUG 22344 --- [mindcare-backend] [           main] o.h.boot.model.internal.AnnotatedColumn  : Binding column: AnnotatedColumn()
2024-06-27T14:12:59.274-05:00 DEBUG 22344 --- [mindcare-backend] [           main] o.h.boot.model.internal.AnnotatedColumn  : Binding column: AnnotatedColumn(column='transactions_KEY')
2024-06-27T14:12:59.274-05:00 DEBUG 22344 --- [mindcare-backend] [           main] o.h.boot.model.internal.AnnotatedColumn  : Binding column: AnnotatedJoinColumn(column='transactions_KEY')
2024-06-27T14:12:59.274-05:00 DEBUG 22344 --- [mindcare-backend] [           main] o.h.boot.model.internal.AnnotatedColumn  : Binding column: AnnotatedJoinColumn()
2024-06-27T14:12:59.274-05:00 DEBUG 22344 --- [mindcare-backend] [           main] o.h.boot.model.internal.AnnotatedColumn  : Binding column: AnnotatedJoinColumn()
2024-06-27T14:12:59.274-05:00 DEBUG 22344 --- [mindcare-backend] [           main] o.h.b.model.internal.CollectionBinder    : Collection role: pe.edu.upc.mind.care.platform.therapymanagement.domain.model.aggregates.Financial.transactions
2024-06-27T14:12:59.274-05:00 DEBUG 22344 --- [mindcare-backend] [           main] o.h.boot.model.internal.PropertyBinder   : Building property transactions
2024-06-27T14:12:59.275-05:00 DEBUG 22344 --- [mindcare-backend] [           main] o.h.b.r.c.i.ClassLoaderServiceImpl       : HHH000194: Package not found or wo package-info.java: pe.edu.upc.mind.care.platform.therapymanagement.domain.model.aggregates
2024-06-27T14:12:59.275-05:00 DEBUG 22344 --- [mindcare-backend] [           main] o.h.boot.model.internal.EntityBinder     : Binding entity from annotated class: pe.edu.upc.mind.care.platform.therapymanagement.domain.model.entities.Transaction
2024-06-27T14:12:59.276-05:00 DEBUG 22344 --- [mindcare-backend] [           main] o.h.boot.model.internal.EntityBinder     : Import with entity name Transaction
2024-06-27T14:12:59.276-05:00 DEBUG 22344 --- [mindcare-backend] [           main] o.h.boot.model.internal.EntityBinder     : Bind entity pe.edu.upc.mind.care.platform.therapymanagement.domain.model.entities.Transaction on table transaction
2024-06-27T14:12:59.276-05:00 DEBUG 22344 --- [mindcare-backend] [onnection adder] org.postgresql.Driver                    : Connecting with URL: jdbc:postgresql://localhost:5432/mindcare
2024-06-27T14:12:59.276-05:00 DEBUG 22344 --- [mindcare-backend] [onnection adder] org.postgresql.jdbc.PgConnection         : PostgreSQL JDBC Driver 42.6.2
2024-06-27T14:12:59.276-05:00 DEBUG 22344 --- [mindcare-backend] [onnection adder] org.postgresql.jdbc.PgConnection         :   setDefaultFetchSize = 0
2024-06-27T14:12:59.276-05:00 DEBUG 22344 --- [mindcare-backend] [           main] o.h.boot.model.internal.AnnotatedColumn  : Binding column: AnnotatedDiscriminatorColumn(column='DTYPE')
2024-06-27T14:12:59.276-05:00 DEBUG 22344 --- [mindcare-backend] [onnection adder] org.postgresql.jdbc.PgConnection         :   setPrepareThreshold = 5
2024-06-27T14:12:59.276-05:00 DEBUG 22344 --- [mindcare-backend] [onnection adder] o.p.core.v3.ConnectionFactoryImpl        : Trying to establish a protocol version 3 connection to localhost:5432
2024-06-27T14:12:59.277-05:00 DEBUG 22344 --- [mindcare-backend] [onnection adder] o.p.core.v3.ConnectionFactoryImpl        : Receive Buffer Size is 65,536
2024-06-27T14:12:59.277-05:00 DEBUG 22344 --- [mindcare-backend] [onnection adder] o.p.core.v3.ConnectionFactoryImpl        : Send Buffer Size is 65,536
2024-06-27T14:12:59.280-05:00 DEBUG 22344 --- [mindcare-backend] [           main] o.h.boot.model.internal.AnnotatedColumn  : Binding column: AnnotatedColumn()
2024-06-27T14:12:59.280-05:00 DEBUG 22344 --- [mindcare-backend] [           main] o.h.boot.internal.ClassLoaderAccessImpl  : Not known whether passed class name [pe.edu.upc.mind.care.platform.therapymanagement.domain.model.entities.Transaction] is safe
2024-06-27T14:12:59.280-05:00 DEBUG 22344 --- [mindcare-backend] [           main] o.h.boot.internal.ClassLoaderAccessImpl  : No temp ClassLoader provided; using live ClassLoader for loading potentially unsafe class : pe.edu.upc.mind.care.platform.therapymanagement.domain.model.entities.Transaction
2024-06-27T14:12:59.280-05:00 DEBUG 22344 --- [mindcare-backend] [           main] o.h.boot.model.internal.PropertyBinder   : MetadataSourceProcessor property id with lazy=false
2024-06-27T14:12:59.280-05:00 DEBUG 22344 --- [mindcare-backend] [           main] o.h.b.m.internal.AbstractPropertyHolder  : Attempting to locate auto-apply AttributeConverter for property [pe.edu.upc.mind.care.platform.therapymanagement.domain.model.entities.Transaction:id]
2024-06-27T14:12:59.280-05:00 DEBUG 22344 --- [mindcare-backend] [           main] o.h.b.model.internal.BasicValueBinder    : building BasicValue for id
2024-06-27T14:12:59.280-05:00 DEBUG 22344 --- [mindcare-backend] [           main] org.hibernate.mapping.BasicValue         : Skipping column re-registration: transaction.id
2024-06-27T14:12:59.280-05:00 DEBUG 22344 --- [mindcare-backend] [           main] o.h.boot.model.internal.PropertyBinder   : Building property id
2024-06-27T14:12:59.280-05:00 DEBUG 22344 --- [mindcare-backend] [           main] o.h.boot.model.internal.BinderHelper     : #makeIdGenerator(BasicValue([Column(id)]), id, identity, , ...)
2024-06-27T14:12:59.280-05:00 DEBUG 22344 --- [mindcare-backend] [           main] o.h.boot.model.internal.AnnotatedColumn  : Binding column: AnnotatedColumn()
2024-06-27T14:12:59.282-05:00 DEBUG 22344 --- [mindcare-backend] [           main] o.h.boot.model.internal.PropertyBinder   : MetadataSourceProcessor property createdAt with lazy=false
2024-06-27T14:12:59.282-05:00 DEBUG 22344 --- [mindcare-backend] [           main] o.h.b.m.internal.AbstractPropertyHolder  : Attempting to locate auto-apply AttributeConverter for property [pe.edu.upc.mind.care.platform.therapymanagement.domain.model.entities.Transaction:createdAt]
2024-06-27T14:12:59.282-05:00 DEBUG 22344 --- [mindcare-backend] [           main] o.h.b.model.internal.BasicValueBinder    : building BasicValue for createdAt
2024-06-27T14:12:59.282-05:00 DEBUG 22344 --- [mindcare-backend] [           main] org.hibernate.mapping.BasicValue         : Skipping column re-registration: transaction.created_at
2024-06-27T14:12:59.282-05:00 DEBUG 22344 --- [mindcare-backend] [           main] o.h.boot.model.internal.PropertyBinder   : Building property createdAt
2024-06-27T14:12:59.282-05:00 DEBUG 22344 --- [mindcare-backend] [           main] o.h.boot.model.internal.AnnotatedColumn  : Binding column: AnnotatedColumn()
2024-06-27T14:12:59.282-05:00 DEBUG 22344 --- [mindcare-backend] [           main] o.h.boot.model.internal.PropertyBinder   : MetadataSourceProcessor property updatedAt with lazy=false
2024-06-27T14:12:59.282-05:00 DEBUG 22344 --- [mindcare-backend] [           main] o.h.b.m.internal.AbstractPropertyHolder  : Attempting to locate auto-apply AttributeConverter for property [pe.edu.upc.mind.care.platform.therapymanagement.domain.model.entities.Transaction:updatedAt]
2024-06-27T14:12:59.282-05:00 DEBUG 22344 --- [mindcare-backend] [           main] o.h.b.model.internal.BasicValueBinder    : building BasicValue for updatedAt
2024-06-27T14:12:59.282-05:00 DEBUG 22344 --- [mindcare-backend] [           main] org.hibernate.mapping.BasicValue         : Skipping column re-registration: transaction.updated_at
2024-06-27T14:12:59.282-05:00 DEBUG 22344 --- [mindcare-backend] [           main] o.h.boot.model.internal.PropertyBinder   : Building property updatedAt
2024-06-27T14:12:59.282-05:00 DEBUG 22344 --- [mindcare-backend] [           main] o.h.boot.model.internal.AnnotatedColumn  : Binding column: AnnotatedColumn()
2024-06-27T14:12:59.282-05:00 DEBUG 22344 --- [mindcare-backend] [           main] o.h.boot.model.internal.PropertyBinder   : MetadataSourceProcessor property amount with lazy=false
2024-06-27T14:12:59.282-05:00 DEBUG 22344 --- [mindcare-backend] [           main] o.h.b.m.internal.AbstractPropertyHolder  : Attempting to locate auto-apply AttributeConverter for property [pe.edu.upc.mind.care.platform.therapymanagement.domain.model.entities.Transaction:amount]
2024-06-27T14:12:59.282-05:00 DEBUG 22344 --- [mindcare-backend] [           main] o.h.b.model.internal.BasicValueBinder    : building BasicValue for amount
2024-06-27T14:12:59.282-05:00 DEBUG 22344 --- [mindcare-backend] [           main] org.hibernate.mapping.BasicValue         : Skipping column re-registration: transaction.amount
2024-06-27T14:12:59.282-05:00 DEBUG 22344 --- [mindcare-backend] [           main] o.h.boot.model.internal.PropertyBinder   : Building property amount
2024-06-27T14:12:59.282-05:00 DEBUG 22344 --- [mindcare-backend] [           main] o.h.boot.model.internal.AnnotatedColumn  : Binding column: AnnotatedJoinColumn(column='financial_id')
2024-06-27T14:12:59.282-05:00 DEBUG 22344 --- [mindcare-backend] [           main] o.h.boot.model.internal.AnnotatedColumn  : Binding column: AnnotatedColumn()
2024-06-27T14:12:59.282-05:00 DEBUG 22344 --- [mindcare-backend] [           main] o.h.boot.model.internal.PropertyBinder   : Building property financial
2024-06-27T14:12:59.282-05:00 DEBUG 22344 --- [mindcare-backend] [           main] o.h.boot.model.internal.AnnotatedColumn  : Binding column: AnnotatedColumn()
2024-06-27T14:12:59.284-05:00 DEBUG 22344 --- [mindcare-backend] [           main] o.h.boot.model.internal.AnnotatedColumn  : Binding column: AnnotatedColumn()
2024-06-27T14:12:59.284-05:00 DEBUG 22344 --- [mindcare-backend] [           main] o.h.boot.model.internal.PropertyBinder   : MetadataSourceProcessor property patientId with lazy=false
2024-06-27T14:12:59.284-05:00 DEBUG 22344 --- [mindcare-backend] [           main] o.h.b.m.internal.AbstractPropertyHolder  : Attempting to locate auto-apply AttributeConverter for property [pe.edu.upc.mind.care.platform.therapymanagement.domain.model.entities.Transaction.patientId:patientId]
2024-06-27T14:12:59.284-05:00 DEBUG 22344 --- [mindcare-backend] [           main] o.h.b.model.internal.BasicValueBinder    : building BasicValue for patientId
2024-06-27T14:12:59.284-05:00 DEBUG 22344 --- [mindcare-backend] [           main] org.hibernate.mapping.BasicValue         : Skipping column re-registration: transaction.patient_id
2024-06-27T14:12:59.284-05:00 DEBUG 22344 --- [mindcare-backend] [           main] o.h.boot.model.internal.PropertyBinder   : Building property patientId
2024-06-27T14:12:59.284-05:00 DEBUG 22344 --- [mindcare-backend] [           main] o.h.boot.model.internal.PropertyBinder   : Building property patientId
2024-06-27T14:12:59.284-05:00 DEBUG 22344 --- [mindcare-backend] [           main] o.h.boot.model.internal.AnnotatedColumn  : Binding column: AnnotatedColumn()
2024-06-27T14:12:59.284-05:00 DEBUG 22344 --- [mindcare-backend] [           main] o.h.boot.model.internal.AnnotatedColumn  : Binding column: AnnotatedColumn()
2024-06-27T14:12:59.284-05:00 DEBUG 22344 --- [mindcare-backend] [           main] o.h.boot.model.internal.PropertyBinder   : MetadataSourceProcessor property pyschologistId with lazy=false
2024-06-27T14:12:59.284-05:00 DEBUG 22344 --- [mindcare-backend] [           main] o.h.b.m.internal.AbstractPropertyHolder  : Attempting to locate auto-apply AttributeConverter for property [pe.edu.upc.mind.care.platform.therapymanagement.domain.model.entities.Transaction.pyschologistId:pyschologistId]
2024-06-27T14:12:59.284-05:00 DEBUG 22344 --- [mindcare-backend] [           main] o.h.b.model.internal.BasicValueBinder    : building BasicValue for pyschologistId
2024-06-27T14:12:59.284-05:00 DEBUG 22344 --- [mindcare-backend] [           main] org.hibernate.mapping.BasicValue         : Skipping column re-registration: transaction.pyschologist_id
2024-06-27T14:12:59.284-05:00 DEBUG 22344 --- [mindcare-backend] [           main] o.h.boot.model.internal.PropertyBinder   : Building property pyschologistId
2024-06-27T14:12:59.284-05:00 DEBUG 22344 --- [mindcare-backend] [           main] o.h.boot.model.internal.PropertyBinder   : Building property pyschologistId
2024-06-27T14:12:59.284-05:00 DEBUG 22344 --- [mindcare-backend] [           main] o.h.boot.model.internal.AnnotatedColumn  : Binding column: AnnotatedColumn()
2024-06-27T14:12:59.285-05:00 DEBUG 22344 --- [mindcare-backend] [           main] o.h.boot.model.internal.AnnotatedColumn  : Binding column: AnnotatedColumn()
2024-06-27T14:12:59.285-05:00 DEBUG 22344 --- [mindcare-backend] [           main] o.h.boot.model.internal.PropertyBinder   : MetadataSourceProcessor property reservationId with lazy=false
2024-06-27T14:12:59.285-05:00 DEBUG 22344 --- [mindcare-backend] [           main] o.h.b.m.internal.AbstractPropertyHolder  : Attempting to locate auto-apply AttributeConverter for property [pe.edu.upc.mind.care.platform.therapymanagement.domain.model.entities.Transaction.reservationId:reservationId]
2024-06-27T14:12:59.285-05:00 DEBUG 22344 --- [mindcare-backend] [           main] o.h.b.model.internal.BasicValueBinder    : building BasicValue for reservationId
2024-06-27T14:12:59.285-05:00 DEBUG 22344 --- [mindcare-backend] [           main] org.hibernate.mapping.BasicValue         : Skipping column re-registration: transaction.reservation_id
2024-06-27T14:12:59.285-05:00 DEBUG 22344 --- [mindcare-backend] [           main] o.h.boot.model.internal.PropertyBinder   : Building property reservationId
2024-06-27T14:12:59.285-05:00 DEBUG 22344 --- [mindcare-backend] [           main] o.h.boot.model.internal.PropertyBinder   : Building property reservationId
2024-06-27T14:12:59.286-05:00 DEBUG 22344 --- [mindcare-backend] [           main] o.h.b.r.c.i.ClassLoaderServiceImpl       : HHH000194: Package not found or wo package-info.java: pe.edu.upc.mind.care.platform.therapymanagement.domain.model.entities
2024-06-27T14:12:59.286-05:00 DEBUG 22344 --- [mindcare-backend] [           main] e.i.CallbackDefinitionResolverLegacyImpl : Adding touchForUpdate as PreUpdate callback for entity pe.edu.upc.mind.care.platform.therapymanagement.domain.model.entities.Transaction
2024-06-27T14:12:59.287-05:00 DEBUG 22344 --- [mindcare-backend] [           main] e.i.CallbackDefinitionResolverLegacyImpl : Adding touchForCreate as PrePersist callback for entity pe.edu.upc.mind.care.platform.therapymanagement.domain.model.entities.Transaction
2024-06-27T14:12:59.287-05:00 DEBUG 22344 --- [mindcare-backend] [           main] o.h.boot.model.internal.EntityBinder     : Binding entity from annotated class: org.springframework.modulith.events.jpa.JpaEventPublication
2024-06-27T14:12:59.287-05:00 DEBUG 22344 --- [mindcare-backend] [           main] o.h.boot.model.internal.EntityBinder     : Import with entity name JpaEventPublication
2024-06-27T14:12:59.287-05:00 DEBUG 22344 --- [mindcare-backend] [           main] o.h.boot.model.internal.EntityBinder     : Bind entity org.springframework.modulith.events.jpa.JpaEventPublication on table event_publication
2024-06-27T14:12:59.287-05:00 DEBUG 22344 --- [mindcare-backend] [           main] o.h.boot.model.internal.AnnotatedColumn  : Binding column: AnnotatedDiscriminatorColumn(column='DTYPE')
2024-06-27T14:12:59.288-05:00 DEBUG 22344 --- [mindcare-backend] [           main] o.h.boot.model.internal.AnnotatedColumn  : Binding column: AnnotatedColumn()
2024-06-27T14:12:59.288-05:00 DEBUG 22344 --- [mindcare-backend] [           main] o.h.boot.internal.ClassLoaderAccessImpl  : Not known whether passed class name [org.springframework.modulith.events.jpa.JpaEventPublication] is safe
2024-06-27T14:12:59.288-05:00 DEBUG 22344 --- [mindcare-backend] [           main] o.h.boot.internal.ClassLoaderAccessImpl  : No temp ClassLoader provided; using live ClassLoader for loading potentially unsafe class : org.springframework.modulith.events.jpa.JpaEventPublication
2024-06-27T14:12:59.288-05:00 DEBUG 22344 --- [mindcare-backend] [           main] o.h.boot.model.internal.PropertyBinder   : MetadataSourceProcessor property id with lazy=false
2024-06-27T14:12:59.288-05:00 DEBUG 22344 --- [mindcare-backend] [           main] o.h.b.m.internal.AbstractPropertyHolder  : Attempting to locate auto-apply AttributeConverter for property [org.springframework.modulith.events.jpa.JpaEventPublication:id]
2024-06-27T14:12:59.288-05:00 DEBUG 22344 --- [mindcare-backend] [           main] o.h.b.model.internal.BasicValueBinder    : building BasicValue for id
2024-06-27T14:12:59.288-05:00 DEBUG 22344 --- [mindcare-backend] [           main] org.hibernate.mapping.BasicValue         : Skipping column re-registration: event_publication.id
2024-06-27T14:12:59.288-05:00 DEBUG 22344 --- [mindcare-backend] [           main] o.h.boot.model.internal.PropertyBinder   : Building property id
2024-06-27T14:12:59.288-05:00 DEBUG 22344 --- [mindcare-backend] [           main] o.h.boot.model.internal.BinderHelper     : #makeIdGenerator(BasicValue([Column(id)]), id, assigned, , ...)
2024-06-27T14:12:59.288-05:00 DEBUG 22344 --- [mindcare-backend] [           main] o.h.boot.model.internal.AnnotatedColumn  : Binding column: AnnotatedColumn()
2024-06-27T14:12:59.288-05:00 DEBUG 22344 --- [mindcare-backend] [           main] o.h.boot.model.internal.PropertyBinder   : MetadataSourceProcessor property completionDate with lazy=false
2024-06-27T14:12:59.288-05:00 DEBUG 22344 --- [mindcare-backend] [           main] o.h.b.m.internal.AbstractPropertyHolder  : Attempting to locate auto-apply AttributeConverter for property [org.springframework.modulith.events.jpa.JpaEventPublication:completionDate]
2024-06-27T14:12:59.288-05:00 DEBUG 22344 --- [mindcare-backend] [           main] o.h.b.model.internal.BasicValueBinder    : building BasicValue for completionDate
2024-06-27T14:12:59.288-05:00 DEBUG 22344 --- [mindcare-backend] [           main] org.hibernate.mapping.BasicValue         : Skipping column re-registration: event_publication.completion_date
2024-06-27T14:12:59.288-05:00 DEBUG 22344 --- [mindcare-backend] [           main] o.h.boot.model.internal.PropertyBinder   : Building property completionDate
2024-06-27T14:12:59.288-05:00 DEBUG 22344 --- [mindcare-backend] [           main] o.h.boot.model.internal.AnnotatedColumn  : Binding column: AnnotatedColumn()
2024-06-27T14:12:59.288-05:00 DEBUG 22344 --- [mindcare-backend] [           main] o.h.boot.model.internal.PropertyBinder   : MetadataSourceProcessor property eventType with lazy=false
2024-06-27T14:12:59.288-05:00 DEBUG 22344 --- [mindcare-backend] [           main] o.h.b.m.internal.AbstractPropertyHolder  : Attempting to locate auto-apply AttributeConverter for property [org.springframework.modulith.events.jpa.JpaEventPublication:eventType]
2024-06-27T14:12:59.291-05:00 DEBUG 22344 --- [mindcare-backend] [           main] o.h.b.model.internal.BasicValueBinder    : building BasicValue for eventType
2024-06-27T14:12:59.291-05:00 DEBUG 22344 --- [mindcare-backend] [           main] org.hibernate.mapping.BasicValue         : Skipping column re-registration: event_publication.event_type
2024-06-27T14:12:59.291-05:00 DEBUG 22344 --- [mindcare-backend] [           main] o.h.boot.model.internal.PropertyBinder   : Building property eventType
2024-06-27T14:12:59.291-05:00 DEBUG 22344 --- [mindcare-backend] [           main] o.h.boot.model.internal.AnnotatedColumn  : Binding column: AnnotatedColumn()
2024-06-27T14:12:59.291-05:00 DEBUG 22344 --- [mindcare-backend] [           main] o.h.boot.model.internal.PropertyBinder   : MetadataSourceProcessor property listenerId with lazy=false
2024-06-27T14:12:59.291-05:00 DEBUG 22344 --- [mindcare-backend] [           main] o.h.b.m.internal.AbstractPropertyHolder  : Attempting to locate auto-apply AttributeConverter for property [org.springframework.modulith.events.jpa.JpaEventPublication:listenerId]
2024-06-27T14:12:59.291-05:00 DEBUG 22344 --- [mindcare-backend] [           main] o.h.b.model.internal.BasicValueBinder    : building BasicValue for listenerId
2024-06-27T14:12:59.291-05:00 DEBUG 22344 --- [mindcare-backend] [           main] org.hibernate.mapping.BasicValue         : Skipping column re-registration: event_publication.listener_id
2024-06-27T14:12:59.291-05:00 DEBUG 22344 --- [mindcare-backend] [           main] o.h.boot.model.internal.PropertyBinder   : Building property listenerId
2024-06-27T14:12:59.291-05:00 DEBUG 22344 --- [mindcare-backend] [           main] o.h.boot.model.internal.AnnotatedColumn  : Binding column: AnnotatedColumn()
2024-06-27T14:12:59.291-05:00 DEBUG 22344 --- [mindcare-backend] [           main] o.h.boot.model.internal.PropertyBinder   : MetadataSourceProcessor property publicationDate with lazy=false
2024-06-27T14:12:59.291-05:00 DEBUG 22344 --- [mindcare-backend] [           main] o.h.b.m.internal.AbstractPropertyHolder  : Attempting to locate auto-apply AttributeConverter for property [org.springframework.modulith.events.jpa.JpaEventPublication:publicationDate]
2024-06-27T14:12:59.291-05:00 DEBUG 22344 --- [mindcare-backend] [           main] o.h.b.model.internal.BasicValueBinder    : building BasicValue for publicationDate
2024-06-27T14:12:59.291-05:00 DEBUG 22344 --- [mindcare-backend] [           main] org.hibernate.mapping.BasicValue         : Skipping column re-registration: event_publication.publication_date
2024-06-27T14:12:59.292-05:00 DEBUG 22344 --- [mindcare-backend] [           main] o.h.boot.model.internal.PropertyBinder   : Building property publicationDate
2024-06-27T14:12:59.292-05:00 DEBUG 22344 --- [mindcare-backend] [           main] o.h.boot.model.internal.AnnotatedColumn  : Binding column: AnnotatedColumn()
2024-06-27T14:12:59.292-05:00 DEBUG 22344 --- [mindcare-backend] [           main] o.h.boot.model.internal.PropertyBinder   : MetadataSourceProcessor property serializedEvent with lazy=false
2024-06-27T14:12:59.292-05:00 DEBUG 22344 --- [mindcare-backend] [           main] o.h.b.m.internal.AbstractPropertyHolder  : Attempting to locate auto-apply AttributeConverter for property [org.springframework.modulith.events.jpa.JpaEventPublication:serializedEvent]
2024-06-27T14:12:59.292-05:00 DEBUG 22344 --- [mindcare-backend] [           main] o.h.b.model.internal.BasicValueBinder    : building BasicValue for serializedEvent
2024-06-27T14:12:59.292-05:00 DEBUG 22344 --- [mindcare-backend] [           main] org.hibernate.mapping.BasicValue         : Skipping column re-registration: event_publication.serialized_event
2024-06-27T14:12:59.292-05:00 DEBUG 22344 --- [mindcare-backend] [           main] o.h.boot.model.internal.PropertyBinder   : Building property serializedEvent
2024-06-27T14:12:59.292-05:00 DEBUG 22344 --- [mindcare-backend] [           main] o.h.b.model.internal.BasicValueBinder    : Starting `BasicValueBinder#fillSimpleValue` for id
2024-06-27T14:12:59.300-05:00 DEBUG 22344 --- [mindcare-backend] [           main] o.h.b.model.internal.BasicValueBinder    : Starting `BasicValueBinder#fillSimpleValue` for date
2024-06-27T14:12:59.300-05:00 DEBUG 22344 --- [mindcare-backend] [           main] o.h.b.model.internal.BasicValueBinder    : Starting `BasicValueBinder#fillSimpleValue` for description
2024-06-27T14:12:59.300-05:00 DEBUG 22344 --- [mindcare-backend] [           main] o.h.b.model.internal.BasicValueBinder    : Starting `BasicValueBinder#fillSimpleValue` for hour
2024-06-27T14:12:59.300-05:00 DEBUG 22344 --- [mindcare-backend] [           main] o.h.b.model.internal.BasicValueBinder    : Starting `BasicValueBinder#fillSimpleValue` for patientId
2024-06-27T14:12:59.300-05:00 DEBUG 22344 --- [mindcare-backend] [           main] o.h.b.model.internal.BasicValueBinder    : Starting `BasicValueBinder#fillSimpleValue` for psychologistId
2024-06-27T14:12:59.300-05:00 DEBUG 22344 --- [mindcare-backend] [           main] o.h.b.model.internal.BasicValueBinder    : Starting `BasicValueBinder#fillSimpleValue` for title
2024-06-27T14:12:59.300-05:00 DEBUG 22344 --- [mindcare-backend] [           main] o.h.b.model.internal.BasicValueBinder    : Starting `BasicValueBinder#fillSimpleValue` for type
2024-06-27T14:12:59.304-05:00 DEBUG 22344 --- [mindcare-backend] [onnection adder] com.zaxxer.hikari.pool.HikariPool        : HikariPool-1 - Added connection org.postgresql.jdbc.PgConnection@1a1b5ca8
2024-06-27T14:12:59.307-05:00 DEBUG 22344 --- [mindcare-backend] [           main] o.h.b.model.internal.BasicValueBinder    : Starting `BasicValueBinder#fillSimpleValue` for id
2024-06-27T14:12:59.307-05:00 DEBUG 22344 --- [mindcare-backend] [           main] o.h.b.model.internal.BasicValueBinder    : Starting `BasicValueBinder#fillSimpleValue` for createdAt
2024-06-27T14:12:59.307-05:00 DEBUG 22344 --- [mindcare-backend] [           main] o.h.b.model.internal.BasicValueBinder    : Starting `BasicValueBinder#fillSimpleValue` for updatedAt
2024-06-27T14:12:59.307-05:00 DEBUG 22344 --- [mindcare-backend] [           main] o.h.b.model.internal.BasicValueBinder    : Starting `BasicValueBinder#fillSimpleValue` for password
2024-06-27T14:12:59.307-05:00 DEBUG 22344 --- [mindcare-backend] [           main] o.h.b.model.internal.BasicValueBinder    : Starting `BasicValueBinder#fillSimpleValue` for username
2024-06-27T14:12:59.307-05:00 DEBUG 22344 --- [mindcare-backend] [           main] o.h.b.model.internal.BasicValueBinder    : Starting `BasicValueBinder#fillSimpleValue` for id
2024-06-27T14:12:59.307-05:00 DEBUG 22344 --- [mindcare-backend] [           main] o.h.b.model.internal.BasicValueBinder    : Starting `BasicValueBinder#fillSimpleValue` for name
2024-06-27T14:12:59.307-05:00 DEBUG 22344 --- [mindcare-backend] [           main] o.h.b.model.internal.BasicValueBinder    : Starting `BasicValueBinder#fillSimpleValue` for id
2024-06-27T14:12:59.307-05:00 DEBUG 22344 --- [mindcare-backend] [           main] o.h.b.model.internal.BasicValueBinder    : Starting `BasicValueBinder#fillSimpleValue` for id
2024-06-27T14:12:59.307-05:00 DEBUG 22344 --- [mindcare-backend] [           main] o.h.b.model.internal.BasicValueBinder    : Starting `BasicValueBinder#fillSimpleValue` for createdAt
2024-06-27T14:12:59.307-05:00 DEBUG 22344 --- [mindcare-backend] [           main] o.h.b.model.internal.BasicValueBinder    : Starting `BasicValueBinder#fillSimpleValue` for id
2024-06-27T14:12:59.307-05:00 DEBUG 22344 --- [mindcare-backend] [           main] o.h.b.model.internal.BasicValueBinder    : Starting `BasicValueBinder#fillSimpleValue` for id
2024-06-27T14:12:59.307-05:00 DEBUG 22344 --- [mindcare-backend] [           main] o.h.b.model.internal.BasicValueBinder    : Starting `BasicValueBinder#fillSimpleValue` for updatedAt
2024-06-27T14:12:59.307-05:00 DEBUG 22344 --- [mindcare-backend] [           main] o.h.b.model.internal.BasicValueBinder    : Starting `BasicValueBinder#fillSimpleValue` for id
2024-06-27T14:12:59.307-05:00 DEBUG 22344 --- [mindcare-backend] [           main] o.h.b.model.internal.BasicValueBinder    : Starting `BasicValueBinder#fillSimpleValue` for createdAt
2024-06-27T14:12:59.307-05:00 DEBUG 22344 --- [mindcare-backend] [           main] o.h.b.model.internal.BasicValueBinder    : Starting `BasicValueBinder#fillSimpleValue` for updatedAt
2024-06-27T14:12:59.307-05:00 DEBUG 22344 --- [mindcare-backend] [           main] o.h.b.model.internal.BasicValueBinder    : Starting `BasicValueBinder#fillSimpleValue` for content
2024-06-27T14:12:59.307-05:00 DEBUG 22344 --- [mindcare-backend] [           main] o.h.b.model.internal.BasicValueBinder    : Starting `BasicValueBinder#fillSimpleValue` for id
2024-06-27T14:12:59.307-05:00 DEBUG 22344 --- [mindcare-backend] [           main] o.h.b.model.internal.BasicValueBinder    : Starting `BasicValueBinder#fillSimpleValue` for createdAt
2024-06-27T14:12:59.307-05:00 DEBUG 22344 --- [mindcare-backend] [           main] o.h.b.model.internal.BasicValueBinder    : Starting `BasicValueBinder#fillSimpleValue` for updatedAt
2024-06-27T14:12:59.307-05:00 DEBUG 22344 --- [mindcare-backend] [           main] o.h.b.model.internal.BasicValueBinder    : Starting `BasicValueBinder#fillSimpleValue` for finishedHour
2024-06-27T14:12:59.307-05:00 DEBUG 22344 --- [mindcare-backend] [           main] o.h.b.model.internal.BasicValueBinder    : Starting `BasicValueBinder#fillSimpleValue` for psychologistId
2024-06-27T14:12:59.307-05:00 DEBUG 22344 --- [mindcare-backend] [           main] o.h.b.model.internal.BasicValueBinder    : Starting `BasicValueBinder#fillSimpleValue` for startedHour
2024-06-27T14:12:59.307-05:00 DEBUG 22344 --- [mindcare-backend] [           main] o.h.b.model.internal.BasicValueBinder    : Starting `BasicValueBinder#fillSimpleValue` for id
2024-06-27T14:12:59.307-05:00 DEBUG 22344 --- [mindcare-backend] [           main] o.h.b.model.internal.BasicValueBinder    : Starting `BasicValueBinder#fillSimpleValue` for createdAt
2024-06-27T14:12:59.307-05:00 DEBUG 22344 --- [mindcare-backend] [           main] o.h.b.model.internal.BasicValueBinder    : Starting `BasicValueBinder#fillSimpleValue` for updatedAt
2024-06-27T14:12:59.307-05:00 DEBUG 22344 --- [mindcare-backend] [           main] o.h.b.model.internal.BasicValueBinder    : Starting `BasicValueBinder#fillSimpleValue` for patientId
2024-06-27T14:12:59.307-05:00 DEBUG 22344 --- [mindcare-backend] [           main] o.h.b.model.internal.BasicValueBinder    : Starting `BasicValueBinder#fillSimpleValue` for psychologistId
2024-06-27T14:12:59.307-05:00 DEBUG 22344 --- [mindcare-backend] [           main] o.h.b.model.internal.BasicValueBinder    : Starting `BasicValueBinder#fillSimpleValue` for reservationDate
2024-06-27T14:12:59.307-05:00 DEBUG 22344 --- [mindcare-backend] [           main] o.h.b.model.internal.BasicValueBinder    : Starting `BasicValueBinder#fillSimpleValue` for reservationHour
2024-06-27T14:12:59.307-05:00 DEBUG 22344 --- [mindcare-backend] [           main] o.h.b.model.internal.BasicValueBinder    : Starting `BasicValueBinder#fillSimpleValue` for financial_id
2024-06-27T14:12:59.307-05:00 DEBUG 22344 --- [mindcare-backend] [           main] o.h.b.model.internal.BasicValueBinder    : Starting `BasicValueBinder#fillSimpleValue` for patientId
2024-06-27T14:12:59.307-05:00 DEBUG 22344 --- [mindcare-backend] [           main] o.h.b.model.internal.BasicValueBinder    : Starting `BasicValueBinder#fillSimpleValue` for id
2024-06-27T14:12:59.307-05:00 DEBUG 22344 --- [mindcare-backend] [           main] o.h.b.model.internal.BasicValueBinder    : Starting `BasicValueBinder#fillSimpleValue` for createdAt
2024-06-27T14:12:59.307-05:00 DEBUG 22344 --- [mindcare-backend] [           main] o.h.b.model.internal.BasicValueBinder    : Starting `BasicValueBinder#fillSimpleValue` for updatedAt
2024-06-27T14:12:59.307-05:00 DEBUG 22344 --- [mindcare-backend] [           main] o.h.b.model.internal.BasicValueBinder    : Starting `BasicValueBinder#fillSimpleValue` for amount
2024-06-27T14:12:59.307-05:00 DEBUG 22344 --- [mindcare-backend] [           main] o.h.b.model.internal.BasicValueBinder    : Starting `BasicValueBinder#fillSimpleValue` for patientId
2024-06-27T14:12:59.307-05:00 DEBUG 22344 --- [mindcare-backend] [           main] o.h.b.model.internal.BasicValueBinder    : Starting `BasicValueBinder#fillSimpleValue` for pyschologistId
2024-06-27T14:12:59.307-05:00 DEBUG 22344 --- [mindcare-backend] [           main] o.h.b.model.internal.BasicValueBinder    : Starting `BasicValueBinder#fillSimpleValue` for reservationId
2024-06-27T14:12:59.307-05:00 DEBUG 22344 --- [mindcare-backend] [           main] o.h.b.model.internal.BasicValueBinder    : Starting `BasicValueBinder#fillSimpleValue` for id
2024-06-27T14:12:59.307-05:00 DEBUG 22344 --- [mindcare-backend] [           main] o.h.b.model.internal.BasicValueBinder    : Starting `BasicValueBinder#fillSimpleValue` for completionDate
2024-06-27T14:12:59.307-05:00 DEBUG 22344 --- [mindcare-backend] [           main] o.h.b.model.internal.BasicValueBinder    : Starting `BasicValueBinder#fillSimpleValue` for eventType
2024-06-27T14:12:59.307-05:00 DEBUG 22344 --- [mindcare-backend] [           main] o.h.b.model.internal.BasicValueBinder    : Starting `BasicValueBinder#fillSimpleValue` for listenerId
2024-06-27T14:12:59.307-05:00 DEBUG 22344 --- [mindcare-backend] [           main] o.h.b.model.internal.BasicValueBinder    : Starting `BasicValueBinder#fillSimpleValue` for publicationDate
2024-06-27T14:12:59.307-05:00 DEBUG 22344 --- [mindcare-backend] [           main] o.h.b.model.internal.BasicValueBinder    : Starting `BasicValueBinder#fillSimpleValue` for serializedEvent
2024-06-27T14:12:59.321-05:00 DEBUG 22344 --- [mindcare-backend] [           main] org.hibernate.mapping.PrimaryKey         : Forcing column [id] to be non-null as it is part of the primary key for table [appointment]
2024-06-27T14:12:59.321-05:00 DEBUG 22344 --- [mindcare-backend] [           main] org.hibernate.mapping.PrimaryKey         : Forcing column [id] to be non-null as it is part of the primary key for table [user]
2024-06-27T14:12:59.321-05:00 DEBUG 22344 --- [mindcare-backend] [           main] org.hibernate.mapping.PrimaryKey         : Forcing column [id] to be non-null as it is part of the primary key for table [role]
2024-06-27T14:12:59.321-05:00 DEBUG 22344 --- [mindcare-backend] [           main] org.hibernate.mapping.PrimaryKey         : Forcing column [id] to be non-null as it is part of the primary key for table [appointment_note]
2024-06-27T14:12:59.321-05:00 DEBUG 22344 --- [mindcare-backend] [           main] org.hibernate.mapping.PrimaryKey         : Forcing column [id] to be non-null as it is part of the primary key for table [note]
2024-06-27T14:12:59.321-05:00 DEBUG 22344 --- [mindcare-backend] [           main] org.hibernate.mapping.PrimaryKey         : Forcing column [id] to be non-null as it is part of the primary key for table [schedule]
2024-06-27T14:12:59.321-05:00 DEBUG 22344 --- [mindcare-backend] [           main] org.hibernate.mapping.PrimaryKey         : Forcing column [id] to be non-null as it is part of the primary key for table [reservation]
2024-06-27T14:12:59.321-05:00 DEBUG 22344 --- [mindcare-backend] [           main] org.hibernate.mapping.PrimaryKey         : Forcing column [financial_id] to be non-null as it is part of the primary key for table [financial]
2024-06-27T14:12:59.321-05:00 DEBUG 22344 --- [mindcare-backend] [           main] org.hibernate.mapping.PrimaryKey         : Forcing column [id] to be non-null as it is part of the primary key for table [transaction]
2024-06-27T14:12:59.321-05:00 DEBUG 22344 --- [mindcare-backend] [           main] org.hibernate.mapping.PrimaryKey         : Forcing column [id] to be non-null as it is part of the primary key for table [event_publication]
2024-06-27T14:12:59.321-05:00 DEBUG 22344 --- [mindcare-backend] [           main] o.h.b.m.internal.CollectionSecondPass    : Second pass for collection: pe.edu.upc.mind.care.platform.iam.domain.model.aggregates.User.roles
2024-06-27T14:12:59.321-05:00 DEBUG 22344 --- [mindcare-backend] [           main] o.h.b.model.internal.CollectionBinder    : Binding a ManyToMany: pe.edu.upc.mind.care.platform.iam.domain.model.aggregates.User.roles
2024-06-27T14:12:59.323-05:00 DEBUG 22344 --- [mindcare-backend] [onnection adder] org.postgresql.Driver                    : Connecting with URL: jdbc:postgresql://localhost:5432/mindcare
2024-06-27T14:12:59.323-05:00 DEBUG 22344 --- [mindcare-backend] [onnection adder] org.postgresql.jdbc.PgConnection         : PostgreSQL JDBC Driver 42.6.2
2024-06-27T14:12:59.323-05:00 DEBUG 22344 --- [mindcare-backend] [onnection adder] org.postgresql.jdbc.PgConnection         :   setDefaultFetchSize = 0
2024-06-27T14:12:59.323-05:00 DEBUG 22344 --- [mindcare-backend] [onnection adder] org.postgresql.jdbc.PgConnection         :   setPrepareThreshold = 5
2024-06-27T14:12:59.323-05:00 DEBUG 22344 --- [mindcare-backend] [onnection adder] o.p.core.v3.ConnectionFactoryImpl        : Trying to establish a protocol version 3 connection to localhost:5432
2024-06-27T14:12:59.323-05:00 DEBUG 22344 --- [mindcare-backend] [           main] o.h.b.r.c.i.ClassLoaderServiceImpl       : HHH000194: Package not found or wo package-info.java: pe.edu.upc.mind.care.platform.iam.domain.model.aggregates
2024-06-27T14:12:59.324-05:00 DEBUG 22344 --- [mindcare-backend] [onnection adder] o.p.core.v3.ConnectionFactoryImpl        : Receive Buffer Size is 65,536
2024-06-27T14:12:59.324-05:00 DEBUG 22344 --- [mindcare-backend] [onnection adder] o.p.core.v3.ConnectionFactoryImpl        : Send Buffer Size is 65,536
2024-06-27T14:12:59.327-05:00 DEBUG 22344 --- [mindcare-backend] [           main] org.hibernate.mapping.PrimaryKey         : Forcing column [user_id] to be non-null as it is part of the primary key for table [user_roles]
2024-06-27T14:12:59.327-05:00 DEBUG 22344 --- [mindcare-backend] [           main] org.hibernate.mapping.PrimaryKey         : Forcing column [role_id] to be non-null as it is part of the primary key for table [user_roles]
2024-06-27T14:12:59.327-05:00 DEBUG 22344 --- [mindcare-backend] [           main] o.h.b.m.internal.CollectionSecondPass    : Mapped collection key: user_id, element: role_id
2024-06-27T14:12:59.340-05:00 DEBUG 22344 --- [mindcare-backend] [           main] o.h.boot.model.internal.PropertyBinder   : Building property note
2024-06-27T14:12:59.342-05:00 DEBUG 22344 --- [mindcare-backend] [           main] o.h.b.m.internal.CollectionSecondPass    : Second pass for collection: pe.edu.upc.mind.care.platform.searchandmatch.domain.model.aggregates.Schedule.reservations
2024-06-27T14:12:59.342-05:00 DEBUG 22344 --- [mindcare-backend] [           main] o.h.b.model.internal.CollectionBinder    : Binding a OneToMany: pe.edu.upc.mind.care.platform.searchandmatch.domain.model.aggregates.Schedule.reservations through a foreign key
2024-06-27T14:12:59.342-05:00 DEBUG 22344 --- [mindcare-backend] [           main] o.h.b.model.internal.CollectionBinder    : Mapping collection: pe.edu.upc.mind.care.platform.searchandmatch.domain.model.aggregates.Schedule.reservations -> reservation
2024-06-27T14:12:59.343-05:00 DEBUG 22344 --- [mindcare-backend] [           main] o.h.boot.model.internal.TableBinder      : Retrieving property pe.edu.upc.mind.care.platform.searchandmatch.domain.model.entities.Reservation.schedule
2024-06-27T14:12:59.343-05:00 DEBUG 22344 --- [mindcare-backend] [           main] o.h.b.m.internal.CollectionSecondPass    : Mapped collection key: schedule_id, one-to-many: pe.edu.upc.mind.care.platform.searchandmatch.domain.model.entities.Reservation
2024-06-27T14:12:59.343-05:00 DEBUG 22344 --- [mindcare-backend] [           main] o.h.b.m.internal.CollectionSecondPass    : Second pass for collection: pe.edu.upc.mind.care.platform.therapymanagement.domain.model.aggregates.Financial.transactions
2024-06-27T14:12:59.344-05:00 DEBUG 22344 --- [mindcare-backend] [           main] o.h.b.model.internal.CollectionBinder    : Binding a OneToMany: pe.edu.upc.mind.care.platform.therapymanagement.domain.model.aggregates.Financial.transactions through a foreign key
2024-06-27T14:12:59.344-05:00 DEBUG 22344 --- [mindcare-backend] [           main] o.h.b.model.internal.CollectionBinder    : Mapping collection: pe.edu.upc.mind.care.platform.therapymanagement.domain.model.aggregates.Financial.transactions -> transaction
2024-06-27T14:12:59.344-05:00 DEBUG 22344 --- [mindcare-backend] [           main] o.h.boot.model.internal.TableBinder      : Retrieving property pe.edu.upc.mind.care.platform.therapymanagement.domain.model.entities.Transaction.financial
2024-06-27T14:12:59.344-05:00 DEBUG 22344 --- [mindcare-backend] [           main] o.h.b.m.internal.CollectionSecondPass    : Mapped collection key: financial_id, one-to-many: pe.edu.upc.mind.care.platform.therapymanagement.domain.model.entities.Transaction
2024-06-27T14:12:59.346-05:00 DEBUG 22344 --- [mindcare-backend] [           main] o.h.b.i.InFlightMetadataCollectorImpl    : Processing association property references
2024-06-27T14:12:59.346-05:00 DEBUG 22344 --- [mindcare-backend] [           main] o.h.b.i.InFlightMetadataCollectorImpl    : Resolving reference to class: pe.edu.upc.mind.care.platform.NoteManagement.domain.model.aggregates.AppointmentNote
2024-06-27T14:12:59.348-05:00 DEBUG 22344 --- [mindcare-backend] [           main] o.h.b.i.InFlightMetadataCollectorImpl    : Resolving reference to class: pe.edu.upc.mind.care.platform.searchandmatch.domain.model.aggregates.Schedule
2024-06-27T14:12:59.348-05:00 DEBUG 22344 --- [mindcare-backend] [           main] o.h.b.i.InFlightMetadataCollectorImpl    : Resolving reference to class: pe.edu.upc.mind.care.platform.therapymanagement.domain.model.aggregates.Financial
2024-06-27T14:12:59.348-05:00 DEBUG 22344 --- [mindcare-backend] [           main] o.h.b.i.InFlightMetadataCollectorImpl    : Resolving reference to class: pe.edu.upc.mind.care.platform.iam.domain.model.entities.Role
2024-06-27T14:12:59.349-05:00 DEBUG 22344 --- [mindcare-backend] [           main] o.h.b.i.InFlightMetadataCollectorImpl    : Resolving reference to class: pe.edu.upc.mind.care.platform.iam.domain.model.aggregates.User
2024-06-27T14:12:59.354-05:00 DEBUG 22344 --- [mindcare-backend] [onnection adder] com.zaxxer.hikari.pool.HikariPool        : HikariPool-1 - Added connection org.postgresql.jdbc.PgConnection@33c6f225
2024-06-27T14:12:59.361-05:00 DEBUG 22344 --- [mindcare-backend] [           main] o.h.b.i.InFlightMetadataCollectorImpl    : Processing association property references
2024-06-27T14:12:59.361-05:00 DEBUG 22344 --- [mindcare-backend] [           main] o.h.b.i.InFlightMetadataCollectorImpl    : Resolving reference to class: pe.edu.upc.mind.care.platform.NoteManagement.domain.model.aggregates.AppointmentNote
2024-06-27T14:12:59.361-05:00 DEBUG 22344 --- [mindcare-backend] [           main] o.h.b.i.InFlightMetadataCollectorImpl    : Resolving reference to class: pe.edu.upc.mind.care.platform.searchandmatch.domain.model.aggregates.Schedule
2024-06-27T14:12:59.362-05:00 DEBUG 22344 --- [mindcare-backend] [           main] o.h.b.i.InFlightMetadataCollectorImpl    : Resolving reference to class: pe.edu.upc.mind.care.platform.therapymanagement.domain.model.aggregates.Financial
2024-06-27T14:12:59.362-05:00 DEBUG 22344 --- [mindcare-backend] [           main] o.h.b.i.InFlightMetadataCollectorImpl    : Resolving reference to class: pe.edu.upc.mind.care.platform.iam.domain.model.entities.Role
2024-06-27T14:12:59.362-05:00 DEBUG 22344 --- [mindcare-backend] [           main] o.h.b.i.InFlightMetadataCollectorImpl    : Resolving reference to class: pe.edu.upc.mind.care.platform.iam.domain.model.aggregates.User
2024-06-27T14:12:59.371-05:00 DEBUG 22344 --- [mindcare-backend] [onnection adder] org.postgresql.Driver                    : Connecting with URL: jdbc:postgresql://localhost:5432/mindcare
2024-06-27T14:12:59.371-05:00 DEBUG 22344 --- [mindcare-backend] [onnection adder] org.postgresql.jdbc.PgConnection         : PostgreSQL JDBC Driver 42.6.2
2024-06-27T14:12:59.371-05:00 DEBUG 22344 --- [mindcare-backend] [onnection adder] org.postgresql.jdbc.PgConnection         :   setDefaultFetchSize = 0
2024-06-27T14:12:59.371-05:00 DEBUG 22344 --- [mindcare-backend] [onnection adder] org.postgresql.jdbc.PgConnection         :   setPrepareThreshold = 5
2024-06-27T14:12:59.371-05:00 DEBUG 22344 --- [mindcare-backend] [onnection adder] o.p.core.v3.ConnectionFactoryImpl        : Trying to establish a protocol version 3 connection to localhost:5432
2024-06-27T14:12:59.372-05:00 DEBUG 22344 --- [mindcare-backend] [onnection adder] o.p.core.v3.ConnectionFactoryImpl        : Receive Buffer Size is 65,536
2024-06-27T14:12:59.373-05:00 DEBUG 22344 --- [mindcare-backend] [onnection adder] o.p.core.v3.ConnectionFactoryImpl        : Send Buffer Size is 65,536
2024-06-27T14:12:59.398-05:00 DEBUG 22344 --- [mindcare-backend] [           main] o.hibernate.internal.SessionFactoryImpl  : Building session factory
2024-06-27T14:12:59.407-05:00 DEBUG 22344 --- [mindcare-backend] [onnection adder] com.zaxxer.hikari.pool.HikariPool        : HikariPool-1 - Added connection org.postgresql.jdbc.PgConnection@4bd58d63
2024-06-27T14:12:59.415-05:00 DEBUG 22344 --- [mindcare-backend] [           main] o.s.b.f.wiring.BeanConfigurerSupport     : BeanFactory has not been set on BeanConfigurerSupport: Make sure this configurer runs in a Spring container. Unable to configure bean of type [org.springframework.data.jpa.domain.support.AuditingEntityListener]. Proceeding without injection.
2024-06-27T14:12:59.419-05:00 DEBUG 22344 --- [mindcare-backend] [onnection adder] org.postgresql.Driver                    : Connecting with URL: jdbc:postgresql://localhost:5432/mindcare
2024-06-27T14:12:59.419-05:00 DEBUG 22344 --- [mindcare-backend] [onnection adder] org.postgresql.jdbc.PgConnection         : PostgreSQL JDBC Driver 42.6.2
2024-06-27T14:12:59.419-05:00 DEBUG 22344 --- [mindcare-backend] [onnection adder] org.postgresql.jdbc.PgConnection         :   setDefaultFetchSize = 0
2024-06-27T14:12:59.419-05:00 DEBUG 22344 --- [mindcare-backend] [onnection adder] org.postgresql.jdbc.PgConnection         :   setPrepareThreshold = 5
2024-06-27T14:12:59.419-05:00 DEBUG 22344 --- [mindcare-backend] [onnection adder] o.p.core.v3.ConnectionFactoryImpl        : Trying to establish a protocol version 3 connection to localhost:5432
2024-06-27T14:12:59.420-05:00 DEBUG 22344 --- [mindcare-backend] [onnection adder] o.p.core.v3.ConnectionFactoryImpl        : Receive Buffer Size is 65,536
2024-06-27T14:12:59.421-05:00 DEBUG 22344 --- [mindcare-backend] [onnection adder] o.p.core.v3.ConnectionFactoryImpl        : Send Buffer Size is 65,536
2024-06-27T14:12:59.460-05:00 DEBUG 22344 --- [mindcare-backend] [           main] .h.s.i.SessionFactoryServiceRegistryImpl : EventListenerRegistry access via ServiceRegistry is deprecated.  Use `sessionFactory.getEventEngine().getListenerRegistry()` instead
2024-06-27T14:12:59.460-05:00 DEBUG 22344 --- [mindcare-backend] [           main] o.hibernate.internal.SessionFactoryImpl  : Instantiating SessionFactory with settings: {hibernate.format_sql=true, java.specification.version=21, sun.cpu.isalist=amd64, hibernate.resource.beans.container=org.springframework.orm.hibernate5.SpringBeanContainer@7aa63f50, hibernate.connection.handling_mode=DELAYED_ACQUISITION_AND_HOLD, sun.jnu.encoding=Cp1252, hibernate.dialect=org.hibernate.dialect.PostgreSQLDialect, hibernate.implicit_naming_strategy=org.springframework.boot.orm.jpa.hibernate.SpringImplicitNamingStrategy, java.class.path=C:\Users\sebas\OneDrive\Escritorio\Sebas\UPC\Desarrollo de Aplicaciones Open Source\mindcare-backend\target\test-classes;C:\Users\sebas\OneDrive\Escritorio\Sebas\UPC\Desarrollo de Aplicaciones Open Source\mindcare-backend\target\classes;C:\Users\sebas\.m2\repository\org\springframework\boot\spring-boot-starter-data-jpa\3.2.6\spring-boot-starter-data-jpa-3.2.6.jar;C:\Users\sebas\.m2\repository\org\springframework\boot\spring-boot-starter-aop\3.2.6\spring-boot-starter-aop-3.2.6.jar;C:\Users\sebas\.m2\repository\org\aspectj\aspectjweaver\1.9.22\aspectjweaver-1.9.22.jar;C:\Users\sebas\.m2\repository\org\springframework\boot\spring-boot-starter-jdbc\3.2.6\spring-boot-starter-jdbc-3.2.6.jar;C:\Users\sebas\.m2\repository\com\zaxxer\HikariCP\5.0.1\HikariCP-5.0.1.jar;C:\Users\sebas\.m2\repository\org\springframework\spring-jdbc\6.1.8\spring-jdbc-6.1.8.jar;C:\Users\sebas\.m2\repository\org\hibernate\orm\hibernate-core\6.4.8.Final\hibernate-core-6.4.8.Final.jar;C:\Users\sebas\.m2\repository\jakarta\persistence\jakarta.persistence-api\3.1.0\jakarta.persistence-api-3.1.0.jar;C:\Users\sebas\.m2\repository\jakarta\transaction\jakarta.transaction-api\2.0.1\jakarta.transaction-api-2.0.1.jar;C:\Users\sebas\.m2\repository\org\jboss\logging\jboss-logging\3.5.3.Final\jboss-logging-3.5.3.Final.jar;C:\Users\sebas\.m2\repository\org\hibernate\common\hibernate-commons-annotations\6.0.6.Final\hibernate-commons-annotations-6.0.6.Final.jar;C:\Users\sebas\.m2\repository\io\smallrye\jandex\3.1.2\jandex-3.1.2.jar;C:\Users\sebas\.m2\repository\com\fasterxml\classmate\1.6.0\classmate-1.6.0.jar;C:\Users\sebas\.m2\repository\org\glassfish\jaxb\jaxb-runtime\4.0.5\jaxb-runtime-4.0.5.jar;C:\Users\sebas\.m2\repository\org\glassfish\jaxb\jaxb-core\4.0.5\jaxb-core-4.0.5.jar;C:\Users\sebas\.m2\repository\org\eclipse\angus\angus-activation\2.0.2\angus-activation-2.0.2.jar;C:\Users\sebas\.m2\repository\org\glassfish\jaxb\txw2\4.0.5\txw2-4.0.5.jar;C:\Users\sebas\.m2\repository\com\sun\istack\istack-commons-runtime\4.1.2\istack-commons-runtime-4.1.2.jar;C:\Users\sebas\.m2\repository\jakarta\inject\jakarta.inject-api\2.0.1\jakarta.inject-api-2.0.1.jar;C:\Users\sebas\.m2\repository\org\antlr\antlr4-runtime\4.13.0\antlr4-runtime-4.13.0.jar;C:\Users\sebas\.m2\repository\org\springframework\data\spring-data-jpa\3.2.6\spring-data-jpa-3.2.6.jar;C:\Users\sebas\.m2\repository\org\springframework\data\spring-data-commons\3.2.6\spring-data-commons-3.2.6.jar;C:\Users\sebas\.m2\repository\org\springframework\spring-orm\6.1.8\spring-orm-6.1.8.jar;C:\Users\sebas\.m2\repository\org\springframework\spring-context\6.1.8\spring-context-6.1.8.jar;C:\Users\sebas\.m2\repository\org\springframework\spring-tx\6.1.8\spring-tx-6.1.8.jar;C:\Users\sebas\.m2\repository\org\springframework\spring-beans\6.1.8\spring-beans-6.1.8.jar;C:\Users\sebas\.m2\repository\jakarta\annotation\jakarta.annotation-api\2.1.1\jakarta.annotation-api-2.1.1.jar;C:\Users\sebas\.m2\repository\org\slf4j\slf4j-api\2.0.13\slf4j-api-2.0.13.jar;C:\Users\sebas\.m2\repository\org\springframework\spring-aspects\6.1.8\spring-aspects-6.1.8.jar;C:\Users\sebas\.m2\repository\org\springframework\boot\spring-boot-starter-validation\3.2.6\spring-boot-starter-validation-3.2.6.jar;C:\Users\sebas\.m2\repository\org\springframework\boot\spring-boot-starter\3.2.6\spring-boot-starter-3.2.6.jar;C:\Users\sebas\.m2\repository\org\springframework\boot\spring-boot-starter-logging\3.2.6\spring-boot-starter-logging-3.2.6.jar;C:\Users\sebas\.m2\repository\ch\qos\logback\logback-classic\1.4.14\logback-classic-1.4.14.jar;C:\Users\sebas\.m2\repository\ch\qos\logback\logback-core\1.4.14\logback-core-1.4.14.jar;C:\Users\sebas\.m2\repository\org\apache\logging\log4j\log4j-to-slf4j\2.21.1\log4j-to-slf4j-2.21.1.jar;C:\Users\sebas\.m2\repository\org\apache\logging\log4j\log4j-api\2.21.1\log4j-api-2.21.1.jar;C:\Users\sebas\.m2\repository\org\slf4j\jul-to-slf4j\2.0.13\jul-to-slf4j-2.0.13.jar;C:\Users\sebas\.m2\repository\org\yaml\snakeyaml\2.2\snakeyaml-2.2.jar;C:\Users\sebas\.m2\repository\org\apache\tomcat\embed\tomcat-embed-el\10.1.24\tomcat-embed-el-10.1.24.jar;C:\Users\sebas\.m2\repository\org\hibernate\validator\hibernate-validator\8.0.1.Final\hibernate-validator-8.0.1.Final.jar;C:\Users\sebas\.m2\repository\jakarta\validation\jakarta.validation-api\3.0.2\jakarta.validation-api-3.0.2.jar;C:\Users\sebas\.m2\repository\org\springframework\boot\spring-boot-starter-web\3.2.6\spring-boot-starter-web-3.2.6.jar;C:\Users\sebas\.m2\repository\org\springframework\boot\spring-boot-starter-json\3.2.6\spring-boot-starter-json-3.2.6.jar;C:\Users\sebas\.m2\repository\com\fasterxml\jackson\datatype\jackson-datatype-jdk8\2.15.4\jackson-datatype-jdk8-2.15.4.jar;C:\Users\sebas\.m2\repository\com\fasterxml\jackson\datatype\jackson-datatype-jsr310\2.15.4\jackson-datatype-jsr310-2.15.4.jar;C:\Users\sebas\.m2\repository\com\fasterxml\jackson\module\jackson-module-parameter-names\2.15.4\jackson-module-parameter-names-2.15.4.jar;C:\Users\sebas\.m2\repository\org\springframework\boot\spring-boot-starter-tomcat\3.2.6\spring-boot-starter-tomcat-3.2.6.jar;C:\Users\sebas\.m2\repository\org\apache\tomcat\embed\tomcat-embed-core\10.1.24\tomcat-embed-core-10.1.24.jar;C:\Users\sebas\.m2\repository\org\apache\tomcat\embed\tomcat-embed-websocket\10.1.24\tomcat-embed-websocket-10.1.24.jar;C:\Users\sebas\.m2\repository\org\springframework\spring-web\6.1.8\spring-web-6.1.8.jar;C:\Users\sebas\.m2\repository\io\micrometer\micrometer-observation\1.12.6\micrometer-observation-1.12.6.jar;C:\Users\sebas\.m2\repository\io\micrometer\micrometer-commons\1.12.6\micrometer-commons-1.12.6.jar;C:\Users\sebas\.m2\repository\org\springframework\spring-webmvc\6.1.8\spring-webmvc-6.1.8.jar;C:\Users\sebas\.m2\repository\org\springframework\spring-expression\6.1.8\spring-expression-6.1.8.jar;C:\Users\sebas\.m2\repository\org\springframework\modulith\spring-modulith-starter-core\1.1.4\spring-modulith-starter-core-1.1.4.jar;C:\Users\sebas\.m2\repository\org\springframework\modulith\spring-modulith-api\1.1.4\spring-modulith-api-1.1.4.jar;C:\Users\sebas\.m2\repository\org\springframework\modulith\spring-modulith-core\1.1.4\spring-modulith-core-1.1.4.jar;C:\Users\sebas\.m2\repository\com\tngtech\archunit\archunit\1.1.1\archunit-1.1.1.jar;C:\Users\sebas\.m2\repository\org\springframework\modulith\spring-modulith-moments\1.1.4\spring-modulith-moments-1.1.4.jar;C:\Users\sebas\.m2\repository\org\jmolecules\jmolecules-events\1.9.0\jmolecules-events-1.9.0.jar;C:\Users\sebas\.m2\repository\org\springframework\modulith\spring-modulith-starter-jpa\1.1.4\spring-modulith-starter-jpa-1.1.4.jar;C:\Users\sebas\.m2\repository\org\springframework\modulith\spring-modulith-events-api\1.1.4\spring-modulith-events-api-1.1.4.jar;C:\Users\sebas\.m2\repository\org\springframework\modulith\spring-modulith-events-core\1.1.4\spring-modulith-events-core-1.1.4.jar;C:\Users\sebas\.m2\repository\org\slf4j\jcl-over-slf4j\2.0.13\jcl-over-slf4j-2.0.13.jar;C:\Users\sebas\.m2\repository\org\springframework\modulith\spring-modulith-events-jackson\1.1.4\spring-modulith-events-jackson-1.1.4.jar;C:\Users\sebas\.m2\repository\org\springframework\modulith\spring-modulith-events-jpa\1.1.4\spring-modulith-events-jpa-1.1.4.jar;C:\Users\sebas\.m2\repository\org\springframework\boot\spring-boot-devtools\3.2.6\spring-boot-devtools-3.2.6.jar;C:\Users\sebas\.m2\repository\org\springframework\boot\spring-boot\3.2.6\spring-boot-3.2.6.jar;C:\Users\sebas\.m2\repository\org\springframework\boot\spring-boot-autoconfigure\3.2.6\spring-boot-autoconfigure-3.2.6.jar;C:\Users\sebas\.m2\repository\org\postgresql\postgresql\42.6.2\postgresql-42.6.2.jar;C:\Users\sebas\.m2\repository\org\checkerframework\checker-qual\3.31.0\checker-qual-3.31.0.jar;C:\Users\sebas\.m2\repository\org\projectlombok\lombok\1.18.32\lombok-1.18.32.jar;C:\Users\sebas\.m2\repository\org\springframework\boot\spring-boot-starter-test\3.2.6\spring-boot-starter-test-3.2.6.jar;C:\Users\sebas\.m2\repository\org\springframework\boot\spring-boot-test\3.2.6\spring-boot-test-3.2.6.jar;C:\Users\sebas\.m2\repository\org\springframework\boot\spring-boot-test-autoconfigure\3.2.6\spring-boot-test-autoconfigure-3.2.6.jar;C:\Users\sebas\.m2\repository\com\jayway\jsonpath\json-path\2.9.0\json-path-2.9.0.jar;C:\Users\sebas\.m2\repository\jakarta\xml\bind\jakarta.xml.bind-api\4.0.2\jakarta.xml.bind-api-4.0.2.jar;C:\Users\sebas\.m2\repository\jakarta\activation\jakarta.activation-api\2.1.3\jakarta.activation-api-2.1.3.jar;C:\Users\sebas\.m2\repository\net\minidev\json-smart\2.5.1\json-smart-2.5.1.jar;C:\Users\sebas\.m2\repository\net\minidev\accessors-smart\2.5.1\accessors-smart-2.5.1.jar;C:\Users\sebas\.m2\repository\org\ow2\asm\asm\9.6\asm-9.6.jar;C:\Users\sebas\.m2\repository\org\assertj\assertj-core\3.24.2\assertj-core-3.24.2.jar;C:\Users\sebas\.m2\repository\org\awaitility\awaitility\4.2.1\awaitility-4.2.1.jar;C:\Users\sebas\.m2\repository\org\hamcrest\hamcrest\2.2\hamcrest-2.2.jar;C:\Users\sebas\.m2\repository\org\junit\jupiter\junit-jupiter\5.10.2\junit-jupiter-5.10.2.jar;C:\Users\sebas\.m2\repository\org\junit\jupiter\junit-jupiter-params\5.10.2\junit-jupiter-params-5.10.2.jar;C:\Users\sebas\.m2\repository\org\mockito\mockito-junit-jupiter\5.7.0\mockito-junit-jupiter-5.7.0.jar;C:\Users\sebas\.m2\repository\org\skyscreamer\jsonassert\1.5.1\jsonassert-1.5.1.jar;C:\Users\sebas\.m2\repository\com\vaadin\external\google\android-json\0.0.20131108.vaadin1\android-json-0.0.20131108.vaadin1.jar;C:\Users\sebas\.m2\repository\org\springframework\spring-core\6.1.8\spring-core-6.1.8.jar;C:\Users\sebas\.m2\repository\org\springframework\spring-jcl\6.1.8\spring-jcl-6.1.8.jar;C:\Users\sebas\.m2\repository\org\springframework\spring-test\6.1.8\spring-test-6.1.8.jar;C:\Users\sebas\.m2\repository\org\xmlunit\xmlunit-core\2.9.1\xmlunit-core-2.9.1.jar;C:\Users\sebas\.m2\repository\org\springframework\modulith\spring-modulith-starter-test\1.1.4\spring-modulith-starter-test-1.1.4.jar;C:\Users\sebas\.m2\repository\org\springframework\modulith\spring-modulith-test\1.1.4\spring-modulith-test-1.1.4.jar;C:\Users\sebas\.m2\repository\org\springframework\modulith\spring-modulith-docs\1.1.4\spring-modulith-docs-1.1.4.jar;C:\Users\sebas\.m2\repository\com\structurizr\structurizr-core\1.18.0\structurizr-core-1.18.0.jar;C:\Users\sebas\.m2\repository\com\google\code\findbugs\jsr305\3.0.2\jsr305-3.0.2.jar;C:\Users\sebas\.m2\repository\commons-logging\commons-logging\1.2\commons-logging-1.2.jar;C:\Users\sebas\.m2\repository\com\structurizr\structurizr-plantuml\1.6.3\structurizr-plantuml-1.6.3.jar;C:\Users\sebas\.m2\repository\com\structurizr\structurizr-export\1.8.3\structurizr-export-1.8.3.jar;C:\Users\sebas\.m2\repository\org\junit\jupiter\junit-jupiter-api\5.10.2\junit-jupiter-api-5.10.2.jar;C:\Users\sebas\.m2\repository\org\opentest4j\opentest4j\1.3.0\opentest4j-1.3.0.jar;C:\Users\sebas\.m2\repository\org\junit\platform\junit-platform-commons\1.10.2\junit-platform-commons-1.10.2.jar;C:\Users\sebas\.m2\repository\org\apiguardian\apiguardian-api\1.1.2\apiguardian-api-1.1.2.jar;C:\Users\sebas\.m2\repository\org\junit\jupiter\junit-jupiter-engine\5.10.2\junit-jupiter-engine-5.10.2.jar;C:\Users\sebas\.m2\repository\org\junit\platform\junit-platform-engine\1.10.2\junit-platform-engine-1.10.2.jar;C:\Users\sebas\.m2\repository\org\mockito\mockito-core\5.7.0\mockito-core-5.7.0.jar;C:\Users\sebas\.m2\repository\net\bytebuddy\byte-buddy\1.14.16\byte-buddy-1.14.16.jar;C:\Users\sebas\.m2\repository\net\bytebuddy\byte-buddy-agent\1.14.16\byte-buddy-agent-1.14.16.jar;C:\Users\sebas\.m2\repository\org\objenesis\objenesis\3.3\objenesis-3.3.jar;C:\Users\sebas\.m2\repository\io\github\encryptorcode\pluralize\1.0.0\pluralize-1.0.0.jar;C:\Users\sebas\.m2\repository\org\springdoc\springdoc-openapi-starter-webmvc-ui\2.5.0\springdoc-openapi-starter-webmvc-ui-2.5.0.jar;C:\Users\sebas\.m2\repository\org\springdoc\springdoc-openapi-starter-webmvc-api\2.5.0\springdoc-openapi-starter-webmvc-api-2.5.0.jar;C:\Users\sebas\.m2\repository\org\springdoc\springdoc-openapi-starter-common\2.5.0\springdoc-openapi-starter-common-2.5.0.jar;C:\Users\sebas\.m2\repository\io\swagger\core\v3\swagger-core-jakarta\2.2.21\swagger-core-jakarta-2.2.21.jar;C:\Users\sebas\.m2\repository\io\swagger\core\v3\swagger-annotations-jakarta\2.2.21\swagger-annotations-jakarta-2.2.21.jar;C:\Users\sebas\.m2\repository\io\swagger\core\v3\swagger-models-jakarta\2.2.21\swagger-models-jakarta-2.2.21.jar;C:\Users\sebas\.m2\repository\com\fasterxml\jackson\dataformat\jackson-dataformat-yaml\2.15.4\jackson-dataformat-yaml-2.15.4.jar;C:\Users\sebas\.m2\repository\org\webjars\swagger-ui\5.13.0\swagger-ui-5.13.0.jar;C:\Users\sebas\.m2\repository\org\apache\commons\commons-lang3\3.12.0\commons-lang3-3.12.0.jar;C:\Users\sebas\.m2\repository\io\jsonwebtoken\jjwt-api\0.12.3\jjwt-api-0.12.3.jar;C:\Users\sebas\.m2\repository\io\jsonwebtoken\jjwt-impl\0.12.3\jjwt-impl-0.12.3.jar;C:\Users\sebas\.m2\repository\io\jsonwebtoken\jjwt-jackson\0.12.3\jjwt-jackson-0.12.3.jar;C:\Users\sebas\.m2\repository\com\fasterxml\jackson\core\jackson-databind\2.15.4\jackson-databind-2.15.4.jar;C:\Users\sebas\.m2\repository\com\fasterxml\jackson\core\jackson-annotations\2.15.4\jackson-annotations-2.15.4.jar;C:\Users\sebas\.m2\repository\com\fasterxml\jackson\core\jackson-core\2.15.4\jackson-core-2.15.4.jar;C:\Users\sebas\.m2\repository\org\springframework\boot\spring-boot-starter-security\3.2.6\spring-boot-starter-security-3.2.6.jar;C:\Users\sebas\.m2\repository\org\springframework\spring-aop\6.1.8\spring-aop-6.1.8.jar;C:\Users\sebas\.m2\repository\org\springframework\security\spring-security-config\6.2.4\spring-security-config-6.2.4.jar;C:\Users\sebas\.m2\repository\org\springframework\security\spring-security-core\6.2.4\spring-security-core-6.2.4.jar;C:\Users\sebas\.m2\repository\org\springframework\security\spring-security-crypto\6.2.4\spring-security-crypto-6.2.4.jar;C:\Users\sebas\.m2\repository\org\springframework\security\spring-security-web\6.2.4\spring-security-web-6.2.4.jar;, java.vm.vendor=Amazon.com Inc., sun.arch.data.model=64, user.variant=, java.vendor.url=https://aws.amazon.com/corretto/, user.timezone=America/Bogota, jakarta.persistence.sharedCache.mode=UNSPECIFIED, org.jboss.logging.provider=slf4j, java.vm.specification.version=21, os.name=Windows 11, jakarta.persistence.nonJtaDataSource=HikariDataSource (HikariPool-1), sun.java.launcher=SUN_STANDARD, user.country=US, sun.boot.library.path=C:\Users\sebas\.jdks\corretto-21.0.3\bin, sun.java.command=C:\Users\sebas\AppData\Local\Temp\surefire2618889038671979296\surefirebooter-20240627141255359_3.jar C:\Users\sebas\AppData\Local\Temp\surefire2618889038671979296 2024-06-27T14-12-55_180-jvmRun1 surefire-20240627141255359_1tmp surefire_0-20240627141255359_2tmp, javax.persistence.nonJtaDataSource=HikariDataSource (HikariPool-1), hibernate.transaction.jta.platform=org.hibernate.engine.transaction.jta.platform.internal.NoJtaPlatform@142918a0, jdk.debug=release, surefire.test.class.path=C:\Users\sebas\OneDrive\Escritorio\Sebas\UPC\Desarrollo de Aplicaciones Open Source\mindcare-backend\target\test-classes;C:\Users\sebas\OneDrive\Escritorio\Sebas\UPC\Desarrollo de Aplicaciones Open Source\mindcare-backend\target\classes;C:\Users\sebas\.m2\repository\org\springframework\boot\spring-boot-starter-data-jpa\3.2.6\spring-boot-starter-data-jpa-3.2.6.jar;C:\Users\sebas\.m2\repository\org\springframework\boot\spring-boot-starter-aop\3.2.6\spring-boot-starter-aop-3.2.6.jar;C:\Users\sebas\.m2\repository\org\aspectj\aspectjweaver\1.9.22\aspectjweaver-1.9.22.jar;C:\Users\sebas\.m2\repository\org\springframework\boot\spring-boot-starter-jdbc\3.2.6\spring-boot-starter-jdbc-3.2.6.jar;C:\Users\sebas\.m2\repository\com\zaxxer\HikariCP\5.0.1\HikariCP-5.0.1.jar;C:\Users\sebas\.m2\repository\org\springframework\spring-jdbc\6.1.8\spring-jdbc-6.1.8.jar;C:\Users\sebas\.m2\repository\org\hibernate\orm\hibernate-core\6.4.8.Final\hibernate-core-6.4.8.Final.jar;C:\Users\sebas\.m2\repository\jakarta\persistence\jakarta.persistence-api\3.1.0\jakarta.persistence-api-3.1.0.jar;C:\Users\sebas\.m2\repository\jakarta\transaction\jakarta.transaction-api\2.0.1\jakarta.transaction-api-2.0.1.jar;C:\Users\sebas\.m2\repository\org\jboss\logging\jboss-logging\3.5.3.Final\jboss-logging-3.5.3.Final.jar;C:\Users\sebas\.m2\repository\org\hibernate\common\hibernate-commons-annotations\6.0.6.Final\hibernate-commons-annotations-6.0.6.Final.jar;C:\Users\sebas\.m2\repository\io\smallrye\jandex\3.1.2\jandex-3.1.2.jar;C:\Users\sebas\.m2\repository\com\fasterxml\classmate\1.6.0\classmate-1.6.0.jar;C:\Users\sebas\.m2\repository\org\glassfish\jaxb\jaxb-runtime\4.0.5\jaxb-runtime-4.0.5.jar;C:\Users\sebas\.m2\repository\org\glassfish\jaxb\jaxb-core\4.0.5\jaxb-core-4.0.5.jar;C:\Users\sebas\.m2\repository\org\eclipse\angus\angus-activation\2.0.2\angus-activation-2.0.2.jar;C:\Users\sebas\.m2\repository\org\glassfish\jaxb\txw2\4.0.5\txw2-4.0.5.jar;C:\Users\sebas\.m2\repository\com\sun\istack\istack-commons-runtime\4.1.2\istack-commons-runtime-4.1.2.jar;C:\Users\sebas\.m2\repository\jakarta\inject\jakarta.inject-api\2.0.1\jakarta.inject-api-2.0.1.jar;C:\Users\sebas\.m2\repository\org\antlr\antlr4-runtime\4.13.0\antlr4-runtime-4.13.0.jar;C:\Users\sebas\.m2\repository\org\springframework\data\spring-data-jpa\3.2.6\spring-data-jpa-3.2.6.jar;C:\Users\sebas\.m2\repository\org\springframework\data\spring-data-commons\3.2.6\spring-data-commons-3.2.6.jar;C:\Users\sebas\.m2\repository\org\springframework\spring-orm\6.1.8\spring-orm-6.1.8.jar;C:\Users\sebas\.m2\repository\org\springframework\spring-context\6.1.8\spring-context-6.1.8.jar;C:\Users\sebas\.m2\repository\org\springframework\spring-tx\6.1.8\spring-tx-6.1.8.jar;C:\Users\sebas\.m2\repository\org\springframework\spring-beans\6.1.8\spring-beans-6.1.8.jar;C:\Users\sebas\.m2\repository\jakarta\annotation\jakarta.annotation-api\2.1.1\jakarta.annotation-api-2.1.1.jar;C:\Users\sebas\.m2\repository\org\slf4j\slf4j-api\2.0.13\slf4j-api-2.0.13.jar;C:\Users\sebas\.m2\repository\org\springframework\spring-aspects\6.1.8\spring-aspects-6.1.8.jar;C:\Users\sebas\.m2\repository\org\springframework\boot\spring-boot-starter-validation\3.2.6\spring-boot-starter-validation-3.2.6.jar;C:\Users\sebas\.m2\repository\org\springframework\boot\spring-boot-starter\3.2.6\spring-boot-starter-3.2.6.jar;C:\Users\sebas\.m2\repository\org\springframework\boot\spring-boot-starter-logging\3.2.6\spring-boot-starter-logging-3.2.6.jar;C:\Users\sebas\.m2\repository\ch\qos\logback\logback-classic\1.4.14\logback-classic-1.4.14.jar;C:\Users\sebas\.m2\repository\ch\qos\logback\logback-core\1.4.14\logback-core-1.4.14.jar;C:\Users\sebas\.m2\repository\org\apache\logging\log4j\log4j-to-slf4j\2.21.1\log4j-to-slf4j-2.21.1.jar;C:\Users\sebas\.m2\repository\org\apache\logging\log4j\log4j-api\2.21.1\log4j-api-2.21.1.jar;C:\Users\sebas\.m2\repository\org\slf4j\jul-to-slf4j\2.0.13\jul-to-slf4j-2.0.13.jar;C:\Users\sebas\.m2\repository\org\yaml\snakeyaml\2.2\snakeyaml-2.2.jar;C:\Users\sebas\.m2\repository\org\apache\tomcat\embed\tomcat-embed-el\10.1.24\tomcat-embed-el-10.1.24.jar;C:\Users\sebas\.m2\repository\org\hibernate\validator\hibernate-validator\8.0.1.Final\hibernate-validator-8.0.1.Final.jar;C:\Users\sebas\.m2\repository\jakarta\validation\jakarta.validation-api\3.0.2\jakarta.validation-api-3.0.2.jar;C:\Users\sebas\.m2\repository\org\springframework\boot\spring-boot-starter-web\3.2.6\spring-boot-starter-web-3.2.6.jar;C:\Users\sebas\.m2\repository\org\springframework\boot\spring-boot-starter-json\3.2.6\spring-boot-starter-json-3.2.6.jar;C:\Users\sebas\.m2\repository\com\fasterxml\jackson\datatype\jackson-datatype-jdk8\2.15.4\jackson-datatype-jdk8-2.15.4.jar;C:\Users\sebas\.m2\repository\com\fasterxml\jackson\datatype\jackson-datatype-jsr310\2.15.4\jackson-datatype-jsr310-2.15.4.jar;C:\Users\sebas\.m2\repository\com\fasterxml\jackson\module\jackson-module-parameter-names\2.15.4\jackson-module-parameter-names-2.15.4.jar;C:\Users\sebas\.m2\repository\org\springframework\boot\spring-boot-starter-tomcat\3.2.6\spring-boot-starter-tomcat-3.2.6.jar;C:\Users\sebas\.m2\repository\org\apache\tomcat\embed\tomcat-embed-core\10.1.24\tomcat-embed-core-10.1.24.jar;C:\Users\sebas\.m2\repository\org\apache\tomcat\embed\tomcat-embed-websocket\10.1.24\tomcat-embed-websocket-10.1.24.jar;C:\Users\sebas\.m2\repository\org\springframework\spring-web\6.1.8\spring-web-6.1.8.jar;C:\Users\sebas\.m2\repository\io\micrometer\micrometer-observation\1.12.6\micrometer-observation-1.12.6.jar;C:\Users\sebas\.m2\repository\io\micrometer\micrometer-commons\1.12.6\micrometer-commons-1.12.6.jar;C:\Users\sebas\.m2\repository\org\springframework\spring-webmvc\6.1.8\spring-webmvc-6.1.8.jar;C:\Users\sebas\.m2\repository\org\springframework\spring-expression\6.1.8\spring-expression-6.1.8.jar;C:\Users\sebas\.m2\repository\org\springframework\modulith\spring-modulith-starter-core\1.1.4\spring-modulith-starter-core-1.1.4.jar;C:\Users\sebas\.m2\repository\org\springframework\modulith\spring-modulith-api\1.1.4\spring-modulith-api-1.1.4.jar;C:\Users\sebas\.m2\repository\org\springframework\modulith\spring-modulith-core\1.1.4\spring-modulith-core-1.1.4.jar;C:\Users\sebas\.m2\repository\com\tngtech\archunit\archunit\1.1.1\archunit-1.1.1.jar;C:\Users\sebas\.m2\repository\org\springframework\modulith\spring-modulith-moments\1.1.4\spring-modulith-moments-1.1.4.jar;C:\Users\sebas\.m2\repository\org\jmolecules\jmolecules-events\1.9.0\jmolecules-events-1.9.0.jar;C:\Users\sebas\.m2\repository\org\springframework\modulith\spring-modulith-starter-jpa\1.1.4\spring-modulith-starter-jpa-1.1.4.jar;C:\Users\sebas\.m2\repository\org\springframework\modulith\spring-modulith-events-api\1.1.4\spring-modulith-events-api-1.1.4.jar;C:\Users\sebas\.m2\repository\org\springframework\modulith\spring-modulith-events-core\1.1.4\spring-modulith-events-core-1.1.4.jar;C:\Users\sebas\.m2\repository\org\slf4j\jcl-over-slf4j\2.0.13\jcl-over-slf4j-2.0.13.jar;C:\Users\sebas\.m2\repository\org\springframework\modulith\spring-modulith-events-jackson\1.1.4\spring-modulith-events-jackson-1.1.4.jar;C:\Users\sebas\.m2\repository\org\springframework\modulith\spring-modulith-events-jpa\1.1.4\spring-modulith-events-jpa-1.1.4.jar;C:\Users\sebas\.m2\repository\org\springframework\boot\spring-boot-devtools\3.2.6\spring-boot-devtools-3.2.6.jar;C:\Users\sebas\.m2\repository\org\springframework\boot\spring-boot\3.2.6\spring-boot-3.2.6.jar;C:\Users\sebas\.m2\repository\org\springframework\boot\spring-boot-autoconfigure\3.2.6\spring-boot-autoconfigure-3.2.6.jar;C:\Users\sebas\.m2\repository\org\postgresql\postgresql\42.6.2\postgresql-42.6.2.jar;C:\Users\sebas\.m2\repository\org\checkerframework\checker-qual\3.31.0\checker-qual-3.31.0.jar;C:\Users\sebas\.m2\repository\org\projectlombok\lombok\1.18.32\lombok-1.18.32.jar;C:\Users\sebas\.m2\repository\org\springframework\boot\spring-boot-starter-test\3.2.6\spring-boot-starter-test-3.2.6.jar;C:\Users\sebas\.m2\repository\org\springframework\boot\spring-boot-test\3.2.6\spring-boot-test-3.2.6.jar;C:\Users\sebas\.m2\repository\org\springframework\boot\spring-boot-test-autoconfigure\3.2.6\spring-boot-test-autoconfigure-3.2.6.jar;C:\Users\sebas\.m2\repository\com\jayway\jsonpath\json-path\2.9.0\json-path-2.9.0.jar;C:\Users\sebas\.m2\repository\jakarta\xml\bind\jakarta.xml.bind-api\4.0.2\jakarta.xml.bind-api-4.0.2.jar;C:\Users\sebas\.m2\repository\jakarta\activation\jakarta.activation-api\2.1.3\jakarta.activation-api-2.1.3.jar;C:\Users\sebas\.m2\repository\net\minidev\json-smart\2.5.1\json-smart-2.5.1.jar;C:\Users\sebas\.m2\repository\net\minidev\accessors-smart\2.5.1\accessors-smart-2.5.1.jar;C:\Users\sebas\.m2\repository\org\ow2\asm\asm\9.6\asm-9.6.jar;C:\Users\sebas\.m2\repository\org\assertj\assertj-core\3.24.2\assertj-core-3.24.2.jar;C:\Users\sebas\.m2\repository\org\awaitility\awaitility\4.2.1\awaitility-4.2.1.jar;C:\Users\sebas\.m2\repository\org\hamcrest\hamcrest\2.2\hamcrest-2.2.jar;C:\Users\sebas\.m2\repository\org\junit\jupiter\junit-jupiter\5.10.2\junit-jupiter-5.10.2.jar;C:\Users\sebas\.m2\repository\org\junit\jupiter\junit-jupiter-params\5.10.2\junit-jupiter-params-5.10.2.jar;C:\Users\sebas\.m2\repository\org\mockito\mockito-junit-jupiter\5.7.0\mockito-junit-jupiter-5.7.0.jar;C:\Users\sebas\.m2\repository\org\skyscreamer\jsonassert\1.5.1\jsonassert-1.5.1.jar;C:\Users\sebas\.m2\repository\com\vaadin\external\google\android-json\0.0.20131108.vaadin1\android-json-0.0.20131108.vaadin1.jar;C:\Users\sebas\.m2\repository\org\springframework\spring-core\6.1.8\spring-core-6.1.8.jar;C:\Users\sebas\.m2\repository\org\springframework\spring-jcl\6.1.8\spring-jcl-6.1.8.jar;C:\Users\sebas\.m2\repository\org\springframework\spring-test\6.1.8\spring-test-6.1.8.jar;C:\Users\sebas\.m2\repository\org\xmlunit\xmlunit-core\2.9.1\xmlunit-core-2.9.1.jar;C:\Users\sebas\.m2\repository\org\springframework\modulith\spring-modulith-starter-test\1.1.4\spring-modulith-starter-test-1.1.4.jar;C:\Users\sebas\.m2\repository\org\springframework\modulith\spring-modulith-test\1.1.4\spring-modulith-test-1.1.4.jar;C:\Users\sebas\.m2\repository\org\springframework\modulith\spring-modulith-docs\1.1.4\spring-modulith-docs-1.1.4.jar;C:\Users\sebas\.m2\repository\com\structurizr\structurizr-core\1.18.0\structurizr-core-1.18.0.jar;C:\Users\sebas\.m2\repository\com\google\code\findbugs\jsr305\3.0.2\jsr305-3.0.2.jar;C:\Users\sebas\.m2\repository\commons-logging\commons-logging\1.2\commons-logging-1.2.jar;C:\Users\sebas\.m2\repository\com\structurizr\structurizr-plantuml\1.6.3\structurizr-plantuml-1.6.3.jar;C:\Users\sebas\.m2\repository\com\structurizr\structurizr-export\1.8.3\structurizr-export-1.8.3.jar;C:\Users\sebas\.m2\repository\org\junit\jupiter\junit-jupiter-api\5.10.2\junit-jupiter-api-5.10.2.jar;C:\Users\sebas\.m2\repository\org\opentest4j\opentest4j\1.3.0\opentest4j-1.3.0.jar;C:\Users\sebas\.m2\repository\org\junit\platform\junit-platform-commons\1.10.2\junit-platform-commons-1.10.2.jar;C:\Users\sebas\.m2\repository\org\apiguardian\apiguardian-api\1.1.2\apiguardian-api-1.1.2.jar;C:\Users\sebas\.m2\repository\org\junit\jupiter\junit-jupiter-engine\5.10.2\junit-jupiter-engine-5.10.2.jar;C:\Users\sebas\.m2\repository\org\junit\platform\junit-platform-engine\1.10.2\junit-platform-engine-1.10.2.jar;C:\Users\sebas\.m2\repository\org\mockito\mockito-core\5.7.0\mockito-core-5.7.0.jar;C:\Users\sebas\.m2\repository\net\bytebuddy\byte-buddy\1.14.16\byte-buddy-1.14.16.jar;C:\Users\sebas\.m2\repository\net\bytebuddy\byte-buddy-agent\1.14.16\byte-buddy-agent-1.14.16.jar;C:\Users\sebas\.m2\repository\org\objenesis\objenesis\3.3\objenesis-3.3.jar;C:\Users\sebas\.m2\repository\io\github\encryptorcode\pluralize\1.0.0\pluralize-1.0.0.jar;C:\Users\sebas\.m2\repository\org\springdoc\springdoc-openapi-starter-webmvc-ui\2.5.0\springdoc-openapi-starter-webmvc-ui-2.5.0.jar;C:\Users\sebas\.m2\repository\org\springdoc\springdoc-openapi-starter-webmvc-api\2.5.0\springdoc-openapi-starter-webmvc-api-2.5.0.jar;C:\Users\sebas\.m2\repository\org\springdoc\springdoc-openapi-starter-common\2.5.0\springdoc-openapi-starter-common-2.5.0.jar;C:\Users\sebas\.m2\repository\io\swagger\core\v3\swagger-core-jakarta\2.2.21\swagger-core-jakarta-2.2.21.jar;C:\Users\sebas\.m2\repository\io\swagger\core\v3\swagger-annotations-jakarta\2.2.21\swagger-annotations-jakarta-2.2.21.jar;C:\Users\sebas\.m2\repository\io\swagger\core\v3\swagger-models-jakarta\2.2.21\swagger-models-jakarta-2.2.21.jar;C:\Users\sebas\.m2\repository\com\fasterxml\jackson\dataformat\jackson-dataformat-yaml\2.15.4\jackson-dataformat-yaml-2.15.4.jar;C:\Users\sebas\.m2\repository\org\webjars\swagger-ui\5.13.0\swagger-ui-5.13.0.jar;C:\Users\sebas\.m2\repository\org\apache\commons\commons-lang3\3.12.0\commons-lang3-3.12.0.jar;C:\Users\sebas\.m2\repository\io\jsonwebtoken\jjwt-api\0.12.3\jjwt-api-0.12.3.jar;C:\Users\sebas\.m2\repository\io\jsonwebtoken\jjwt-impl\0.12.3\jjwt-impl-0.12.3.jar;C:\Users\sebas\.m2\repository\io\jsonwebtoken\jjwt-jackson\0.12.3\jjwt-jackson-0.12.3.jar;C:\Users\sebas\.m2\repository\com\fasterxml\jackson\core\jackson-databind\2.15.4\jackson-databind-2.15.4.jar;C:\Users\sebas\.m2\repository\com\fasterxml\jackson\core\jackson-annotations\2.15.4\jackson-annotations-2.15.4.jar;C:\Users\sebas\.m2\repository\com\fasterxml\jackson\core\jackson-core\2.15.4\jackson-core-2.15.4.jar;C:\Users\sebas\.m2\repository\org\springframework\boot\spring-boot-starter-security\3.2.6\spring-boot-starter-security-3.2.6.jar;C:\Users\sebas\.m2\repository\org\springframework\spring-aop\6.1.8\spring-aop-6.1.8.jar;C:\Users\sebas\.m2\repository\org\springframework\security\spring-security-config\6.2.4\spring-security-config-6.2.4.jar;C:\Users\sebas\.m2\repository\org\springframework\security\spring-security-core\6.2.4\spring-security-core-6.2.4.jar;C:\Users\sebas\.m2\repository\org\springframework\security\spring-security-crypto\6.2.4\spring-security-crypto-6.2.4.jar;C:\Users\sebas\.m2\repository\org\springframework\security\spring-security-web\6.2.4\spring-security-web-6.2.4.jar;, sun.cpu.endian=little, hibernate.cdi.extensions=true, user.home=C:\Users\sebas, user.language=en, java.specification.vendor=Oracle Corporation, java.version.date=2024-04-16, java.home=C:\Users\sebas\.jdks\corretto-21.0.3, file.separator=\, basedir=C:\Users\sebas\OneDrive\Escritorio\Sebas\UPC\Desarrollo de Aplicaciones Open Source\mindcare-backend, java.vm.compressedOopsMode=Zero based, line.separator=
, hibernate.persistenceUnitName=default, java.vm.specification.vendor=Oracle Corporation, java.specification.name=Java Platform API Specification, FILE_LOG_CHARSET=UTF-8, hibernate.transaction.coordinator_class=class org.hibernate.resource.transaction.backend.jdbc.internal.JdbcResourceLocalTransactionCoordinatorBuilderImpl, java.awt.headless=true, surefire.real.class.path=C:\Users\sebas\AppData\Local\Temp\surefire2618889038671979296\surefirebooter-20240627141255359_3.jar, jakarta.persistence.validation.mode=AUTO, hibernate.hbm2ddl.auto=create, user.script=, sun.management.compiler=HotSpot 64-Bit Tiered Compilers, java.runtime.version=21.0.3+9-LTS, user.name=sebas, stdout.encoding=Cp1252, path.separator=;, os.version=10.0, java.runtime.name=OpenJDK Runtime Environment, file.encoding=UTF-8, java.vm.name=OpenJDK 64-Bit Server VM, hibernate.show_sql=true, java.vendor.version=Corretto-21.0.3.9.1, localRepository=C:\Users\sebas\.m2\repository, java.vendor.url.bug=https://github.com/corretto/corretto-21/issues/, java.io.tmpdir=C:\Users\sebas\AppData\Local\Temp\, idea.version=2024.1.1, java.version=21.0.3, hibernate.physical_naming_strategy=org.hibernate.boot.model.naming.CamelCaseToUnderscoresNamingStrategy, user.dir=C:\Users\sebas\OneDrive\Escritorio\Sebas\UPC\Desarrollo de Aplicaciones Open Source\mindcare-backend, os.arch=amd64, java.vm.specification.name=Java Virtual Machine Specification, PID=22344, sun.os.patch.level=, CONSOLE_LOG_CHARSET=UTF-8, hibernate.boot.CfgXmlAccessService.key=org.hibernate.boot.registry.StandardServiceRegistryBuilder$1@745cf754, native.encoding=Cp1252, java.library.path=C:\Users\sebas\.jdks\corretto-21.0.3\bin;C:\Windows\Sun\Java\bin;C:\Windows\system32;C:\Windows;C:\Program Files\Microsoft SDKs\Azure\CLI2\wbin;C:\Program Files (x86)\Common Files\Oracle\Java\java8path;C:\Program Files (x86)\Common Files\Oracle\Java\javapath;C:\Python312\Scripts\;C:\Python312\;C:\Windows\system32;C:\Windows;C:\Windows\System32\Wbem;C:\Windows\System32\WindowsPowerShell\v1.0\;C:\Windows\System32\OpenSSH\;C:\Program Files\NVIDIA Corporation\NVIDIA NvDLISR;C:\Program Files (x86)\NVIDIA Corporation\PhysX\Common;C:\Program Files\dotnet\;C:\ProgramData\chocolatey\bin;C:\Users\sebas\AppData\Roaming\nvm;C:\Program Files\nodejs;C:\Program Files\Git\cmd;C:\Program Files\Docker\Docker\resources\bin;C:\msys64\ucrt64\bin;C:\Users\sebas\.dotnet\tools;C:\Users\sebas\AppData\Local\Programs\Microsoft VS Code\bin;., stderr.encoding=Cp1252, java.vendor=Amazon.com Inc., java.vm.info=mixed mode, sharing, java.vm.version=21.0.3+9-LTS, sun.io.unicode.encoding=UnicodeLittle, hibernate.archive.scanner=org.hibernate.boot.archive.scan.internal.DisabledScanner, hibernate.connection.datasource=HikariDataSource (HikariPool-1), java.class.version=65.0, LOGGED_APPLICATION_NAME=[mindcare-backend] }
2024-06-27T14:12:59.461-05:00 DEBUG 22344 --- [mindcare-backend] [onnection adder] com.zaxxer.hikari.pool.HikariPool        : HikariPool-1 - Added connection org.postgresql.jdbc.PgConnection@6cafebad
2024-06-27T14:12:59.463-05:00 DEBUG 22344 --- [mindcare-backend] [           main] o.hibernate.internal.SessionFactoryImpl  : Session factory constructed with filter configurations : {}
2024-06-27T14:12:59.467-05:00 DEBUG 22344 --- [mindcare-backend] [           main] o.h.v.i.xml.config.ValidationXmlParser   : Trying to load META-INF/validation.xml for XML based Validator configuration.
2024-06-27T14:12:59.467-05:00 DEBUG 22344 --- [mindcare-backend] [           main] o.h.v.i.xml.config.ResourceLoaderHelper  : Trying to load META-INF/validation.xml via TCCL
2024-06-27T14:12:59.467-05:00 DEBUG 22344 --- [mindcare-backend] [           main] o.h.v.i.xml.config.ResourceLoaderHelper  : Trying to load META-INF/validation.xml via Hibernate Validator's class loader
2024-06-27T14:12:59.467-05:00 DEBUG 22344 --- [mindcare-backend] [           main] o.h.v.i.xml.config.ValidationXmlParser   : No META-INF/validation.xml found. Using annotation based configuration only.
2024-06-27T14:12:59.467-05:00 DEBUG 22344 --- [mindcare-backend] [           main] o.h.v.i.e.resolver.TraversableResolvers  : Found jakarta.persistence.Persistence on classpath containing 'getPersistenceUtil'. Assuming JPA 2 environment. Trying to instantiate JPA aware TraversableResolver
2024-06-27T14:12:59.467-05:00 DEBUG 22344 --- [mindcare-backend] [           main] o.h.v.i.e.resolver.TraversableResolvers  : Instantiated JPA aware TraversableResolver of type org.hibernate.validator.internal.engine.resolver.JPATraversableResolver.
2024-06-27T14:12:59.467-05:00 DEBUG 22344 --- [mindcare-backend] [           main] .h.v.m.ResourceBundleMessageInterpolator : Loaded expression factory via original TCCL
2024-06-27T14:12:59.469-05:00 DEBUG 22344 --- [mindcare-backend] [           main] .i.e.ValidatorFactoryConfigurationHelper : HV000252: Using org.hibernate.validator.internal.engine.DefaultPropertyNodeNameProvider as property node name provider.
2024-06-27T14:12:59.469-05:00 DEBUG 22344 --- [mindcare-backend] [           main] .i.e.ValidatorFactoryConfigurationHelper : HV000234: Using org.hibernate.validator.messageinterpolation.ResourceBundleMessageInterpolator as ValidatorFactory-scoped message interpolator.
2024-06-27T14:12:59.469-05:00 DEBUG 22344 --- [mindcare-backend] [           main] .i.e.ValidatorFactoryConfigurationHelper : HV000234: Using org.hibernate.validator.internal.engine.resolver.JPATraversableResolver as ValidatorFactory-scoped traversable resolver.
2024-06-27T14:12:59.469-05:00 DEBUG 22344 --- [mindcare-backend] [           main] .i.e.ValidatorFactoryConfigurationHelper : HV000234: Using org.hibernate.validator.internal.util.ExecutableParameterNameProvider as ValidatorFactory-scoped parameter name provider.
2024-06-27T14:12:59.469-05:00 DEBUG 22344 --- [mindcare-backend] [           main] .i.e.ValidatorFactoryConfigurationHelper : HV000234: Using org.hibernate.validator.internal.engine.DefaultClockProvider as ValidatorFactory-scoped clock provider.
2024-06-27T14:12:59.469-05:00 DEBUG 22344 --- [mindcare-backend] [           main] .i.e.ValidatorFactoryConfigurationHelper : HV000234: Using org.hibernate.validator.internal.engine.scripting.DefaultScriptEvaluatorFactory as ValidatorFactory-scoped script evaluator factory.
2024-06-27T14:12:59.470-05:00 DEBUG 22344 --- [mindcare-backend] [           main] o.h.boot.internal.ClassLoaderAccessImpl  : Not known whether passed class name [pe.edu.upc.mind.care.platform.iam.domain.model.aggregates.User] is safe
2024-06-27T14:12:59.470-05:00 DEBUG 22344 --- [mindcare-backend] [           main] o.h.boot.internal.ClassLoaderAccessImpl  : No temp ClassLoader provided; using live ClassLoader for loading potentially unsafe class : pe.edu.upc.mind.care.platform.iam.domain.model.aggregates.User
2024-06-27T14:12:59.480-05:00 DEBUG 22344 --- [mindcare-backend] [onnection adder] org.postgresql.Driver                    : Connecting with URL: jdbc:postgresql://localhost:5432/mindcare
2024-06-27T14:12:59.480-05:00 DEBUG 22344 --- [mindcare-backend] [onnection adder] org.postgresql.jdbc.PgConnection         : PostgreSQL JDBC Driver 42.6.2
2024-06-27T14:12:59.480-05:00 DEBUG 22344 --- [mindcare-backend] [onnection adder] org.postgresql.jdbc.PgConnection         :   setDefaultFetchSize = 0
2024-06-27T14:12:59.480-05:00 DEBUG 22344 --- [mindcare-backend] [onnection adder] org.postgresql.jdbc.PgConnection         :   setPrepareThreshold = 5
2024-06-27T14:12:59.480-05:00 DEBUG 22344 --- [mindcare-backend] [onnection adder] o.p.core.v3.ConnectionFactoryImpl        : Trying to establish a protocol version 3 connection to localhost:5432
2024-06-27T14:12:59.481-05:00 DEBUG 22344 --- [mindcare-backend] [onnection adder] o.p.core.v3.ConnectionFactoryImpl        : Receive Buffer Size is 65,536
2024-06-27T14:12:59.481-05:00 DEBUG 22344 --- [mindcare-backend] [onnection adder] o.p.core.v3.ConnectionFactoryImpl        : Send Buffer Size is 65,536
2024-06-27T14:12:59.510-05:00 DEBUG 22344 --- [mindcare-backend] [           main] o.h.boot.internal.ClassLoaderAccessImpl  : Not known whether passed class name [pe.edu.upc.mind.care.platform.iam.domain.model.entities.Role] is safe
2024-06-27T14:12:59.510-05:00 DEBUG 22344 --- [mindcare-backend] [           main] o.h.boot.internal.ClassLoaderAccessImpl  : No temp ClassLoader provided; using live ClassLoader for loading potentially unsafe class : pe.edu.upc.mind.care.platform.iam.domain.model.entities.Role
2024-06-27T14:12:59.511-05:00 DEBUG 22344 --- [mindcare-backend] [onnection adder] com.zaxxer.hikari.pool.HikariPool        : HikariPool-1 - Added connection org.postgresql.jdbc.PgConnection@2c91148c
2024-06-27T14:12:59.517-05:00 DEBUG 22344 --- [mindcare-backend] [           main] o.h.boot.internal.ClassLoaderAccessImpl  : Not known whether passed class name [pe.edu.upc.mind.care.platform.therapymanagement.domain.model.aggregates.Financial] is safe
2024-06-27T14:12:59.518-05:00 DEBUG 22344 --- [mindcare-backend] [           main] o.h.boot.internal.ClassLoaderAccessImpl  : No temp ClassLoader provided; using live ClassLoader for loading potentially unsafe class : pe.edu.upc.mind.care.platform.therapymanagement.domain.model.aggregates.Financial
2024-06-27T14:12:59.520-05:00 DEBUG 22344 --- [mindcare-backend] [           main] o.h.boot.internal.ClassLoaderAccessImpl  : Not known whether passed class name [pe.edu.upc.mind.care.platform.NoteManagement.domain.model.aggregates.AppointmentNote] is safe
2024-06-27T14:12:59.520-05:00 DEBUG 22344 --- [mindcare-backend] [           main] o.h.boot.internal.ClassLoaderAccessImpl  : No temp ClassLoader provided; using live ClassLoader for loading potentially unsafe class : pe.edu.upc.mind.care.platform.NoteManagement.domain.model.aggregates.AppointmentNote
2024-06-27T14:12:59.524-05:00 DEBUG 22344 --- [mindcare-backend] [           main] o.h.boot.internal.ClassLoaderAccessImpl  : Not known whether passed class name [pe.edu.upc.mind.care.platform.NoteManagement.domain.model.entities.Note] is safe
2024-06-27T14:12:59.524-05:00 DEBUG 22344 --- [mindcare-backend] [           main] o.h.boot.internal.ClassLoaderAccessImpl  : No temp ClassLoader provided; using live ClassLoader for loading potentially unsafe class : pe.edu.upc.mind.care.platform.NoteManagement.domain.model.entities.Note
2024-06-27T14:12:59.525-05:00 DEBUG 22344 --- [mindcare-backend] [           main] o.h.boot.internal.ClassLoaderAccessImpl  : Not known whether passed class name [pe.edu.upc.mind.care.platform.therapymanagement.domain.model.entities.Transaction] is safe
2024-06-27T14:12:59.525-05:00 DEBUG 22344 --- [mindcare-backend] [           main] o.h.boot.internal.ClassLoaderAccessImpl  : No temp ClassLoader provided; using live ClassLoader for loading potentially unsafe class : pe.edu.upc.mind.care.platform.therapymanagement.domain.model.entities.Transaction
2024-06-27T14:12:59.527-05:00 DEBUG 22344 --- [mindcare-backend] [onnection adder] com.zaxxer.hikari.pool.HikariPool        : HikariPool-1 - After adding stats (total=10, active=0, idle=10, waiting=0)
2024-06-27T14:12:59.529-05:00 DEBUG 22344 --- [mindcare-backend] [           main] o.h.boot.internal.ClassLoaderAccessImpl  : Not known whether passed class name [org.springframework.modulith.events.jpa.JpaEventPublication] is safe
2024-06-27T14:12:59.529-05:00 DEBUG 22344 --- [mindcare-backend] [           main] o.h.boot.internal.ClassLoaderAccessImpl  : No temp ClassLoader provided; using live ClassLoader for loading potentially unsafe class : org.springframework.modulith.events.jpa.JpaEventPublication
2024-06-27T14:12:59.530-05:00 DEBUG 22344 --- [mindcare-backend] [           main] o.h.boot.internal.ClassLoaderAccessImpl  : Not known whether passed class name [pe.edu.upc.mind.care.platform.searchandmatch.domain.model.aggregates.Schedule] is safe
2024-06-27T14:12:59.530-05:00 DEBUG 22344 --- [mindcare-backend] [           main] o.h.boot.internal.ClassLoaderAccessImpl  : No temp ClassLoader provided; using live ClassLoader for loading potentially unsafe class : pe.edu.upc.mind.care.platform.searchandmatch.domain.model.aggregates.Schedule
2024-06-27T14:12:59.532-05:00 DEBUG 22344 --- [mindcare-backend] [           main] o.h.boot.internal.ClassLoaderAccessImpl  : Not known whether passed class name [pe.edu.upc.mind.care.platform.searchandmatch.domain.model.entities.Reservation] is safe
2024-06-27T14:12:59.532-05:00 DEBUG 22344 --- [mindcare-backend] [           main] o.h.boot.internal.ClassLoaderAccessImpl  : No temp ClassLoader provided; using live ClassLoader for loading potentially unsafe class : pe.edu.upc.mind.care.platform.searchandmatch.domain.model.entities.Reservation
2024-06-27T14:12:59.534-05:00 DEBUG 22344 --- [mindcare-backend] [           main] o.h.boot.internal.ClassLoaderAccessImpl  : Not known whether passed class name [pe.edu.upc.mind.care.platform.appointmentManagement.domain.model.aggregates.Appointment] is safe
2024-06-27T14:12:59.534-05:00 DEBUG 22344 --- [mindcare-backend] [           main] o.h.boot.internal.ClassLoaderAccessImpl  : No temp ClassLoader provided; using live ClassLoader for loading potentially unsafe class : pe.edu.upc.mind.care.platform.appointmentManagement.domain.model.aggregates.Appointment
2024-06-27T14:12:59.537-05:00 DEBUG 22344 --- [mindcare-backend] [           main] .h.s.i.SessionFactoryServiceRegistryImpl : EventListenerRegistry access via ServiceRegistry is deprecated.  Use `sessionFactory.getEventEngine().getListenerRegistry()` instead
2024-06-27T14:12:59.565-05:00 DEBUG 22344 --- [mindcare-backend] [           main] o.h.q.sqm.function.SqmFunctionRegistry   : Registered SqmFunctionTemplate [NamedSqmFunctionTemplate(max)] under max; prior registration was null
2024-06-27T14:12:59.565-05:00 DEBUG 22344 --- [mindcare-backend] [           main] o.h.q.sqm.function.SqmFunctionRegistry   : Registered SqmFunctionTemplate [NamedSqmFunctionTemplate(min)] under min; prior registration was null
2024-06-27T14:12:59.565-05:00 DEBUG 22344 --- [mindcare-backend] [           main] o.h.q.sqm.function.SqmFunctionRegistry   : Registered SqmFunctionTemplate [NamedSqmFunctionTemplate(sum)] under sum; prior registration was null
2024-06-27T14:12:59.566-05:00 DEBUG 22344 --- [mindcare-backend] [           main] o.h.q.sqm.function.SqmFunctionRegistry   : Registered SqmFunctionTemplate [NamedSqmFunctionTemplate(avg)] under avg; prior registration was null
2024-06-27T14:12:59.566-05:00 DEBUG 22344 --- [mindcare-backend] [           main] o.h.q.sqm.function.SqmFunctionRegistry   : Registered SqmFunctionTemplate [org.hibernate.dialect.function.CountFunction@631678e6] under count; prior registration was null
2024-06-27T14:12:59.567-05:00 DEBUG 22344 --- [mindcare-backend] [           main] o.h.q.sqm.function.SqmFunctionRegistry   : Registered SqmFunctionTemplate [org.hibernate.dialect.function.EveryAnyEmulation@6e355249] under every; prior registration was null
2024-06-27T14:12:59.567-05:00 DEBUG 22344 --- [mindcare-backend] [           main] o.h.q.sqm.function.SqmFunctionRegistry   : Registered SqmFunctionTemplate [org.hibernate.dialect.function.EveryAnyEmulation@652a1a17] under any; prior registration was null
2024-06-27T14:12:59.567-05:00 DEBUG 22344 --- [mindcare-backend] [           main] o.h.q.sqm.function.SqmFunctionRegistry   : Registered SqmFunctionTemplate [NamedSqmFunctionTemplate(floor)] under floor; prior registration was null
2024-06-27T14:12:59.567-05:00 DEBUG 22344 --- [mindcare-backend] [           main] o.h.q.sqm.function.SqmFunctionRegistry   : Registered SqmFunctionTemplate [NamedSqmFunctionTemplate(ceiling)] under ceiling; prior registration was null
2024-06-27T14:12:59.567-05:00 DEBUG 22344 --- [mindcare-backend] [           main] o.h.q.sqm.function.SqmFunctionRegistry   : Registered SqmFunctionTemplate [NamedSqmFunctionTemplate(mod)] under mod; prior registration was null
2024-06-27T14:12:59.567-05:00 DEBUG 22344 --- [mindcare-backend] [           main] o.h.q.sqm.function.SqmFunctionRegistry   : Registered SqmFunctionTemplate [NamedSqmFunctionTemplate(abs)] under abs; prior registration was null
2024-06-27T14:12:59.567-05:00 DEBUG 22344 --- [mindcare-backend] [           main] o.h.q.sqm.function.SqmFunctionRegistry   : Registered SqmFunctionTemplate [NamedSqmFunctionTemplate(sign)] under sign; prior registration was null
2024-06-27T14:12:59.567-05:00 DEBUG 22344 --- [mindcare-backend] [           main] o.h.q.sqm.function.SqmFunctionRegistry   : Registered SqmFunctionTemplate [NamedSqmFunctionTemplate(sqrt)] under sqrt; prior registration was null
2024-06-27T14:12:59.567-05:00 DEBUG 22344 --- [mindcare-backend] [           main] o.h.q.sqm.function.SqmFunctionRegistry   : Registered SqmFunctionTemplate [NamedSqmFunctionTemplate(ln)] under ln; prior registration was null
2024-06-27T14:12:59.567-05:00 DEBUG 22344 --- [mindcare-backend] [           main] o.h.q.sqm.function.SqmFunctionRegistry   : Registered SqmFunctionTemplate [NamedSqmFunctionTemplate(exp)] under exp; prior registration was null
2024-06-27T14:12:59.567-05:00 DEBUG 22344 --- [mindcare-backend] [           main] o.h.q.sqm.function.SqmFunctionRegistry   : Registered SqmFunctionTemplate [NamedSqmFunctionTemplate(power)] under power; prior registration was null
2024-06-27T14:12:59.568-05:00 DEBUG 22344 --- [mindcare-backend] [           main] o.h.q.sqm.function.SqmFunctionRegistry   : Registered SqmFunctionTemplate [NamedSqmFunctionTemplate(round)] under round; prior registration was null
2024-06-27T14:12:59.568-05:00 DEBUG 22344 --- [mindcare-backend] [           main] o.h.q.sqm.function.SqmFunctionRegistry   : Registered SqmFunctionTemplate [NamedSqmFunctionTemplate(sin)] under sin; prior registration was null
2024-06-27T14:12:59.568-05:00 DEBUG 22344 --- [mindcare-backend] [           main] o.h.q.sqm.function.SqmFunctionRegistry   : Registered SqmFunctionTemplate [NamedSqmFunctionTemplate(cos)] under cos; prior registration was null
2024-06-27T14:12:59.568-05:00 DEBUG 22344 --- [mindcare-backend] [           main] o.h.q.sqm.function.SqmFunctionRegistry   : Registered SqmFunctionTemplate [NamedSqmFunctionTemplate(tan)] under tan; prior registration was null
2024-06-27T14:12:59.568-05:00 DEBUG 22344 --- [mindcare-backend] [           main] o.h.q.sqm.function.SqmFunctionRegistry   : Registered SqmFunctionTemplate [NamedSqmFunctionTemplate(asin)] under asin; prior registration was null
2024-06-27T14:12:59.568-05:00 DEBUG 22344 --- [mindcare-backend] [           main] o.h.q.sqm.function.SqmFunctionRegistry   : Registered SqmFunctionTemplate [NamedSqmFunctionTemplate(acos)] under acos; prior registration was null
2024-06-27T14:12:59.568-05:00 DEBUG 22344 --- [mindcare-backend] [           main] o.h.q.sqm.function.SqmFunctionRegistry   : Registered SqmFunctionTemplate [NamedSqmFunctionTemplate(atan)] under atan; prior registration was null
2024-06-27T14:12:59.568-05:00 DEBUG 22344 --- [mindcare-backend] [           main] o.h.q.sqm.function.SqmFunctionRegistry   : Registered SqmFunctionTemplate [NamedSqmFunctionTemplate(atan2)] under atan2; prior registration was null
2024-06-27T14:12:59.569-05:00 DEBUG 22344 --- [mindcare-backend] [           main] o.h.q.sqm.function.SqmFunctionRegistry   : Registered SqmFunctionTemplate [org.hibernate.query.sqm.function.PatternBasedSqmFunctionDescriptor@7474196] under sinh; prior registration was null
2024-06-27T14:12:59.569-05:00 DEBUG 22344 --- [mindcare-backend] [           main] o.h.q.sqm.function.SqmFunctionRegistry   : Registered SqmFunctionTemplate [org.hibernate.query.sqm.function.PatternBasedSqmFunctionDescriptor@11ee671f] under cosh; prior registration was null
2024-06-27T14:12:59.569-05:00 DEBUG 22344 --- [mindcare-backend] [           main] o.h.q.sqm.function.SqmFunctionRegistry   : Registered SqmFunctionTemplate [org.hibernate.query.sqm.function.PatternBasedSqmFunctionDescriptor@18209303] under tanh; prior registration was null
2024-06-27T14:12:59.569-05:00 DEBUG 22344 --- [mindcare-backend] [           main] o.h.q.sqm.function.SqmFunctionRegistry   : Registered SqmFunctionTemplate [org.hibernate.query.sqm.function.PatternBasedSqmFunctionDescriptor@57df09a7] under pi; prior registration was null
2024-06-27T14:12:59.569-05:00 DEBUG 22344 --- [mindcare-backend] [           main] o.h.q.sqm.function.SqmFunctionRegistry   : Registered SqmFunctionTemplate [org.hibernate.query.sqm.function.PatternBasedSqmFunctionDescriptor@6aa9a93b] under log; prior registration was null
2024-06-27T14:12:59.569-05:00 DEBUG 22344 --- [mindcare-backend] [           main] o.h.q.sqm.function.SqmFunctionRegistry   : Registered SqmFunctionTemplate [NamedSqmFunctionTemplate(coalesce)] under coalesce; prior registration was null
2024-06-27T14:12:59.569-05:00 DEBUG 22344 --- [mindcare-backend] [           main] o.h.q.sqm.function.SqmFunctionRegistry   : Registered SqmFunctionTemplate [NamedSqmFunctionTemplate(nullif)] under nullif; prior registration was null
2024-06-27T14:12:59.569-05:00 DEBUG 22344 --- [mindcare-backend] [           main] o.h.q.sqm.function.SqmFunctionRegistry   : Registered SqmFunctionTemplate [NamedSqmFunctionTemplate(left)] under left; prior registration was null
2024-06-27T14:12:59.569-05:00 DEBUG 22344 --- [mindcare-backend] [           main] o.h.q.sqm.function.SqmFunctionRegistry   : Registered SqmFunctionTemplate [NamedSqmFunctionTemplate(right)] under right; prior registration was null
2024-06-27T14:12:59.569-05:00 DEBUG 22344 --- [mindcare-backend] [           main] o.h.q.sqm.function.SqmFunctionRegistry   : Registered SqmFunctionTemplate [NamedSqmFunctionTemplate(replace)] under replace; prior registration was null
2024-06-27T14:12:59.569-05:00 DEBUG 22344 --- [mindcare-backend] [           main] o.h.q.sqm.function.SqmFunctionRegistry   : Registered SqmFunctionTemplate [NamedSqmFunctionTemplate(concat)] under concat; prior registration was null
2024-06-27T14:12:59.569-05:00 DEBUG 22344 --- [mindcare-backend] [           main] o.h.q.sqm.function.SqmFunctionRegistry   : Registered SqmFunctionTemplate [NamedSqmFunctionTemplate(lower)] under lower; prior registration was null
2024-06-27T14:12:59.569-05:00 DEBUG 22344 --- [mindcare-backend] [           main] o.h.q.sqm.function.SqmFunctionRegistry   : Registered SqmFunctionTemplate [NamedSqmFunctionTemplate(upper)] under upper; prior registration was null
2024-06-27T14:12:59.569-05:00 DEBUG 22344 --- [mindcare-backend] [           main] o.h.q.sqm.function.SqmFunctionRegistry   : Registered SqmFunctionTemplate [NamedSqmFunctionTemplate(substring)] under substring; prior registration was null
2024-06-27T14:12:59.569-05:00 DEBUG 22344 --- [mindcare-backend] [           main] o.h.q.sqm.function.SqmFunctionRegistry   : Registered SqmFunctionTemplate [NamedSqmFunctionTemplate(locate)] under locate; prior registration was null
2024-06-27T14:12:59.569-05:00 DEBUG 22344 --- [mindcare-backend] [           main] o.h.q.sqm.function.SqmFunctionRegistry   : Registered SqmFunctionTemplate [NamedSqmFunctionTemplate(character_length)] under character_length; prior registration was null
2024-06-27T14:12:59.569-05:00 DEBUG 22344 --- [mindcare-backend] [           main] o.h.q.sqm.function.SqmFunctionRegistry   : Registering alternate key : length -> character_length
2024-06-27T14:12:59.569-05:00 DEBUG 22344 --- [mindcare-backend] [           main] o.h.q.sqm.function.SqmFunctionRegistry   : Registered SqmFunctionTemplate [org.hibernate.dialect.function.LocatePositionEmulation@2573b149] under position; prior registration was null
2024-06-27T14:12:59.570-05:00 DEBUG 22344 --- [mindcare-backend] [           main] o.h.q.sqm.function.SqmFunctionRegistry   : Registered SqmFunctionTemplate [org.hibernate.dialect.function.InsertSubstringOverlayEmulation@220be130] under overlay; prior registration was null
2024-06-27T14:12:59.571-05:00 DEBUG 22344 --- [mindcare-backend] [           main] o.h.q.sqm.function.SqmFunctionRegistry   : Registered SqmFunctionTemplate [org.hibernate.dialect.function.TrimFunction@f439e0f] under trim; prior registration was null
2024-06-27T14:12:59.571-05:00 DEBUG 22344 --- [mindcare-backend] [           main] o.h.q.sqm.function.SqmFunctionRegistry   : Registered SqmFunctionTemplate [org.hibernate.dialect.function.CastFunction@23dff243] under cast; prior registration was null
2024-06-27T14:12:59.571-05:00 DEBUG 22344 --- [mindcare-backend] [           main] o.h.q.sqm.function.SqmFunctionRegistry   : Registered SqmFunctionTemplate [org.hibernate.query.sqm.function.PatternBasedSqmFunctionDescriptor@4af606e9] under collate; prior registration was null
2024-06-27T14:12:59.572-05:00 DEBUG 22344 --- [mindcare-backend] [           main] o.h.q.sqm.function.SqmFunctionRegistry   : Registered SqmFunctionTemplate [org.hibernate.dialect.function.ExtractFunction@155c7eae] under extract; prior registration was null
2024-06-27T14:12:59.572-05:00 DEBUG 22344 --- [mindcare-backend] [           main] o.h.q.sqm.function.SqmFunctionRegistry   : Registered SqmFunctionTemplate [NamedSqmFunctionTemplate(least)] under least; prior registration was null
2024-06-27T14:12:59.572-05:00 DEBUG 22344 --- [mindcare-backend] [           main] o.h.q.sqm.function.SqmFunctionRegistry   : Registered SqmFunctionTemplate [NamedSqmFunctionTemplate(greatest)] under greatest; prior registration was null
2024-06-27T14:12:59.572-05:00 DEBUG 22344 --- [mindcare-backend] [           main] o.h.q.sqm.function.SqmFunctionRegistry   : Registered SqmFunctionTemplate [org.hibernate.dialect.function.CoalesceIfnullEmulation@7b8fcdf2] under ifnull; prior registration was null
2024-06-27T14:12:59.572-05:00 DEBUG 22344 --- [mindcare-backend] [           main] o.h.q.sqm.function.SqmFunctionRegistry   : Registered SqmFunctionTemplate [NamedSqmFunctionTemplate(lpad)] under lpad; prior registration was null
2024-06-27T14:12:59.572-05:00 DEBUG 22344 --- [mindcare-backend] [           main] o.h.q.sqm.function.SqmFunctionRegistry   : Registered SqmFunctionTemplate [NamedSqmFunctionTemplate(rpad)] under rpad; prior registration was null
2024-06-27T14:12:59.572-05:00 DEBUG 22344 --- [mindcare-backend] [           main] o.h.q.sqm.function.SqmFunctionRegistry   : Registered SqmFunctionTemplate [org.hibernate.dialect.function.LpadRpadPadEmulation@7cd3860] under pad; prior registration was null
2024-06-27T14:12:59.572-05:00 DEBUG 22344 --- [mindcare-backend] [           main] o.h.q.sqm.function.SqmFunctionRegistry   : Registered SqmFunctionTemplate [org.hibernate.dialect.function.CastStrEmulation@2d3eb1ea] under str; prior registration was null
2024-06-27T14:12:59.573-05:00 DEBUG 22344 --- [mindcare-backend] [           main] o.h.q.sqm.function.SqmFunctionRegistry   : Registered SqmFunctionTemplate [org.hibernate.dialect.function.FormatFunction@671f545b] under format; prior registration was null
2024-06-27T14:12:59.573-05:00 DEBUG 22344 --- [mindcare-backend] [           main] o.h.q.sqm.function.SqmFunctionRegistry   : Registered SqmFunctionTemplate [org.hibernate.dialect.function.TimestampaddFunction@1e66bf2d] under timestampadd; prior registration was null
2024-06-27T14:12:59.574-05:00 DEBUG 22344 --- [mindcare-backend] [           main] o.h.q.sqm.function.SqmFunctionRegistry   : Registered SqmFunctionTemplate [org.hibernate.dialect.function.TimestampdiffFunction@3831f4c2] under timestampdiff; prior registration was null
2024-06-27T14:12:59.574-05:00 DEBUG 22344 --- [mindcare-backend] [           main] o.h.q.sqm.function.SqmFunctionRegistry   : Registering alternate key : dateadd -> timestampadd
2024-06-27T14:12:59.574-05:00 DEBUG 22344 --- [mindcare-backend] [           main] o.h.q.sqm.function.SqmFunctionRegistry   : Registering alternate key : datediff -> timestampdiff
2024-06-27T14:12:59.574-05:00 DEBUG 22344 --- [mindcare-backend] [           main] o.h.q.sqm.function.SqmFunctionRegistry   : Registered SqmFunctionTemplate [org.hibernate.dialect.function.CurrentFunction@37083af6] under current_date; prior registration was null
2024-06-27T14:12:59.574-05:00 DEBUG 22344 --- [mindcare-backend] [           main] o.h.q.sqm.function.SqmFunctionRegistry   : Registered SqmFunctionTemplate [org.hibernate.dialect.function.CurrentFunction@55e4dd68] under current_time; prior registration was null
2024-06-27T14:12:59.574-05:00 DEBUG 22344 --- [mindcare-backend] [           main] o.h.q.sqm.function.SqmFunctionRegistry   : Registered SqmFunctionTemplate [org.hibernate.dialect.function.CurrentFunction@28c7fd9d] under current_timestamp; prior registration was null
2024-06-27T14:12:59.574-05:00 DEBUG 22344 --- [mindcare-backend] [           main] o.h.q.sqm.function.SqmFunctionRegistry   : Registering alternate key : current date -> current_date
2024-06-27T14:12:59.574-05:00 DEBUG 22344 --- [mindcare-backend] [           main] o.h.q.sqm.function.SqmFunctionRegistry   : Registering alternate key : current time -> current_time
2024-06-27T14:12:59.574-05:00 DEBUG 22344 --- [mindcare-backend] [           main] o.h.q.sqm.function.SqmFunctionRegistry   : Registering alternate key : current timestamp -> current_timestamp
2024-06-27T14:12:59.574-05:00 DEBUG 22344 --- [mindcare-backend] [           main] o.h.q.sqm.function.SqmFunctionRegistry   : Registered SqmFunctionTemplate [org.hibernate.dialect.function.CurrentFunction@6a63ff31] under local_date; prior registration was null
2024-06-27T14:12:59.574-05:00 DEBUG 22344 --- [mindcare-backend] [           main] o.h.q.sqm.function.SqmFunctionRegistry   : Registered SqmFunctionTemplate [org.hibernate.dialect.function.CurrentFunction@1c4aa701] under local_time; prior registration was null
2024-06-27T14:12:59.574-05:00 DEBUG 22344 --- [mindcare-backend] [           main] o.h.q.sqm.function.SqmFunctionRegistry   : Registered SqmFunctionTemplate [org.hibernate.dialect.function.CurrentFunction@6f36267d] under local_datetime; prior registration was null
2024-06-27T14:12:59.574-05:00 DEBUG 22344 --- [mindcare-backend] [           main] o.h.q.sqm.function.SqmFunctionRegistry   : Registered SqmFunctionTemplate [org.hibernate.dialect.function.CurrentFunction@788a0513] under offset_datetime; prior registration was null
2024-06-27T14:12:59.574-05:00 DEBUG 22344 --- [mindcare-backend] [           main] o.h.q.sqm.function.SqmFunctionRegistry   : Registering alternate key : local date -> local_date
2024-06-27T14:12:59.574-05:00 DEBUG 22344 --- [mindcare-backend] [           main] o.h.q.sqm.function.SqmFunctionRegistry   : Registering alternate key : local time -> local_time
2024-06-27T14:12:59.574-05:00 DEBUG 22344 --- [mindcare-backend] [           main] o.h.q.sqm.function.SqmFunctionRegistry   : Registering alternate key : local datetime -> local_datetime
2024-06-27T14:12:59.574-05:00 DEBUG 22344 --- [mindcare-backend] [           main] o.h.q.sqm.function.SqmFunctionRegistry   : Registering alternate key : offset datetime -> offset_datetime
2024-06-27T14:12:59.574-05:00 DEBUG 22344 --- [mindcare-backend] [           main] o.h.q.sqm.function.SqmFunctionRegistry   : Registered SqmFunctionTemplate [org.hibernate.dialect.function.CurrentFunction@d65e744] under instant; prior registration was null
2024-06-27T14:12:59.574-05:00 DEBUG 22344 --- [mindcare-backend] [           main] o.h.q.sqm.function.SqmFunctionRegistry   : Registering alternate key : current_instant -> instant
2024-06-27T14:12:59.574-05:00 DEBUG 22344 --- [mindcare-backend] [           main] o.h.q.sqm.function.SqmFunctionRegistry   : Registered SqmFunctionTemplate [org.hibernate.dialect.function.SqlFunction@10724a72] under sql; prior registration was null
2024-06-27T14:12:59.574-05:00 DEBUG 22344 --- [mindcare-backend] [           main] o.h.q.sqm.function.SqmFunctionRegistry   : Registered SqmFunctionTemplate [NamedSqmFunctionTemplate(cot)] under cot; prior registration was null
2024-06-27T14:12:59.574-05:00 DEBUG 22344 --- [mindcare-backend] [           main] o.h.q.sqm.function.SqmFunctionRegistry   : Registered SqmFunctionTemplate [NamedSqmFunctionTemplate(radians)] under radians; prior registration was null
2024-06-27T14:12:59.574-05:00 DEBUG 22344 --- [mindcare-backend] [           main] o.h.q.sqm.function.SqmFunctionRegistry   : Registered SqmFunctionTemplate [NamedSqmFunctionTemplate(degrees)] under degrees; prior registration was null
2024-06-27T14:12:59.574-05:00 DEBUG 22344 --- [mindcare-backend] [           main] o.h.q.sqm.function.SqmFunctionRegistry   : Registered SqmFunctionTemplate [NamedSqmFunctionTemplate(log)] under log; prior registration was org.hibernate.query.sqm.function.PatternBasedSqmFunctionDescriptor@6aa9a93b
2024-06-27T14:12:59.574-05:00 DEBUG 22344 --- [mindcare-backend] [           main] o.h.q.sqm.function.SqmFunctionRegistry   : Registered SqmFunctionTemplate [org.hibernate.query.sqm.function.PatternBasedSqmFunctionDescriptor@25435731] under mod; prior registration was NamedSqmFunctionTemplate(mod)
2024-06-27T14:12:59.574-05:00 DEBUG 22344 --- [mindcare-backend] [           main] o.h.q.sqm.function.SqmFunctionRegistry   : Registered SqmFunctionTemplate [NamedSqmFunctionTemplate(log10)] under log10; prior registration was null
2024-06-27T14:12:59.575-05:00 DEBUG 22344 --- [mindcare-backend] [           main] o.h.q.sqm.function.SqmFunctionRegistry   : Registered SqmFunctionTemplate [NamedSqmFunctionTemplate(tanh)] under tanh; prior registration was org.hibernate.query.sqm.function.PatternBasedSqmFunctionDescriptor@18209303
2024-06-27T14:12:59.575-05:00 DEBUG 22344 --- [mindcare-backend] [           main] o.h.q.sqm.function.SqmFunctionRegistry   : Registered SqmFunctionTemplate [NamedSqmFunctionTemplate(sinh)] under sinh; prior registration was org.hibernate.query.sqm.function.PatternBasedSqmFunctionDescriptor@7474196
2024-06-27T14:12:59.575-05:00 DEBUG 22344 --- [mindcare-backend] [           main] o.h.q.sqm.function.SqmFunctionRegistry   : Registered SqmFunctionTemplate [NamedSqmFunctionTemplate(cosh)] under cosh; prior registration was org.hibernate.query.sqm.function.PatternBasedSqmFunctionDescriptor@11ee671f
2024-06-27T14:12:59.575-05:00 DEBUG 22344 --- [mindcare-backend] [           main] o.h.q.sqm.function.SqmFunctionRegistry   : Registered SqmFunctionTemplate [NamedSqmFunctionTemplate(acosh)] under acosh; prior registration was null
2024-06-27T14:12:59.575-05:00 DEBUG 22344 --- [mindcare-backend] [           main] o.h.q.sqm.function.SqmFunctionRegistry   : Registered SqmFunctionTemplate [NamedSqmFunctionTemplate(asinh)] under asinh; prior registration was null
2024-06-27T14:12:59.575-05:00 DEBUG 22344 --- [mindcare-backend] [           main] o.h.q.sqm.function.SqmFunctionRegistry   : Registered SqmFunctionTemplate [NamedSqmFunctionTemplate(atanh)] under atanh; prior registration was null
2024-06-27T14:12:59.575-05:00 DEBUG 22344 --- [mindcare-backend] [           main] o.h.q.sqm.function.SqmFunctionRegistry   : Registered SqmFunctionTemplate [NamedSqmFunctionTemplate(cbrt)] under cbrt; prior registration was null
2024-06-27T14:12:59.575-05:00 DEBUG 22344 --- [mindcare-backend] [           main] o.h.q.sqm.function.SqmFunctionRegistry   : Registered SqmFunctionTemplate [NamedSqmFunctionTemplate(pi)] under pi; prior registration was org.hibernate.query.sqm.function.PatternBasedSqmFunctionDescriptor@57df09a7
2024-06-27T14:12:59.575-05:00 DEBUG 22344 --- [mindcare-backend] [           main] o.h.q.sqm.function.SqmFunctionRegistry   : Registered SqmFunctionTemplate [NamedSqmFunctionTemplate(ltrim)] under ltrim; prior registration was null
2024-06-27T14:12:59.575-05:00 DEBUG 22344 --- [mindcare-backend] [           main] o.h.q.sqm.function.SqmFunctionRegistry   : Registered SqmFunctionTemplate [NamedSqmFunctionTemplate(rtrim)] under rtrim; prior registration was null
2024-06-27T14:12:59.575-05:00 DEBUG 22344 --- [mindcare-backend] [           main] o.h.q.sqm.function.SqmFunctionRegistry   : Registered SqmFunctionTemplate [NamedSqmFunctionTemplate(repeat)] under repeat; prior registration was null
2024-06-27T14:12:59.575-05:00 DEBUG 22344 --- [mindcare-backend] [           main] o.h.q.sqm.function.SqmFunctionRegistry   : Registered SqmFunctionTemplate [NamedSqmFunctionTemplate(md5)] under md5; prior registration was null
2024-06-27T14:12:59.575-05:00 DEBUG 22344 --- [mindcare-backend] [           main] o.h.q.sqm.function.SqmFunctionRegistry   : Registered SqmFunctionTemplate [NamedSqmFunctionTemplate(initcap)] under initcap; prior registration was null
2024-06-27T14:12:59.575-05:00 DEBUG 22344 --- [mindcare-backend] [           main] o.h.q.sqm.function.SqmFunctionRegistry   : Registered SqmFunctionTemplate [NamedSqmFunctionTemplate(substr)] under substr; prior registration was null
2024-06-27T14:12:59.575-05:00 DEBUG 22344 --- [mindcare-backend] [           main] o.h.q.sqm.function.SqmFunctionRegistry   : Registered SqmFunctionTemplate [NamedSqmFunctionTemplate(substr)] under substring; prior registration was NamedSqmFunctionTemplate(substring)
2024-06-27T14:12:59.575-05:00 DEBUG 22344 --- [mindcare-backend] [           main] o.h.q.sqm.function.SqmFunctionRegistry   : Registered SqmFunctionTemplate [NamedSqmFunctionTemplate(translate)] under translate; prior registration was null
2024-06-27T14:12:59.575-05:00 DEBUG 22344 --- [mindcare-backend] [           main] o.h.q.sqm.function.SqmFunctionRegistry   : Registered SqmFunctionTemplate [NamedSqmFunctionTemplate(to_number)] under to_number; prior registration was null
2024-06-27T14:12:59.575-05:00 DEBUG 22344 --- [mindcare-backend] [           main] o.h.q.sqm.function.SqmFunctionRegistry   : Registered SqmFunctionTemplate [NamedSqmFunctionTemplate(to_char)] under to_char; prior registration was null
2024-06-27T14:12:59.575-05:00 DEBUG 22344 --- [mindcare-backend] [           main] o.h.q.sqm.function.SqmFunctionRegistry   : Registered SqmFunctionTemplate [NamedSqmFunctionTemplate(to_date)] under to_date; prior registration was null
2024-06-27T14:12:59.575-05:00 DEBUG 22344 --- [mindcare-backend] [           main] o.h.q.sqm.function.SqmFunctionRegistry   : Registered SqmFunctionTemplate [NamedSqmFunctionTemplate(to_timestamp)] under to_timestamp; prior registration was null
2024-06-27T14:12:59.575-05:00 DEBUG 22344 --- [mindcare-backend] [           main] o.h.q.sqm.function.SqmFunctionRegistry   : Registered SqmFunctionTemplate [org.hibernate.dialect.function.ConcatPipeFunction@61b0af9f] under concat; prior registration was NamedSqmFunctionTemplate(concat)
2024-06-27T14:12:59.575-05:00 DEBUG 22344 --- [mindcare-backend] [           main] o.h.q.sqm.function.SqmFunctionRegistry   : Registered SqmFunctionTemplate [NamedSqmFunctionTemplate(localtime)] under localtime; prior registration was null
2024-06-27T14:12:59.575-05:00 DEBUG 22344 --- [mindcare-backend] [           main] o.h.q.sqm.function.SqmFunctionRegistry   : Registered SqmFunctionTemplate [NamedSqmFunctionTemplate(localtimestamp)] under localtimestamp; prior registration was null
2024-06-27T14:12:59.575-05:00 DEBUG 22344 --- [mindcare-backend] [           main] o.h.q.sqm.function.SqmFunctionRegistry   : Registered SqmFunctionTemplate [NamedSqmFunctionTemplate(localtime)] under local_time; prior registration was org.hibernate.dialect.function.CurrentFunction@1c4aa701
2024-06-27T14:12:59.575-05:00 DEBUG 22344 --- [mindcare-backend] [           main] o.h.q.sqm.function.SqmFunctionRegistry   : Registered SqmFunctionTemplate [NamedSqmFunctionTemplate(localtimestamp)] under local_datetime; prior registration was org.hibernate.dialect.function.CurrentFunction@6f36267d
2024-06-27T14:12:59.575-05:00 DEBUG 22344 --- [mindcare-backend] [           main] o.h.q.sqm.function.SqmFunctionRegistry   : Registered SqmFunctionTemplate [org.hibernate.dialect.function.LengthFunction@8ecc457] under character_length; prior registration was NamedSqmFunctionTemplate(character_length)
2024-06-27T14:12:59.575-05:00 DEBUG 22344 --- [mindcare-backend] [           main] o.h.q.sqm.function.SqmFunctionRegistry   : Registering alternate key : length -> character_length
2024-06-27T14:12:59.575-05:00 DEBUG 22344 --- [mindcare-backend] [           main] o.h.q.sqm.function.SqmFunctionRegistry   : Registered SqmFunctionTemplate [org.hibernate.dialect.function.LengthFunction@21d3d6ec] under bit_length; prior registration was null
2024-06-27T14:12:59.575-05:00 DEBUG 22344 --- [mindcare-backend] [           main] o.h.q.sqm.function.SqmFunctionRegistry   : Registered SqmFunctionTemplate [org.hibernate.dialect.function.LengthFunction@49f1184e] under octet_length; prior registration was null
2024-06-27T14:12:59.575-05:00 DEBUG 22344 --- [mindcare-backend] [           main] o.h.q.sqm.function.SqmFunctionRegistry   : Registered SqmFunctionTemplate [NamedSqmFunctionTemplate(ascii)] under ascii; prior registration was null
2024-06-27T14:12:59.575-05:00 DEBUG 22344 --- [mindcare-backend] [           main] o.h.q.sqm.function.SqmFunctionRegistry   : Registered SqmFunctionTemplate [NamedSqmFunctionTemplate(chr)] under chr; prior registration was null
2024-06-27T14:12:59.575-05:00 DEBUG 22344 --- [mindcare-backend] [           main] o.h.q.sqm.function.SqmFunctionRegistry   : Registering alternate key : char -> chr
2024-06-27T14:12:59.575-05:00 DEBUG 22344 --- [mindcare-backend] [           main] o.h.q.sqm.function.SqmFunctionRegistry   : Registered SqmFunctionTemplate [org.hibernate.query.sqm.function.PatternBasedSqmFunctionDescriptor@7ebaf0d] under position; prior registration was org.hibernate.dialect.function.LocatePositionEmulation@2573b149
2024-06-27T14:12:59.575-05:00 DEBUG 22344 --- [mindcare-backend] [           main] o.h.q.sqm.function.SqmFunctionRegistry   : Registered SqmFunctionTemplate [org.hibernate.query.sqm.function.PatternBasedSqmFunctionDescriptor@694b1ddb] under bitand; prior registration was null
2024-06-27T14:12:59.575-05:00 DEBUG 22344 --- [mindcare-backend] [           main] o.h.q.sqm.function.SqmFunctionRegistry   : Registered SqmFunctionTemplate [org.hibernate.query.sqm.function.PatternBasedSqmFunctionDescriptor@5690c2a8] under bitor; prior registration was null
2024-06-27T14:12:59.575-05:00 DEBUG 22344 --- [mindcare-backend] [           main] o.h.q.sqm.function.SqmFunctionRegistry   : Registered SqmFunctionTemplate [org.hibernate.query.sqm.function.PatternBasedSqmFunctionDescriptor@17e2835c] under bitxor; prior registration was null
2024-06-27T14:12:59.575-05:00 DEBUG 22344 --- [mindcare-backend] [           main] o.h.q.sqm.function.SqmFunctionRegistry   : Registered SqmFunctionTemplate [org.hibernate.query.sqm.function.PatternBasedSqmFunctionDescriptor@4d2bc56a] under bitnot; prior registration was null
2024-06-27T14:12:59.575-05:00 DEBUG 22344 --- [mindcare-backend] [           main] o.h.q.sqm.function.SqmFunctionRegistry   : Registered SqmFunctionTemplate [NamedSqmFunctionTemplate(bit_and)] under bit_and; prior registration was null
2024-06-27T14:12:59.575-05:00 DEBUG 22344 --- [mindcare-backend] [           main] o.h.q.sqm.function.SqmFunctionRegistry   : Registered SqmFunctionTemplate [NamedSqmFunctionTemplate(bit_or)] under bit_or; prior registration was null
2024-06-27T14:12:59.575-05:00 DEBUG 22344 --- [mindcare-backend] [           main] o.h.q.sqm.function.SqmFunctionRegistry   : Registered SqmFunctionTemplate [NamedSqmFunctionTemplate(bool_and)] under bool_and; prior registration was null
2024-06-27T14:12:59.575-05:00 DEBUG 22344 --- [mindcare-backend] [           main] o.h.q.sqm.function.SqmFunctionRegistry   : Registering alternate key : every -> bool_and
2024-06-27T14:12:59.575-05:00 DEBUG 22344 --- [mindcare-backend] [           main] o.h.q.sqm.function.SqmFunctionRegistry   : Registered SqmFunctionTemplate [NamedSqmFunctionTemplate(bool_or)] under bool_or; prior registration was null
2024-06-27T14:12:59.575-05:00 DEBUG 22344 --- [mindcare-backend] [           main] o.h.q.sqm.function.SqmFunctionRegistry   : Registering alternate key : any -> bool_or
2024-06-27T14:12:59.576-05:00 DEBUG 22344 --- [mindcare-backend] [           main] o.h.q.sqm.function.SqmFunctionRegistry   : Registered SqmFunctionTemplate [org.hibernate.query.sqm.function.PatternBasedSqmFunctionDescriptor@7cbfbcd1] under median; prior registration was null
2024-06-27T14:12:59.576-05:00 DEBUG 22344 --- [mindcare-backend] [           main] o.h.q.sqm.function.SqmFunctionRegistry   : Registered SqmFunctionTemplate [NamedSqmFunctionTemplate(stddev)] under stddev; prior registration was null
2024-06-27T14:12:59.576-05:00 DEBUG 22344 --- [mindcare-backend] [           main] o.h.q.sqm.function.SqmFunctionRegistry   : Registered SqmFunctionTemplate [NamedSqmFunctionTemplate(stddev_pop)] under stddev_pop; prior registration was null
2024-06-27T14:12:59.576-05:00 DEBUG 22344 --- [mindcare-backend] [           main] o.h.q.sqm.function.SqmFunctionRegistry   : Registered SqmFunctionTemplate [NamedSqmFunctionTemplate(stddev_samp)] under stddev_samp; prior registration was null
2024-06-27T14:12:59.576-05:00 DEBUG 22344 --- [mindcare-backend] [           main] o.h.q.sqm.function.SqmFunctionRegistry   : Registered SqmFunctionTemplate [NamedSqmFunctionTemplate(variance)] under variance; prior registration was null
2024-06-27T14:12:59.576-05:00 DEBUG 22344 --- [mindcare-backend] [           main] o.h.q.sqm.function.SqmFunctionRegistry   : Registered SqmFunctionTemplate [NamedSqmFunctionTemplate(var_pop)] under var_pop; prior registration was null
2024-06-27T14:12:59.576-05:00 DEBUG 22344 --- [mindcare-backend] [           main] o.h.q.sqm.function.SqmFunctionRegistry   : Registered SqmFunctionTemplate [NamedSqmFunctionTemplate(var_samp)] under var_samp; prior registration was null
2024-06-27T14:12:59.576-05:00 DEBUG 22344 --- [mindcare-backend] [           main] o.h.q.sqm.function.SqmFunctionRegistry   : Registered SqmFunctionTemplate [NamedSqmFunctionTemplate(covar_pop)] under covar_pop; prior registration was null
2024-06-27T14:12:59.576-05:00 DEBUG 22344 --- [mindcare-backend] [           main] o.h.q.sqm.function.SqmFunctionRegistry   : Registered SqmFunctionTemplate [NamedSqmFunctionTemplate(covar_samp)] under covar_samp; prior registration was null
2024-06-27T14:12:59.576-05:00 DEBUG 22344 --- [mindcare-backend] [           main] o.h.q.sqm.function.SqmFunctionRegistry   : Registered SqmFunctionTemplate [NamedSqmFunctionTemplate(corr)] under corr; prior registration was null
2024-06-27T14:12:59.576-05:00 DEBUG 22344 --- [mindcare-backend] [           main] o.h.q.sqm.function.SqmFunctionRegistry   : Registered SqmFunctionTemplate [NamedSqmFunctionTemplate(regr_avgx)] under regr_avgx; prior registration was null
2024-06-27T14:12:59.576-05:00 DEBUG 22344 --- [mindcare-backend] [           main] o.h.q.sqm.function.SqmFunctionRegistry   : Registered SqmFunctionTemplate [NamedSqmFunctionTemplate(regr_avgy)] under regr_avgy; prior registration was null
2024-06-27T14:12:59.576-05:00 DEBUG 22344 --- [mindcare-backend] [           main] o.h.q.sqm.function.SqmFunctionRegistry   : Registered SqmFunctionTemplate [NamedSqmFunctionTemplate(regr_count)] under regr_count; prior registration was null
2024-06-27T14:12:59.576-05:00 DEBUG 22344 --- [mindcare-backend] [           main] o.h.q.sqm.function.SqmFunctionRegistry   : Registered SqmFunctionTemplate [NamedSqmFunctionTemplate(regr_intercept)] under regr_intercept; prior registration was null
2024-06-27T14:12:59.576-05:00 DEBUG 22344 --- [mindcare-backend] [           main] o.h.q.sqm.function.SqmFunctionRegistry   : Registered SqmFunctionTemplate [NamedSqmFunctionTemplate(regr_r2)] under regr_r2; prior registration was null
2024-06-27T14:12:59.576-05:00 DEBUG 22344 --- [mindcare-backend] [           main] o.h.q.sqm.function.SqmFunctionRegistry   : Registered SqmFunctionTemplate [NamedSqmFunctionTemplate(regr_slope)] under regr_slope; prior registration was null
2024-06-27T14:12:59.576-05:00 DEBUG 22344 --- [mindcare-backend] [           main] o.h.q.sqm.function.SqmFunctionRegistry   : Registered SqmFunctionTemplate [NamedSqmFunctionTemplate(regr_sxx)] under regr_sxx; prior registration was null
2024-06-27T14:12:59.576-05:00 DEBUG 22344 --- [mindcare-backend] [           main] o.h.q.sqm.function.SqmFunctionRegistry   : Registered SqmFunctionTemplate [NamedSqmFunctionTemplate(regr_sxy)] under regr_sxy; prior registration was null
2024-06-27T14:12:59.576-05:00 DEBUG 22344 --- [mindcare-backend] [           main] o.h.q.sqm.function.SqmFunctionRegistry   : Registered SqmFunctionTemplate [NamedSqmFunctionTemplate(regr_syy)] under regr_syy; prior registration was null
2024-06-27T14:12:59.576-05:00 DEBUG 22344 --- [mindcare-backend] [           main] o.h.q.sqm.function.SqmFunctionRegistry   : Registered SqmFunctionTemplate [org.hibernate.query.sqm.function.PatternBasedSqmFunctionDescriptor@2f112ade] under insert; prior registration was null
2024-06-27T14:12:59.576-05:00 DEBUG 22344 --- [mindcare-backend] [           main] o.h.q.sqm.function.SqmFunctionRegistry   : Registered SqmFunctionTemplate [org.hibernate.query.sqm.function.MultipatternSqmFunctionDescriptor@628bcf2c] under overlay; prior registration was org.hibernate.dialect.function.InsertSubstringOverlayEmulation@220be130
2024-06-27T14:12:59.576-05:00 DEBUG 22344 --- [mindcare-backend] [           main] o.h.q.sqm.function.SqmFunctionRegistry   : Registered SqmFunctionTemplate [NamedSqmFunctionTemplate(soundex)] under soundex; prior registration was null
2024-06-27T14:12:59.576-05:00 DEBUG 22344 --- [mindcare-backend] [           main] o.h.q.sqm.function.SqmFunctionRegistry   : Registered SqmFunctionTemplate [org.hibernate.query.sqm.function.MultipatternSqmFunctionDescriptor@4b76251c] under locate; prior registration was NamedSqmFunctionTemplate(locate)
2024-06-27T14:12:59.576-05:00 DEBUG 22344 --- [mindcare-backend] [           main] o.h.q.sqm.function.SqmFunctionRegistry   : Registered SqmFunctionTemplate [NamedSqmFunctionTemplate(row_number)] under row_number; prior registration was null
2024-06-27T14:12:59.577-05:00 DEBUG 22344 --- [mindcare-backend] [           main] o.h.q.sqm.function.SqmFunctionRegistry   : Registered SqmFunctionTemplate [NamedSqmFunctionTemplate(lag)] under lag; prior registration was null
2024-06-27T14:12:59.577-05:00 DEBUG 22344 --- [mindcare-backend] [           main] o.h.q.sqm.function.SqmFunctionRegistry   : Registered SqmFunctionTemplate [NamedSqmFunctionTemplate(lead)] under lead; prior registration was null
2024-06-27T14:12:59.577-05:00 DEBUG 22344 --- [mindcare-backend] [           main] o.h.q.sqm.function.SqmFunctionRegistry   : Registered SqmFunctionTemplate [NamedSqmFunctionTemplate(first_value)] under first_value; prior registration was null
2024-06-27T14:12:59.577-05:00 DEBUG 22344 --- [mindcare-backend] [           main] o.h.q.sqm.function.SqmFunctionRegistry   : Registered SqmFunctionTemplate [NamedSqmFunctionTemplate(last_value)] under last_value; prior registration was null
2024-06-27T14:12:59.577-05:00 DEBUG 22344 --- [mindcare-backend] [           main] o.h.q.sqm.function.SqmFunctionRegistry   : Registered SqmFunctionTemplate [NamedSqmFunctionTemplate(nth_value)] under nth_value; prior registration was null
2024-06-27T14:12:59.577-05:00 DEBUG 22344 --- [mindcare-backend] [           main] o.h.q.sqm.function.SqmFunctionRegistry   : Registered SqmFunctionTemplate [org.hibernate.dialect.function.ListaggStringAggEmulation@a30dbc0] under listagg; prior registration was null
2024-06-27T14:12:59.578-05:00 DEBUG 22344 --- [mindcare-backend] [           main] o.h.q.sqm.function.SqmFunctionRegistry   : Registered SqmFunctionTemplate [org.hibernate.dialect.function.array.PostgreSQLArrayConstructorFunction@17c34e62] under array; prior registration was null
2024-06-27T14:12:59.578-05:00 DEBUG 22344 --- [mindcare-backend] [           main] o.h.q.sqm.function.SqmFunctionRegistry   : Registered SqmFunctionTemplate [org.hibernate.dialect.function.array.PostgreSQLArrayConstructorFunction@239d73ff] under array_list; prior registration was null
2024-06-27T14:12:59.578-05:00 DEBUG 22344 --- [mindcare-backend] [           main] o.h.q.sqm.function.SqmFunctionRegistry   : Registered SqmFunctionTemplate [org.hibernate.dialect.function.array.ArrayAggFunction@21ab919c] under array_agg; prior registration was null
2024-06-27T14:12:59.579-05:00 DEBUG 22344 --- [mindcare-backend] [           main] o.h.q.sqm.function.SqmFunctionRegistry   : Registered SqmFunctionTemplate [org.hibernate.dialect.function.array.PostgreSQLArrayPositionFunction@4eb5764d] under array_position; prior registration was null
2024-06-27T14:12:59.583-05:00 DEBUG 22344 --- [mindcare-backend] [           main] o.h.q.sqm.function.SqmFunctionRegistry   : Registered SqmFunctionTemplate [org.hibernate.dialect.function.array.PostgreSQLArrayPositionsFunction@37b470df] under array_positions; prior registration was null
2024-06-27T14:12:59.584-05:00 DEBUG 22344 --- [mindcare-backend] [           main] o.h.q.sqm.function.SqmFunctionRegistry   : Registered SqmFunctionTemplate [org.hibernate.dialect.function.array.PostgreSQLArrayPositionsFunction@3e63bd6b] under array_positions_list; prior registration was null
2024-06-27T14:12:59.584-05:00 DEBUG 22344 --- [mindcare-backend] [           main] o.h.q.sqm.function.SqmFunctionRegistry   : Registered SqmFunctionTemplate [org.hibernate.query.sqm.function.PatternBasedSqmFunctionDescriptor@48144f1a] under array_length; prior registration was null
2024-06-27T14:12:59.584-05:00 DEBUG 22344 --- [mindcare-backend] [           main] o.h.q.sqm.function.SqmFunctionRegistry   : Registered SqmFunctionTemplate [org.hibernate.dialect.function.array.PostgreSQLArrayConcatFunction@79fcd194] under array_concat; prior registration was null
2024-06-27T14:12:59.585-05:00 DEBUG 22344 --- [mindcare-backend] [           main] o.h.q.sqm.function.SqmFunctionRegistry   : Registered SqmFunctionTemplate [org.hibernate.dialect.function.array.PostgreSQLArrayConcatElementFunction@a2fb8a5] under array_prepend; prior registration was null
2024-06-27T14:12:59.585-05:00 DEBUG 22344 --- [mindcare-backend] [           main] o.h.q.sqm.function.SqmFunctionRegistry   : Registered SqmFunctionTemplate [org.hibernate.dialect.function.array.PostgreSQLArrayConcatElementFunction@350e3fb4] under array_append; prior registration was null
2024-06-27T14:12:59.586-05:00 DEBUG 22344 --- [mindcare-backend] [           main] o.h.q.sqm.function.SqmFunctionRegistry   : Registered SqmFunctionTemplate [org.hibernate.dialect.function.array.ArrayContainsOperatorFunction@49c13ecd] under array_contains; prior registration was null
2024-06-27T14:12:59.586-05:00 DEBUG 22344 --- [mindcare-backend] [           main] o.h.q.sqm.function.SqmFunctionRegistry   : Registered SqmFunctionTemplate [org.hibernate.dialect.function.array.ArrayContainsOperatorFunction@2f4545c6] under array_contains_nullable; prior registration was null
2024-06-27T14:12:59.586-05:00 DEBUG 22344 --- [mindcare-backend] [           main] o.h.q.sqm.function.SqmFunctionRegistry   : Registered SqmFunctionTemplate [org.hibernate.dialect.function.array.ArrayOverlapsOperatorFunction@2c465259] under array_overlaps; prior registration was null
2024-06-27T14:12:59.587-05:00 DEBUG 22344 --- [mindcare-backend] [           main] o.h.q.sqm.function.SqmFunctionRegistry   : Registered SqmFunctionTemplate [org.hibernate.dialect.function.array.ArrayOverlapsOperatorFunction@52f7fa65] under array_overlaps_nullable; prior registration was null
2024-06-27T14:12:59.587-05:00 DEBUG 22344 --- [mindcare-backend] [           main] o.h.q.sqm.function.SqmFunctionRegistry   : Registered SqmFunctionTemplate [org.hibernate.query.sqm.function.PatternBasedSqmFunctionDescriptor@87f6ab5] under array_get; prior registration was null
2024-06-27T14:12:59.587-05:00 DEBUG 22344 --- [mindcare-backend] [           main] o.h.q.sqm.function.SqmFunctionRegistry   : Registered SqmFunctionTemplate [org.hibernate.dialect.function.array.ArraySetUnnestFunction@3494a35e] under array_set; prior registration was null
2024-06-27T14:12:59.587-05:00 DEBUG 22344 --- [mindcare-backend] [           main] o.h.q.sqm.function.SqmFunctionRegistry   : Registered SqmFunctionTemplate [NamedSqmFunctionTemplate(array_remove)] under array_remove; prior registration was null
2024-06-27T14:12:59.587-05:00 DEBUG 22344 --- [mindcare-backend] [           main] o.h.q.sqm.function.SqmFunctionRegistry   : Registered SqmFunctionTemplate [org.hibernate.dialect.function.array.ArrayRemoveIndexUnnestFunction@1885dc2b] under array_remove_index; prior registration was null
2024-06-27T14:12:59.587-05:00 DEBUG 22344 --- [mindcare-backend] [           main] o.h.q.sqm.function.SqmFunctionRegistry   : Registered SqmFunctionTemplate [org.hibernate.query.sqm.function.PatternBasedSqmFunctionDescriptor@4a3bf37c] under array_slice; prior registration was null
2024-06-27T14:12:59.587-05:00 DEBUG 22344 --- [mindcare-backend] [           main] o.h.q.sqm.function.SqmFunctionRegistry   : Registered SqmFunctionTemplate [NamedSqmFunctionTemplate(array_replace)] under array_replace; prior registration was null
2024-06-27T14:12:59.587-05:00 DEBUG 22344 --- [mindcare-backend] [           main] o.h.q.sqm.function.SqmFunctionRegistry   : Registered SqmFunctionTemplate [org.hibernate.query.sqm.function.PatternBasedSqmFunctionDescriptor@48aaaed9] under array_trim; prior registration was null
2024-06-27T14:12:59.588-05:00 DEBUG 22344 --- [mindcare-backend] [           main] o.h.q.sqm.function.SqmFunctionRegistry   : Registered SqmFunctionTemplate [org.hibernate.dialect.function.array.PostgreSQLArrayFillFunction@2157889c] under array_fill; prior registration was null
2024-06-27T14:12:59.588-05:00 DEBUG 22344 --- [mindcare-backend] [           main] o.h.q.sqm.function.SqmFunctionRegistry   : Registered SqmFunctionTemplate [org.hibernate.dialect.function.array.PostgreSQLArrayFillFunction@65e92505] under array_fill_list; prior registration was null
2024-06-27T14:12:59.588-05:00 DEBUG 22344 --- [mindcare-backend] [           main] o.h.q.sqm.function.SqmFunctionRegistry   : Registered SqmFunctionTemplate [org.hibernate.dialect.function.array.ArrayToStringFunction@18dafd3b] under array_to_string; prior registration was null
2024-06-27T14:12:59.588-05:00 DEBUG 22344 --- [mindcare-backend] [           main] o.h.q.sqm.function.SqmFunctionRegistry   : Registered SqmFunctionTemplate [NamedSqmFunctionTemplate(make_date)] under make_date; prior registration was null
2024-06-27T14:12:59.588-05:00 DEBUG 22344 --- [mindcare-backend] [           main] o.h.q.sqm.function.SqmFunctionRegistry   : Registered SqmFunctionTemplate [NamedSqmFunctionTemplate(make_time)] under make_time; prior registration was null
2024-06-27T14:12:59.588-05:00 DEBUG 22344 --- [mindcare-backend] [           main] o.h.q.sqm.function.SqmFunctionRegistry   : Registered SqmFunctionTemplate [NamedSqmFunctionTemplate(make_timestamp)] under make_timestamp; prior registration was null
2024-06-27T14:12:59.588-05:00 DEBUG 22344 --- [mindcare-backend] [           main] o.h.q.sqm.function.SqmFunctionRegistry   : Registered SqmFunctionTemplate [NamedSqmFunctionTemplate(make_timestamptz)] under make_timestamptz; prior registration was null
2024-06-27T14:12:59.589-05:00 DEBUG 22344 --- [mindcare-backend] [           main] o.h.q.sqm.function.SqmFunctionRegistry   : Registered SqmFunctionTemplate [org.hibernate.dialect.function.InverseDistributionFunction@63b58ff4] under mode; prior registration was null
2024-06-27T14:12:59.589-05:00 DEBUG 22344 --- [mindcare-backend] [           main] o.h.q.sqm.function.SqmFunctionRegistry   : Registered SqmFunctionTemplate [org.hibernate.dialect.function.InverseDistributionFunction@3691d4da] under percentile_cont; prior registration was null
2024-06-27T14:12:59.589-05:00 DEBUG 22344 --- [mindcare-backend] [           main] o.h.q.sqm.function.SqmFunctionRegistry   : Registered SqmFunctionTemplate [org.hibernate.dialect.function.InverseDistributionFunction@4c91a008] under percentile_disc; prior registration was null
2024-06-27T14:12:59.589-05:00 DEBUG 22344 --- [mindcare-backend] [           main] o.h.q.sqm.function.SqmFunctionRegistry   : Registered SqmFunctionTemplate [org.hibernate.dialect.function.HypotheticalSetFunction@582ca1e2] under rank; prior registration was null
2024-06-27T14:12:59.589-05:00 DEBUG 22344 --- [mindcare-backend] [           main] o.h.q.sqm.function.SqmFunctionRegistry   : Registered SqmFunctionTemplate [org.hibernate.dialect.function.HypotheticalSetFunction@66226ab] under dense_rank; prior registration was null
2024-06-27T14:12:59.589-05:00 DEBUG 22344 --- [mindcare-backend] [           main] o.h.q.sqm.function.SqmFunctionRegistry   : Registered SqmFunctionTemplate [org.hibernate.dialect.function.HypotheticalSetFunction@38093ffe] under percent_rank; prior registration was null
2024-06-27T14:12:59.589-05:00 DEBUG 22344 --- [mindcare-backend] [           main] o.h.q.sqm.function.SqmFunctionRegistry   : Registered SqmFunctionTemplate [org.hibernate.dialect.function.HypotheticalSetFunction@4713b631] under cume_dist; prior registration was null
2024-06-27T14:12:59.589-05:00 DEBUG 22344 --- [mindcare-backend] [           main] o.h.q.sqm.function.SqmFunctionRegistry   : Registered SqmFunctionTemplate [org.hibernate.dialect.function.PostgreSQLMinMaxFunction@46b2a11a] under min; prior registration was NamedSqmFunctionTemplate(min)
2024-06-27T14:12:59.589-05:00 DEBUG 22344 --- [mindcare-backend] [           main] o.h.q.sqm.function.SqmFunctionRegistry   : Registered SqmFunctionTemplate [org.hibernate.dialect.function.PostgreSQLMinMaxFunction@55c8fc60] under max; prior registration was NamedSqmFunctionTemplate(max)
2024-06-27T14:12:59.590-05:00 DEBUG 22344 --- [mindcare-backend] [           main] o.h.q.sqm.function.SqmFunctionRegistry   : Registered SqmFunctionTemplate [org.hibernate.dialect.function.PostgreSQLTruncRoundFunction@5cf33d25] under round; prior registration was NamedSqmFunctionTemplate(round)
2024-06-27T14:12:59.590-05:00 DEBUG 22344 --- [mindcare-backend] [           main] o.h.q.sqm.function.SqmFunctionRegistry   : Registered SqmFunctionTemplate [org.hibernate.dialect.function.PostgreSQLTruncFunction@1d3546f9] under trunc; prior registration was null
2024-06-27T14:12:59.590-05:00 DEBUG 22344 --- [mindcare-backend] [           main] o.h.q.sqm.function.SqmFunctionRegistry   : Registering alternate key : truncate -> trunc
2024-06-27T14:12:59.590-05:00 DEBUG 22344 --- [mindcare-backend] [           main] o.h.q.sqm.function.SqmFunctionRegistry   : Registered SqmFunctionTemplate [org.hibernate.query.sqm.function.PatternBasedSqmFunctionDescriptor@50ecef36] under date_trunc; prior registration was null
2024-06-27T14:12:59.591-05:00 DEBUG 22344 --- [mindcare-backend] [           main] org.hibernate.HQL_FUNCTIONS              : abs(NUMERIC arg)
2024-06-27T14:12:59.592-05:00 DEBUG 22344 --- [mindcare-backend] [           main] org.hibernate.HQL_FUNCTIONS              : Double acos(NUMERIC arg)
2024-06-27T14:12:59.592-05:00 DEBUG 22344 --- [mindcare-backend] [           main] org.hibernate.HQL_FUNCTIONS              : Double acosh(NUMERIC arg)
2024-06-27T14:12:59.592-05:00 DEBUG 22344 --- [mindcare-backend] [           main] org.hibernate.HQL_FUNCTIONS              : Boolean any(BOOLEAN predicate)
2024-06-27T14:12:59.592-05:00 DEBUG 22344 --- [mindcare-backend] [           main] org.hibernate.HQL_FUNCTIONS              : array( ... )
2024-06-27T14:12:59.592-05:00 DEBUG 22344 --- [mindcare-backend] [           main] org.hibernate.HQL_FUNCTIONS              : array_agg(arg)
2024-06-27T14:12:59.592-05:00 DEBUG 22344 --- [mindcare-backend] [           main] org.hibernate.HQL_FUNCTIONS              : array_append( ... )
2024-06-27T14:12:59.592-05:00 DEBUG 22344 --- [mindcare-backend] [           main] org.hibernate.HQL_FUNCTIONS              : array_concat( ... )
2024-06-27T14:12:59.592-05:00 DEBUG 22344 --- [mindcare-backend] [           main] org.hibernate.HQL_FUNCTIONS              : Boolean array_contains(ARRAY haystackArray, OBJECT needleElementOrArray)
2024-06-27T14:12:59.592-05:00 DEBUG 22344 --- [mindcare-backend] [           main] org.hibernate.HQL_FUNCTIONS              : Boolean array_contains_nullable(ARRAY haystackArray, OBJECT needleElementOrArray)
2024-06-27T14:12:59.592-05:00 DEBUG 22344 --- [mindcare-backend] [           main] org.hibernate.HQL_FUNCTIONS              : array_fill(OBJECT element, INTEGER elementCount)
2024-06-27T14:12:59.592-05:00 DEBUG 22344 --- [mindcare-backend] [           main] org.hibernate.HQL_FUNCTIONS              : array_fill_list(OBJECT element, INTEGER elementCount)
2024-06-27T14:12:59.592-05:00 DEBUG 22344 --- [mindcare-backend] [           main] org.hibernate.HQL_FUNCTIONS              : array_get(ARRAY array, INTEGER index)
2024-06-27T14:12:59.592-05:00 DEBUG 22344 --- [mindcare-backend] [           main] org.hibernate.HQL_FUNCTIONS              : Integer array_length(ARRAY array)
2024-06-27T14:12:59.592-05:00 DEBUG 22344 --- [mindcare-backend] [           main] org.hibernate.HQL_FUNCTIONS              : array_list( ... )
2024-06-27T14:12:59.592-05:00 DEBUG 22344 --- [mindcare-backend] [           main] org.hibernate.HQL_FUNCTIONS              : Boolean array_overlaps(ARRAY array0, OBJECT array1)
2024-06-27T14:12:59.592-05:00 DEBUG 22344 --- [mindcare-backend] [           main] org.hibernate.HQL_FUNCTIONS              : Boolean array_overlaps_nullable(ARRAY array0, OBJECT array1)
2024-06-27T14:12:59.592-05:00 DEBUG 22344 --- [mindcare-backend] [           main] org.hibernate.HQL_FUNCTIONS              : Integer array_position(ARRAY array, OBJECT element[, INTEGER startPosition])
2024-06-27T14:12:59.592-05:00 DEBUG 22344 --- [mindcare-backend] [           main] org.hibernate.HQL_FUNCTIONS              : int[] array_positions(ARRAY array, OBJECT element)
2024-06-27T14:12:59.592-05:00 DEBUG 22344 --- [mindcare-backend] [           main] org.hibernate.HQL_FUNCTIONS              : List array_positions_list(ARRAY array, OBJECT element)
2024-06-27T14:12:59.592-05:00 DEBUG 22344 --- [mindcare-backend] [           main] org.hibernate.HQL_FUNCTIONS              : array_prepend( ... )
2024-06-27T14:12:59.592-05:00 DEBUG 22344 --- [mindcare-backend] [           main] org.hibernate.HQL_FUNCTIONS              : array_remove( ... )
2024-06-27T14:12:59.592-05:00 DEBUG 22344 --- [mindcare-backend] [           main] org.hibernate.HQL_FUNCTIONS              : array_remove_index( ... )
2024-06-27T14:12:59.592-05:00 DEBUG 22344 --- [mindcare-backend] [           main] org.hibernate.HQL_FUNCTIONS              : array_replace(ARRAY array, OBJECT old, OBJECT new)
2024-06-27T14:12:59.592-05:00 DEBUG 22344 --- [mindcare-backend] [           main] org.hibernate.HQL_FUNCTIONS              : array_set( ... )
2024-06-27T14:12:59.592-05:00 DEBUG 22344 --- [mindcare-backend] [           main] org.hibernate.HQL_FUNCTIONS              : array_slice(ARRAY array, INTEGER start, INTEGER end)
2024-06-27T14:12:59.592-05:00 DEBUG 22344 --- [mindcare-backend] [           main] org.hibernate.HQL_FUNCTIONS              : String array_to_string( ... )
2024-06-27T14:12:59.592-05:00 DEBUG 22344 --- [mindcare-backend] [           main] org.hibernate.HQL_FUNCTIONS              : array_trim(ARRAY array, INTEGER elementsToRemove)
2024-06-27T14:12:59.592-05:00 DEBUG 22344 --- [mindcare-backend] [           main] org.hibernate.HQL_FUNCTIONS              : Integer ascii(STRING arg)
2024-06-27T14:12:59.592-05:00 DEBUG 22344 --- [mindcare-backend] [           main] org.hibernate.HQL_FUNCTIONS              : Double asin(NUMERIC arg)
2024-06-27T14:12:59.592-05:00 DEBUG 22344 --- [mindcare-backend] [           main] org.hibernate.HQL_FUNCTIONS              : Double asinh(NUMERIC arg)
2024-06-27T14:12:59.592-05:00 DEBUG 22344 --- [mindcare-backend] [           main] org.hibernate.HQL_FUNCTIONS              : Double atan(NUMERIC arg)
2024-06-27T14:12:59.592-05:00 DEBUG 22344 --- [mindcare-backend] [           main] org.hibernate.HQL_FUNCTIONS              : Double atan2(NUMERIC arg0, NUMERIC arg1)
2024-06-27T14:12:59.592-05:00 DEBUG 22344 --- [mindcare-backend] [           main] org.hibernate.HQL_FUNCTIONS              : Double atanh(NUMERIC arg)
2024-06-27T14:12:59.592-05:00 DEBUG 22344 --- [mindcare-backend] [           main] org.hibernate.HQL_FUNCTIONS              : avg(arg)
2024-06-27T14:12:59.592-05:00 DEBUG 22344 --- [mindcare-backend] [           main] org.hibernate.HQL_FUNCTIONS              : bit_and(arg)
2024-06-27T14:12:59.592-05:00 DEBUG 22344 --- [mindcare-backend] [           main] org.hibernate.HQL_FUNCTIONS              : Integer bit_length(STRING_OR_CLOB arg)
2024-06-27T14:12:59.592-05:00 DEBUG 22344 --- [mindcare-backend] [           main] org.hibernate.HQL_FUNCTIONS              : bit_or(arg)
2024-06-27T14:12:59.592-05:00 DEBUG 22344 --- [mindcare-backend] [           main] org.hibernate.HQL_FUNCTIONS              : bitand(arg0, arg1)
2024-06-27T14:12:59.592-05:00 DEBUG 22344 --- [mindcare-backend] [           main] org.hibernate.HQL_FUNCTIONS              : bitnot(arg)
2024-06-27T14:12:59.592-05:00 DEBUG 22344 --- [mindcare-backend] [           main] org.hibernate.HQL_FUNCTIONS              : bitor(arg0, arg1)
2024-06-27T14:12:59.592-05:00 DEBUG 22344 --- [mindcare-backend] [           main] org.hibernate.HQL_FUNCTIONS              : bitxor(arg0, arg1)
2024-06-27T14:12:59.592-05:00 DEBUG 22344 --- [mindcare-backend] [           main] org.hibernate.HQL_FUNCTIONS              : Boolean bool_and(BOOLEAN predicate)
2024-06-27T14:12:59.592-05:00 DEBUG 22344 --- [mindcare-backend] [           main] org.hibernate.HQL_FUNCTIONS              : Boolean bool_or(BOOLEAN predicate)
2024-06-27T14:12:59.592-05:00 DEBUG 22344 --- [mindcare-backend] [           main] org.hibernate.HQL_FUNCTIONS              : cast(arg as Type)
2024-06-27T14:12:59.592-05:00 DEBUG 22344 --- [mindcare-backend] [           main] org.hibernate.HQL_FUNCTIONS              : Double cbrt(NUMERIC arg)
2024-06-27T14:12:59.592-05:00 DEBUG 22344 --- [mindcare-backend] [           main] org.hibernate.HQL_FUNCTIONS              : ceiling(NUMERIC arg)
2024-06-27T14:12:59.592-05:00 DEBUG 22344 --- [mindcare-backend] [           main] org.hibernate.HQL_FUNCTIONS              : Character char(INTEGER arg)
2024-06-27T14:12:59.592-05:00 DEBUG 22344 --- [mindcare-backend] [           main] org.hibernate.HQL_FUNCTIONS              : Integer character_length(STRING_OR_CLOB arg)
2024-06-27T14:12:59.592-05:00 DEBUG 22344 --- [mindcare-backend] [           main] org.hibernate.HQL_FUNCTIONS              : Character chr(INTEGER arg)
2024-06-27T14:12:59.592-05:00 DEBUG 22344 --- [mindcare-backend] [           main] org.hibernate.HQL_FUNCTIONS              : coalesce(arg0[, arg1[, ...]])
2024-06-27T14:12:59.592-05:00 DEBUG 22344 --- [mindcare-backend] [           main] org.hibernate.HQL_FUNCTIONS              : String collate(STRING string as COLLATION collation)
2024-06-27T14:12:59.592-05:00 DEBUG 22344 --- [mindcare-backend] [           main] org.hibernate.HQL_FUNCTIONS              : (STRING string0[, STRING string1[, ...]])
2024-06-27T14:12:59.592-05:00 DEBUG 22344 --- [mindcare-backend] [           main] org.hibernate.HQL_FUNCTIONS              : Double corr(NUMERIC arg0, NUMERIC arg1)
2024-06-27T14:12:59.592-05:00 DEBUG 22344 --- [mindcare-backend] [           main] org.hibernate.HQL_FUNCTIONS              : Double cos(NUMERIC arg)
2024-06-27T14:12:59.592-05:00 DEBUG 22344 --- [mindcare-backend] [           main] org.hibernate.HQL_FUNCTIONS              : Double cosh(NUMERIC arg)
2024-06-27T14:12:59.592-05:00 DEBUG 22344 --- [mindcare-backend] [           main] org.hibernate.HQL_FUNCTIONS              : Double cot(NUMERIC arg)
2024-06-27T14:12:59.592-05:00 DEBUG 22344 --- [mindcare-backend] [           main] org.hibernate.HQL_FUNCTIONS              : Long count([distinct ]{arg|*})
2024-06-27T14:12:59.592-05:00 DEBUG 22344 --- [mindcare-backend] [           main] org.hibernate.HQL_FUNCTIONS              : Double covar_pop(NUMERIC arg0, NUMERIC arg1)
2024-06-27T14:12:59.592-05:00 DEBUG 22344 --- [mindcare-backend] [           main] org.hibernate.HQL_FUNCTIONS              : Double covar_samp(NUMERIC arg0, NUMERIC arg1)
2024-06-27T14:12:59.592-05:00 DEBUG 22344 --- [mindcare-backend] [           main] org.hibernate.HQL_FUNCTIONS              : Double cume_dist([arg0[, ...]])
2024-06-27T14:12:59.592-05:00 DEBUG 22344 --- [mindcare-backend] [           main] org.hibernate.HQL_FUNCTIONS              : Date current date
2024-06-27T14:12:59.592-05:00 DEBUG 22344 --- [mindcare-backend] [           main] org.hibernate.HQL_FUNCTIONS              : Time current time
2024-06-27T14:12:59.592-05:00 DEBUG 22344 --- [mindcare-backend] [           main] org.hibernate.HQL_FUNCTIONS              : Timestamp current timestamp
2024-06-27T14:12:59.592-05:00 DEBUG 22344 --- [mindcare-backend] [           main] org.hibernate.HQL_FUNCTIONS              : Date current_date
2024-06-27T14:12:59.592-05:00 DEBUG 22344 --- [mindcare-backend] [           main] org.hibernate.HQL_FUNCTIONS              : Instant current_instant
2024-06-27T14:12:59.592-05:00 DEBUG 22344 --- [mindcare-backend] [           main] org.hibernate.HQL_FUNCTIONS              : Time current_time
2024-06-27T14:12:59.592-05:00 DEBUG 22344 --- [mindcare-backend] [           main] org.hibernate.HQL_FUNCTIONS              : Timestamp current_timestamp
2024-06-27T14:12:59.592-05:00 DEBUG 22344 --- [mindcare-backend] [           main] org.hibernate.HQL_FUNCTIONS              : date_trunc(STRING field, TEMPORAL datetime)
2024-06-27T14:12:59.592-05:00 DEBUG 22344 --- [mindcare-backend] [           main] org.hibernate.HQL_FUNCTIONS              : dateadd(TEMPORAL_UNIT field, INTEGER magnitude, TEMPORAL datetime)
2024-06-27T14:12:59.592-05:00 DEBUG 22344 --- [mindcare-backend] [           main] org.hibernate.HQL_FUNCTIONS              : basicType@5(java.lang.Long,-5)|basicType@21(java.lang.Double,8) datediff(TEMPORAL_UNIT field, TEMPORAL start, TEMPORAL end)
2024-06-27T14:12:59.592-05:00 DEBUG 22344 --- [mindcare-backend] [           main] org.hibernate.HQL_FUNCTIONS              : Double degrees(NUMERIC arg)
2024-06-27T14:12:59.592-05:00 DEBUG 22344 --- [mindcare-backend] [           main] org.hibernate.HQL_FUNCTIONS              : Long dense_rank([arg0[, ...]])
2024-06-27T14:12:59.592-05:00 DEBUG 22344 --- [mindcare-backend] [           main] org.hibernate.HQL_FUNCTIONS              : Boolean every(BOOLEAN predicate)
2024-06-27T14:12:59.592-05:00 DEBUG 22344 --- [mindcare-backend] [           main] org.hibernate.HQL_FUNCTIONS              : Double exp(NUMERIC arg)
2024-06-27T14:12:59.592-05:00 DEBUG 22344 --- [mindcare-backend] [           main] org.hibernate.HQL_FUNCTIONS              : extract(TEMPORAL_UNIT field from TEMPORAL arg)
2024-06-27T14:12:59.592-05:00 DEBUG 22344 --- [mindcare-backend] [           main] org.hibernate.HQL_FUNCTIONS              : first_valueANY value
2024-06-27T14:12:59.592-05:00 DEBUG 22344 --- [mindcare-backend] [           main] org.hibernate.HQL_FUNCTIONS              : floor(NUMERIC arg)
2024-06-27T14:12:59.592-05:00 DEBUG 22344 --- [mindcare-backend] [           main] org.hibernate.HQL_FUNCTIONS              : String format(TEMPORAL datetime as STRING pattern)
2024-06-27T14:12:59.593-05:00 DEBUG 22344 --- [mindcare-backend] [           main] org.hibernate.HQL_FUNCTIONS              : greatest(COMPARABLE arg0, COMPARABLE arg1[, arg2[, ...]])
2024-06-27T14:12:59.593-05:00 DEBUG 22344 --- [mindcare-backend] [           main] org.hibernate.HQL_FUNCTIONS              : ifnull(arg0, arg1)
2024-06-27T14:12:59.593-05:00 DEBUG 22344 --- [mindcare-backend] [           main] org.hibernate.HQL_FUNCTIONS              : String initcap(arg)
2024-06-27T14:12:59.593-05:00 DEBUG 22344 --- [mindcare-backend] [           main] org.hibernate.HQL_FUNCTIONS              : String insert(STRING string, INTEGER start, INTEGER length, STRING replacement)
2024-06-27T14:12:59.593-05:00 DEBUG 22344 --- [mindcare-backend] [           main] org.hibernate.HQL_FUNCTIONS              : Instant instant
2024-06-27T14:12:59.593-05:00 DEBUG 22344 --- [mindcare-backend] [           main] org.hibernate.HQL_FUNCTIONS              : lagANY value[, INTEGER offset[, ANY default]]
2024-06-27T14:12:59.593-05:00 DEBUG 22344 --- [mindcare-backend] [           main] org.hibernate.HQL_FUNCTIONS              : last_valueANY value
2024-06-27T14:12:59.593-05:00 DEBUG 22344 --- [mindcare-backend] [           main] org.hibernate.HQL_FUNCTIONS              : leadANY value[, INTEGER offset[, ANY default]]
2024-06-27T14:12:59.593-05:00 DEBUG 22344 --- [mindcare-backend] [           main] org.hibernate.HQL_FUNCTIONS              : least(COMPARABLE arg0, COMPARABLE arg1[, arg2[, ...]])
2024-06-27T14:12:59.593-05:00 DEBUG 22344 --- [mindcare-backend] [           main] org.hibernate.HQL_FUNCTIONS              : String left(STRING string, INTEGER length)
2024-06-27T14:12:59.593-05:00 DEBUG 22344 --- [mindcare-backend] [           main] org.hibernate.HQL_FUNCTIONS              : Integer length(STRING_OR_CLOB arg)
2024-06-27T14:12:59.593-05:00 DEBUG 22344 --- [mindcare-backend] [           main] org.hibernate.HQL_FUNCTIONS              : String listagg(STRING arg0, STRING arg1)
2024-06-27T14:12:59.593-05:00 DEBUG 22344 --- [mindcare-backend] [           main] org.hibernate.HQL_FUNCTIONS              : Double ln(NUMERIC arg)
2024-06-27T14:12:59.593-05:00 DEBUG 22344 --- [mindcare-backend] [           main] org.hibernate.HQL_FUNCTIONS              : LocalDate local date
2024-06-27T14:12:59.593-05:00 DEBUG 22344 --- [mindcare-backend] [           main] org.hibernate.HQL_FUNCTIONS              : LocalDateTime local datetime
2024-06-27T14:12:59.593-05:00 DEBUG 22344 --- [mindcare-backend] [           main] org.hibernate.HQL_FUNCTIONS              : LocalTime local time
2024-06-27T14:12:59.593-05:00 DEBUG 22344 --- [mindcare-backend] [           main] org.hibernate.HQL_FUNCTIONS              : LocalDate local_date
2024-06-27T14:12:59.593-05:00 DEBUG 22344 --- [mindcare-backend] [           main] org.hibernate.HQL_FUNCTIONS              : LocalDateTime local_datetime
2024-06-27T14:12:59.593-05:00 DEBUG 22344 --- [mindcare-backend] [           main] org.hibernate.HQL_FUNCTIONS              : LocalTime local_time
2024-06-27T14:12:59.593-05:00 DEBUG 22344 --- [mindcare-backend] [           main] org.hibernate.HQL_FUNCTIONS              : Time localtime
2024-06-27T14:12:59.593-05:00 DEBUG 22344 --- [mindcare-backend] [           main] org.hibernate.HQL_FUNCTIONS              : Timestamp localtimestamp
2024-06-27T14:12:59.593-05:00 DEBUG 22344 --- [mindcare-backend] [           main] org.hibernate.HQL_FUNCTIONS              : Integer locate(STRING pattern, STRING string[, INTEGER start])
2024-06-27T14:12:59.593-05:00 DEBUG 22344 --- [mindcare-backend] [           main] org.hibernate.HQL_FUNCTIONS              : Double log(NUMERIC arg0[, NUMERIC arg1])
2024-06-27T14:12:59.593-05:00 DEBUG 22344 --- [mindcare-backend] [           main] org.hibernate.HQL_FUNCTIONS              : Double log10(NUMERIC arg)
2024-06-27T14:12:59.593-05:00 DEBUG 22344 --- [mindcare-backend] [           main] org.hibernate.HQL_FUNCTIONS              : String lower(STRING string)
2024-06-27T14:12:59.593-05:00 DEBUG 22344 --- [mindcare-backend] [           main] org.hibernate.HQL_FUNCTIONS              : String lpad(STRING string, INTEGER length[, STRING padding])
2024-06-27T14:12:59.593-05:00 DEBUG 22344 --- [mindcare-backend] [           main] org.hibernate.HQL_FUNCTIONS              : String ltrim(STRING string[, STRING characters])
2024-06-27T14:12:59.593-05:00 DEBUG 22344 --- [mindcare-backend] [           main] org.hibernate.HQL_FUNCTIONS              : Date make_date(INTEGER arg0, INTEGER arg1, INTEGER arg2)
2024-06-27T14:12:59.593-05:00 DEBUG 22344 --- [mindcare-backend] [           main] org.hibernate.HQL_FUNCTIONS              : Time make_time(INTEGER arg0, INTEGER arg1, INTEGER arg2)
2024-06-27T14:12:59.593-05:00 DEBUG 22344 --- [mindcare-backend] [           main] org.hibernate.HQL_FUNCTIONS              : Timestamp make_timestamp(INTEGER arg0, INTEGER arg1, INTEGER arg2, INTEGER arg3, INTEGER arg4, INTEGER arg5)
2024-06-27T14:12:59.593-05:00 DEBUG 22344 --- [mindcare-backend] [           main] org.hibernate.HQL_FUNCTIONS              : Timestamp make_timestamptz(INTEGER arg0, INTEGER arg1, INTEGER arg2, INTEGER arg3, INTEGER arg4, INTEGER arg5[, INTEGER arg6])
2024-06-27T14:12:59.593-05:00 DEBUG 22344 --- [mindcare-backend] [           main] org.hibernate.HQL_FUNCTIONS              : max(COMPARABLE arg)
2024-06-27T14:12:59.593-05:00 DEBUG 22344 --- [mindcare-backend] [           main] org.hibernate.HQL_FUNCTIONS              : String md5(arg)
2024-06-27T14:12:59.593-05:00 DEBUG 22344 --- [mindcare-backend] [           main] org.hibernate.HQL_FUNCTIONS              : Double median(NUMERIC arg)
2024-06-27T14:12:59.593-05:00 DEBUG 22344 --- [mindcare-backend] [           main] org.hibernate.HQL_FUNCTIONS              : min(COMPARABLE arg)
2024-06-27T14:12:59.593-05:00 DEBUG 22344 --- [mindcare-backend] [           main] org.hibernate.HQL_FUNCTIONS              : Integer mod(INTEGER arg0, INTEGER arg1)
2024-06-27T14:12:59.593-05:00 DEBUG 22344 --- [mindcare-backend] [           main] org.hibernate.HQL_FUNCTIONS              : mode()
2024-06-27T14:12:59.593-05:00 DEBUG 22344 --- [mindcare-backend] [           main] org.hibernate.HQL_FUNCTIONS              : nth_valueANY value, INTEGER nth
2024-06-27T14:12:59.593-05:00 DEBUG 22344 --- [mindcare-backend] [           main] org.hibernate.HQL_FUNCTIONS              : nullif(arg0, arg1)
2024-06-27T14:12:59.593-05:00 DEBUG 22344 --- [mindcare-backend] [           main] org.hibernate.HQL_FUNCTIONS              : Integer octet_length(STRING_OR_CLOB arg)
2024-06-27T14:12:59.593-05:00 DEBUG 22344 --- [mindcare-backend] [           main] org.hibernate.HQL_FUNCTIONS              : OffsetDateTime offset datetime
2024-06-27T14:12:59.593-05:00 DEBUG 22344 --- [mindcare-backend] [           main] org.hibernate.HQL_FUNCTIONS              : OffsetDateTime offset_datetime
2024-06-27T14:12:59.593-05:00 DEBUG 22344 --- [mindcare-backend] [           main] org.hibernate.HQL_FUNCTIONS              : String overlay(string placing replacement from start[ for length])
2024-06-27T14:12:59.593-05:00 DEBUG 22344 --- [mindcare-backend] [           main] org.hibernate.HQL_FUNCTIONS              : String pad(STRING string with INTEGER length {leading|trailing}[ STRING character])
2024-06-27T14:12:59.593-05:00 DEBUG 22344 --- [mindcare-backend] [           main] org.hibernate.HQL_FUNCTIONS              : Double percent_rank([arg0[, ...]])
2024-06-27T14:12:59.593-05:00 DEBUG 22344 --- [mindcare-backend] [           main] org.hibernate.HQL_FUNCTIONS              : percentile_cont(NUMERIC arg)
2024-06-27T14:12:59.593-05:00 DEBUG 22344 --- [mindcare-backend] [           main] org.hibernate.HQL_FUNCTIONS              : percentile_disc(NUMERIC arg)
2024-06-27T14:12:59.593-05:00 DEBUG 22344 --- [mindcare-backend] [           main] org.hibernate.HQL_FUNCTIONS              : Double pi
2024-06-27T14:12:59.593-05:00 DEBUG 22344 --- [mindcare-backend] [           main] org.hibernate.HQL_FUNCTIONS              : Integer position(STRING pattern in STRING string)
2024-06-27T14:12:59.594-05:00 DEBUG 22344 --- [mindcare-backend] [           main] org.hibernate.HQL_FUNCTIONS              : Double power(NUMERIC arg0, NUMERIC arg1)
2024-06-27T14:12:59.594-05:00 DEBUG 22344 --- [mindcare-backend] [           main] org.hibernate.HQL_FUNCTIONS              : Double radians(NUMERIC arg)
2024-06-27T14:12:59.594-05:00 DEBUG 22344 --- [mindcare-backend] [           main] org.hibernate.HQL_FUNCTIONS              : Long rank([arg0[, ...]])
2024-06-27T14:12:59.594-05:00 DEBUG 22344 --- [mindcare-backend] [           main] org.hibernate.HQL_FUNCTIONS              : Double regr_avgx(NUMERIC arg0, NUMERIC arg1)
2024-06-27T14:12:59.594-05:00 DEBUG 22344 --- [mindcare-backend] [           main] org.hibernate.HQL_FUNCTIONS              : Double regr_avgy(NUMERIC arg0, NUMERIC arg1)
2024-06-27T14:12:59.594-05:00 DEBUG 22344 --- [mindcare-backend] [           main] org.hibernate.HQL_FUNCTIONS              : Double regr_count(NUMERIC arg0, NUMERIC arg1)
2024-06-27T14:12:59.594-05:00 DEBUG 22344 --- [mindcare-backend] [           main] org.hibernate.HQL_FUNCTIONS              : Double regr_intercept(NUMERIC arg0, NUMERIC arg1)
2024-06-27T14:12:59.594-05:00 DEBUG 22344 --- [mindcare-backend] [           main] org.hibernate.HQL_FUNCTIONS              : Double regr_r2(NUMERIC arg0, NUMERIC arg1)
2024-06-27T14:12:59.594-05:00 DEBUG 22344 --- [mindcare-backend] [           main] org.hibernate.HQL_FUNCTIONS              : Double regr_slope(NUMERIC arg0, NUMERIC arg1)
2024-06-27T14:12:59.594-05:00 DEBUG 22344 --- [mindcare-backend] [           main] org.hibernate.HQL_FUNCTIONS              : Double regr_sxx(NUMERIC arg0, NUMERIC arg1)
2024-06-27T14:12:59.594-05:00 DEBUG 22344 --- [mindcare-backend] [           main] org.hibernate.HQL_FUNCTIONS              : Double regr_sxy(NUMERIC arg0, NUMERIC arg1)
2024-06-27T14:12:59.594-05:00 DEBUG 22344 --- [mindcare-backend] [           main] org.hibernate.HQL_FUNCTIONS              : Double regr_syy(NUMERIC arg0, NUMERIC arg1)
2024-06-27T14:12:59.594-05:00 DEBUG 22344 --- [mindcare-backend] [           main] org.hibernate.HQL_FUNCTIONS              : String repeat(STRING string, INTEGER times)
2024-06-27T14:12:59.594-05:00 DEBUG 22344 --- [mindcare-backend] [           main] org.hibernate.HQL_FUNCTIONS              : String replace(STRING string, STRING pattern, STRING replacement)
2024-06-27T14:12:59.594-05:00 DEBUG 22344 --- [mindcare-backend] [           main] org.hibernate.HQL_FUNCTIONS              : String right(STRING string, INTEGER length)
2024-06-27T14:12:59.594-05:00 DEBUG 22344 --- [mindcare-backend] [           main] org.hibernate.HQL_FUNCTIONS              : round(NUMERIC number[, INTEGER places])
2024-06-27T14:12:59.594-05:00 DEBUG 22344 --- [mindcare-backend] [           main] org.hibernate.HQL_FUNCTIONS              : Long row_number()
2024-06-27T14:12:59.594-05:00 DEBUG 22344 --- [mindcare-backend] [           main] org.hibernate.HQL_FUNCTIONS              : String rpad(STRING string, INTEGER length[, STRING padding])
2024-06-27T14:12:59.594-05:00 DEBUG 22344 --- [mindcare-backend] [           main] org.hibernate.HQL_FUNCTIONS              : String rtrim(STRING string[, STRING characters])
2024-06-27T14:12:59.594-05:00 DEBUG 22344 --- [mindcare-backend] [           main] org.hibernate.HQL_FUNCTIONS              : Integer sign(NUMERIC arg)
2024-06-27T14:12:59.594-05:00 DEBUG 22344 --- [mindcare-backend] [           main] org.hibernate.HQL_FUNCTIONS              : Double sin(NUMERIC arg)
2024-06-27T14:12:59.594-05:00 DEBUG 22344 --- [mindcare-backend] [           main] org.hibernate.HQL_FUNCTIONS              : Double sinh(NUMERIC arg)
2024-06-27T14:12:59.594-05:00 DEBUG 22344 --- [mindcare-backend] [           main] org.hibernate.HQL_FUNCTIONS              : String soundex(arg)
2024-06-27T14:12:59.594-05:00 DEBUG 22344 --- [mindcare-backend] [           main] org.hibernate.HQL_FUNCTIONS              : Object sql
2024-06-27T14:12:59.594-05:00 DEBUG 22344 --- [mindcare-backend] [           main] org.hibernate.HQL_FUNCTIONS              : Double sqrt(NUMERIC arg)
2024-06-27T14:12:59.594-05:00 DEBUG 22344 --- [mindcare-backend] [           main] org.hibernate.HQL_FUNCTIONS              : Double stddev(NUMERIC arg)
2024-06-27T14:12:59.594-05:00 DEBUG 22344 --- [mindcare-backend] [           main] org.hibernate.HQL_FUNCTIONS              : Double stddev_pop(NUMERIC arg)
2024-06-27T14:12:59.594-05:00 DEBUG 22344 --- [mindcare-backend] [           main] org.hibernate.HQL_FUNCTIONS              : Double stddev_samp(NUMERIC arg)
2024-06-27T14:12:59.594-05:00 DEBUG 22344 --- [mindcare-backend] [           main] org.hibernate.HQL_FUNCTIONS              : String str(arg)
2024-06-27T14:12:59.594-05:00 DEBUG 22344 --- [mindcare-backend] [           main] org.hibernate.HQL_FUNCTIONS              : String substr(STRING string, INTEGER start[, INTEGER length])
2024-06-27T14:12:59.594-05:00 DEBUG 22344 --- [mindcare-backend] [           main] org.hibernate.HQL_FUNCTIONS              : String substring(STRING string{ from|,} INTEGER start[{ for|,} INTEGER length])
2024-06-27T14:12:59.594-05:00 DEBUG 22344 --- [mindcare-backend] [           main] org.hibernate.HQL_FUNCTIONS              : sum(arg)
2024-06-27T14:12:59.594-05:00 DEBUG 22344 --- [mindcare-backend] [           main] org.hibernate.HQL_FUNCTIONS              : Double tan(NUMERIC arg)
2024-06-27T14:12:59.594-05:00 DEBUG 22344 --- [mindcare-backend] [           main] org.hibernate.HQL_FUNCTIONS              : Double tanh(NUMERIC arg)
2024-06-27T14:12:59.594-05:00 DEBUG 22344 --- [mindcare-backend] [           main] org.hibernate.HQL_FUNCTIONS              : timestampadd(TEMPORAL_UNIT field, INTEGER magnitude, TEMPORAL datetime)
2024-06-27T14:12:59.594-05:00 DEBUG 22344 --- [mindcare-backend] [           main] org.hibernate.HQL_FUNCTIONS              : basicType@5(java.lang.Long,-5)|basicType@21(java.lang.Double,8) timestampdiff(TEMPORAL_UNIT field, TEMPORAL start, TEMPORAL end)
2024-06-27T14:12:59.594-05:00 DEBUG 22344 --- [mindcare-backend] [           main] org.hibernate.HQL_FUNCTIONS              : String to_char(ANY arg0[, STRING arg1, STRING arg2])
2024-06-27T14:12:59.594-05:00 DEBUG 22344 --- [mindcare-backend] [           main] org.hibernate.HQL_FUNCTIONS              : Date to_date(STRING arg0[, STRING arg1, STRING arg2])
2024-06-27T14:12:59.594-05:00 DEBUG 22344 --- [mindcare-backend] [           main] org.hibernate.HQL_FUNCTIONS              : Double to_number(STRING arg0[, STRING arg1, STRING arg2])
2024-06-27T14:12:59.594-05:00 DEBUG 22344 --- [mindcare-backend] [           main] org.hibernate.HQL_FUNCTIONS              : Timestamp to_timestamp(STRING arg0[, STRING arg1, STRING arg2])
2024-06-27T14:12:59.594-05:00 DEBUG 22344 --- [mindcare-backend] [           main] org.hibernate.HQL_FUNCTIONS              : String translate(STRING arg0, STRING arg1, STRING arg2)
2024-06-27T14:12:59.594-05:00 DEBUG 22344 --- [mindcare-backend] [           main] org.hibernate.HQL_FUNCTIONS              : String trim([[{leading|trailing|both} ][STRING arg0 ]from] STRING arg1)
2024-06-27T14:12:59.594-05:00 DEBUG 22344 --- [mindcare-backend] [           main] org.hibernate.HQL_FUNCTIONS              : trunc( ... )
2024-06-27T14:12:59.594-05:00 DEBUG 22344 --- [mindcare-backend] [           main] org.hibernate.HQL_FUNCTIONS              : truncate( ... )
2024-06-27T14:12:59.594-05:00 DEBUG 22344 --- [mindcare-backend] [           main] org.hibernate.HQL_FUNCTIONS              : String upper(STRING string)
2024-06-27T14:12:59.594-05:00 DEBUG 22344 --- [mindcare-backend] [           main] org.hibernate.HQL_FUNCTIONS              : Double var_pop(NUMERIC arg)
2024-06-27T14:12:59.594-05:00 DEBUG 22344 --- [mindcare-backend] [           main] org.hibernate.HQL_FUNCTIONS              : Double var_samp(NUMERIC arg)
2024-06-27T14:12:59.594-05:00 DEBUG 22344 --- [mindcare-backend] [           main] org.hibernate.HQL_FUNCTIONS              : Double variance(NUMERIC arg)
2024-06-27T14:12:59.598-05:00 DEBUG 22344 --- [mindcare-backend] [           main] org.hibernate.orm.query.plan.cache       : Starting QueryInterpretationCache(2048)
2024-06-27T14:12:59.643-05:00 DEBUG 22344 --- [mindcare-backend] [           main] .h.s.i.SessionFactoryServiceRegistryImpl : EventListenerRegistry access via ServiceRegistry is deprecated.  Use `sessionFactory.getEventEngine().getListenerRegistry()` instead
2024-06-27T14:12:59.644-05:00 DEBUG 22344 --- [mindcare-backend] [           main] h.e.i.EntityCopyObserverFactoryInitiator : Configured EntityCopyObserver strategy: disallow
2024-06-27T14:12:59.691-05:00 DEBUG 22344 --- [mindcare-backend] [           main] o.h.boot.internal.ClassLoaderAccessImpl  : Not known whether passed class name [pe.edu.upc.mind.care.platform.iam.domain.model.aggregates.User] is safe
2024-06-27T14:12:59.691-05:00 DEBUG 22344 --- [mindcare-backend] [           main] o.h.boot.internal.ClassLoaderAccessImpl  : No temp ClassLoader provided; using live ClassLoader for loading potentially unsafe class : pe.edu.upc.mind.care.platform.iam.domain.model.aggregates.User
2024-06-27T14:12:59.832-05:00 DEBUG 22344 --- [mindcare-backend] [           main] o.h.b.i.bytebuddy.BytecodeProviderImpl   : HHH000513: Unable to create the ReflectionOptimizer for [pe.edu.upc.mind.care.platform.iam.domain.model.aggregates.User]: private accessor [createdAt]
2024-06-27T14:12:59.850-05:00 DEBUG 22344 --- [mindcare-backend] [           main] o.h.boot.internal.ClassLoaderAccessImpl  : Not known whether passed class name [pe.edu.upc.mind.care.platform.iam.domain.model.entities.Role] is safe
2024-06-27T14:12:59.850-05:00 DEBUG 22344 --- [mindcare-backend] [           main] o.h.boot.internal.ClassLoaderAccessImpl  : No temp ClassLoader provided; using live ClassLoader for loading potentially unsafe class : pe.edu.upc.mind.care.platform.iam.domain.model.entities.Role
2024-06-27T14:12:59.860-05:00 DEBUG 22344 --- [mindcare-backend] [           main] o.h.b.i.bytebuddy.BytecodeProviderImpl   : HHH000513: Unable to create the ReflectionOptimizer for [pe.edu.upc.mind.care.platform.iam.domain.model.entities.Role]: private accessor [name]
2024-06-27T14:12:59.861-05:00 DEBUG 22344 --- [mindcare-backend] [           main] o.h.boot.internal.ClassLoaderAccessImpl  : Not known whether passed class name [pe.edu.upc.mind.care.platform.therapymanagement.domain.model.aggregates.Financial] is safe
2024-06-27T14:12:59.861-05:00 DEBUG 22344 --- [mindcare-backend] [           main] o.h.boot.internal.ClassLoaderAccessImpl  : No temp ClassLoader provided; using live ClassLoader for loading potentially unsafe class : pe.edu.upc.mind.care.platform.therapymanagement.domain.model.aggregates.Financial
2024-06-27T14:12:59.871-05:00 DEBUG 22344 --- [mindcare-backend] [           main] o.h.b.i.bytebuddy.BytecodeProviderImpl   : HHH000513: Unable to create the ReflectionOptimizer for [pe.edu.upc.mind.care.platform.therapymanagement.domain.model.aggregates.Financial]: private accessor [patientId]
2024-06-27T14:12:59.875-05:00 DEBUG 22344 --- [mindcare-backend] [           main] org.hibernate.ormbytecode.interceptor    : To-one property `pe.edu.upc.mind.care.platform.NoteManagement.domain.model.aggregates.AppointmentNote#note` was mapped with LAZY + NO_PROXY but the class was not enhanced
2024-06-27T14:12:59.875-05:00 DEBUG 22344 --- [mindcare-backend] [           main] org.hibernate.ormbytecode.interceptor    : To-one property `pe.edu.upc.mind.care.platform.NoteManagement.domain.model.aggregates.AppointmentNote#note` was mapped with LAZY + NO_PROXY but the class was not enhanced
2024-06-27T14:12:59.875-05:00 DEBUG 22344 --- [mindcare-backend] [           main] o.h.boot.internal.ClassLoaderAccessImpl  : Not known whether passed class name [pe.edu.upc.mind.care.platform.NoteManagement.domain.model.aggregates.AppointmentNote] is safe
2024-06-27T14:12:59.875-05:00 DEBUG 22344 --- [mindcare-backend] [           main] o.h.boot.internal.ClassLoaderAccessImpl  : No temp ClassLoader provided; using live ClassLoader for loading potentially unsafe class : pe.edu.upc.mind.care.platform.NoteManagement.domain.model.aggregates.AppointmentNote
2024-06-27T14:12:59.886-05:00 DEBUG 22344 --- [mindcare-backend] [           main] o.h.b.i.bytebuddy.BytecodeProviderImpl   : HHH000513: Unable to create the ReflectionOptimizer for [pe.edu.upc.mind.care.platform.NoteManagement.domain.model.aggregates.AppointmentNote]: private accessor [appointmentId]
2024-06-27T14:12:59.886-05:00 DEBUG 22344 --- [mindcare-backend] [           main] org.hibernate.ormbytecode.interceptor    : To-one property `pe.edu.upc.mind.care.platform.NoteManagement.domain.model.aggregates.AppointmentNote#note` was mapped with LAZY + NO_PROXY but the class was not enhanced
2024-06-27T14:12:59.887-05:00 DEBUG 22344 --- [mindcare-backend] [           main] org.hibernate.ormbytecode.interceptor    : To-one property `pe.edu.upc.mind.care.platform.NoteManagement.domain.model.entities.Note#appointmentNote` was mapped with LAZY + NO_PROXY but the class was not enhanced
2024-06-27T14:12:59.887-05:00 DEBUG 22344 --- [mindcare-backend] [           main] org.hibernate.ormbytecode.interceptor    : To-one property `pe.edu.upc.mind.care.platform.NoteManagement.domain.model.entities.Note#appointmentNote` was mapped with LAZY + NO_PROXY but the class was not enhanced
2024-06-27T14:12:59.887-05:00 DEBUG 22344 --- [mindcare-backend] [           main] o.h.boot.internal.ClassLoaderAccessImpl  : Not known whether passed class name [pe.edu.upc.mind.care.platform.NoteManagement.domain.model.entities.Note] is safe
2024-06-27T14:12:59.887-05:00 DEBUG 22344 --- [mindcare-backend] [           main] o.h.boot.internal.ClassLoaderAccessImpl  : No temp ClassLoader provided; using live ClassLoader for loading potentially unsafe class : pe.edu.upc.mind.care.platform.NoteManagement.domain.model.entities.Note
2024-06-27T14:12:59.893-05:00 DEBUG 22344 --- [mindcare-backend] [           main] o.h.b.i.bytebuddy.BytecodeProviderImpl   : HHH000513: Unable to create the ReflectionOptimizer for [pe.edu.upc.mind.care.platform.NoteManagement.domain.model.entities.Note]: private accessor [appointmentNote]
2024-06-27T14:12:59.893-05:00 DEBUG 22344 --- [mindcare-backend] [           main] org.hibernate.ormbytecode.interceptor    : To-one property `pe.edu.upc.mind.care.platform.NoteManagement.domain.model.entities.Note#appointmentNote` was mapped with LAZY + NO_PROXY but the class was not enhanced
2024-06-27T14:12:59.893-05:00 DEBUG 22344 --- [mindcare-backend] [           main] org.hibernate.ormbytecode.interceptor    : To-one property `pe.edu.upc.mind.care.platform.therapymanagement.domain.model.entities.Transaction#financial` was mapped with LAZY + NO_PROXY but the class was not enhanced
2024-06-27T14:12:59.893-05:00 DEBUG 22344 --- [mindcare-backend] [           main] org.hibernate.ormbytecode.interceptor    : To-one property `pe.edu.upc.mind.care.platform.therapymanagement.domain.model.entities.Transaction#financial` was mapped with LAZY + NO_PROXY but the class was not enhanced
2024-06-27T14:12:59.893-05:00 DEBUG 22344 --- [mindcare-backend] [           main] o.h.boot.internal.ClassLoaderAccessImpl  : Not known whether passed class name [pe.edu.upc.mind.care.platform.therapymanagement.domain.model.entities.Transaction] is safe
2024-06-27T14:12:59.893-05:00 DEBUG 22344 --- [mindcare-backend] [           main] o.h.boot.internal.ClassLoaderAccessImpl  : No temp ClassLoader provided; using live ClassLoader for loading potentially unsafe class : pe.edu.upc.mind.care.platform.therapymanagement.domain.model.entities.Transaction
2024-06-27T14:12:59.903-05:00 DEBUG 22344 --- [mindcare-backend] [           main] o.h.b.i.bytebuddy.BytecodeProviderImpl   : HHH000513: Unable to create the ReflectionOptimizer for [pe.edu.upc.mind.care.platform.therapymanagement.domain.model.entities.Transaction]: private accessor [amount]
2024-06-27T14:12:59.903-05:00 DEBUG 22344 --- [mindcare-backend] [           main] org.hibernate.ormbytecode.interceptor    : To-one property `pe.edu.upc.mind.care.platform.therapymanagement.domain.model.entities.Transaction#financial` was mapped with LAZY + NO_PROXY but the class was not enhanced
2024-06-27T14:12:59.904-05:00 DEBUG 22344 --- [mindcare-backend] [           main] o.h.boot.internal.ClassLoaderAccessImpl  : Not known whether passed class name [org.springframework.modulith.events.jpa.JpaEventPublication] is safe
2024-06-27T14:12:59.904-05:00 DEBUG 22344 --- [mindcare-backend] [           main] o.h.boot.internal.ClassLoaderAccessImpl  : No temp ClassLoader provided; using live ClassLoader for loading potentially unsafe class : org.springframework.modulith.events.jpa.JpaEventPublication
2024-06-27T14:12:59.920-05:00 DEBUG 22344 --- [mindcare-backend] [           main] o.h.b.i.bytebuddy.BytecodeProviderImpl   : HHH000513: Unable to create the ReflectionOptimizer for [org.springframework.modulith.events.jpa.JpaEventPublication]: final accessor [eventType]
2024-06-27T14:12:59.920-05:00 DEBUG 22344 --- [mindcare-backend] [           main] o.h.boot.internal.ClassLoaderAccessImpl  : Not known whether passed class name [pe.edu.upc.mind.care.platform.searchandmatch.domain.model.aggregates.Schedule] is safe
2024-06-27T14:12:59.920-05:00 DEBUG 22344 --- [mindcare-backend] [           main] o.h.boot.internal.ClassLoaderAccessImpl  : No temp ClassLoader provided; using live ClassLoader for loading potentially unsafe class : pe.edu.upc.mind.care.platform.searchandmatch.domain.model.aggregates.Schedule
2024-06-27T14:12:59.930-05:00 DEBUG 22344 --- [mindcare-backend] [           main] o.h.b.i.bytebuddy.BytecodeProviderImpl   : HHH000513: Unable to create the ReflectionOptimizer for [pe.edu.upc.mind.care.platform.searchandmatch.domain.model.aggregates.Schedule]: private accessor [createdAt]
2024-06-27T14:12:59.930-05:00 DEBUG 22344 --- [mindcare-backend] [           main] org.hibernate.ormbytecode.interceptor    : To-one property `pe.edu.upc.mind.care.platform.searchandmatch.domain.model.entities.Reservation#schedule` was mapped with LAZY + NO_PROXY but the class was not enhanced
2024-06-27T14:12:59.930-05:00 DEBUG 22344 --- [mindcare-backend] [           main] org.hibernate.ormbytecode.interceptor    : To-one property `pe.edu.upc.mind.care.platform.searchandmatch.domain.model.entities.Reservation#schedule` was mapped with LAZY + NO_PROXY but the class was not enhanced
2024-06-27T14:12:59.930-05:00 DEBUG 22344 --- [mindcare-backend] [           main] o.h.boot.internal.ClassLoaderAccessImpl  : Not known whether passed class name [pe.edu.upc.mind.care.platform.searchandmatch.domain.model.entities.Reservation] is safe
2024-06-27T14:12:59.930-05:00 DEBUG 22344 --- [mindcare-backend] [           main] o.h.boot.internal.ClassLoaderAccessImpl  : No temp ClassLoader provided; using live ClassLoader for loading potentially unsafe class : pe.edu.upc.mind.care.platform.searchandmatch.domain.model.entities.Reservation
2024-06-27T14:12:59.938-05:00 DEBUG 22344 --- [mindcare-backend] [           main] o.h.b.i.bytebuddy.BytecodeProviderImpl   : HHH000513: Unable to create the ReflectionOptimizer for [pe.edu.upc.mind.care.platform.searchandmatch.domain.model.entities.Reservation]: private accessor [createdAt]
2024-06-27T14:12:59.938-05:00 DEBUG 22344 --- [mindcare-backend] [           main] org.hibernate.ormbytecode.interceptor    : To-one property `pe.edu.upc.mind.care.platform.searchandmatch.domain.model.entities.Reservation#schedule` was mapped with LAZY + NO_PROXY but the class was not enhanced
2024-06-27T14:12:59.938-05:00 DEBUG 22344 --- [mindcare-backend] [           main] o.h.boot.internal.ClassLoaderAccessImpl  : Not known whether passed class name [pe.edu.upc.mind.care.platform.appointmentManagement.domain.model.aggregates.Appointment] is safe
2024-06-27T14:12:59.938-05:00 DEBUG 22344 --- [mindcare-backend] [           main] o.h.boot.internal.ClassLoaderAccessImpl  : No temp ClassLoader provided; using live ClassLoader for loading potentially unsafe class : pe.edu.upc.mind.care.platform.appointmentManagement.domain.model.aggregates.Appointment
2024-06-27T14:12:59.945-05:00 DEBUG 22344 --- [mindcare-backend] [           main] o.h.b.i.bytebuddy.BytecodeProviderImpl   : HHH000513: Unable to create the ReflectionOptimizer for [pe.edu.upc.mind.care.platform.appointmentManagement.domain.model.aggregates.Appointment]: private accessor [date]
2024-06-27T14:12:59.963-05:00 DEBUG 22344 --- [mindcare-backend] [           main] org.hibernate.orm.jdbc.mutation          : Skipping collection (re)creation - pe.edu.upc.mind.care.platform.searchandmatch.domain.model.aggregates.Schedule.reservations
2024-06-27T14:12:59.964-05:00 DEBUG 22344 --- [mindcare-backend] [           main] org.hibernate.orm.jdbc.mutation          : Skipping collection row deletions - pe.edu.upc.mind.care.platform.searchandmatch.domain.model.aggregates.Schedule.reservations
2024-06-27T14:12:59.964-05:00 DEBUG 22344 --- [mindcare-backend] [           main] org.hibernate.orm.jdbc.mutation          : Skipping collection removals - pe.edu.upc.mind.care.platform.searchandmatch.domain.model.aggregates.Schedule.reservations
2024-06-27T14:12:59.967-05:00 DEBUG 22344 --- [mindcare-backend] [           main] org.hibernate.orm.jdbc.mutation          : Skipping collection row updates - pe.edu.upc.mind.care.platform.iam.domain.model.aggregates.User.roles
2024-06-27T14:12:59.968-05:00 DEBUG 22344 --- [mindcare-backend] [           main] org.hibernate.orm.jdbc.mutation          : Skipping collection (re)creation - pe.edu.upc.mind.care.platform.therapymanagement.domain.model.aggregates.Financial.transactions
2024-06-27T14:12:59.968-05:00 DEBUG 22344 --- [mindcare-backend] [           main] org.hibernate.orm.jdbc.mutation          : Skipping collection row deletions - pe.edu.upc.mind.care.platform.therapymanagement.domain.model.aggregates.Financial.transactions
2024-06-27T14:12:59.968-05:00 DEBUG 22344 --- [mindcare-backend] [           main] org.hibernate.orm.jdbc.mutation          : Skipping collection removals - pe.edu.upc.mind.care.platform.therapymanagement.domain.model.aggregates.Financial.transactions
2024-06-27T14:12:59.994-05:00 DEBUG 22344 --- [mindcare-backend] [           main] o.hibernate.orm.model.mapping.creation   : Starting post-init callbacks
2024-06-27T14:12:59.995-05:00 DEBUG 22344 --- [mindcare-backend] [           main] o.hibernate.orm.model.mapping.creation   : Starting PostInitCallbackEntry : PluralAttributeMapping( NavigableRole[pe.edu.upc.mind.care.platform.iam.domain.model.aggregates.User.roles#{element}]) - element descriptor
2024-06-27T14:12:59.997-05:00 DEBUG 22344 --- [mindcare-backend] [           main] o.hibernate.orm.model.mapping.creation   : Starting PostInitCallbackEntry : PluralAttributeMapping(pe.edu.upc.mind.care.platform.iam.domain.model.aggregates.User.roles)#finishInitialization
2024-06-27T14:12:59.997-05:00 DEBUG 22344 --- [mindcare-backend] [           main] o.hibernate.orm.model.mapping.creation   : Starting PostInitCallbackEntry : PluralAttributeMapping(pe.edu.upc.mind.care.platform.iam.domain.model.aggregates.User.roles) - key descriptor
2024-06-27T14:12:59.997-05:00 DEBUG 22344 --- [mindcare-backend] [           main] o.hibernate.orm.model.mapping.creation   : Starting PostInitCallbackEntry : Entity(pe.edu.upc.mind.care.platform.iam.domain.model.aggregates.User) `staticFetchableList` generator
2024-06-27T14:12:59.997-05:00 DEBUG 22344 --- [mindcare-backend] [           main] o.hibernate.orm.model.mapping.creation   : Starting PostInitCallbackEntry : Entity(pe.edu.upc.mind.care.platform.iam.domain.model.entities.Role) `staticFetchableList` generator
2024-06-27T14:12:59.997-05:00 DEBUG 22344 --- [mindcare-backend] [           main] o.hibernate.orm.model.mapping.creation   : Starting PostInitCallbackEntry : PluralAttributeMapping( NavigableRole[pe.edu.upc.mind.care.platform.therapymanagement.domain.model.aggregates.Financial.transactions#{element}]) - element descriptor
2024-06-27T14:12:59.997-05:00 DEBUG 22344 --- [mindcare-backend] [           main] o.hibernate.orm.model.mapping.creation   : Starting PostInitCallbackEntry : PluralAttributeMapping(pe.edu.upc.mind.care.platform.therapymanagement.domain.model.aggregates.Financial.transactions)#finishInitialization
2024-06-27T14:12:59.997-05:00 DEBUG 22344 --- [mindcare-backend] [           main] o.hibernate.orm.model.mapping.creation   : Starting PostInitCallbackEntry : PluralAttributeMapping(pe.edu.upc.mind.care.platform.therapymanagement.domain.model.aggregates.Financial.transactions) - key descriptor
2024-06-27T14:12:59.998-05:00 DEBUG 22344 --- [mindcare-backend] [           main] o.hibernate.orm.model.mapping.creation   : Starting PostInitCallbackEntry : Entity(pe.edu.upc.mind.care.platform.therapymanagement.domain.model.aggregates.Financial) `staticFetchableList` generator
2024-06-27T14:12:59.998-05:00 DEBUG 22344 --- [mindcare-backend] [           main] o.hibernate.orm.model.mapping.creation   : Starting PostInitCallbackEntry : EmbeddableMappingType(pe.edu.upc.mind.care.platform.NoteManagement.domain.model.aggregates.AppointmentNote.appointmentId)#finishInitialization
2024-06-27T14:12:59.998-05:00 DEBUG 22344 --- [mindcare-backend] [           main] o.hibernate.orm.model.mapping.creation   : Starting PostInitCallbackEntry : To-one key - NavigableRole[pe.edu.upc.mind.care.platform.NoteManagement.domain.model.aggregates.AppointmentNote.note]
2024-06-27T14:12:59.998-05:00 DEBUG 22344 --- [mindcare-backend] [           main] o.hibernate.orm.model.mapping.creation   : Starting PostInitCallbackEntry : EmbeddableMappingType(pe.edu.upc.mind.care.platform.NoteManagement.domain.model.aggregates.AppointmentNote.patientId)#finishInitialization
2024-06-27T14:12:59.998-05:00 DEBUG 22344 --- [mindcare-backend] [           main] o.hibernate.orm.model.mapping.creation   : Starting PostInitCallbackEntry : EmbeddableMappingType(pe.edu.upc.mind.care.platform.NoteManagement.domain.model.aggregates.AppointmentNote.psychologistId)#finishInitialization
2024-06-27T14:12:59.998-05:00 DEBUG 22344 --- [mindcare-backend] [           main] o.hibernate.orm.model.mapping.creation   : Starting PostInitCallbackEntry : Entity(pe.edu.upc.mind.care.platform.NoteManagement.domain.model.aggregates.AppointmentNote) `staticFetchableList` generator
2024-06-27T14:12:59.998-05:00 DEBUG 22344 --- [mindcare-backend] [           main] o.hibernate.orm.model.mapping.creation   : Starting PostInitCallbackEntry : To-one key - NavigableRole[pe.edu.upc.mind.care.platform.NoteManagement.domain.model.entities.Note.appointmentNote]
2024-06-27T14:12:59.998-05:00 DEBUG 22344 --- [mindcare-backend] [           main] o.hibernate.orm.model.mapping.creation   : Starting PostInitCallbackEntry : Entity(pe.edu.upc.mind.care.platform.NoteManagement.domain.model.entities.Note) `staticFetchableList` generator
2024-06-27T14:12:59.998-05:00 DEBUG 22344 --- [mindcare-backend] [           main] o.hibernate.orm.model.mapping.creation   : Starting PostInitCallbackEntry : To-one key - NavigableRole[pe.edu.upc.mind.care.platform.therapymanagement.domain.model.entities.Transaction.financial]
2024-06-27T14:12:59.998-05:00 DEBUG 22344 --- [mindcare-backend] [           main] o.hibernate.orm.model.mapping.creation   : Starting PostInitCallbackEntry : EmbeddableMappingType(pe.edu.upc.mind.care.platform.therapymanagement.domain.model.entities.Transaction.patientId)#finishInitialization
2024-06-27T14:12:59.998-05:00 DEBUG 22344 --- [mindcare-backend] [           main] o.hibernate.orm.model.mapping.creation   : Starting PostInitCallbackEntry : EmbeddableMappingType(pe.edu.upc.mind.care.platform.therapymanagement.domain.model.entities.Transaction.pyschologistId)#finishInitialization
2024-06-27T14:12:59.998-05:00 DEBUG 22344 --- [mindcare-backend] [           main] o.hibernate.orm.model.mapping.creation   : Starting PostInitCallbackEntry : EmbeddableMappingType(pe.edu.upc.mind.care.platform.therapymanagement.domain.model.entities.Transaction.reservationId)#finishInitialization
2024-06-27T14:12:59.998-05:00 DEBUG 22344 --- [mindcare-backend] [           main] o.hibernate.orm.model.mapping.creation   : Starting PostInitCallbackEntry : Entity(pe.edu.upc.mind.care.platform.therapymanagement.domain.model.entities.Transaction) `staticFetchableList` generator
2024-06-27T14:12:59.998-05:00 DEBUG 22344 --- [mindcare-backend] [           main] o.hibernate.orm.model.mapping.creation   : Starting PostInitCallbackEntry : Entity(org.springframework.modulith.events.jpa.JpaEventPublication) `staticFetchableList` generator
2024-06-27T14:12:59.998-05:00 DEBUG 22344 --- [mindcare-backend] [           main] o.hibernate.orm.model.mapping.creation   : Starting PostInitCallbackEntry : EmbeddableMappingType(pe.edu.upc.mind.care.platform.searchandmatch.domain.model.aggregates.Schedule.psychologistId)#finishInitialization
2024-06-27T14:12:59.998-05:00 DEBUG 22344 --- [mindcare-backend] [           main] o.hibernate.orm.model.mapping.creation   : Starting PostInitCallbackEntry : PluralAttributeMapping( NavigableRole[pe.edu.upc.mind.care.platform.searchandmatch.domain.model.aggregates.Schedule.reservations#{element}]) - element descriptor
2024-06-27T14:12:59.998-05:00 DEBUG 22344 --- [mindcare-backend] [           main] o.hibernate.orm.model.mapping.creation   : Starting PostInitCallbackEntry : PluralAttributeMapping(pe.edu.upc.mind.care.platform.searchandmatch.domain.model.aggregates.Schedule.reservations)#finishInitialization
2024-06-27T14:12:59.998-05:00 DEBUG 22344 --- [mindcare-backend] [           main] o.hibernate.orm.model.mapping.creation   : Starting PostInitCallbackEntry : PluralAttributeMapping(pe.edu.upc.mind.care.platform.searchandmatch.domain.model.aggregates.Schedule.reservations) - key descriptor
2024-06-27T14:12:59.999-05:00 DEBUG 22344 --- [mindcare-backend] [           main] o.hibernate.orm.model.mapping.creation   : Starting PostInitCallbackEntry : Entity(pe.edu.upc.mind.care.platform.searchandmatch.domain.model.aggregates.Schedule) `staticFetchableList` generator
2024-06-27T14:12:59.999-05:00 DEBUG 22344 --- [mindcare-backend] [           main] o.hibernate.orm.model.mapping.creation   : Starting PostInitCallbackEntry : EmbeddableMappingType(pe.edu.upc.mind.care.platform.searchandmatch.domain.model.entities.Reservation.patientId)#finishInitialization
2024-06-27T14:12:59.999-05:00 DEBUG 22344 --- [mindcare-backend] [           main] o.hibernate.orm.model.mapping.creation   : Starting PostInitCallbackEntry : EmbeddableMappingType(pe.edu.upc.mind.care.platform.searchandmatch.domain.model.entities.Reservation.psychologistId)#finishInitialization
2024-06-27T14:12:59.999-05:00 DEBUG 22344 --- [mindcare-backend] [           main] o.hibernate.orm.model.mapping.creation   : Starting PostInitCallbackEntry : To-one key - NavigableRole[pe.edu.upc.mind.care.platform.searchandmatch.domain.model.entities.Reservation.schedule]
2024-06-27T14:12:59.999-05:00 DEBUG 22344 --- [mindcare-backend] [           main] o.hibernate.orm.model.mapping.creation   : Starting PostInitCallbackEntry : Entity(pe.edu.upc.mind.care.platform.searchandmatch.domain.model.entities.Reservation) `staticFetchableList` generator
2024-06-27T14:12:59.999-05:00 DEBUG 22344 --- [mindcare-backend] [           main] o.hibernate.orm.model.mapping.creation   : Starting PostInitCallbackEntry : EmbeddableMappingType(pe.edu.upc.mind.care.platform.appointmentManagement.domain.model.aggregates.Appointment.patientId)#finishInitialization
2024-06-27T14:12:59.999-05:00 DEBUG 22344 --- [mindcare-backend] [           main] o.hibernate.orm.model.mapping.creation   : Starting PostInitCallbackEntry : EmbeddableMappingType(pe.edu.upc.mind.care.platform.appointmentManagement.domain.model.aggregates.Appointment.psychologistId)#finishInitialization
2024-06-27T14:12:59.999-05:00 DEBUG 22344 --- [mindcare-backend] [           main] o.hibernate.orm.model.mapping.creation   : Starting PostInitCallbackEntry : Entity(pe.edu.upc.mind.care.platform.appointmentManagement.domain.model.aggregates.Appointment) `staticFetchableList` generator
2024-06-27T14:12:59.999-05:00 DEBUG 22344 --- [mindcare-backend] [           main] o.hibernate.orm.model.mapping.creation   : Starting PostInitCallbackEntry : PluralAttributeMapping( NavigableRole[pe.edu.upc.mind.care.platform.therapymanagement.domain.model.aggregates.Financial.transactions#{element}]) - element descriptor
2024-06-27T14:12:59.999-05:00 DEBUG 22344 --- [mindcare-backend] [           main] o.hibernate.orm.model.mapping.creation   : Starting PostInitCallbackEntry : PluralAttributeMapping( NavigableRole[pe.edu.upc.mind.care.platform.searchandmatch.domain.model.aggregates.Schedule.reservations#{element}]) - element descriptor
2024-06-27T14:12:59.999-05:00 DEBUG 22344 --- [mindcare-backend] [           main] o.hibernate.orm.model.mapping.creation   : Starting PostInitCallbackEntry : EmbeddableMappingType(pe.edu.upc.mind.care.platform.NoteManagement.domain.model.aggregates.AppointmentNote.appointmentId)#initColumnMappings
2024-06-27T14:13:00.000-05:00 DEBUG 22344 --- [mindcare-backend] [           main] o.hibernate.orm.model.mapping.creation   : Starting PostInitCallbackEntry : EmbeddableMappingType(pe.edu.upc.mind.care.platform.NoteManagement.domain.model.aggregates.AppointmentNote.patientId)#initColumnMappings
2024-06-27T14:13:00.000-05:00 DEBUG 22344 --- [mindcare-backend] [           main] o.hibernate.orm.model.mapping.creation   : Starting PostInitCallbackEntry : EmbeddableMappingType(pe.edu.upc.mind.care.platform.NoteManagement.domain.model.aggregates.AppointmentNote.psychologistId)#initColumnMappings
2024-06-27T14:13:00.000-05:00 DEBUG 22344 --- [mindcare-backend] [           main] o.hibernate.orm.model.mapping.creation   : Starting PostInitCallbackEntry : EmbeddableMappingType(pe.edu.upc.mind.care.platform.therapymanagement.domain.model.entities.Transaction.patientId)#initColumnMappings
2024-06-27T14:13:00.000-05:00 DEBUG 22344 --- [mindcare-backend] [           main] o.hibernate.orm.model.mapping.creation   : Starting PostInitCallbackEntry : EmbeddableMappingType(pe.edu.upc.mind.care.platform.therapymanagement.domain.model.entities.Transaction.pyschologistId)#initColumnMappings
2024-06-27T14:13:00.000-05:00 DEBUG 22344 --- [mindcare-backend] [           main] o.hibernate.orm.model.mapping.creation   : Starting PostInitCallbackEntry : EmbeddableMappingType(pe.edu.upc.mind.care.platform.therapymanagement.domain.model.entities.Transaction.reservationId)#initColumnMappings
2024-06-27T14:13:00.000-05:00 DEBUG 22344 --- [mindcare-backend] [           main] o.hibernate.orm.model.mapping.creation   : Starting PostInitCallbackEntry : EmbeddableMappingType(pe.edu.upc.mind.care.platform.searchandmatch.domain.model.aggregates.Schedule.psychologistId)#initColumnMappings
2024-06-27T14:13:00.000-05:00 DEBUG 22344 --- [mindcare-backend] [           main] o.hibernate.orm.model.mapping.creation   : Starting PostInitCallbackEntry : EmbeddableMappingType(pe.edu.upc.mind.care.platform.searchandmatch.domain.model.entities.Reservation.patientId)#initColumnMappings
2024-06-27T14:13:00.000-05:00 DEBUG 22344 --- [mindcare-backend] [           main] o.hibernate.orm.model.mapping.creation   : Starting PostInitCallbackEntry : EmbeddableMappingType(pe.edu.upc.mind.care.platform.searchandmatch.domain.model.entities.Reservation.psychologistId)#initColumnMappings
2024-06-27T14:13:00.000-05:00 DEBUG 22344 --- [mindcare-backend] [           main] o.hibernate.orm.model.mapping.creation   : Starting PostInitCallbackEntry : EmbeddableMappingType(pe.edu.upc.mind.care.platform.appointmentManagement.domain.model.aggregates.Appointment.patientId)#initColumnMappings
2024-06-27T14:13:00.000-05:00 DEBUG 22344 --- [mindcare-backend] [           main] o.hibernate.orm.model.mapping.creation   : Starting PostInitCallbackEntry : EmbeddableMappingType(pe.edu.upc.mind.care.platform.appointmentManagement.domain.model.aggregates.Appointment.psychologistId)#initColumnMappings
2024-06-27T14:13:00.062-05:00 DEBUG 22344 --- [mindcare-backend] [           main] org.hibernate.orm.sql.ast.create         : Created new SQL alias : u1_0
2024-06-27T14:13:00.064-05:00 DEBUG 22344 --- [mindcare-backend] [           main] org.hibernate.orm.sql.ast.create         : Registration of TableGroup [StandardTableGroup(pe.edu.upc.mind.care.platform.iam.domain.model.aggregates.User)] with identifierForTableGroup [pe.edu.upc.mind.care.platform.iam.domain.model.aggregates.User] for NavigablePath [pe.edu.upc.mind.care.platform.iam.domain.model.aggregates.User] 
2024-06-27T14:13:00.069-05:00 DEBUG 22344 --- [mindcare-backend] [           main] org.hibernate.orm.sql.ast.create         : Created new SQL alias : r1_0
2024-06-27T14:13:00.075-05:00 DEBUG 22344 --- [mindcare-backend] [           main] org.hibernate.orm.sql.ast.create         : Registration of TableGroup [CollectionTableGroup(pe.edu.upc.mind.care.platform.iam.domain.model.aggregates.User.roles)] with identifierForTableGroup [pe.edu.upc.mind.care.platform.iam.domain.model.aggregates.User.roles] for NavigablePath [pe.edu.upc.mind.care.platform.iam.domain.model.aggregates.User.roles] 
2024-06-27T14:13:00.077-05:00 DEBUG 22344 --- [mindcare-backend] [           main] org.hibernate.orm.sql.ast.create         : Registration of TableGroup [org.hibernate.sql.ast.tree.from.LazyTableGroup@71c74011] with identifierForTableGroup [pe.edu.upc.mind.care.platform.iam.domain.model.aggregates.User.roles.{element}] for NavigablePath [pe.edu.upc.mind.care.platform.iam.domain.model.aggregates.User.roles.{element}] 
2024-06-27T14:13:00.078-05:00 DEBUG 22344 --- [mindcare-backend] [           main] org.hibernate.orm.sql.ast.create         : Created new SQL alias : r1_1
2024-06-27T14:13:00.083-05:00 DEBUG 22344 --- [mindcare-backend] [           main] org.hibernate.orm.results.graph.AST      : DomainResult Graph:
 \-EntityResultImpl [pe.edu.upc.mind.care.platform.iam.domain.model.aggregates.User]
 |  +-BasicFetch [pe.edu.upc.mind.care.platform.iam.domain.model.aggregates.User.createdAt]
 |  +-BasicFetch [pe.edu.upc.mind.care.platform.iam.domain.model.aggregates.User.password]
 |  +-EagerCollectionFetch [pe.edu.upc.mind.care.platform.iam.domain.model.aggregates.User.roles]
 |  |  \-EntityFetchJoinedImpl [pe.edu.upc.mind.care.platform.iam.domain.model.aggregates.User.roles.{element}]
 |  +-BasicFetch [pe.edu.upc.mind.care.platform.iam.domain.model.aggregates.User.updatedAt]
 |  \-BasicFetch [pe.edu.upc.mind.care.platform.iam.domain.model.aggregates.User.username]

2024-06-27T14:13:00.085-05:00 DEBUG 22344 --- [mindcare-backend] [           main] org.hibernate.orm.sql.ast.tree           : SQL AST Tree:
    SelectStatement {
      FromClause {
        StandardTableGroup (u1 : pe.edu.upc.mind.care.platform.iam.domain.model.aggregates.User) {
          primaryTableReference : user as u1_0
          TableGroupJoins {
            left  join CollectionTableGroup (r1 : pe.edu.upc.mind.care.platform.iam.domain.model.aggregates.User.roles) {
              primaryTableReference : user_roles as r1_0
              TableGroupJoins {
                left  join LazyTableGroup (r1 : pe.edu.upc.mind.care.platform.iam.domain.model.aggregates.User.roles.{element}) {
                  primaryTableReference : role as r1_1
                }
              }
            }
          }
        }
      }
    }

2024-06-27T14:13:00.091-05:00 DEBUG 22344 --- [mindcare-backend] [           main] o.h.p.entity.AbstractEntityPersister     : Static SQL for entity: pe.edu.upc.mind.care.platform.iam.domain.model.aggregates.User
2024-06-27T14:13:00.091-05:00 DEBUG 22344 --- [mindcare-backend] [           main] o.h.p.entity.AbstractEntityPersister     :  Version select: select id from user where id=?
2024-06-27T14:13:00.091-05:00 DEBUG 22344 --- [mindcare-backend] [           main] o.h.p.entity.AbstractEntityPersister     :  Insert (0): insert into user (created_at,password,updated_at,username) values (?,?,?,?)
2024-06-27T14:13:00.091-05:00 DEBUG 22344 --- [mindcare-backend] [           main] o.h.p.entity.AbstractEntityPersister     :  Update (0): update user set password=?,updated_at=?,username=? where id=?
2024-06-27T14:13:00.091-05:00 DEBUG 22344 --- [mindcare-backend] [           main] o.h.p.entity.AbstractEntityPersister     :  Delete (0): delete from user where id=?
2024-06-27T14:13:00.091-05:00 DEBUG 22344 --- [mindcare-backend] [           main] org.hibernate.orm.sql.ast.create         : Created new SQL alias : r1_0
2024-06-27T14:13:00.091-05:00 DEBUG 22344 --- [mindcare-backend] [           main] org.hibernate.orm.sql.ast.create         : Registration of TableGroup [StandardTableGroup(pe.edu.upc.mind.care.platform.iam.domain.model.entities.Role)] with identifierForTableGroup [pe.edu.upc.mind.care.platform.iam.domain.model.entities.Role] for NavigablePath [pe.edu.upc.mind.care.platform.iam.domain.model.entities.Role] 
2024-06-27T14:13:00.091-05:00 DEBUG 22344 --- [mindcare-backend] [           main] org.hibernate.orm.results.graph.AST      : DomainResult Graph:
 \-EntityResultImpl [pe.edu.upc.mind.care.platform.iam.domain.model.entities.Role]
 |  \-BasicFetch [pe.edu.upc.mind.care.platform.iam.domain.model.entities.Role.name]

2024-06-27T14:13:00.092-05:00 DEBUG 22344 --- [mindcare-backend] [           main] org.hibernate.orm.sql.ast.tree           : SQL AST Tree:
    SelectStatement {
      FromClause {
        StandardTableGroup (r1 : pe.edu.upc.mind.care.platform.iam.domain.model.entities.Role) {
          primaryTableReference : role as r1_0
        }
      }
    }

2024-06-27T14:13:00.092-05:00 DEBUG 22344 --- [mindcare-backend] [           main] o.h.p.entity.AbstractEntityPersister     : Static SQL for entity: pe.edu.upc.mind.care.platform.iam.domain.model.entities.Role
2024-06-27T14:13:00.092-05:00 DEBUG 22344 --- [mindcare-backend] [           main] o.h.p.entity.AbstractEntityPersister     :  Version select: select id from role where id=?
2024-06-27T14:13:00.092-05:00 DEBUG 22344 --- [mindcare-backend] [           main] o.h.p.entity.AbstractEntityPersister     :  Insert (0): insert into role (name) values (?)
2024-06-27T14:13:00.092-05:00 DEBUG 22344 --- [mindcare-backend] [           main] o.h.p.entity.AbstractEntityPersister     :  Update (0): update role set name=? where id=?
2024-06-27T14:13:00.092-05:00 DEBUG 22344 --- [mindcare-backend] [           main] o.h.p.entity.AbstractEntityPersister     :  Delete (0): delete from role where id=?
2024-06-27T14:13:00.092-05:00 DEBUG 22344 --- [mindcare-backend] [           main] org.hibernate.orm.sql.ast.create         : Created new SQL alias : f1_0
2024-06-27T14:13:00.092-05:00 DEBUG 22344 --- [mindcare-backend] [           main] org.hibernate.orm.sql.ast.create         : Registration of TableGroup [StandardTableGroup(pe.edu.upc.mind.care.platform.therapymanagement.domain.model.aggregates.Financial)] with identifierForTableGroup [pe.edu.upc.mind.care.platform.therapymanagement.domain.model.aggregates.Financial] for NavigablePath [pe.edu.upc.mind.care.platform.therapymanagement.domain.model.aggregates.Financial] 
2024-06-27T14:13:00.092-05:00 DEBUG 22344 --- [mindcare-backend] [           main] org.hibernate.orm.sql.ast.create         : Created new SQL alias : t1_0
2024-06-27T14:13:00.092-05:00 DEBUG 22344 --- [mindcare-backend] [           main] org.hibernate.orm.sql.ast.create         : Registration of TableGroup [org.hibernate.sql.ast.tree.from.OneToManyTableGroup@34d0c331] with identifierForTableGroup [pe.edu.upc.mind.care.platform.therapymanagement.domain.model.aggregates.Financial.transactions] for NavigablePath [pe.edu.upc.mind.care.platform.therapymanagement.domain.model.aggregates.Financial.transactions] 
2024-06-27T14:13:00.092-05:00 DEBUG 22344 --- [mindcare-backend] [           main] org.hibernate.orm.sql.ast.create         : Registration of TableGroup [StandardTableGroup(pe.edu.upc.mind.care.platform.therapymanagement.domain.model.aggregates.Financial.transactions.{element})] with identifierForTableGroup [pe.edu.upc.mind.care.platform.therapymanagement.domain.model.aggregates.Financial.transactions.{element}] for NavigablePath [pe.edu.upc.mind.care.platform.therapymanagement.domain.model.aggregates.Financial.transactions.{element}] 
2024-06-27T14:13:00.095-05:00 DEBUG 22344 --- [mindcare-backend] [           main] org.hibernate.orm.sql.ast.create         : Registration of TableGroup [StandardVirtualTableGroup(pe.edu.upc.mind.care.platform.therapymanagement.domain.model.aggregates.Financial.transactions.{element}.patientId)] with identifierForTableGroup [pe.edu.upc.mind.care.platform.therapymanagement.domain.model.aggregates.Financial.transactions.{element}.patientId] for NavigablePath [pe.edu.upc.mind.care.platform.therapymanagement.domain.model.aggregates.Financial.transactions.{element}.patientId] 
2024-06-27T14:13:00.095-05:00 DEBUG 22344 --- [mindcare-backend] [           main] org.hibernate.orm.sql.ast.create         : Registration of TableGroup [StandardVirtualTableGroup(pe.edu.upc.mind.care.platform.therapymanagement.domain.model.aggregates.Financial.transactions.{element}.pyschologistId)] with identifierForTableGroup [pe.edu.upc.mind.care.platform.therapymanagement.domain.model.aggregates.Financial.transactions.{element}.pyschologistId] for NavigablePath [pe.edu.upc.mind.care.platform.therapymanagement.domain.model.aggregates.Financial.transactions.{element}.pyschologistId] 
2024-06-27T14:13:00.095-05:00 DEBUG 22344 --- [mindcare-backend] [           main] org.hibernate.orm.sql.ast.create         : Registration of TableGroup [StandardVirtualTableGroup(pe.edu.upc.mind.care.platform.therapymanagement.domain.model.aggregates.Financial.transactions.{element}.reservationId)] with identifierForTableGroup [pe.edu.upc.mind.care.platform.therapymanagement.domain.model.aggregates.Financial.transactions.{element}.reservationId] for NavigablePath [pe.edu.upc.mind.care.platform.therapymanagement.domain.model.aggregates.Financial.transactions.{element}.reservationId] 
2024-06-27T14:13:00.096-05:00 DEBUG 22344 --- [mindcare-backend] [           main] org.hibernate.orm.results.graph.AST      : DomainResult Graph:
 \-EntityResultImpl [pe.edu.upc.mind.care.platform.therapymanagement.domain.model.aggregates.Financial]
 |  +-BasicFetch [pe.edu.upc.mind.care.platform.therapymanagement.domain.model.aggregates.Financial.patientId]
 |  \-EagerCollectionFetch [pe.edu.upc.mind.care.platform.therapymanagement.domain.model.aggregates.Financial.transactions]
 |  |  \-EntityFetchJoinedImpl [pe.edu.upc.mind.care.platform.therapymanagement.domain.model.aggregates.Financial.transactions.{element}]

2024-06-27T14:13:00.096-05:00 DEBUG 22344 --- [mindcare-backend] [           main] org.hibernate.orm.sql.ast.tree           : SQL AST Tree:
    SelectStatement {
      FromClause {
        StandardTableGroup (f1 : pe.edu.upc.mind.care.platform.therapymanagement.domain.model.aggregates.Financial) {
          primaryTableReference : financial as f1_0
          TableGroupJoins {
            left  join OneToManyTableGroup (t1 : pe.edu.upc.mind.care.platform.therapymanagement.domain.model.aggregates.Financial.transactions) {
              primaryTableReference : transaction as t1_0
              TableGroupJoins {
                 join StandardVirtualTableGroup (null : pe.edu.upc.mind.care.platform.therapymanagement.domain.model.aggregates.Financial.transactions.{element}.patientId) {
                  primaryTableReference : transaction as t1_0
                }
                 join StandardVirtualTableGroup (null : pe.edu.upc.mind.care.platform.therapymanagement.domain.model.aggregates.Financial.transactions.{element}.pyschologistId) {
                  primaryTableReference : transaction as t1_0
                }
                 join StandardVirtualTableGroup (null : pe.edu.upc.mind.care.platform.therapymanagement.domain.model.aggregates.Financial.transactions.{element}.reservationId) {
                  primaryTableReference : transaction as t1_0
                }
              }
            }
          }
        }
      }
    }

2024-06-27T14:13:00.096-05:00 DEBUG 22344 --- [mindcare-backend] [           main] o.h.p.entity.AbstractEntityPersister     : Static SQL for entity: pe.edu.upc.mind.care.platform.therapymanagement.domain.model.aggregates.Financial
2024-06-27T14:13:00.096-05:00 DEBUG 22344 --- [mindcare-backend] [           main] o.h.p.entity.AbstractEntityPersister     :  Version select: select financial_id from financial where financial_id=?
2024-06-27T14:13:00.096-05:00 DEBUG 22344 --- [mindcare-backend] [           main] o.h.p.entity.AbstractEntityPersister     :  Insert (0): insert into financial (patient_id) values (?)
2024-06-27T14:13:00.096-05:00 DEBUG 22344 --- [mindcare-backend] [           main] o.h.p.entity.AbstractEntityPersister     :  Update (0): update financial set patient_id=? where financial_id=?
2024-06-27T14:13:00.096-05:00 DEBUG 22344 --- [mindcare-backend] [           main] o.h.p.entity.AbstractEntityPersister     :  Delete (0): delete from financial where financial_id=?
2024-06-27T14:13:00.096-05:00 DEBUG 22344 --- [mindcare-backend] [           main] org.hibernate.orm.sql.ast.create         : Created new SQL alias : an1_0
2024-06-27T14:13:00.096-05:00 DEBUG 22344 --- [mindcare-backend] [           main] org.hibernate.orm.sql.ast.create         : Registration of TableGroup [StandardTableGroup(pe.edu.upc.mind.care.platform.NoteManagement.domain.model.aggregates.AppointmentNote)] with identifierForTableGroup [pe.edu.upc.mind.care.platform.NoteManagement.domain.model.aggregates.AppointmentNote] for NavigablePath [pe.edu.upc.mind.care.platform.NoteManagement.domain.model.aggregates.AppointmentNote] 
2024-06-27T14:13:00.096-05:00 DEBUG 22344 --- [mindcare-backend] [           main] org.hibernate.orm.sql.ast.create         : Registration of TableGroup [StandardVirtualTableGroup(pe.edu.upc.mind.care.platform.NoteManagement.domain.model.aggregates.AppointmentNote.appointmentId)] with identifierForTableGroup [pe.edu.upc.mind.care.platform.NoteManagement.domain.model.aggregates.AppointmentNote.appointmentId] for NavigablePath [pe.edu.upc.mind.care.platform.NoteManagement.domain.model.aggregates.AppointmentNote.appointmentId] 
2024-06-27T14:13:00.096-05:00 DEBUG 22344 --- [mindcare-backend] [           main] org.hibernate.orm.sql.ast.create         : Registration of TableGroup [org.hibernate.sql.ast.tree.from.LazyTableGroup@5003c114] with identifierForTableGroup [pe.edu.upc.mind.care.platform.NoteManagement.domain.model.aggregates.AppointmentNote.note] for NavigablePath [pe.edu.upc.mind.care.platform.NoteManagement.domain.model.aggregates.AppointmentNote.note] 
2024-06-27T14:13:00.098-05:00 DEBUG 22344 --- [mindcare-backend] [           main] org.hibernate.orm.sql.ast.create         : Created new SQL alias : n1_0
2024-06-27T14:13:00.098-05:00 DEBUG 22344 --- [mindcare-backend] [           main] org.hibernate.orm.sql.ast.create         : Registration of TableGroup [StandardVirtualTableGroup(pe.edu.upc.mind.care.platform.NoteManagement.domain.model.aggregates.AppointmentNote.patientId)] with identifierForTableGroup [pe.edu.upc.mind.care.platform.NoteManagement.domain.model.aggregates.AppointmentNote.patientId] for NavigablePath [pe.edu.upc.mind.care.platform.NoteManagement.domain.model.aggregates.AppointmentNote.patientId] 
2024-06-27T14:13:00.098-05:00 DEBUG 22344 --- [mindcare-backend] [           main] org.hibernate.orm.sql.ast.create         : Registration of TableGroup [StandardVirtualTableGroup(pe.edu.upc.mind.care.platform.NoteManagement.domain.model.aggregates.AppointmentNote.psychologistId)] with identifierForTableGroup [pe.edu.upc.mind.care.platform.NoteManagement.domain.model.aggregates.AppointmentNote.psychologistId] for NavigablePath [pe.edu.upc.mind.care.platform.NoteManagement.domain.model.aggregates.AppointmentNote.psychologistId] 
2024-06-27T14:13:00.098-05:00 DEBUG 22344 --- [mindcare-backend] [           main] org.hibernate.orm.results.graph.AST      : DomainResult Graph:
 \-EntityResultImpl [pe.edu.upc.mind.care.platform.NoteManagement.domain.model.aggregates.AppointmentNote]
 |  +-EmbeddableFetchImpl [pe.edu.upc.mind.care.platform.NoteManagement.domain.model.aggregates.AppointmentNote.appointmentId]
 |  |  \-BasicFetch [pe.edu.upc.mind.care.platform.NoteManagement.domain.model.aggregates.AppointmentNote.appointmentId.id]
 |  +-BasicFetch [pe.edu.upc.mind.care.platform.NoteManagement.domain.model.aggregates.AppointmentNote.createdAt]
 |  +-EntityFetchJoinedImpl [pe.edu.upc.mind.care.platform.NoteManagement.domain.model.aggregates.AppointmentNote.note]
 |  +-EmbeddableFetchImpl [pe.edu.upc.mind.care.platform.NoteManagement.domain.model.aggregates.AppointmentNote.patientId]
 |  |  \-BasicFetch [pe.edu.upc.mind.care.platform.NoteManagement.domain.model.aggregates.AppointmentNote.patientId.id]
 |  +-EmbeddableFetchImpl [pe.edu.upc.mind.care.platform.NoteManagement.domain.model.aggregates.AppointmentNote.psychologistId]
 |  |  \-BasicFetch [pe.edu.upc.mind.care.platform.NoteManagement.domain.model.aggregates.AppointmentNote.psychologistId.id]
 |  \-BasicFetch [pe.edu.upc.mind.care.platform.NoteManagement.domain.model.aggregates.AppointmentNote.updatedAt]

2024-06-27T14:13:00.098-05:00 DEBUG 22344 --- [mindcare-backend] [           main] org.hibernate.orm.sql.ast.tree           : SQL AST Tree:
    SelectStatement {
      FromClause {
        StandardTableGroup (an1 : pe.edu.upc.mind.care.platform.NoteManagement.domain.model.aggregates.AppointmentNote) {
          primaryTableReference : appointment_note as an1_0
          TableGroupJoins {
             join StandardVirtualTableGroup (null : pe.edu.upc.mind.care.platform.NoteManagement.domain.model.aggregates.AppointmentNote.appointmentId) {
              primaryTableReference : appointment_note as an1_0
            }
            left  join LazyTableGroup (n1 : pe.edu.upc.mind.care.platform.NoteManagement.domain.model.aggregates.AppointmentNote.note) {
              primaryTableReference : note as n1_0
            }
             join StandardVirtualTableGroup (null : pe.edu.upc.mind.care.platform.NoteManagement.domain.model.aggregates.AppointmentNote.patientId) {
              primaryTableReference : appointment_note as an1_0
            }
             join StandardVirtualTableGroup (null : pe.edu.upc.mind.care.platform.NoteManagement.domain.model.aggregates.AppointmentNote.psychologistId) {
              primaryTableReference : appointment_note as an1_0
            }
          }
        }
      }
    }

2024-06-27T14:13:00.098-05:00 DEBUG 22344 --- [mindcare-backend] [           main] o.h.p.entity.AbstractEntityPersister     : Static SQL for entity: pe.edu.upc.mind.care.platform.NoteManagement.domain.model.aggregates.AppointmentNote
2024-06-27T14:13:00.098-05:00 DEBUG 22344 --- [mindcare-backend] [           main] o.h.p.entity.AbstractEntityPersister     :  Version select: select id from appointment_note where id=?
2024-06-27T14:13:00.098-05:00 DEBUG 22344 --- [mindcare-backend] [           main] o.h.p.entity.AbstractEntityPersister     :  Insert (0): insert into appointment_note (appointment_id,created_at,patient_id,psychologist_id,updated_at) values (?,?,?,?,?)
2024-06-27T14:13:00.098-05:00 DEBUG 22344 --- [mindcare-backend] [           main] o.h.p.entity.AbstractEntityPersister     :  Update (0): update appointment_note set appointment_id=?,patient_id=?,psychologist_id=?,updated_at=? where id=?
2024-06-27T14:13:00.098-05:00 DEBUG 22344 --- [mindcare-backend] [           main] o.h.p.entity.AbstractEntityPersister     :  Delete (0): delete from appointment_note where id=?
2024-06-27T14:13:00.098-05:00 DEBUG 22344 --- [mindcare-backend] [           main] org.hibernate.orm.sql.ast.create         : Created new SQL alias : n1_0
2024-06-27T14:13:00.099-05:00 DEBUG 22344 --- [mindcare-backend] [           main] org.hibernate.orm.sql.ast.create         : Registration of TableGroup [StandardTableGroup(pe.edu.upc.mind.care.platform.NoteManagement.domain.model.entities.Note)] with identifierForTableGroup [pe.edu.upc.mind.care.platform.NoteManagement.domain.model.entities.Note] for NavigablePath [pe.edu.upc.mind.care.platform.NoteManagement.domain.model.entities.Note] 
2024-06-27T14:13:00.099-05:00 DEBUG 22344 --- [mindcare-backend] [           main] org.hibernate.orm.sql.ast.create         : Registration of TableGroup [org.hibernate.sql.ast.tree.from.LazyTableGroup@4964d801] with identifierForTableGroup [pe.edu.upc.mind.care.platform.NoteManagement.domain.model.entities.Note.appointmentNote] for NavigablePath [pe.edu.upc.mind.care.platform.NoteManagement.domain.model.entities.Note.appointmentNote] 
2024-06-27T14:13:00.099-05:00 DEBUG 22344 --- [mindcare-backend] [           main] org.hibernate.orm.sql.ast.create         : Created new SQL alias : an1_0
2024-06-27T14:13:00.099-05:00 DEBUG 22344 --- [mindcare-backend] [           main] org.hibernate.orm.sql.ast.create         : Registration of TableGroup [StandardVirtualTableGroup(pe.edu.upc.mind.care.platform.NoteManagement.domain.model.entities.Note.appointmentNote.appointmentId)] with identifierForTableGroup [pe.edu.upc.mind.care.platform.NoteManagement.domain.model.entities.Note.appointmentNote.appointmentId] for NavigablePath [pe.edu.upc.mind.care.platform.NoteManagement.domain.model.entities.Note.appointmentNote.appointmentId] 
2024-06-27T14:13:00.099-05:00 DEBUG 22344 --- [mindcare-backend] [           main] org.hibernate.orm.sql.ast.create         : Registration of TableGroup [StandardVirtualTableGroup(pe.edu.upc.mind.care.platform.NoteManagement.domain.model.entities.Note.appointmentNote.patientId)] with identifierForTableGroup [pe.edu.upc.mind.care.platform.NoteManagement.domain.model.entities.Note.appointmentNote.patientId] for NavigablePath [pe.edu.upc.mind.care.platform.NoteManagement.domain.model.entities.Note.appointmentNote.patientId] 
2024-06-27T14:13:00.099-05:00 DEBUG 22344 --- [mindcare-backend] [           main] org.hibernate.orm.sql.ast.create         : Registration of TableGroup [StandardVirtualTableGroup(pe.edu.upc.mind.care.platform.NoteManagement.domain.model.entities.Note.appointmentNote.psychologistId)] with identifierForTableGroup [pe.edu.upc.mind.care.platform.NoteManagement.domain.model.entities.Note.appointmentNote.psychologistId] for NavigablePath [pe.edu.upc.mind.care.platform.NoteManagement.domain.model.entities.Note.appointmentNote.psychologistId] 
2024-06-27T14:13:00.099-05:00 DEBUG 22344 --- [mindcare-backend] [           main] org.hibernate.orm.results.graph.AST      : DomainResult Graph:
 \-EntityResultImpl [pe.edu.upc.mind.care.platform.NoteManagement.domain.model.entities.Note]
 |  +-EntityFetchJoinedImpl [pe.edu.upc.mind.care.platform.NoteManagement.domain.model.entities.Note.appointmentNote]
 |  +-BasicFetch [pe.edu.upc.mind.care.platform.NoteManagement.domain.model.entities.Note.content]
 |  +-BasicFetch [pe.edu.upc.mind.care.platform.NoteManagement.domain.model.entities.Note.createdAt]
 |  \-BasicFetch [pe.edu.upc.mind.care.platform.NoteManagement.domain.model.entities.Note.updatedAt]

2024-06-27T14:13:00.099-05:00 DEBUG 22344 --- [mindcare-backend] [           main] org.hibernate.orm.sql.ast.tree           : SQL AST Tree:
    SelectStatement {
      FromClause {
        StandardTableGroup (n1 : pe.edu.upc.mind.care.platform.NoteManagement.domain.model.entities.Note) {
          primaryTableReference : note as n1_0
          TableGroupJoins {
            left  join LazyTableGroup (an1 : pe.edu.upc.mind.care.platform.NoteManagement.domain.model.entities.Note.appointmentNote) {
              primaryTableReference : appointment_note as an1_0
              TableGroupJoins {
                 join StandardVirtualTableGroup (null : pe.edu.upc.mind.care.platform.NoteManagement.domain.model.entities.Note.appointmentNote.appointmentId) {
                  primaryTableReference : appointment_note as an1_0
                }
                 join StandardVirtualTableGroup (null : pe.edu.upc.mind.care.platform.NoteManagement.domain.model.entities.Note.appointmentNote.patientId) {
                  primaryTableReference : appointment_note as an1_0
                }
                 join StandardVirtualTableGroup (null : pe.edu.upc.mind.care.platform.NoteManagement.domain.model.entities.Note.appointmentNote.psychologistId) {
                  primaryTableReference : appointment_note as an1_0
                }
              }
            }
          }
        }
      }
    }

2024-06-27T14:13:00.099-05:00 DEBUG 22344 --- [mindcare-backend] [           main] o.h.p.entity.AbstractEntityPersister     : Static SQL for entity: pe.edu.upc.mind.care.platform.NoteManagement.domain.model.entities.Note
2024-06-27T14:13:00.099-05:00 DEBUG 22344 --- [mindcare-backend] [           main] o.h.p.entity.AbstractEntityPersister     :  Version select: select id from note where id=?
2024-06-27T14:13:00.099-05:00 DEBUG 22344 --- [mindcare-backend] [           main] o.h.p.entity.AbstractEntityPersister     :  Insert (0): insert into note (appointmentnote_id,content,created_at,updated_at) values (?,?,?,?)
2024-06-27T14:13:00.099-05:00 DEBUG 22344 --- [mindcare-backend] [           main] o.h.p.entity.AbstractEntityPersister     :  Update (0): update note set appointmentnote_id=?,content=?,updated_at=? where id=?
2024-06-27T14:13:00.099-05:00 DEBUG 22344 --- [mindcare-backend] [           main] o.h.p.entity.AbstractEntityPersister     :  Delete (0): delete from note where id=?
2024-06-27T14:13:00.099-05:00 DEBUG 22344 --- [mindcare-backend] [           main] org.hibernate.orm.sql.ast.create         : Created new SQL alias : t1_0
2024-06-27T14:13:00.099-05:00 DEBUG 22344 --- [mindcare-backend] [           main] org.hibernate.orm.sql.ast.create         : Registration of TableGroup [StandardTableGroup(pe.edu.upc.mind.care.platform.therapymanagement.domain.model.entities.Transaction)] with identifierForTableGroup [pe.edu.upc.mind.care.platform.therapymanagement.domain.model.entities.Transaction] for NavigablePath [pe.edu.upc.mind.care.platform.therapymanagement.domain.model.entities.Transaction] 
2024-06-27T14:13:00.100-05:00 DEBUG 22344 --- [mindcare-backend] [           main] org.hibernate.orm.sql.ast.create         : Registration of TableGroup [org.hibernate.sql.ast.tree.from.LazyTableGroup@2caa9666] with identifierForTableGroup [pe.edu.upc.mind.care.platform.therapymanagement.domain.model.entities.Transaction.financial] for NavigablePath [pe.edu.upc.mind.care.platform.therapymanagement.domain.model.entities.Transaction.financial] 
2024-06-27T14:13:00.100-05:00 DEBUG 22344 --- [mindcare-backend] [           main] org.hibernate.orm.sql.ast.create         : Created new SQL alias : f1_0
2024-06-27T14:13:00.100-05:00 DEBUG 22344 --- [mindcare-backend] [           main] org.hibernate.orm.sql.ast.create         : Registration of TableGroup [StandardVirtualTableGroup(pe.edu.upc.mind.care.platform.therapymanagement.domain.model.entities.Transaction.patientId)] with identifierForTableGroup [pe.edu.upc.mind.care.platform.therapymanagement.domain.model.entities.Transaction.patientId] for NavigablePath [pe.edu.upc.mind.care.platform.therapymanagement.domain.model.entities.Transaction.patientId] 
2024-06-27T14:13:00.100-05:00 DEBUG 22344 --- [mindcare-backend] [           main] org.hibernate.orm.sql.ast.create         : Registration of TableGroup [StandardVirtualTableGroup(pe.edu.upc.mind.care.platform.therapymanagement.domain.model.entities.Transaction.pyschologistId)] with identifierForTableGroup [pe.edu.upc.mind.care.platform.therapymanagement.domain.model.entities.Transaction.pyschologistId] for NavigablePath [pe.edu.upc.mind.care.platform.therapymanagement.domain.model.entities.Transaction.pyschologistId] 
2024-06-27T14:13:00.100-05:00 DEBUG 22344 --- [mindcare-backend] [           main] org.hibernate.orm.sql.ast.create         : Registration of TableGroup [StandardVirtualTableGroup(pe.edu.upc.mind.care.platform.therapymanagement.domain.model.entities.Transaction.reservationId)] with identifierForTableGroup [pe.edu.upc.mind.care.platform.therapymanagement.domain.model.entities.Transaction.reservationId] for NavigablePath [pe.edu.upc.mind.care.platform.therapymanagement.domain.model.entities.Transaction.reservationId] 
2024-06-27T14:13:00.100-05:00 DEBUG 22344 --- [mindcare-backend] [           main] org.hibernate.orm.results.graph.AST      : DomainResult Graph:
 \-EntityResultImpl [pe.edu.upc.mind.care.platform.therapymanagement.domain.model.entities.Transaction]
 |  +-BasicFetch [pe.edu.upc.mind.care.platform.therapymanagement.domain.model.entities.Transaction.amount]
 |  +-BasicFetch [pe.edu.upc.mind.care.platform.therapymanagement.domain.model.entities.Transaction.createdAt]
 |  +-EntityFetchJoinedImpl [pe.edu.upc.mind.care.platform.therapymanagement.domain.model.entities.Transaction.financial]
 |  +-EmbeddableFetchImpl [pe.edu.upc.mind.care.platform.therapymanagement.domain.model.entities.Transaction.patientId]
 |  |  \-BasicFetch [pe.edu.upc.mind.care.platform.therapymanagement.domain.model.entities.Transaction.patientId.patientId]
 |  +-EmbeddableFetchImpl [pe.edu.upc.mind.care.platform.therapymanagement.domain.model.entities.Transaction.pyschologistId]
 |  |  \-BasicFetch [pe.edu.upc.mind.care.platform.therapymanagement.domain.model.entities.Transaction.pyschologistId.pyschologistId]
 |  +-EmbeddableFetchImpl [pe.edu.upc.mind.care.platform.therapymanagement.domain.model.entities.Transaction.reservationId]
 |  |  \-BasicFetch [pe.edu.upc.mind.care.platform.therapymanagement.domain.model.entities.Transaction.reservationId.reservationId]
 |  \-BasicFetch [pe.edu.upc.mind.care.platform.therapymanagement.domain.model.entities.Transaction.updatedAt]

2024-06-27T14:13:00.100-05:00 DEBUG 22344 --- [mindcare-backend] [           main] org.hibernate.orm.sql.ast.tree           : SQL AST Tree:
    SelectStatement {
      FromClause {
        StandardTableGroup (t1 : pe.edu.upc.mind.care.platform.therapymanagement.domain.model.entities.Transaction) {
          primaryTableReference : transaction as t1_0
          TableGroupJoins {
            left  join LazyTableGroup (f1 : pe.edu.upc.mind.care.platform.therapymanagement.domain.model.entities.Transaction.financial) {
              primaryTableReference : financial as f1_0
            }
             join StandardVirtualTableGroup (null : pe.edu.upc.mind.care.platform.therapymanagement.domain.model.entities.Transaction.patientId) {
              primaryTableReference : transaction as t1_0
            }
             join StandardVirtualTableGroup (null : pe.edu.upc.mind.care.platform.therapymanagement.domain.model.entities.Transaction.pyschologistId) {
              primaryTableReference : transaction as t1_0
            }
             join StandardVirtualTableGroup (null : pe.edu.upc.mind.care.platform.therapymanagement.domain.model.entities.Transaction.reservationId) {
              primaryTableReference : transaction as t1_0
            }
          }
        }
      }
    }

2024-06-27T14:13:00.100-05:00 DEBUG 22344 --- [mindcare-backend] [           main] o.h.p.entity.AbstractEntityPersister     : Static SQL for entity: pe.edu.upc.mind.care.platform.therapymanagement.domain.model.entities.Transaction
2024-06-27T14:13:00.101-05:00 DEBUG 22344 --- [mindcare-backend] [           main] o.h.p.entity.AbstractEntityPersister     :  Version select: select id from transaction where id=?
2024-06-27T14:13:00.101-05:00 DEBUG 22344 --- [mindcare-backend] [           main] o.h.p.entity.AbstractEntityPersister     :  Insert (0): insert into transaction (amount,created_at,financial_id,patient_id,pyschologist_id,reservation_id,updated_at) values (?,?,?,?,?,?,?)
2024-06-27T14:13:00.101-05:00 DEBUG 22344 --- [mindcare-backend] [           main] o.h.p.entity.AbstractEntityPersister     :  Update (0): update transaction set amount=?,financial_id=?,patient_id=?,pyschologist_id=?,reservation_id=?,updated_at=? where id=?
2024-06-27T14:13:00.101-05:00 DEBUG 22344 --- [mindcare-backend] [           main] o.h.p.entity.AbstractEntityPersister     :  Delete (0): delete from transaction where id=?
2024-06-27T14:13:00.101-05:00 DEBUG 22344 --- [mindcare-backend] [           main] org.hibernate.orm.sql.ast.create         : Created new SQL alias : jep1_0
2024-06-27T14:13:00.101-05:00 DEBUG 22344 --- [mindcare-backend] [           main] org.hibernate.orm.sql.ast.create         : Registration of TableGroup [StandardTableGroup(org.springframework.modulith.events.jpa.JpaEventPublication)] with identifierForTableGroup [org.springframework.modulith.events.jpa.JpaEventPublication] for NavigablePath [org.springframework.modulith.events.jpa.JpaEventPublication] 
2024-06-27T14:13:00.101-05:00 DEBUG 22344 --- [mindcare-backend] [           main] org.hibernate.orm.results.graph.AST      : DomainResult Graph:
 \-EntityResultImpl [org.springframework.modulith.events.jpa.JpaEventPublication]
 |  +-BasicFetch [org.springframework.modulith.events.jpa.JpaEventPublication.completionDate]
 |  +-BasicFetch [org.springframework.modulith.events.jpa.JpaEventPublication.eventType]
 |  +-BasicFetch [org.springframework.modulith.events.jpa.JpaEventPublication.listenerId]
 |  +-BasicFetch [org.springframework.modulith.events.jpa.JpaEventPublication.publicationDate]
 |  \-BasicFetch [org.springframework.modulith.events.jpa.JpaEventPublication.serializedEvent]

2024-06-27T14:13:00.101-05:00 DEBUG 22344 --- [mindcare-backend] [           main] org.hibernate.orm.sql.ast.tree           : SQL AST Tree:
    SelectStatement {
      FromClause {
        StandardTableGroup (jep1 : org.springframework.modulith.events.jpa.JpaEventPublication) {
          primaryTableReference : event_publication as jep1_0
        }
      }
    }

2024-06-27T14:13:00.101-05:00 DEBUG 22344 --- [mindcare-backend] [           main] o.h.p.entity.AbstractEntityPersister     : Static SQL for entity: org.springframework.modulith.events.jpa.JpaEventPublication
2024-06-27T14:13:00.101-05:00 DEBUG 22344 --- [mindcare-backend] [           main] o.h.p.entity.AbstractEntityPersister     :  Version select: select id from event_publication where id=?
2024-06-27T14:13:00.101-05:00 DEBUG 22344 --- [mindcare-backend] [           main] o.h.p.entity.AbstractEntityPersister     :  Insert (0): insert into event_publication (completion_date,event_type,listener_id,publication_date,serialized_event,id) values (?,?,?,?,?,?)
2024-06-27T14:13:00.101-05:00 DEBUG 22344 --- [mindcare-backend] [           main] o.h.p.entity.AbstractEntityPersister     :  Update (0): update event_publication set completion_date=?,event_type=?,listener_id=?,publication_date=?,serialized_event=? where id=?
2024-06-27T14:13:00.101-05:00 DEBUG 22344 --- [mindcare-backend] [           main] o.h.p.entity.AbstractEntityPersister     :  Delete (0): delete from event_publication where id=?
2024-06-27T14:13:00.101-05:00 DEBUG 22344 --- [mindcare-backend] [           main] org.hibernate.orm.sql.ast.create         : Created new SQL alias : s1_0
2024-06-27T14:13:00.101-05:00 DEBUG 22344 --- [mindcare-backend] [           main] org.hibernate.orm.sql.ast.create         : Registration of TableGroup [StandardTableGroup(pe.edu.upc.mind.care.platform.searchandmatch.domain.model.aggregates.Schedule)] with identifierForTableGroup [pe.edu.upc.mind.care.platform.searchandmatch.domain.model.aggregates.Schedule] for NavigablePath [pe.edu.upc.mind.care.platform.searchandmatch.domain.model.aggregates.Schedule] 
2024-06-27T14:13:00.101-05:00 DEBUG 22344 --- [mindcare-backend] [           main] org.hibernate.orm.sql.ast.create         : Registration of TableGroup [StandardVirtualTableGroup(pe.edu.upc.mind.care.platform.searchandmatch.domain.model.aggregates.Schedule.psychologistId)] with identifierForTableGroup [pe.edu.upc.mind.care.platform.searchandmatch.domain.model.aggregates.Schedule.psychologistId] for NavigablePath [pe.edu.upc.mind.care.platform.searchandmatch.domain.model.aggregates.Schedule.psychologistId] 
2024-06-27T14:13:00.101-05:00 DEBUG 22344 --- [mindcare-backend] [           main] org.hibernate.orm.sql.ast.create         : Created new SQL alias : r1_0
2024-06-27T14:13:00.102-05:00 DEBUG 22344 --- [mindcare-backend] [           main] org.hibernate.orm.sql.ast.create         : Registration of TableGroup [org.hibernate.sql.ast.tree.from.OneToManyTableGroup@4ef10d3b] with identifierForTableGroup [pe.edu.upc.mind.care.platform.searchandmatch.domain.model.aggregates.Schedule.reservations] for NavigablePath [pe.edu.upc.mind.care.platform.searchandmatch.domain.model.aggregates.Schedule.reservations] 
2024-06-27T14:13:00.102-05:00 DEBUG 22344 --- [mindcare-backend] [           main] org.hibernate.orm.sql.ast.create         : Registration of TableGroup [StandardTableGroup(pe.edu.upc.mind.care.platform.searchandmatch.domain.model.aggregates.Schedule.reservations.{element})] with identifierForTableGroup [pe.edu.upc.mind.care.platform.searchandmatch.domain.model.aggregates.Schedule.reservations.{element}] for NavigablePath [pe.edu.upc.mind.care.platform.searchandmatch.domain.model.aggregates.Schedule.reservations.{element}] 
2024-06-27T14:13:00.102-05:00 DEBUG 22344 --- [mindcare-backend] [           main] org.hibernate.orm.sql.ast.create         : Registration of TableGroup [StandardVirtualTableGroup(pe.edu.upc.mind.care.platform.searchandmatch.domain.model.aggregates.Schedule.reservations.{element}.patientId)] with identifierForTableGroup [pe.edu.upc.mind.care.platform.searchandmatch.domain.model.aggregates.Schedule.reservations.{element}.patientId] for NavigablePath [pe.edu.upc.mind.care.platform.searchandmatch.domain.model.aggregates.Schedule.reservations.{element}.patientId] 
2024-06-27T14:13:00.102-05:00 DEBUG 22344 --- [mindcare-backend] [           main] org.hibernate.orm.sql.ast.create         : Registration of TableGroup [StandardVirtualTableGroup(pe.edu.upc.mind.care.platform.searchandmatch.domain.model.aggregates.Schedule.reservations.{element}.psychologistId)] with identifierForTableGroup [pe.edu.upc.mind.care.platform.searchandmatch.domain.model.aggregates.Schedule.reservations.{element}.psychologistId] for NavigablePath [pe.edu.upc.mind.care.platform.searchandmatch.domain.model.aggregates.Schedule.reservations.{element}.psychologistId] 
2024-06-27T14:13:00.102-05:00 DEBUG 22344 --- [mindcare-backend] [           main] org.hibernate.orm.results.graph.AST      : DomainResult Graph:
 \-EntityResultImpl [pe.edu.upc.mind.care.platform.searchandmatch.domain.model.aggregates.Schedule]
 |  +-BasicFetch [pe.edu.upc.mind.care.platform.searchandmatch.domain.model.aggregates.Schedule.createdAt]
 |  +-BasicFetch [pe.edu.upc.mind.care.platform.searchandmatch.domain.model.aggregates.Schedule.finishedHour]
 |  +-EmbeddableFetchImpl [pe.edu.upc.mind.care.platform.searchandmatch.domain.model.aggregates.Schedule.psychologistId]
 |  |  \-BasicFetch [pe.edu.upc.mind.care.platform.searchandmatch.domain.model.aggregates.Schedule.psychologistId.psychologistId]
 |  +-EagerCollectionFetch [pe.edu.upc.mind.care.platform.searchandmatch.domain.model.aggregates.Schedule.reservations]
 |  |  \-EntityFetchJoinedImpl [pe.edu.upc.mind.care.platform.searchandmatch.domain.model.aggregates.Schedule.reservations.{element}]
 |  +-BasicFetch [pe.edu.upc.mind.care.platform.searchandmatch.domain.model.aggregates.Schedule.startedHour]
 |  \-BasicFetch [pe.edu.upc.mind.care.platform.searchandmatch.domain.model.aggregates.Schedule.updatedAt]

2024-06-27T14:13:00.102-05:00 DEBUG 22344 --- [mindcare-backend] [           main] org.hibernate.orm.sql.ast.tree           : SQL AST Tree:
    SelectStatement {
      FromClause {
        StandardTableGroup (s1 : pe.edu.upc.mind.care.platform.searchandmatch.domain.model.aggregates.Schedule) {
          primaryTableReference : schedule as s1_0
          TableGroupJoins {
             join StandardVirtualTableGroup (null : pe.edu.upc.mind.care.platform.searchandmatch.domain.model.aggregates.Schedule.psychologistId) {
              primaryTableReference : schedule as s1_0
            }
            left  join OneToManyTableGroup (r1 : pe.edu.upc.mind.care.platform.searchandmatch.domain.model.aggregates.Schedule.reservations) {
              primaryTableReference : reservation as r1_0
              TableGroupJoins {
                 join StandardVirtualTableGroup (null : pe.edu.upc.mind.care.platform.searchandmatch.domain.model.aggregates.Schedule.reservations.{element}.patientId) {
                  primaryTableReference : reservation as r1_0
                }
                 join StandardVirtualTableGroup (null : pe.edu.upc.mind.care.platform.searchandmatch.domain.model.aggregates.Schedule.reservations.{element}.psychologistId) {
                  primaryTableReference : reservation as r1_0
                }
              }
            }
          }
        }
      }
    }

2024-06-27T14:13:00.102-05:00 DEBUG 22344 --- [mindcare-backend] [           main] o.h.p.entity.AbstractEntityPersister     : Static SQL for entity: pe.edu.upc.mind.care.platform.searchandmatch.domain.model.aggregates.Schedule
2024-06-27T14:13:00.102-05:00 DEBUG 22344 --- [mindcare-backend] [           main] o.h.p.entity.AbstractEntityPersister     :  Version select: select id from schedule where id=?
2024-06-27T14:13:00.102-05:00 DEBUG 22344 --- [mindcare-backend] [           main] o.h.p.entity.AbstractEntityPersister     :  Insert (0): insert into schedule (created_at,finished_hour,psychologist_id,started_hour,updated_at) values (?,?,?,?,?)
2024-06-27T14:13:00.102-05:00 DEBUG 22344 --- [mindcare-backend] [           main] o.h.p.entity.AbstractEntityPersister     :  Update (0): update schedule set finished_hour=?,psychologist_id=?,started_hour=?,updated_at=? where id=?
2024-06-27T14:13:00.102-05:00 DEBUG 22344 --- [mindcare-backend] [           main] o.h.p.entity.AbstractEntityPersister     :  Delete (0): delete from schedule where id=?
2024-06-27T14:13:00.102-05:00 DEBUG 22344 --- [mindcare-backend] [           main] org.hibernate.orm.sql.ast.create         : Created new SQL alias : r1_0
2024-06-27T14:13:00.102-05:00 DEBUG 22344 --- [mindcare-backend] [           main] org.hibernate.orm.sql.ast.create         : Registration of TableGroup [StandardTableGroup(pe.edu.upc.mind.care.platform.searchandmatch.domain.model.entities.Reservation)] with identifierForTableGroup [pe.edu.upc.mind.care.platform.searchandmatch.domain.model.entities.Reservation] for NavigablePath [pe.edu.upc.mind.care.platform.searchandmatch.domain.model.entities.Reservation] 
2024-06-27T14:13:00.102-05:00 DEBUG 22344 --- [mindcare-backend] [           main] org.hibernate.orm.sql.ast.create         : Registration of TableGroup [StandardVirtualTableGroup(pe.edu.upc.mind.care.platform.searchandmatch.domain.model.entities.Reservation.patientId)] with identifierForTableGroup [pe.edu.upc.mind.care.platform.searchandmatch.domain.model.entities.Reservation.patientId] for NavigablePath [pe.edu.upc.mind.care.platform.searchandmatch.domain.model.entities.Reservation.patientId] 
2024-06-27T14:13:00.102-05:00 DEBUG 22344 --- [mindcare-backend] [           main] org.hibernate.orm.sql.ast.create         : Registration of TableGroup [StandardVirtualTableGroup(pe.edu.upc.mind.care.platform.searchandmatch.domain.model.entities.Reservation.psychologistId)] with identifierForTableGroup [pe.edu.upc.mind.care.platform.searchandmatch.domain.model.entities.Reservation.psychologistId] for NavigablePath [pe.edu.upc.mind.care.platform.searchandmatch.domain.model.entities.Reservation.psychologistId] 
2024-06-27T14:13:00.102-05:00 DEBUG 22344 --- [mindcare-backend] [           main] org.hibernate.orm.sql.ast.create         : Registration of TableGroup [org.hibernate.sql.ast.tree.from.LazyTableGroup@690e7b89] with identifierForTableGroup [pe.edu.upc.mind.care.platform.searchandmatch.domain.model.entities.Reservation.schedule] for NavigablePath [pe.edu.upc.mind.care.platform.searchandmatch.domain.model.entities.Reservation.schedule] 
2024-06-27T14:13:00.102-05:00 DEBUG 22344 --- [mindcare-backend] [           main] org.hibernate.orm.sql.ast.create         : Created new SQL alias : s1_0
2024-06-27T14:13:00.102-05:00 DEBUG 22344 --- [mindcare-backend] [           main] org.hibernate.orm.sql.ast.create         : Registration of TableGroup [StandardVirtualTableGroup(pe.edu.upc.mind.care.platform.searchandmatch.domain.model.entities.Reservation.schedule.psychologistId)] with identifierForTableGroup [pe.edu.upc.mind.care.platform.searchandmatch.domain.model.entities.Reservation.schedule.psychologistId] for NavigablePath [pe.edu.upc.mind.care.platform.searchandmatch.domain.model.entities.Reservation.schedule.psychologistId] 
2024-06-27T14:13:00.103-05:00 DEBUG 22344 --- [mindcare-backend] [           main] org.hibernate.orm.results.graph.AST      : DomainResult Graph:
 \-EntityResultImpl [pe.edu.upc.mind.care.platform.searchandmatch.domain.model.entities.Reservation]
 |  +-BasicFetch [pe.edu.upc.mind.care.platform.searchandmatch.domain.model.entities.Reservation.createdAt]
 |  +-EmbeddableFetchImpl [pe.edu.upc.mind.care.platform.searchandmatch.domain.model.entities.Reservation.patientId]
 |  |  \-BasicFetch [pe.edu.upc.mind.care.platform.searchandmatch.domain.model.entities.Reservation.patientId.patientId]
 |  +-EmbeddableFetchImpl [pe.edu.upc.mind.care.platform.searchandmatch.domain.model.entities.Reservation.psychologistId]
 |  |  \-BasicFetch [pe.edu.upc.mind.care.platform.searchandmatch.domain.model.entities.Reservation.psychologistId.psychologistId]
 |  +-BasicFetch [pe.edu.upc.mind.care.platform.searchandmatch.domain.model.entities.Reservation.reservationDate]
 |  +-BasicFetch [pe.edu.upc.mind.care.platform.searchandmatch.domain.model.entities.Reservation.reservationHour]
 |  +-EntityFetchJoinedImpl [pe.edu.upc.mind.care.platform.searchandmatch.domain.model.entities.Reservation.schedule]
 |  \-BasicFetch [pe.edu.upc.mind.care.platform.searchandmatch.domain.model.entities.Reservation.updatedAt]

2024-06-27T14:13:00.103-05:00 DEBUG 22344 --- [mindcare-backend] [           main] org.hibernate.orm.sql.ast.tree           : SQL AST Tree:
    SelectStatement {
      FromClause {
        StandardTableGroup (r1 : pe.edu.upc.mind.care.platform.searchandmatch.domain.model.entities.Reservation) {
          primaryTableReference : reservation as r1_0
          TableGroupJoins {
             join StandardVirtualTableGroup (null : pe.edu.upc.mind.care.platform.searchandmatch.domain.model.entities.Reservation.patientId) {
              primaryTableReference : reservation as r1_0
            }
             join StandardVirtualTableGroup (null : pe.edu.upc.mind.care.platform.searchandmatch.domain.model.entities.Reservation.psychologistId) {
              primaryTableReference : reservation as r1_0
            }
            left  join LazyTableGroup (s1 : pe.edu.upc.mind.care.platform.searchandmatch.domain.model.entities.Reservation.schedule) {
              primaryTableReference : schedule as s1_0
              TableGroupJoins {
                 join StandardVirtualTableGroup (null : pe.edu.upc.mind.care.platform.searchandmatch.domain.model.entities.Reservation.schedule.psychologistId) {
                  primaryTableReference : schedule as s1_0
                }
              }
            }
          }
        }
      }
    }

2024-06-27T14:13:00.103-05:00 DEBUG 22344 --- [mindcare-backend] [           main] o.h.p.entity.AbstractEntityPersister     : Static SQL for entity: pe.edu.upc.mind.care.platform.searchandmatch.domain.model.entities.Reservation
2024-06-27T14:13:00.103-05:00 DEBUG 22344 --- [mindcare-backend] [           main] o.h.p.entity.AbstractEntityPersister     :  Version select: select id from reservation where id=?
2024-06-27T14:13:00.103-05:00 DEBUG 22344 --- [mindcare-backend] [           main] o.h.p.entity.AbstractEntityPersister     :  Insert (0): insert into reservation (created_at,patient_id,psychologist_id,reservation_date,reservation_hour,schedule_id,updated_at) values (?,?,?,?,?,?,?)
2024-06-27T14:13:00.103-05:00 DEBUG 22344 --- [mindcare-backend] [           main] o.h.p.entity.AbstractEntityPersister     :  Update (0): update reservation set patient_id=?,psychologist_id=?,reservation_date=?,reservation_hour=?,schedule_id=?,updated_at=? where id=?
2024-06-27T14:13:00.103-05:00 DEBUG 22344 --- [mindcare-backend] [           main] o.h.p.entity.AbstractEntityPersister     :  Delete (0): delete from reservation where id=?
2024-06-27T14:13:00.103-05:00 DEBUG 22344 --- [mindcare-backend] [           main] org.hibernate.orm.sql.ast.create         : Created new SQL alias : a1_0
2024-06-27T14:13:00.103-05:00 DEBUG 22344 --- [mindcare-backend] [           main] org.hibernate.orm.sql.ast.create         : Registration of TableGroup [StandardTableGroup(pe.edu.upc.mind.care.platform.appointmentManagement.domain.model.aggregates.Appointment)] with identifierForTableGroup [pe.edu.upc.mind.care.platform.appointmentManagement.domain.model.aggregates.Appointment] for NavigablePath [pe.edu.upc.mind.care.platform.appointmentManagement.domain.model.aggregates.Appointment] 
2024-06-27T14:13:00.103-05:00 DEBUG 22344 --- [mindcare-backend] [           main] org.hibernate.orm.sql.ast.create         : Registration of TableGroup [StandardVirtualTableGroup(pe.edu.upc.mind.care.platform.appointmentManagement.domain.model.aggregates.Appointment.patientId)] with identifierForTableGroup [pe.edu.upc.mind.care.platform.appointmentManagement.domain.model.aggregates.Appointment.patientId] for NavigablePath [pe.edu.upc.mind.care.platform.appointmentManagement.domain.model.aggregates.Appointment.patientId] 
2024-06-27T14:13:00.103-05:00 DEBUG 22344 --- [mindcare-backend] [           main] org.hibernate.orm.sql.ast.create         : Registration of TableGroup [StandardVirtualTableGroup(pe.edu.upc.mind.care.platform.appointmentManagement.domain.model.aggregates.Appointment.psychologistId)] with identifierForTableGroup [pe.edu.upc.mind.care.platform.appointmentManagement.domain.model.aggregates.Appointment.psychologistId] for NavigablePath [pe.edu.upc.mind.care.platform.appointmentManagement.domain.model.aggregates.Appointment.psychologistId] 
2024-06-27T14:13:00.103-05:00 DEBUG 22344 --- [mindcare-backend] [           main] org.hibernate.orm.results.graph.AST      : DomainResult Graph:
 \-EntityResultImpl [pe.edu.upc.mind.care.platform.appointmentManagement.domain.model.aggregates.Appointment]
 |  +-BasicFetch [pe.edu.upc.mind.care.platform.appointmentManagement.domain.model.aggregates.Appointment.date]
 |  +-BasicFetch [pe.edu.upc.mind.care.platform.appointmentManagement.domain.model.aggregates.Appointment.description]
 |  +-BasicFetch [pe.edu.upc.mind.care.platform.appointmentManagement.domain.model.aggregates.Appointment.hour]
 |  +-EmbeddableFetchImpl [pe.edu.upc.mind.care.platform.appointmentManagement.domain.model.aggregates.Appointment.patientId]
 |  |  \-BasicFetch [pe.edu.upc.mind.care.platform.appointmentManagement.domain.model.aggregates.Appointment.patientId.patientId]
 |  +-EmbeddableFetchImpl [pe.edu.upc.mind.care.platform.appointmentManagement.domain.model.aggregates.Appointment.psychologistId]
 |  |  \-BasicFetch [pe.edu.upc.mind.care.platform.appointmentManagement.domain.model.aggregates.Appointment.psychologistId.psychologistId]
 |  +-BasicFetch [pe.edu.upc.mind.care.platform.appointmentManagement.domain.model.aggregates.Appointment.title]
 |  \-BasicFetch [pe.edu.upc.mind.care.platform.appointmentManagement.domain.model.aggregates.Appointment.type]

2024-06-27T14:13:00.103-05:00 DEBUG 22344 --- [mindcare-backend] [           main] org.hibernate.orm.sql.ast.tree           : SQL AST Tree:
    SelectStatement {
      FromClause {
        StandardTableGroup (a1 : pe.edu.upc.mind.care.platform.appointmentManagement.domain.model.aggregates.Appointment) {
          primaryTableReference : appointment as a1_0
          TableGroupJoins {
             join StandardVirtualTableGroup (null : pe.edu.upc.mind.care.platform.appointmentManagement.domain.model.aggregates.Appointment.patientId) {
              primaryTableReference : appointment as a1_0
            }
             join StandardVirtualTableGroup (null : pe.edu.upc.mind.care.platform.appointmentManagement.domain.model.aggregates.Appointment.psychologistId) {
              primaryTableReference : appointment as a1_0
            }
          }
        }
      }
    }

2024-06-27T14:13:00.104-05:00 DEBUG 22344 --- [mindcare-backend] [           main] o.h.p.entity.AbstractEntityPersister     : Static SQL for entity: pe.edu.upc.mind.care.platform.appointmentManagement.domain.model.aggregates.Appointment
2024-06-27T14:13:00.104-05:00 DEBUG 22344 --- [mindcare-backend] [           main] o.h.p.entity.AbstractEntityPersister     :  Version select: select id from appointment where id=?
2024-06-27T14:13:00.104-05:00 DEBUG 22344 --- [mindcare-backend] [           main] o.h.p.entity.AbstractEntityPersister     :  Insert (0): insert into appointment (date,description,hour,patient_id,psychologist_id,title,type) values (?,?,?,?,?,?,?)
2024-06-27T14:13:00.104-05:00 DEBUG 22344 --- [mindcare-backend] [           main] o.h.p.entity.AbstractEntityPersister     :  Update (0): update appointment set date=?,description=?,hour=?,patient_id=?,psychologist_id=?,title=?,type=? where id=?
2024-06-27T14:13:00.104-05:00 DEBUG 22344 --- [mindcare-backend] [           main] o.h.p.entity.AbstractEntityPersister     :  Delete (0): delete from appointment where id=?
2024-06-27T14:13:00.105-05:00 DEBUG 22344 --- [mindcare-backend] [           main] org.hibernate.orm.sql.ast.create         : Created new SQL alias : r1_0
2024-06-27T14:13:00.105-05:00 DEBUG 22344 --- [mindcare-backend] [           main] org.hibernate.orm.sql.ast.create         : Registration of TableGroup [org.hibernate.sql.ast.tree.from.OneToManyTableGroup@33502cfe] with identifierForTableGroup [pe.edu.upc.mind.care.platform.searchandmatch.domain.model.aggregates.Schedule.reservations] for NavigablePath [pe.edu.upc.mind.care.platform.searchandmatch.domain.model.aggregates.Schedule.reservations] 
2024-06-27T14:13:00.105-05:00 DEBUG 22344 --- [mindcare-backend] [           main] org.hibernate.orm.sql.ast.create         : Registration of TableGroup [StandardTableGroup(pe.edu.upc.mind.care.platform.searchandmatch.domain.model.aggregates.Schedule.reservations.{element})] with identifierForTableGroup [pe.edu.upc.mind.care.platform.searchandmatch.domain.model.aggregates.Schedule.reservations.{element}] for NavigablePath [pe.edu.upc.mind.care.platform.searchandmatch.domain.model.aggregates.Schedule.reservations.{element}] 
2024-06-27T14:13:00.105-05:00 DEBUG 22344 --- [mindcare-backend] [           main] org.hibernate.orm.sql.ast.create         : Registration of TableGroup [StandardVirtualTableGroup(pe.edu.upc.mind.care.platform.searchandmatch.domain.model.aggregates.Schedule.reservations.{element}.patientId)] with identifierForTableGroup [pe.edu.upc.mind.care.platform.searchandmatch.domain.model.aggregates.Schedule.reservations.{element}.patientId] for NavigablePath [pe.edu.upc.mind.care.platform.searchandmatch.domain.model.aggregates.Schedule.reservations.{element}.patientId] 
2024-06-27T14:13:00.105-05:00 DEBUG 22344 --- [mindcare-backend] [           main] org.hibernate.orm.sql.ast.create         : Registration of TableGroup [StandardVirtualTableGroup(pe.edu.upc.mind.care.platform.searchandmatch.domain.model.aggregates.Schedule.reservations.{element}.psychologistId)] with identifierForTableGroup [pe.edu.upc.mind.care.platform.searchandmatch.domain.model.aggregates.Schedule.reservations.{element}.psychologistId] for NavigablePath [pe.edu.upc.mind.care.platform.searchandmatch.domain.model.aggregates.Schedule.reservations.{element}.psychologistId] 
2024-06-27T14:13:00.106-05:00 DEBUG 22344 --- [mindcare-backend] [           main] org.hibernate.orm.sql.ast.create         : Registration of TableGroup [org.hibernate.sql.ast.tree.from.LazyTableGroup@1f27f354] with identifierForTableGroup [pe.edu.upc.mind.care.platform.searchandmatch.domain.model.aggregates.Schedule.reservations.{element}.schedule] for NavigablePath [pe.edu.upc.mind.care.platform.searchandmatch.domain.model.aggregates.Schedule.reservations.{element}.schedule] 
2024-06-27T14:13:00.107-05:00 DEBUG 22344 --- [mindcare-backend] [           main] org.hibernate.orm.results.graph.AST      : DomainResult Graph:
 \-CollectionDomainResult [pe.edu.upc.mind.care.platform.searchandmatch.domain.model.aggregates.Schedule.reservations]

2024-06-27T14:13:00.107-05:00 DEBUG 22344 --- [mindcare-backend] [           main] org.hibernate.orm.sql.ast.tree           : SQL AST Tree:
    SelectStatement {
      FromClause {
        OneToManyTableGroup (r1 : pe.edu.upc.mind.care.platform.searchandmatch.domain.model.aggregates.Schedule.reservations) {
          primaryTableReference : reservation as r1_0
          TableGroupJoins {
             join StandardVirtualTableGroup (null : pe.edu.upc.mind.care.platform.searchandmatch.domain.model.aggregates.Schedule.reservations.{element}.patientId) {
              primaryTableReference : reservation as r1_0
            }
             join StandardVirtualTableGroup (null : pe.edu.upc.mind.care.platform.searchandmatch.domain.model.aggregates.Schedule.reservations.{element}.psychologistId) {
              primaryTableReference : reservation as r1_0
            }
            left  join LazyTableGroup (s1 : pe.edu.upc.mind.care.platform.searchandmatch.domain.model.aggregates.Schedule.reservations.{element}.schedule) {
            }
          }
        }
      }
    }

2024-06-27T14:13:00.107-05:00 DEBUG 22344 --- [mindcare-backend] [           main] org.hibernate.orm.jdbc.mutation          : Static SQL for collection: pe.edu.upc.mind.care.platform.searchandmatch.domain.model.aggregates.Schedule.reservations
2024-06-27T14:13:00.108-05:00 DEBUG 22344 --- [mindcare-backend] [           main] org.hibernate.orm.sql.ast.create         : Created new SQL alias : r1_0
2024-06-27T14:13:00.108-05:00 DEBUG 22344 --- [mindcare-backend] [           main] org.hibernate.orm.sql.ast.create         : Registration of TableGroup [CollectionTableGroup(pe.edu.upc.mind.care.platform.iam.domain.model.aggregates.User.roles)] with identifierForTableGroup [pe.edu.upc.mind.care.platform.iam.domain.model.aggregates.User.roles] for NavigablePath [pe.edu.upc.mind.care.platform.iam.domain.model.aggregates.User.roles] 
2024-06-27T14:13:00.108-05:00 DEBUG 22344 --- [mindcare-backend] [           main] org.hibernate.orm.sql.ast.create         : Registration of TableGroup [org.hibernate.sql.ast.tree.from.LazyTableGroup@215f8d7] with identifierForTableGroup [pe.edu.upc.mind.care.platform.iam.domain.model.aggregates.User.roles.{element}] for NavigablePath [pe.edu.upc.mind.care.platform.iam.domain.model.aggregates.User.roles.{element}] 
2024-06-27T14:13:00.108-05:00 DEBUG 22344 --- [mindcare-backend] [           main] org.hibernate.orm.sql.ast.create         : Created new SQL alias : r1_1
2024-06-27T14:13:00.108-05:00 DEBUG 22344 --- [mindcare-backend] [           main] org.hibernate.orm.results.graph.AST      : DomainResult Graph:
 \-CollectionDomainResult [pe.edu.upc.mind.care.platform.iam.domain.model.aggregates.User.roles]

2024-06-27T14:13:00.108-05:00 DEBUG 22344 --- [mindcare-backend] [           main] org.hibernate.orm.sql.ast.tree           : SQL AST Tree:
    SelectStatement {
      FromClause {
        CollectionTableGroup (r1 : pe.edu.upc.mind.care.platform.iam.domain.model.aggregates.User.roles) {
          primaryTableReference : user_roles as r1_0
          TableGroupJoins {
             join LazyTableGroup (r1 : pe.edu.upc.mind.care.platform.iam.domain.model.aggregates.User.roles.{element}) {
              primaryTableReference : role as r1_1
            }
          }
        }
      }
    }

2024-06-27T14:13:00.108-05:00 DEBUG 22344 --- [mindcare-backend] [           main] org.hibernate.orm.jdbc.mutation          : Static SQL for collection: pe.edu.upc.mind.care.platform.iam.domain.model.aggregates.User.roles
2024-06-27T14:13:00.109-05:00 DEBUG 22344 --- [mindcare-backend] [           main] org.hibernate.orm.jdbc.mutation          :  Row insert: insert into user_roles (user_id,role_id) values (?,?)
2024-06-27T14:13:00.110-05:00 DEBUG 22344 --- [mindcare-backend] [           main] org.hibernate.orm.jdbc.mutation          :  Row delete: delete from user_roles where user_id=? and role_id=?
2024-06-27T14:13:00.110-05:00 DEBUG 22344 --- [mindcare-backend] [           main] org.hibernate.orm.jdbc.mutation          :  One-shot delete: delete from user_roles where user_id=?
2024-06-27T14:13:00.110-05:00 DEBUG 22344 --- [mindcare-backend] [           main] org.hibernate.orm.sql.ast.create         : Created new SQL alias : t1_0
2024-06-27T14:13:00.110-05:00 DEBUG 22344 --- [mindcare-backend] [           main] org.hibernate.orm.sql.ast.create         : Registration of TableGroup [org.hibernate.sql.ast.tree.from.OneToManyTableGroup@956cf3d] with identifierForTableGroup [pe.edu.upc.mind.care.platform.therapymanagement.domain.model.aggregates.Financial.transactions] for NavigablePath [pe.edu.upc.mind.care.platform.therapymanagement.domain.model.aggregates.Financial.transactions] 
2024-06-27T14:13:00.110-05:00 DEBUG 22344 --- [mindcare-backend] [           main] org.hibernate.orm.sql.ast.create         : Registration of TableGroup [StandardTableGroup(pe.edu.upc.mind.care.platform.therapymanagement.domain.model.aggregates.Financial.transactions.{element})] with identifierForTableGroup [pe.edu.upc.mind.care.platform.therapymanagement.domain.model.aggregates.Financial.transactions.{element}] for NavigablePath [pe.edu.upc.mind.care.platform.therapymanagement.domain.model.aggregates.Financial.transactions.{element}] 
2024-06-27T14:13:00.110-05:00 DEBUG 22344 --- [mindcare-backend] [           main] org.hibernate.orm.sql.ast.create         : Registration of TableGroup [org.hibernate.sql.ast.tree.from.LazyTableGroup@712213ed] with identifierForTableGroup [pe.edu.upc.mind.care.platform.therapymanagement.domain.model.aggregates.Financial.transactions.{element}.financial] for NavigablePath [pe.edu.upc.mind.care.platform.therapymanagement.domain.model.aggregates.Financial.transactions.{element}.financial] 
2024-06-27T14:13:00.110-05:00 DEBUG 22344 --- [mindcare-backend] [           main] org.hibernate.orm.sql.ast.create         : Registration of TableGroup [StandardVirtualTableGroup(pe.edu.upc.mind.care.platform.therapymanagement.domain.model.aggregates.Financial.transactions.{element}.patientId)] with identifierForTableGroup [pe.edu.upc.mind.care.platform.therapymanagement.domain.model.aggregates.Financial.transactions.{element}.patientId] for NavigablePath [pe.edu.upc.mind.care.platform.therapymanagement.domain.model.aggregates.Financial.transactions.{element}.patientId] 
2024-06-27T14:13:00.110-05:00 DEBUG 22344 --- [mindcare-backend] [           main] org.hibernate.orm.sql.ast.create         : Registration of TableGroup [StandardVirtualTableGroup(pe.edu.upc.mind.care.platform.therapymanagement.domain.model.aggregates.Financial.transactions.{element}.pyschologistId)] with identifierForTableGroup [pe.edu.upc.mind.care.platform.therapymanagement.domain.model.aggregates.Financial.transactions.{element}.pyschologistId] for NavigablePath [pe.edu.upc.mind.care.platform.therapymanagement.domain.model.aggregates.Financial.transactions.{element}.pyschologistId] 
2024-06-27T14:13:00.110-05:00 DEBUG 22344 --- [mindcare-backend] [           main] org.hibernate.orm.sql.ast.create         : Registration of TableGroup [StandardVirtualTableGroup(pe.edu.upc.mind.care.platform.therapymanagement.domain.model.aggregates.Financial.transactions.{element}.reservationId)] with identifierForTableGroup [pe.edu.upc.mind.care.platform.therapymanagement.domain.model.aggregates.Financial.transactions.{element}.reservationId] for NavigablePath [pe.edu.upc.mind.care.platform.therapymanagement.domain.model.aggregates.Financial.transactions.{element}.reservationId] 
2024-06-27T14:13:00.110-05:00 DEBUG 22344 --- [mindcare-backend] [           main] org.hibernate.orm.results.graph.AST      : DomainResult Graph:
 \-CollectionDomainResult [pe.edu.upc.mind.care.platform.therapymanagement.domain.model.aggregates.Financial.transactions]

2024-06-27T14:13:00.111-05:00 DEBUG 22344 --- [mindcare-backend] [           main] org.hibernate.orm.sql.ast.tree           : SQL AST Tree:
    SelectStatement {
      FromClause {
        OneToManyTableGroup (t1 : pe.edu.upc.mind.care.platform.therapymanagement.domain.model.aggregates.Financial.transactions) {
          primaryTableReference : transaction as t1_0
          TableGroupJoins {
            left  join LazyTableGroup (f1 : pe.edu.upc.mind.care.platform.therapymanagement.domain.model.aggregates.Financial.transactions.{element}.financial) {
            }
             join StandardVirtualTableGroup (null : pe.edu.upc.mind.care.platform.therapymanagement.domain.model.aggregates.Financial.transactions.{element}.patientId) {
              primaryTableReference : transaction as t1_0
            }
             join StandardVirtualTableGroup (null : pe.edu.upc.mind.care.platform.therapymanagement.domain.model.aggregates.Financial.transactions.{element}.pyschologistId) {
              primaryTableReference : transaction as t1_0
            }
             join StandardVirtualTableGroup (null : pe.edu.upc.mind.care.platform.therapymanagement.domain.model.aggregates.Financial.transactions.{element}.reservationId) {
              primaryTableReference : transaction as t1_0
            }
          }
        }
      }
    }

2024-06-27T14:13:00.111-05:00 DEBUG 22344 --- [mindcare-backend] [           main] org.hibernate.orm.jdbc.mutation          : Static SQL for collection: pe.edu.upc.mind.care.platform.therapymanagement.domain.model.aggregates.Financial.transactions
2024-06-27T14:13:00.151-05:00  INFO 22344 --- [mindcare-backend] [           main] o.h.e.t.j.p.i.JtaPlatformInitiator       : HHH000489: No JTA platform available (set 'hibernate.transaction.jta.platform' to enable JTA platform integration)
2024-06-27T14:13:00.151-05:00 DEBUG 22344 --- [mindcare-backend] [           main] o.h.type.spi.TypeConfiguration$Scope     : Scoping TypeConfiguration [org.hibernate.type.spi.TypeConfiguration@6e49b011] to SessionFactoryImplementor [org.hibernate.internal.SessionFactoryImpl@2319c1e0]
2024-06-27T14:13:00.152-05:00 DEBUG 22344 --- [mindcare-backend] [           main] o.h.query.named.NamedObjectRepository    : Checking 0 named HQL queries
2024-06-27T14:13:00.152-05:00 DEBUG 22344 --- [mindcare-backend] [           main] o.h.query.named.NamedObjectRepository    : Checking 0 named SQL queries
2024-06-27T14:13:00.162-05:00 DEBUG 22344 --- [mindcare-backend] [           main] org.hibernate.SQL                        : 
    alter table if exists note 
       drop constraint if exists FKh4wkimr2c201h9blypkt58pl5
Hibernate: 
    alter table if exists note 
       drop constraint if exists FKh4wkimr2c201h9blypkt58pl5
2024-06-27T14:13:00.167-05:00 DEBUG 22344 --- [mindcare-backend] [           main] org.hibernate.SQL                        : 
    alter table if exists reservation 
       drop constraint if exists FKjhy65q5kmadkpjil9wlyp5o64
Hibernate: 
    alter table if exists reservation 
       drop constraint if exists FKjhy65q5kmadkpjil9wlyp5o64
2024-06-27T14:13:00.167-05:00 DEBUG 22344 --- [mindcare-backend] [           main] org.hibernate.SQL                        : 
    alter table if exists transaction 
       drop constraint if exists FK73qhxtfaho9ffticwljgs1cs6
Hibernate: 
    alter table if exists transaction 
       drop constraint if exists FK73qhxtfaho9ffticwljgs1cs6
2024-06-27T14:13:00.168-05:00 DEBUG 22344 --- [mindcare-backend] [           main] org.hibernate.SQL                        : 
    alter table if exists user_roles 
       drop constraint if exists FKrhfovtciq1l558cw6udg0h0d3
Hibernate: 
    alter table if exists user_roles 
       drop constraint if exists FKrhfovtciq1l558cw6udg0h0d3
2024-06-27T14:13:00.168-05:00 DEBUG 22344 --- [mindcare-backend] [           main] org.hibernate.SQL                        : 
    alter table if exists user_roles 
       drop constraint if exists FK55itppkw3i07do3h7qoclqd4k
Hibernate: 
    alter table if exists user_roles 
       drop constraint if exists FK55itppkw3i07do3h7qoclqd4k
2024-06-27T14:13:00.170-05:00 DEBUG 22344 --- [mindcare-backend] [           main] o.h.engine.jdbc.spi.SqlExceptionHelper   : SQL Warning

org.postgresql.util.PSQLWarning: constraint "fk55itppkw3i07do3h7qoclqd4k" of relation "user_roles" does not exist, skipping
	at org.postgresql.core.v3.QueryExecutorImpl.receiveNoticeResponse(QueryExecutorImpl.java:2732) ~[postgresql-42.6.2.jar:42.6.2]
	at org.postgresql.core.v3.QueryExecutorImpl.processResults(QueryExecutorImpl.java:2431) ~[postgresql-42.6.2.jar:42.6.2]
	at org.postgresql.core.v3.QueryExecutorImpl.execute(QueryExecutorImpl.java:368) ~[postgresql-42.6.2.jar:42.6.2]
	at org.postgresql.jdbc.PgStatement.executeInternal(PgStatement.java:498) ~[postgresql-42.6.2.jar:42.6.2]
	at org.postgresql.jdbc.PgStatement.execute(PgStatement.java:415) ~[postgresql-42.6.2.jar:42.6.2]
	at org.postgresql.jdbc.PgStatement.executeWithFlags(PgStatement.java:335) ~[postgresql-42.6.2.jar:42.6.2]
	at org.postgresql.jdbc.PgStatement.executeCachedSql(PgStatement.java:321) ~[postgresql-42.6.2.jar:42.6.2]
	at org.postgresql.jdbc.PgStatement.executeWithFlags(PgStatement.java:297) ~[postgresql-42.6.2.jar:42.6.2]
	at org.postgresql.jdbc.PgStatement.execute(PgStatement.java:292) ~[postgresql-42.6.2.jar:42.6.2]
	at com.zaxxer.hikari.pool.ProxyStatement.execute(ProxyStatement.java:94) ~[HikariCP-5.0.1.jar:na]
	at com.zaxxer.hikari.pool.HikariProxyStatement.execute(HikariProxyStatement.java) ~[HikariCP-5.0.1.jar:na]
	at org.hibernate.tool.schema.internal.exec.GenerationTargetToDatabase.accept(GenerationTargetToDatabase.java:80) ~[hibernate-core-6.4.8.Final.jar:6.4.8.Final]
	at org.hibernate.tool.schema.internal.Helper.applySqlString(Helper.java:233) ~[hibernate-core-6.4.8.Final.jar:6.4.8.Final]
	at org.hibernate.tool.schema.internal.Helper.applySqlStrings(Helper.java:217) ~[hibernate-core-6.4.8.Final.jar:6.4.8.Final]
	at org.hibernate.tool.schema.internal.SchemaDropperImpl.applyConstraintDropping(SchemaDropperImpl.java:476) ~[hibernate-core-6.4.8.Final.jar:6.4.8.Final]
	at org.hibernate.tool.schema.internal.SchemaDropperImpl.dropConstraintsTablesSequences(SchemaDropperImpl.java:242) ~[hibernate-core-6.4.8.Final.jar:6.4.8.Final]
	at org.hibernate.tool.schema.internal.SchemaDropperImpl.dropFromMetadata(SchemaDropperImpl.java:215) ~[hibernate-core-6.4.8.Final.jar:6.4.8.Final]
	at org.hibernate.tool.schema.internal.SchemaDropperImpl.performDrop(SchemaDropperImpl.java:185) ~[hibernate-core-6.4.8.Final.jar:6.4.8.Final]
	at org.hibernate.tool.schema.internal.SchemaDropperImpl.doDrop(SchemaDropperImpl.java:155) ~[hibernate-core-6.4.8.Final.jar:6.4.8.Final]
	at org.hibernate.tool.schema.internal.SchemaDropperImpl.doDrop(SchemaDropperImpl.java:115) ~[hibernate-core-6.4.8.Final.jar:6.4.8.Final]
	at org.hibernate.tool.schema.spi.SchemaManagementToolCoordinator.performDatabaseAction(SchemaManagementToolCoordinator.java:238) ~[hibernate-core-6.4.8.Final.jar:6.4.8.Final]
	at org.hibernate.tool.schema.spi.SchemaManagementToolCoordinator.lambda$process$5(SchemaManagementToolCoordinator.java:144) ~[hibernate-core-6.4.8.Final.jar:6.4.8.Final]
	at java.base/java.util.HashMap.forEach(HashMap.java:1429) ~[na:na]
	at org.hibernate.tool.schema.spi.SchemaManagementToolCoordinator.process(SchemaManagementToolCoordinator.java:141) ~[hibernate-core-6.4.8.Final.jar:6.4.8.Final]
	at org.hibernate.boot.internal.SessionFactoryObserverForSchemaExport.sessionFactoryCreated(SessionFactoryObserverForSchemaExport.java:37) ~[hibernate-core-6.4.8.Final.jar:6.4.8.Final]
	at org.hibernate.internal.SessionFactoryObserverChain.sessionFactoryCreated(SessionFactoryObserverChain.java:35) ~[hibernate-core-6.4.8.Final.jar:6.4.8.Final]
	at org.hibernate.internal.SessionFactoryImpl.<init>(SessionFactoryImpl.java:315) ~[hibernate-core-6.4.8.Final.jar:6.4.8.Final]
	at org.hibernate.boot.internal.SessionFactoryBuilderImpl.build(SessionFactoryBuilderImpl.java:450) ~[hibernate-core-6.4.8.Final.jar:6.4.8.Final]
	at org.hibernate.jpa.boot.internal.EntityManagerFactoryBuilderImpl.build(EntityManagerFactoryBuilderImpl.java:1507) ~[hibernate-core-6.4.8.Final.jar:6.4.8.Final]
	at org.springframework.orm.jpa.vendor.SpringHibernateJpaPersistenceProvider.createContainerEntityManagerFactory(SpringHibernateJpaPersistenceProvider.java:75) ~[spring-orm-6.1.8.jar:6.1.8]
	at org.springframework.orm.jpa.LocalContainerEntityManagerFactoryBean.createNativeEntityManagerFactory(LocalContainerEntityManagerFactoryBean.java:390) ~[spring-orm-6.1.8.jar:6.1.8]
	at org.springframework.orm.jpa.AbstractEntityManagerFactoryBean.buildNativeEntityManagerFactory(AbstractEntityManagerFactoryBean.java:409) ~[spring-orm-6.1.8.jar:6.1.8]
	at org.springframework.orm.jpa.AbstractEntityManagerFactoryBean.afterPropertiesSet(AbstractEntityManagerFactoryBean.java:396) ~[spring-orm-6.1.8.jar:6.1.8]
	at org.springframework.orm.jpa.LocalContainerEntityManagerFactoryBean.afterPropertiesSet(LocalContainerEntityManagerFactoryBean.java:366) ~[spring-orm-6.1.8.jar:6.1.8]
	at org.springframework.beans.factory.support.AbstractAutowireCapableBeanFactory.invokeInitMethods(AbstractAutowireCapableBeanFactory.java:1835) ~[spring-beans-6.1.8.jar:6.1.8]
	at org.springframework.beans.factory.support.AbstractAutowireCapableBeanFactory.initializeBean(AbstractAutowireCapableBeanFactory.java:1784) ~[spring-beans-6.1.8.jar:6.1.8]
	at org.springframework.beans.factory.support.AbstractAutowireCapableBeanFactory.doCreateBean(AbstractAutowireCapableBeanFactory.java:600) ~[spring-beans-6.1.8.jar:6.1.8]
	at org.springframework.beans.factory.support.AbstractAutowireCapableBeanFactory.createBean(AbstractAutowireCapableBeanFactory.java:522) ~[spring-beans-6.1.8.jar:6.1.8]
	at org.springframework.beans.factory.support.AbstractBeanFactory.lambda$doGetBean$0(AbstractBeanFactory.java:337) ~[spring-beans-6.1.8.jar:6.1.8]
	at org.springframework.beans.factory.support.DefaultSingletonBeanRegistry.getSingleton(DefaultSingletonBeanRegistry.java:234) ~[spring-beans-6.1.8.jar:6.1.8]
	at org.springframework.beans.factory.support.AbstractBeanFactory.doGetBean(AbstractBeanFactory.java:335) ~[spring-beans-6.1.8.jar:6.1.8]
	at org.springframework.beans.factory.support.AbstractBeanFactory.getBean(AbstractBeanFactory.java:205) ~[spring-beans-6.1.8.jar:6.1.8]
	at org.springframework.context.support.AbstractApplicationContext.finishBeanFactoryInitialization(AbstractApplicationContext.java:952) ~[spring-context-6.1.8.jar:6.1.8]
	at org.springframework.context.support.AbstractApplicationContext.refresh(AbstractApplicationContext.java:624) ~[spring-context-6.1.8.jar:6.1.8]
	at org.springframework.boot.SpringApplication.refresh(SpringApplication.java:754) ~[spring-boot-3.2.6.jar:3.2.6]
	at org.springframework.boot.SpringApplication.refreshContext(SpringApplication.java:456) ~[spring-boot-3.2.6.jar:3.2.6]
	at org.springframework.boot.SpringApplication.run(SpringApplication.java:335) ~[spring-boot-3.2.6.jar:3.2.6]
	at org.springframework.boot.test.context.SpringBootContextLoader.lambda$loadContext$3(SpringBootContextLoader.java:137) ~[spring-boot-test-3.2.6.jar:3.2.6]
	at org.springframework.util.function.ThrowingSupplier.get(ThrowingSupplier.java:58) ~[spring-core-6.1.8.jar:6.1.8]
	at org.springframework.util.function.ThrowingSupplier.get(ThrowingSupplier.java:46) ~[spring-core-6.1.8.jar:6.1.8]
	at org.springframework.boot.SpringApplication.withHook(SpringApplication.java:1463) ~[spring-boot-3.2.6.jar:3.2.6]
	at org.springframework.boot.test.context.SpringBootContextLoader$ContextLoaderHook.run(SpringBootContextLoader.java:553) ~[spring-boot-test-3.2.6.jar:3.2.6]
	at org.springframework.boot.test.context.SpringBootContextLoader.loadContext(SpringBootContextLoader.java:137) ~[spring-boot-test-3.2.6.jar:3.2.6]
	at org.springframework.boot.test.context.SpringBootContextLoader.loadContext(SpringBootContextLoader.java:108) ~[spring-boot-test-3.2.6.jar:3.2.6]
	at org.springframework.test.context.cache.DefaultCacheAwareContextLoaderDelegate.loadContextInternal(DefaultCacheAwareContextLoaderDelegate.java:225) ~[spring-test-6.1.8.jar:6.1.8]
	at org.springframework.test.context.cache.DefaultCacheAwareContextLoaderDelegate.loadContext(DefaultCacheAwareContextLoaderDelegate.java:152) ~[spring-test-6.1.8.jar:6.1.8]
	at org.springframework.test.context.support.DefaultTestContext.getApplicationContext(DefaultTestContext.java:130) ~[spring-test-6.1.8.jar:6.1.8]
	at org.springframework.test.context.web.ServletTestExecutionListener.setUpRequestContextIfNecessary(ServletTestExecutionListener.java:191) ~[spring-test-6.1.8.jar:6.1.8]
	at org.springframework.test.context.web.ServletTestExecutionListener.prepareTestInstance(ServletTestExecutionListener.java:130) ~[spring-test-6.1.8.jar:6.1.8]
	at org.springframework.test.context.TestContextManager.prepareTestInstance(TestContextManager.java:260) ~[spring-test-6.1.8.jar:6.1.8]
	at org.springframework.test.context.junit.jupiter.SpringExtension.postProcessTestInstance(SpringExtension.java:163) ~[spring-test-6.1.8.jar:6.1.8]
	at org.junit.jupiter.engine.descriptor.ClassBasedTestDescriptor.lambda$invokeTestInstancePostProcessors$10(ClassBasedTestDescriptor.java:378) ~[junit-jupiter-engine-5.10.2.jar:5.10.2]
	at org.junit.jupiter.engine.descriptor.ClassBasedTestDescriptor.executeAndMaskThrowable(ClassBasedTestDescriptor.java:383) ~[junit-jupiter-engine-5.10.2.jar:5.10.2]
	at org.junit.jupiter.engine.descriptor.ClassBasedTestDescriptor.lambda$invokeTestInstancePostProcessors$11(ClassBasedTestDescriptor.java:378) ~[junit-jupiter-engine-5.10.2.jar:5.10.2]
	at java.base/java.util.stream.ReferencePipeline$3$1.accept(ReferencePipeline.java:197) ~[na:na]
	at java.base/java.util.stream.ReferencePipeline$2$1.accept(ReferencePipeline.java:179) ~[na:na]
	at java.base/java.util.ArrayList$ArrayListSpliterator.forEachRemaining(ArrayList.java:1708) ~[na:na]
	at java.base/java.util.stream.AbstractPipeline.copyInto(AbstractPipeline.java:509) ~[na:na]
	at java.base/java.util.stream.AbstractPipeline.wrapAndCopyInto(AbstractPipeline.java:499) ~[na:na]
	at java.base/java.util.stream.StreamSpliterators$WrappingSpliterator.forEachRemaining(StreamSpliterators.java:310) ~[na:na]
	at java.base/java.util.stream.Streams$ConcatSpliterator.forEachRemaining(Streams.java:735) ~[na:na]
	at java.base/java.util.stream.Streams$ConcatSpliterator.forEachRemaining(Streams.java:734) ~[na:na]
	at java.base/java.util.stream.ReferencePipeline$Head.forEach(ReferencePipeline.java:762) ~[na:na]
	at org.junit.jupiter.engine.descriptor.ClassBasedTestDescriptor.invokeTestInstancePostProcessors(ClassBasedTestDescriptor.java:377) ~[junit-jupiter-engine-5.10.2.jar:5.10.2]
	at org.junit.jupiter.engine.descriptor.ClassBasedTestDescriptor.lambda$instantiateAndPostProcessTestInstance$6(ClassBasedTestDescriptor.java:290) ~[junit-jupiter-engine-5.10.2.jar:5.10.2]
	at org.junit.platform.engine.support.hierarchical.ThrowableCollector.execute(ThrowableCollector.java:73) ~[junit-platform-engine-1.10.2.jar:1.10.2]
	at org.junit.jupiter.engine.descriptor.ClassBasedTestDescriptor.instantiateAndPostProcessTestInstance(ClassBasedTestDescriptor.java:289) ~[junit-jupiter-engine-5.10.2.jar:5.10.2]
	at org.junit.jupiter.engine.descriptor.ClassBasedTestDescriptor.lambda$testInstancesProvider$4(ClassBasedTestDescriptor.java:279) ~[junit-jupiter-engine-5.10.2.jar:5.10.2]
	at java.base/java.util.Optional.orElseGet(Optional.java:364) ~[na:na]
	at org.junit.jupiter.engine.descriptor.ClassBasedTestDescriptor.lambda$testInstancesProvider$5(ClassBasedTestDescriptor.java:278) ~[junit-jupiter-engine-5.10.2.jar:5.10.2]
	at org.junit.jupiter.engine.execution.TestInstancesProvider.getTestInstances(TestInstancesProvider.java:31) ~[junit-jupiter-engine-5.10.2.jar:5.10.2]
	at org.junit.jupiter.engine.descriptor.TestMethodTestDescriptor.lambda$prepare$0(TestMethodTestDescriptor.java:106) ~[junit-jupiter-engine-5.10.2.jar:5.10.2]
	at org.junit.platform.engine.support.hierarchical.ThrowableCollector.execute(ThrowableCollector.java:73) ~[junit-platform-engine-1.10.2.jar:1.10.2]
	at org.junit.jupiter.engine.descriptor.TestMethodTestDescriptor.prepare(TestMethodTestDescriptor.java:105) ~[junit-jupiter-engine-5.10.2.jar:5.10.2]
	at org.junit.jupiter.engine.descriptor.TestMethodTestDescriptor.prepare(TestMethodTestDescriptor.java:69) ~[junit-jupiter-engine-5.10.2.jar:5.10.2]
	at org.junit.platform.engine.support.hierarchical.NodeTestTask.lambda$prepare$2(NodeTestTask.java:123) ~[junit-platform-engine-1.10.2.jar:1.10.2]
	at org.junit.platform.engine.support.hierarchical.ThrowableCollector.execute(ThrowableCollector.java:73) ~[junit-platform-engine-1.10.2.jar:1.10.2]
	at org.junit.platform.engine.support.hierarchical.NodeTestTask.prepare(NodeTestTask.java:123) ~[junit-platform-engine-1.10.2.jar:1.10.2]
	at org.junit.platform.engine.support.hierarchical.NodeTestTask.execute(NodeTestTask.java:90) ~[junit-platform-engine-1.10.2.jar:1.10.2]
	at java.base/java.util.ArrayList.forEach(ArrayList.java:1596) ~[na:na]
	at org.junit.platform.engine.support.hierarchical.SameThreadHierarchicalTestExecutorService.invokeAll(SameThreadHierarchicalTestExecutorService.java:41) ~[junit-platform-engine-1.10.2.jar:1.10.2]
	at org.junit.platform.engine.support.hierarchical.NodeTestTask.lambda$executeRecursively$6(NodeTestTask.java:155) ~[junit-platform-engine-1.10.2.jar:1.10.2]
	at org.junit.platform.engine.support.hierarchical.ThrowableCollector.execute(ThrowableCollector.java:73) ~[junit-platform-engine-1.10.2.jar:1.10.2]
	at org.junit.platform.engine.support.hierarchical.NodeTestTask.lambda$executeRecursively$8(NodeTestTask.java:141) ~[junit-platform-engine-1.10.2.jar:1.10.2]
	at org.junit.platform.engine.support.hierarchical.Node.around(Node.java:137) ~[junit-platform-engine-1.10.2.jar:1.10.2]
	at org.junit.platform.engine.support.hierarchical.NodeTestTask.lambda$executeRecursively$9(NodeTestTask.java:139) ~[junit-platform-engine-1.10.2.jar:1.10.2]
	at org.junit.platform.engine.support.hierarchical.ThrowableCollector.execute(ThrowableCollector.java:73) ~[junit-platform-engine-1.10.2.jar:1.10.2]
	at org.junit.platform.engine.support.hierarchical.NodeTestTask.executeRecursively(NodeTestTask.java:138) ~[junit-platform-engine-1.10.2.jar:1.10.2]
	at org.junit.platform.engine.support.hierarchical.NodeTestTask.execute(NodeTestTask.java:95) ~[junit-platform-engine-1.10.2.jar:1.10.2]
	at java.base/java.util.ArrayList.forEach(ArrayList.java:1596) ~[na:na]
	at org.junit.platform.engine.support.hierarchical.SameThreadHierarchicalTestExecutorService.invokeAll(SameThreadHierarchicalTestExecutorService.java:41) ~[junit-platform-engine-1.10.2.jar:1.10.2]
	at org.junit.platform.engine.support.hierarchical.NodeTestTask.lambda$executeRecursively$6(NodeTestTask.java:155) ~[junit-platform-engine-1.10.2.jar:1.10.2]
	at org.junit.platform.engine.support.hierarchical.ThrowableCollector.execute(ThrowableCollector.java:73) ~[junit-platform-engine-1.10.2.jar:1.10.2]
	at org.junit.platform.engine.support.hierarchical.NodeTestTask.lambda$executeRecursively$8(NodeTestTask.java:141) ~[junit-platform-engine-1.10.2.jar:1.10.2]
	at org.junit.platform.engine.support.hierarchical.Node.around(Node.java:137) ~[junit-platform-engine-1.10.2.jar:1.10.2]
	at org.junit.platform.engine.support.hierarchical.NodeTestTask.lambda$executeRecursively$9(NodeTestTask.java:139) ~[junit-platform-engine-1.10.2.jar:1.10.2]
	at org.junit.platform.engine.support.hierarchical.ThrowableCollector.execute(ThrowableCollector.java:73) ~[junit-platform-engine-1.10.2.jar:1.10.2]
	at org.junit.platform.engine.support.hierarchical.NodeTestTask.executeRecursively(NodeTestTask.java:138) ~[junit-platform-engine-1.10.2.jar:1.10.2]
	at org.junit.platform.engine.support.hierarchical.NodeTestTask.execute(NodeTestTask.java:95) ~[junit-platform-engine-1.10.2.jar:1.10.2]
	at org.junit.platform.engine.support.hierarchical.SameThreadHierarchicalTestExecutorService.submit(SameThreadHierarchicalTestExecutorService.java:35) ~[junit-platform-engine-1.10.2.jar:1.10.2]
	at org.junit.platform.engine.support.hierarchical.HierarchicalTestExecutor.execute(HierarchicalTestExecutor.java:57) ~[junit-platform-engine-1.10.2.jar:1.10.2]
	at org.junit.platform.engine.support.hierarchical.HierarchicalTestEngine.execute(HierarchicalTestEngine.java:54) ~[junit-platform-engine-1.10.2.jar:1.10.2]
	at org.junit.platform.launcher.core.EngineExecutionOrchestrator.execute(EngineExecutionOrchestrator.java:198) ~[junit-platform-launcher-1.10.2.jar:1.10.2]
	at org.junit.platform.launcher.core.EngineExecutionOrchestrator.execute(EngineExecutionOrchestrator.java:169) ~[junit-platform-launcher-1.10.2.jar:1.10.2]
	at org.junit.platform.launcher.core.EngineExecutionOrchestrator.execute(EngineExecutionOrchestrator.java:93) ~[junit-platform-launcher-1.10.2.jar:1.10.2]
	at org.junit.platform.launcher.core.EngineExecutionOrchestrator.lambda$execute$0(EngineExecutionOrchestrator.java:58) ~[junit-platform-launcher-1.10.2.jar:1.10.2]
	at org.junit.platform.launcher.core.EngineExecutionOrchestrator.withInterceptedStreams(EngineExecutionOrchestrator.java:141) ~[junit-platform-launcher-1.10.2.jar:1.10.2]
	at org.junit.platform.launcher.core.EngineExecutionOrchestrator.execute(EngineExecutionOrchestrator.java:57) ~[junit-platform-launcher-1.10.2.jar:1.10.2]
	at org.junit.platform.launcher.core.DefaultLauncher.execute(DefaultLauncher.java:103) ~[junit-platform-launcher-1.10.2.jar:1.10.2]
	at org.junit.platform.launcher.core.DefaultLauncher.execute(DefaultLauncher.java:85) ~[junit-platform-launcher-1.10.2.jar:1.10.2]
	at org.junit.platform.launcher.core.DelegatingLauncher.execute(DelegatingLauncher.java:47) ~[junit-platform-launcher-1.10.2.jar:1.10.2]
	at org.apache.maven.surefire.junitplatform.LazyLauncher.execute(LazyLauncher.java:56) ~[surefire-junit-platform-3.1.2.jar:3.1.2]
	at org.apache.maven.surefire.junitplatform.JUnitPlatformProvider.execute(JUnitPlatformProvider.java:184) ~[surefire-junit-platform-3.1.2.jar:3.1.2]
	at org.apache.maven.surefire.junitplatform.JUnitPlatformProvider.invokeAllTests(JUnitPlatformProvider.java:148) ~[surefire-junit-platform-3.1.2.jar:3.1.2]
	at org.apache.maven.surefire.junitplatform.JUnitPlatformProvider.invoke(JUnitPlatformProvider.java:122) ~[surefire-junit-platform-3.1.2.jar:3.1.2]
	at org.apache.maven.surefire.booter.ForkedBooter.runSuitesInProcess(ForkedBooter.java:385) ~[surefire-booter-3.1.2.jar:3.1.2]
	at org.apache.maven.surefire.booter.ForkedBooter.execute(ForkedBooter.java:162) ~[surefire-booter-3.1.2.jar:3.1.2]
	at org.apache.maven.surefire.booter.ForkedBooter.run(ForkedBooter.java:507) ~[surefire-booter-3.1.2.jar:3.1.2]
	at org.apache.maven.surefire.booter.ForkedBooter.main(ForkedBooter.java:495) ~[surefire-booter-3.1.2.jar:3.1.2]

2024-06-27T14:13:00.173-05:00  WARN 22344 --- [mindcare-backend] [           main] o.h.engine.jdbc.spi.SqlExceptionHelper   : SQL Warning Code: 0, SQLState: 00000
2024-06-27T14:13:00.173-05:00  WARN 22344 --- [mindcare-backend] [           main] o.h.engine.jdbc.spi.SqlExceptionHelper   : constraint "fk55itppkw3i07do3h7qoclqd4k" of relation "user_roles" does not exist, skipping
2024-06-27T14:13:00.173-05:00 DEBUG 22344 --- [mindcare-backend] [           main] org.hibernate.SQL                        : 
    drop table if exists appointment cascade
Hibernate: 
    drop table if exists appointment cascade
2024-06-27T14:13:00.177-05:00 DEBUG 22344 --- [mindcare-backend] [           main] org.hibernate.SQL                        : 
    drop table if exists appointment_note cascade
Hibernate: 
    drop table if exists appointment_note cascade
2024-06-27T14:13:00.178-05:00 DEBUG 22344 --- [mindcare-backend] [           main] org.hibernate.SQL                        : 
    drop table if exists event_publication cascade
Hibernate: 
    drop table if exists event_publication cascade
2024-06-27T14:13:00.180-05:00 DEBUG 22344 --- [mindcare-backend] [           main] org.hibernate.SQL                        : 
    drop table if exists financial cascade
Hibernate: 
    drop table if exists financial cascade
2024-06-27T14:13:00.182-05:00 DEBUG 22344 --- [mindcare-backend] [           main] org.hibernate.SQL                        : 
    drop table if exists note cascade
Hibernate: 
    drop table if exists note cascade
2024-06-27T14:13:00.183-05:00 DEBUG 22344 --- [mindcare-backend] [           main] org.hibernate.SQL                        : 
    drop table if exists reservation cascade
Hibernate: 
    drop table if exists reservation cascade
2024-06-27T14:13:00.185-05:00 DEBUG 22344 --- [mindcare-backend] [           main] org.hibernate.SQL                        : 
    drop table if exists role cascade
Hibernate: 
    drop table if exists role cascade
2024-06-27T14:13:00.186-05:00 DEBUG 22344 --- [mindcare-backend] [           main] org.hibernate.SQL                        : 
    drop table if exists schedule cascade
Hibernate: 
    drop table if exists schedule cascade
2024-06-27T14:13:00.188-05:00 DEBUG 22344 --- [mindcare-backend] [           main] org.hibernate.SQL                        : 
    drop table if exists transaction cascade
Hibernate: 
    drop table if exists transaction cascade
2024-06-27T14:13:00.189-05:00 DEBUG 22344 --- [mindcare-backend] [           main] org.hibernate.SQL                        : 
    drop table if exists user cascade
Hibernate: 
    drop table if exists user cascade
2024-06-27T14:13:00.192-05:00  WARN 22344 --- [mindcare-backend] [           main] o.h.t.s.i.ExceptionHandlerLoggedImpl     : GenerationTarget encountered exception accepting command : Error executing DDL "
    drop table if exists user cascade" via JDBC [ERROR: syntax error at or near "user"
  Position: 28]

org.hibernate.tool.schema.spi.CommandAcceptanceException: Error executing DDL "
    drop table if exists user cascade" via JDBC [ERROR: syntax error at or near "user"
  Position: 28]
	at org.hibernate.tool.schema.internal.exec.GenerationTargetToDatabase.accept(GenerationTargetToDatabase.java:94) ~[hibernate-core-6.4.8.Final.jar:6.4.8.Final]
	at org.hibernate.tool.schema.internal.Helper.applySqlString(Helper.java:233) ~[hibernate-core-6.4.8.Final.jar:6.4.8.Final]
	at org.hibernate.tool.schema.internal.Helper.applySqlStrings(Helper.java:217) ~[hibernate-core-6.4.8.Final.jar:6.4.8.Final]
	at org.hibernate.tool.schema.internal.SchemaDropperImpl.dropTables(SchemaDropperImpl.java:381) ~[hibernate-core-6.4.8.Final.jar:6.4.8.Final]
	at org.hibernate.tool.schema.internal.SchemaDropperImpl.dropConstraintsTablesSequences(SchemaDropperImpl.java:253) ~[hibernate-core-6.4.8.Final.jar:6.4.8.Final]
	at org.hibernate.tool.schema.internal.SchemaDropperImpl.dropFromMetadata(SchemaDropperImpl.java:215) ~[hibernate-core-6.4.8.Final.jar:6.4.8.Final]
	at org.hibernate.tool.schema.internal.SchemaDropperImpl.performDrop(SchemaDropperImpl.java:185) ~[hibernate-core-6.4.8.Final.jar:6.4.8.Final]
	at org.hibernate.tool.schema.internal.SchemaDropperImpl.doDrop(SchemaDropperImpl.java:155) ~[hibernate-core-6.4.8.Final.jar:6.4.8.Final]
	at org.hibernate.tool.schema.internal.SchemaDropperImpl.doDrop(SchemaDropperImpl.java:115) ~[hibernate-core-6.4.8.Final.jar:6.4.8.Final]
	at org.hibernate.tool.schema.spi.SchemaManagementToolCoordinator.performDatabaseAction(SchemaManagementToolCoordinator.java:238) ~[hibernate-core-6.4.8.Final.jar:6.4.8.Final]
	at org.hibernate.tool.schema.spi.SchemaManagementToolCoordinator.lambda$process$5(SchemaManagementToolCoordinator.java:144) ~[hibernate-core-6.4.8.Final.jar:6.4.8.Final]
	at java.base/java.util.HashMap.forEach(HashMap.java:1429) ~[na:na]
	at org.hibernate.tool.schema.spi.SchemaManagementToolCoordinator.process(SchemaManagementToolCoordinator.java:141) ~[hibernate-core-6.4.8.Final.jar:6.4.8.Final]
	at org.hibernate.boot.internal.SessionFactoryObserverForSchemaExport.sessionFactoryCreated(SessionFactoryObserverForSchemaExport.java:37) ~[hibernate-core-6.4.8.Final.jar:6.4.8.Final]
	at org.hibernate.internal.SessionFactoryObserverChain.sessionFactoryCreated(SessionFactoryObserverChain.java:35) ~[hibernate-core-6.4.8.Final.jar:6.4.8.Final]
	at org.hibernate.internal.SessionFactoryImpl.<init>(SessionFactoryImpl.java:315) ~[hibernate-core-6.4.8.Final.jar:6.4.8.Final]
	at org.hibernate.boot.internal.SessionFactoryBuilderImpl.build(SessionFactoryBuilderImpl.java:450) ~[hibernate-core-6.4.8.Final.jar:6.4.8.Final]
	at org.hibernate.jpa.boot.internal.EntityManagerFactoryBuilderImpl.build(EntityManagerFactoryBuilderImpl.java:1507) ~[hibernate-core-6.4.8.Final.jar:6.4.8.Final]
	at org.springframework.orm.jpa.vendor.SpringHibernateJpaPersistenceProvider.createContainerEntityManagerFactory(SpringHibernateJpaPersistenceProvider.java:75) ~[spring-orm-6.1.8.jar:6.1.8]
	at org.springframework.orm.jpa.LocalContainerEntityManagerFactoryBean.createNativeEntityManagerFactory(LocalContainerEntityManagerFactoryBean.java:390) ~[spring-orm-6.1.8.jar:6.1.8]
	at org.springframework.orm.jpa.AbstractEntityManagerFactoryBean.buildNativeEntityManagerFactory(AbstractEntityManagerFactoryBean.java:409) ~[spring-orm-6.1.8.jar:6.1.8]
	at org.springframework.orm.jpa.AbstractEntityManagerFactoryBean.afterPropertiesSet(AbstractEntityManagerFactoryBean.java:396) ~[spring-orm-6.1.8.jar:6.1.8]
	at org.springframework.orm.jpa.LocalContainerEntityManagerFactoryBean.afterPropertiesSet(LocalContainerEntityManagerFactoryBean.java:366) ~[spring-orm-6.1.8.jar:6.1.8]
	at org.springframework.beans.factory.support.AbstractAutowireCapableBeanFactory.invokeInitMethods(AbstractAutowireCapableBeanFactory.java:1835) ~[spring-beans-6.1.8.jar:6.1.8]
	at org.springframework.beans.factory.support.AbstractAutowireCapableBeanFactory.initializeBean(AbstractAutowireCapableBeanFactory.java:1784) ~[spring-beans-6.1.8.jar:6.1.8]
	at org.springframework.beans.factory.support.AbstractAutowireCapableBeanFactory.doCreateBean(AbstractAutowireCapableBeanFactory.java:600) ~[spring-beans-6.1.8.jar:6.1.8]
	at org.springframework.beans.factory.support.AbstractAutowireCapableBeanFactory.createBean(AbstractAutowireCapableBeanFactory.java:522) ~[spring-beans-6.1.8.jar:6.1.8]
	at org.springframework.beans.factory.support.AbstractBeanFactory.lambda$doGetBean$0(AbstractBeanFactory.java:337) ~[spring-beans-6.1.8.jar:6.1.8]
	at org.springframework.beans.factory.support.DefaultSingletonBeanRegistry.getSingleton(DefaultSingletonBeanRegistry.java:234) ~[spring-beans-6.1.8.jar:6.1.8]
	at org.springframework.beans.factory.support.AbstractBeanFactory.doGetBean(AbstractBeanFactory.java:335) ~[spring-beans-6.1.8.jar:6.1.8]
	at org.springframework.beans.factory.support.AbstractBeanFactory.getBean(AbstractBeanFactory.java:205) ~[spring-beans-6.1.8.jar:6.1.8]
	at org.springframework.context.support.AbstractApplicationContext.finishBeanFactoryInitialization(AbstractApplicationContext.java:952) ~[spring-context-6.1.8.jar:6.1.8]
	at org.springframework.context.support.AbstractApplicationContext.refresh(AbstractApplicationContext.java:624) ~[spring-context-6.1.8.jar:6.1.8]
	at org.springframework.boot.SpringApplication.refresh(SpringApplication.java:754) ~[spring-boot-3.2.6.jar:3.2.6]
	at org.springframework.boot.SpringApplication.refreshContext(SpringApplication.java:456) ~[spring-boot-3.2.6.jar:3.2.6]
	at org.springframework.boot.SpringApplication.run(SpringApplication.java:335) ~[spring-boot-3.2.6.jar:3.2.6]
	at org.springframework.boot.test.context.SpringBootContextLoader.lambda$loadContext$3(SpringBootContextLoader.java:137) ~[spring-boot-test-3.2.6.jar:3.2.6]
	at org.springframework.util.function.ThrowingSupplier.get(ThrowingSupplier.java:58) ~[spring-core-6.1.8.jar:6.1.8]
	at org.springframework.util.function.ThrowingSupplier.get(ThrowingSupplier.java:46) ~[spring-core-6.1.8.jar:6.1.8]
	at org.springframework.boot.SpringApplication.withHook(SpringApplication.java:1463) ~[spring-boot-3.2.6.jar:3.2.6]
	at org.springframework.boot.test.context.SpringBootContextLoader$ContextLoaderHook.run(SpringBootContextLoader.java:553) ~[spring-boot-test-3.2.6.jar:3.2.6]
	at org.springframework.boot.test.context.SpringBootContextLoader.loadContext(SpringBootContextLoader.java:137) ~[spring-boot-test-3.2.6.jar:3.2.6]
	at org.springframework.boot.test.context.SpringBootContextLoader.loadContext(SpringBootContextLoader.java:108) ~[spring-boot-test-3.2.6.jar:3.2.6]
	at org.springframework.test.context.cache.DefaultCacheAwareContextLoaderDelegate.loadContextInternal(DefaultCacheAwareContextLoaderDelegate.java:225) ~[spring-test-6.1.8.jar:6.1.8]
	at org.springframework.test.context.cache.DefaultCacheAwareContextLoaderDelegate.loadContext(DefaultCacheAwareContextLoaderDelegate.java:152) ~[spring-test-6.1.8.jar:6.1.8]
	at org.springframework.test.context.support.DefaultTestContext.getApplicationContext(DefaultTestContext.java:130) ~[spring-test-6.1.8.jar:6.1.8]
	at org.springframework.test.context.web.ServletTestExecutionListener.setUpRequestContextIfNecessary(ServletTestExecutionListener.java:191) ~[spring-test-6.1.8.jar:6.1.8]
	at org.springframework.test.context.web.ServletTestExecutionListener.prepareTestInstance(ServletTestExecutionListener.java:130) ~[spring-test-6.1.8.jar:6.1.8]
	at org.springframework.test.context.TestContextManager.prepareTestInstance(TestContextManager.java:260) ~[spring-test-6.1.8.jar:6.1.8]
	at org.springframework.test.context.junit.jupiter.SpringExtension.postProcessTestInstance(SpringExtension.java:163) ~[spring-test-6.1.8.jar:6.1.8]
	at org.junit.jupiter.engine.descriptor.ClassBasedTestDescriptor.lambda$invokeTestInstancePostProcessors$10(ClassBasedTestDescriptor.java:378) ~[junit-jupiter-engine-5.10.2.jar:5.10.2]
	at org.junit.jupiter.engine.descriptor.ClassBasedTestDescriptor.executeAndMaskThrowable(ClassBasedTestDescriptor.java:383) ~[junit-jupiter-engine-5.10.2.jar:5.10.2]
	at org.junit.jupiter.engine.descriptor.ClassBasedTestDescriptor.lambda$invokeTestInstancePostProcessors$11(ClassBasedTestDescriptor.java:378) ~[junit-jupiter-engine-5.10.2.jar:5.10.2]
	at java.base/java.util.stream.ReferencePipeline$3$1.accept(ReferencePipeline.java:197) ~[na:na]
	at java.base/java.util.stream.ReferencePipeline$2$1.accept(ReferencePipeline.java:179) ~[na:na]
	at java.base/java.util.ArrayList$ArrayListSpliterator.forEachRemaining(ArrayList.java:1708) ~[na:na]
	at java.base/java.util.stream.AbstractPipeline.copyInto(AbstractPipeline.java:509) ~[na:na]
	at java.base/java.util.stream.AbstractPipeline.wrapAndCopyInto(AbstractPipeline.java:499) ~[na:na]
	at java.base/java.util.stream.StreamSpliterators$WrappingSpliterator.forEachRemaining(StreamSpliterators.java:310) ~[na:na]
	at java.base/java.util.stream.Streams$ConcatSpliterator.forEachRemaining(Streams.java:735) ~[na:na]
	at java.base/java.util.stream.Streams$ConcatSpliterator.forEachRemaining(Streams.java:734) ~[na:na]
	at java.base/java.util.stream.ReferencePipeline$Head.forEach(ReferencePipeline.java:762) ~[na:na]
	at org.junit.jupiter.engine.descriptor.ClassBasedTestDescriptor.invokeTestInstancePostProcessors(ClassBasedTestDescriptor.java:377) ~[junit-jupiter-engine-5.10.2.jar:5.10.2]
	at org.junit.jupiter.engine.descriptor.ClassBasedTestDescriptor.lambda$instantiateAndPostProcessTestInstance$6(ClassBasedTestDescriptor.java:290) ~[junit-jupiter-engine-5.10.2.jar:5.10.2]
	at org.junit.platform.engine.support.hierarchical.ThrowableCollector.execute(ThrowableCollector.java:73) ~[junit-platform-engine-1.10.2.jar:1.10.2]
	at org.junit.jupiter.engine.descriptor.ClassBasedTestDescriptor.instantiateAndPostProcessTestInstance(ClassBasedTestDescriptor.java:289) ~[junit-jupiter-engine-5.10.2.jar:5.10.2]
	at org.junit.jupiter.engine.descriptor.ClassBasedTestDescriptor.lambda$testInstancesProvider$4(ClassBasedTestDescriptor.java:279) ~[junit-jupiter-engine-5.10.2.jar:5.10.2]
	at java.base/java.util.Optional.orElseGet(Optional.java:364) ~[na:na]
	at org.junit.jupiter.engine.descriptor.ClassBasedTestDescriptor.lambda$testInstancesProvider$5(ClassBasedTestDescriptor.java:278) ~[junit-jupiter-engine-5.10.2.jar:5.10.2]
	at org.junit.jupiter.engine.execution.TestInstancesProvider.getTestInstances(TestInstancesProvider.java:31) ~[junit-jupiter-engine-5.10.2.jar:5.10.2]
	at org.junit.jupiter.engine.descriptor.TestMethodTestDescriptor.lambda$prepare$0(TestMethodTestDescriptor.java:106) ~[junit-jupiter-engine-5.10.2.jar:5.10.2]
	at org.junit.platform.engine.support.hierarchical.ThrowableCollector.execute(ThrowableCollector.java:73) ~[junit-platform-engine-1.10.2.jar:1.10.2]
	at org.junit.jupiter.engine.descriptor.TestMethodTestDescriptor.prepare(TestMethodTestDescriptor.java:105) ~[junit-jupiter-engine-5.10.2.jar:5.10.2]
	at org.junit.jupiter.engine.descriptor.TestMethodTestDescriptor.prepare(TestMethodTestDescriptor.java:69) ~[junit-jupiter-engine-5.10.2.jar:5.10.2]
	at org.junit.platform.engine.support.hierarchical.NodeTestTask.lambda$prepare$2(NodeTestTask.java:123) ~[junit-platform-engine-1.10.2.jar:1.10.2]
	at org.junit.platform.engine.support.hierarchical.ThrowableCollector.execute(ThrowableCollector.java:73) ~[junit-platform-engine-1.10.2.jar:1.10.2]
	at org.junit.platform.engine.support.hierarchical.NodeTestTask.prepare(NodeTestTask.java:123) ~[junit-platform-engine-1.10.2.jar:1.10.2]
	at org.junit.platform.engine.support.hierarchical.NodeTestTask.execute(NodeTestTask.java:90) ~[junit-platform-engine-1.10.2.jar:1.10.2]
	at java.base/java.util.ArrayList.forEach(ArrayList.java:1596) ~[na:na]
	at org.junit.platform.engine.support.hierarchical.SameThreadHierarchicalTestExecutorService.invokeAll(SameThreadHierarchicalTestExecutorService.java:41) ~[junit-platform-engine-1.10.2.jar:1.10.2]
	at org.junit.platform.engine.support.hierarchical.NodeTestTask.lambda$executeRecursively$6(NodeTestTask.java:155) ~[junit-platform-engine-1.10.2.jar:1.10.2]
	at org.junit.platform.engine.support.hierarchical.ThrowableCollector.execute(ThrowableCollector.java:73) ~[junit-platform-engine-1.10.2.jar:1.10.2]
	at org.junit.platform.engine.support.hierarchical.NodeTestTask.lambda$executeRecursively$8(NodeTestTask.java:141) ~[junit-platform-engine-1.10.2.jar:1.10.2]
	at org.junit.platform.engine.support.hierarchical.Node.around(Node.java:137) ~[junit-platform-engine-1.10.2.jar:1.10.2]
	at org.junit.platform.engine.support.hierarchical.NodeTestTask.lambda$executeRecursively$9(NodeTestTask.java:139) ~[junit-platform-engine-1.10.2.jar:1.10.2]
	at org.junit.platform.engine.support.hierarchical.ThrowableCollector.execute(ThrowableCollector.java:73) ~[junit-platform-engine-1.10.2.jar:1.10.2]
	at org.junit.platform.engine.support.hierarchical.NodeTestTask.executeRecursively(NodeTestTask.java:138) ~[junit-platform-engine-1.10.2.jar:1.10.2]
	at org.junit.platform.engine.support.hierarchical.NodeTestTask.execute(NodeTestTask.java:95) ~[junit-platform-engine-1.10.2.jar:1.10.2]
	at java.base/java.util.ArrayList.forEach(ArrayList.java:1596) ~[na:na]
	at org.junit.platform.engine.support.hierarchical.SameThreadHierarchicalTestExecutorService.invokeAll(SameThreadHierarchicalTestExecutorService.java:41) ~[junit-platform-engine-1.10.2.jar:1.10.2]
	at org.junit.platform.engine.support.hierarchical.NodeTestTask.lambda$executeRecursively$6(NodeTestTask.java:155) ~[junit-platform-engine-1.10.2.jar:1.10.2]
	at org.junit.platform.engine.support.hierarchical.ThrowableCollector.execute(ThrowableCollector.java:73) ~[junit-platform-engine-1.10.2.jar:1.10.2]
	at org.junit.platform.engine.support.hierarchical.NodeTestTask.lambda$executeRecursively$8(NodeTestTask.java:141) ~[junit-platform-engine-1.10.2.jar:1.10.2]
	at org.junit.platform.engine.support.hierarchical.Node.around(Node.java:137) ~[junit-platform-engine-1.10.2.jar:1.10.2]
	at org.junit.platform.engine.support.hierarchical.NodeTestTask.lambda$executeRecursively$9(NodeTestTask.java:139) ~[junit-platform-engine-1.10.2.jar:1.10.2]
	at org.junit.platform.engine.support.hierarchical.ThrowableCollector.execute(ThrowableCollector.java:73) ~[junit-platform-engine-1.10.2.jar:1.10.2]
	at org.junit.platform.engine.support.hierarchical.NodeTestTask.executeRecursively(NodeTestTask.java:138) ~[junit-platform-engine-1.10.2.jar:1.10.2]
	at org.junit.platform.engine.support.hierarchical.NodeTestTask.execute(NodeTestTask.java:95) ~[junit-platform-engine-1.10.2.jar:1.10.2]
	at org.junit.platform.engine.support.hierarchical.SameThreadHierarchicalTestExecutorService.submit(SameThreadHierarchicalTestExecutorService.java:35) ~[junit-platform-engine-1.10.2.jar:1.10.2]
	at org.junit.platform.engine.support.hierarchical.HierarchicalTestExecutor.execute(HierarchicalTestExecutor.java:57) ~[junit-platform-engine-1.10.2.jar:1.10.2]
	at org.junit.platform.engine.support.hierarchical.HierarchicalTestEngine.execute(HierarchicalTestEngine.java:54) ~[junit-platform-engine-1.10.2.jar:1.10.2]
	at org.junit.platform.launcher.core.EngineExecutionOrchestrator.execute(EngineExecutionOrchestrator.java:198) ~[junit-platform-launcher-1.10.2.jar:1.10.2]
	at org.junit.platform.launcher.core.EngineExecutionOrchestrator.execute(EngineExecutionOrchestrator.java:169) ~[junit-platform-launcher-1.10.2.jar:1.10.2]
	at org.junit.platform.launcher.core.EngineExecutionOrchestrator.execute(EngineExecutionOrchestrator.java:93) ~[junit-platform-launcher-1.10.2.jar:1.10.2]
	at org.junit.platform.launcher.core.EngineExecutionOrchestrator.lambda$execute$0(EngineExecutionOrchestrator.java:58) ~[junit-platform-launcher-1.10.2.jar:1.10.2]
	at org.junit.platform.launcher.core.EngineExecutionOrchestrator.withInterceptedStreams(EngineExecutionOrchestrator.java:141) ~[junit-platform-launcher-1.10.2.jar:1.10.2]
	at org.junit.platform.launcher.core.EngineExecutionOrchestrator.execute(EngineExecutionOrchestrator.java:57) ~[junit-platform-launcher-1.10.2.jar:1.10.2]
	at org.junit.platform.launcher.core.DefaultLauncher.execute(DefaultLauncher.java:103) ~[junit-platform-launcher-1.10.2.jar:1.10.2]
	at org.junit.platform.launcher.core.DefaultLauncher.execute(DefaultLauncher.java:85) ~[junit-platform-launcher-1.10.2.jar:1.10.2]
	at org.junit.platform.launcher.core.DelegatingLauncher.execute(DelegatingLauncher.java:47) ~[junit-platform-launcher-1.10.2.jar:1.10.2]
	at org.apache.maven.surefire.junitplatform.LazyLauncher.execute(LazyLauncher.java:56) ~[surefire-junit-platform-3.1.2.jar:3.1.2]
	at org.apache.maven.surefire.junitplatform.JUnitPlatformProvider.execute(JUnitPlatformProvider.java:184) ~[surefire-junit-platform-3.1.2.jar:3.1.2]
	at org.apache.maven.surefire.junitplatform.JUnitPlatformProvider.invokeAllTests(JUnitPlatformProvider.java:148) ~[surefire-junit-platform-3.1.2.jar:3.1.2]
	at org.apache.maven.surefire.junitplatform.JUnitPlatformProvider.invoke(JUnitPlatformProvider.java:122) ~[surefire-junit-platform-3.1.2.jar:3.1.2]
	at org.apache.maven.surefire.booter.ForkedBooter.runSuitesInProcess(ForkedBooter.java:385) ~[surefire-booter-3.1.2.jar:3.1.2]
	at org.apache.maven.surefire.booter.ForkedBooter.execute(ForkedBooter.java:162) ~[surefire-booter-3.1.2.jar:3.1.2]
	at org.apache.maven.surefire.booter.ForkedBooter.run(ForkedBooter.java:507) ~[surefire-booter-3.1.2.jar:3.1.2]
	at org.apache.maven.surefire.booter.ForkedBooter.main(ForkedBooter.java:495) ~[surefire-booter-3.1.2.jar:3.1.2]
Caused by: org.postgresql.util.PSQLException: ERROR: syntax error at or near "user"
  Position: 28
	at org.postgresql.core.v3.QueryExecutorImpl.receiveErrorResponse(QueryExecutorImpl.java:2713) ~[postgresql-42.6.2.jar:42.6.2]
	at org.postgresql.core.v3.QueryExecutorImpl.processResults(QueryExecutorImpl.java:2401) ~[postgresql-42.6.2.jar:42.6.2]
	at org.postgresql.core.v3.QueryExecutorImpl.execute(QueryExecutorImpl.java:368) ~[postgresql-42.6.2.jar:42.6.2]
	at org.postgresql.jdbc.PgStatement.executeInternal(PgStatement.java:498) ~[postgresql-42.6.2.jar:42.6.2]
	at org.postgresql.jdbc.PgStatement.execute(PgStatement.java:415) ~[postgresql-42.6.2.jar:42.6.2]
	at org.postgresql.jdbc.PgStatement.executeWithFlags(PgStatement.java:335) ~[postgresql-42.6.2.jar:42.6.2]
	at org.postgresql.jdbc.PgStatement.executeCachedSql(PgStatement.java:321) ~[postgresql-42.6.2.jar:42.6.2]
	at org.postgresql.jdbc.PgStatement.executeWithFlags(PgStatement.java:297) ~[postgresql-42.6.2.jar:42.6.2]
	at org.postgresql.jdbc.PgStatement.execute(PgStatement.java:292) ~[postgresql-42.6.2.jar:42.6.2]
	at com.zaxxer.hikari.pool.ProxyStatement.execute(ProxyStatement.java:94) ~[HikariCP-5.0.1.jar:na]
	at com.zaxxer.hikari.pool.HikariProxyStatement.execute(HikariProxyStatement.java) ~[HikariCP-5.0.1.jar:na]
	at org.hibernate.tool.schema.internal.exec.GenerationTargetToDatabase.accept(GenerationTargetToDatabase.java:80) ~[hibernate-core-6.4.8.Final.jar:6.4.8.Final]
	... 117 common frames omitted

2024-06-27T14:13:00.192-05:00 DEBUG 22344 --- [mindcare-backend] [           main] org.hibernate.SQL                        : 
    drop table if exists user_roles cascade
Hibernate: 
    drop table if exists user_roles cascade
2024-06-27T14:13:00.198-05:00 DEBUG 22344 --- [mindcare-backend] [           main] org.hibernate.SQL                        : 
    create table appointment (
        hour integer not null,
        type smallint check (type between 0 and 2),
        date timestamp(6),
        id bigserial not null,
        patient_id bigint,
        psychologist_id bigint,
        description varchar(255),
        title varchar(255),
        primary key (id)
    )
Hibernate: 
    create table appointment (
        hour integer not null,
        type smallint check (type between 0 and 2),
        date timestamp(6),
        id bigserial not null,
        patient_id bigint,
        psychologist_id bigint,
        description varchar(255),
        title varchar(255),
        primary key (id)
    )
2024-06-27T14:13:00.207-05:00 DEBUG 22344 --- [mindcare-backend] [           main] org.hibernate.SQL                        : 
    create table appointment_note (
        appointment_id bigint,
        created_at timestamp(6) not null,
        id bigserial not null,
        patient_id bigint,
        psychologist_id bigint,
        updated_at timestamp(6) not null,
        primary key (id)
    )
Hibernate: 
    create table appointment_note (
        appointment_id bigint,
        created_at timestamp(6) not null,
        id bigserial not null,
        patient_id bigint,
        psychologist_id bigint,
        updated_at timestamp(6) not null,
        primary key (id)
    )
2024-06-27T14:13:00.211-05:00 DEBUG 22344 --- [mindcare-backend] [           main] org.hibernate.SQL                        : 
    create table event_publication (
        completion_date timestamp(6) with time zone,
        publication_date timestamp(6) with time zone,
        id uuid not null,
        event_type varchar(255),
        listener_id varchar(255),
        serialized_event varchar(255),
        primary key (id)
    )
Hibernate: 
    create table event_publication (
        completion_date timestamp(6) with time zone,
        publication_date timestamp(6) with time zone,
        id uuid not null,
        event_type varchar(255),
        listener_id varchar(255),
        serialized_event varchar(255),
        primary key (id)
    )
2024-06-27T14:13:00.215-05:00 DEBUG 22344 --- [mindcare-backend] [           main] org.hibernate.SQL                        : 
    create table financial (
        financial_id bigserial not null,
        patient_id bigint,
        primary key (financial_id)
    )
Hibernate: 
    create table financial (
        financial_id bigserial not null,
        patient_id bigint,
        primary key (financial_id)
    )
2024-06-27T14:13:00.219-05:00 DEBUG 22344 --- [mindcare-backend] [           main] org.hibernate.SQL                        : 
    create table note (
        appointmentnote_id bigint unique,
        created_at timestamp(6) not null,
        id bigserial not null,
        updated_at timestamp(6) not null,
        content varchar(255),
        primary key (id)
    )
Hibernate: 
    create table note (
        appointmentnote_id bigint unique,
        created_at timestamp(6) not null,
        id bigserial not null,
        updated_at timestamp(6) not null,
        content varchar(255),
        primary key (id)
    )
2024-06-27T14:13:00.223-05:00 DEBUG 22344 --- [mindcare-backend] [           main] org.hibernate.SQL                        : 
    create table reservation (
        reservation_hour integer not null,
        created_at timestamp(6) not null,
        id bigserial not null,
        patient_id bigint,
        psychologist_id bigint,
        reservation_date timestamp(6),
        schedule_id bigint,
        updated_at timestamp(6) not null,
        primary key (id)
    )
Hibernate: 
    create table reservation (
        reservation_hour integer not null,
        created_at timestamp(6) not null,
        id bigserial not null,
        patient_id bigint,
        psychologist_id bigint,
        reservation_date timestamp(6),
        schedule_id bigint,
        updated_at timestamp(6) not null,
        primary key (id)
    )
2024-06-27T14:13:00.226-05:00 DEBUG 22344 --- [mindcare-backend] [           main] org.hibernate.SQL                        : 
    create table role (
        id bigserial not null,
        name varchar(20) check (name in ('ROLE_USER','ROLE_ADMIN','ROLE_INSTRUCTOR')),
        primary key (id)
    )
Hibernate: 
    create table role (
        id bigserial not null,
        name varchar(20) check (name in ('ROLE_USER','ROLE_ADMIN','ROLE_INSTRUCTOR')),
        primary key (id)
    )
2024-06-27T14:13:00.228-05:00 DEBUG 22344 --- [mindcare-backend] [           main] org.hibernate.SQL                        : 
    create table schedule (
        finished_hour integer not null,
        started_hour integer not null,
        created_at timestamp(6) not null,
        id bigserial not null,
        psychologist_id bigint,
        updated_at timestamp(6) not null,
        primary key (id)
    )
Hibernate: 
    create table schedule (
        finished_hour integer not null,
        started_hour integer not null,
        created_at timestamp(6) not null,
        id bigserial not null,
        psychologist_id bigint,
        updated_at timestamp(6) not null,
        primary key (id)
    )
2024-06-27T14:13:00.231-05:00 DEBUG 22344 --- [mindcare-backend] [           main] org.hibernate.SQL                        : 
    create table transaction (
        amount integer not null,
        created_at timestamp(6) not null,
        financial_id bigint,
        id bigserial not null,
        patient_id bigint,
        pyschologist_id bigint,
        reservation_id bigint,
        updated_at timestamp(6) not null,
        primary key (id)
    )
Hibernate: 
    create table transaction (
        amount integer not null,
        created_at timestamp(6) not null,
        financial_id bigint,
        id bigserial not null,
        patient_id bigint,
        pyschologist_id bigint,
        reservation_id bigint,
        updated_at timestamp(6) not null,
        primary key (id)
    )
2024-06-27T14:13:00.234-05:00 DEBUG 22344 --- [mindcare-backend] [           main] org.hibernate.SQL                        : 
    create table user (
        created_at timestamp(6) not null,
        id bigserial not null,
        updated_at timestamp(6) not null,
        username varchar(50) unique,
        password varchar(120),
        primary key (id)
    )
Hibernate: 
    create table user (
        created_at timestamp(6) not null,
        id bigserial not null,
        updated_at timestamp(6) not null,
        username varchar(50) unique,
        password varchar(120),
        primary key (id)
    )
2024-06-27T14:13:00.234-05:00  WARN 22344 --- [mindcare-backend] [           main] o.h.t.s.i.ExceptionHandlerLoggedImpl     : GenerationTarget encountered exception accepting command : Error executing DDL "
    create table user (
        created_at timestamp(6) not null,
        id bigserial not null,
        updated_at timestamp(6) not null,
        username varchar(50) unique,
        password varchar(120),
        primary key (id)
    )" via JDBC [ERROR: syntax error at or near "user"
  Position: 20]

org.hibernate.tool.schema.spi.CommandAcceptanceException: Error executing DDL "
    create table user (
        created_at timestamp(6) not null,
        id bigserial not null,
        updated_at timestamp(6) not null,
        username varchar(50) unique,
        password varchar(120),
        primary key (id)
    )" via JDBC [ERROR: syntax error at or near "user"
  Position: 20]
	at org.hibernate.tool.schema.internal.exec.GenerationTargetToDatabase.accept(GenerationTargetToDatabase.java:94) ~[hibernate-core-6.4.8.Final.jar:6.4.8.Final]
	at org.hibernate.tool.schema.internal.Helper.applySqlString(Helper.java:233) ~[hibernate-core-6.4.8.Final.jar:6.4.8.Final]
	at org.hibernate.tool.schema.internal.Helper.applySqlStrings(Helper.java:217) ~[hibernate-core-6.4.8.Final.jar:6.4.8.Final]
	at org.hibernate.tool.schema.internal.SchemaCreatorImpl.createTables(SchemaCreatorImpl.java:428) ~[hibernate-core-6.4.8.Final.jar:6.4.8.Final]
	at org.hibernate.tool.schema.internal.SchemaCreatorImpl.createSequencesTablesConstraints(SchemaCreatorImpl.java:344) ~[hibernate-core-6.4.8.Final.jar:6.4.8.Final]
	at org.hibernate.tool.schema.internal.SchemaCreatorImpl.createFromMetadata(SchemaCreatorImpl.java:239) ~[hibernate-core-6.4.8.Final.jar:6.4.8.Final]
	at org.hibernate.tool.schema.internal.SchemaCreatorImpl.performCreation(SchemaCreatorImpl.java:172) ~[hibernate-core-6.4.8.Final.jar:6.4.8.Final]
	at org.hibernate.tool.schema.internal.SchemaCreatorImpl.doCreation(SchemaCreatorImpl.java:142) ~[hibernate-core-6.4.8.Final.jar:6.4.8.Final]
	at org.hibernate.tool.schema.internal.SchemaCreatorImpl.doCreation(SchemaCreatorImpl.java:118) ~[hibernate-core-6.4.8.Final.jar:6.4.8.Final]
	at org.hibernate.tool.schema.spi.SchemaManagementToolCoordinator.performDatabaseAction(SchemaManagementToolCoordinator.java:250) ~[hibernate-core-6.4.8.Final.jar:6.4.8.Final]
	at org.hibernate.tool.schema.spi.SchemaManagementToolCoordinator.lambda$process$5(SchemaManagementToolCoordinator.java:144) ~[hibernate-core-6.4.8.Final.jar:6.4.8.Final]
	at java.base/java.util.HashMap.forEach(HashMap.java:1429) ~[na:na]
	at org.hibernate.tool.schema.spi.SchemaManagementToolCoordinator.process(SchemaManagementToolCoordinator.java:141) ~[hibernate-core-6.4.8.Final.jar:6.4.8.Final]
	at org.hibernate.boot.internal.SessionFactoryObserverForSchemaExport.sessionFactoryCreated(SessionFactoryObserverForSchemaExport.java:37) ~[hibernate-core-6.4.8.Final.jar:6.4.8.Final]
	at org.hibernate.internal.SessionFactoryObserverChain.sessionFactoryCreated(SessionFactoryObserverChain.java:35) ~[hibernate-core-6.4.8.Final.jar:6.4.8.Final]
	at org.hibernate.internal.SessionFactoryImpl.<init>(SessionFactoryImpl.java:315) ~[hibernate-core-6.4.8.Final.jar:6.4.8.Final]
	at org.hibernate.boot.internal.SessionFactoryBuilderImpl.build(SessionFactoryBuilderImpl.java:450) ~[hibernate-core-6.4.8.Final.jar:6.4.8.Final]
	at org.hibernate.jpa.boot.internal.EntityManagerFactoryBuilderImpl.build(EntityManagerFactoryBuilderImpl.java:1507) ~[hibernate-core-6.4.8.Final.jar:6.4.8.Final]
	at org.springframework.orm.jpa.vendor.SpringHibernateJpaPersistenceProvider.createContainerEntityManagerFactory(SpringHibernateJpaPersistenceProvider.java:75) ~[spring-orm-6.1.8.jar:6.1.8]
	at org.springframework.orm.jpa.LocalContainerEntityManagerFactoryBean.createNativeEntityManagerFactory(LocalContainerEntityManagerFactoryBean.java:390) ~[spring-orm-6.1.8.jar:6.1.8]
	at org.springframework.orm.jpa.AbstractEntityManagerFactoryBean.buildNativeEntityManagerFactory(AbstractEntityManagerFactoryBean.java:409) ~[spring-orm-6.1.8.jar:6.1.8]
	at org.springframework.orm.jpa.AbstractEntityManagerFactoryBean.afterPropertiesSet(AbstractEntityManagerFactoryBean.java:396) ~[spring-orm-6.1.8.jar:6.1.8]
	at org.springframework.orm.jpa.LocalContainerEntityManagerFactoryBean.afterPropertiesSet(LocalContainerEntityManagerFactoryBean.java:366) ~[spring-orm-6.1.8.jar:6.1.8]
	at org.springframework.beans.factory.support.AbstractAutowireCapableBeanFactory.invokeInitMethods(AbstractAutowireCapableBeanFactory.java:1835) ~[spring-beans-6.1.8.jar:6.1.8]
	at org.springframework.beans.factory.support.AbstractAutowireCapableBeanFactory.initializeBean(AbstractAutowireCapableBeanFactory.java:1784) ~[spring-beans-6.1.8.jar:6.1.8]
	at org.springframework.beans.factory.support.AbstractAutowireCapableBeanFactory.doCreateBean(AbstractAutowireCapableBeanFactory.java:600) ~[spring-beans-6.1.8.jar:6.1.8]
	at org.springframework.beans.factory.support.AbstractAutowireCapableBeanFactory.createBean(AbstractAutowireCapableBeanFactory.java:522) ~[spring-beans-6.1.8.jar:6.1.8]
	at org.springframework.beans.factory.support.AbstractBeanFactory.lambda$doGetBean$0(AbstractBeanFactory.java:337) ~[spring-beans-6.1.8.jar:6.1.8]
	at org.springframework.beans.factory.support.DefaultSingletonBeanRegistry.getSingleton(DefaultSingletonBeanRegistry.java:234) ~[spring-beans-6.1.8.jar:6.1.8]
	at org.springframework.beans.factory.support.AbstractBeanFactory.doGetBean(AbstractBeanFactory.java:335) ~[spring-beans-6.1.8.jar:6.1.8]
	at org.springframework.beans.factory.support.AbstractBeanFactory.getBean(AbstractBeanFactory.java:205) ~[spring-beans-6.1.8.jar:6.1.8]
	at org.springframework.context.support.AbstractApplicationContext.finishBeanFactoryInitialization(AbstractApplicationContext.java:952) ~[spring-context-6.1.8.jar:6.1.8]
	at org.springframework.context.support.AbstractApplicationContext.refresh(AbstractApplicationContext.java:624) ~[spring-context-6.1.8.jar:6.1.8]
	at org.springframework.boot.SpringApplication.refresh(SpringApplication.java:754) ~[spring-boot-3.2.6.jar:3.2.6]
	at org.springframework.boot.SpringApplication.refreshContext(SpringApplication.java:456) ~[spring-boot-3.2.6.jar:3.2.6]
	at org.springframework.boot.SpringApplication.run(SpringApplication.java:335) ~[spring-boot-3.2.6.jar:3.2.6]
	at org.springframework.boot.test.context.SpringBootContextLoader.lambda$loadContext$3(SpringBootContextLoader.java:137) ~[spring-boot-test-3.2.6.jar:3.2.6]
	at org.springframework.util.function.ThrowingSupplier.get(ThrowingSupplier.java:58) ~[spring-core-6.1.8.jar:6.1.8]
	at org.springframework.util.function.ThrowingSupplier.get(ThrowingSupplier.java:46) ~[spring-core-6.1.8.jar:6.1.8]
	at org.springframework.boot.SpringApplication.withHook(SpringApplication.java:1463) ~[spring-boot-3.2.6.jar:3.2.6]
	at org.springframework.boot.test.context.SpringBootContextLoader$ContextLoaderHook.run(SpringBootContextLoader.java:553) ~[spring-boot-test-3.2.6.jar:3.2.6]
	at org.springframework.boot.test.context.SpringBootContextLoader.loadContext(SpringBootContextLoader.java:137) ~[spring-boot-test-3.2.6.jar:3.2.6]
	at org.springframework.boot.test.context.SpringBootContextLoader.loadContext(SpringBootContextLoader.java:108) ~[spring-boot-test-3.2.6.jar:3.2.6]
	at org.springframework.test.context.cache.DefaultCacheAwareContextLoaderDelegate.loadContextInternal(DefaultCacheAwareContextLoaderDelegate.java:225) ~[spring-test-6.1.8.jar:6.1.8]
	at org.springframework.test.context.cache.DefaultCacheAwareContextLoaderDelegate.loadContext(DefaultCacheAwareContextLoaderDelegate.java:152) ~[spring-test-6.1.8.jar:6.1.8]
	at org.springframework.test.context.support.DefaultTestContext.getApplicationContext(DefaultTestContext.java:130) ~[spring-test-6.1.8.jar:6.1.8]
	at org.springframework.test.context.web.ServletTestExecutionListener.setUpRequestContextIfNecessary(ServletTestExecutionListener.java:191) ~[spring-test-6.1.8.jar:6.1.8]
	at org.springframework.test.context.web.ServletTestExecutionListener.prepareTestInstance(ServletTestExecutionListener.java:130) ~[spring-test-6.1.8.jar:6.1.8]
	at org.springframework.test.context.TestContextManager.prepareTestInstance(TestContextManager.java:260) ~[spring-test-6.1.8.jar:6.1.8]
	at org.springframework.test.context.junit.jupiter.SpringExtension.postProcessTestInstance(SpringExtension.java:163) ~[spring-test-6.1.8.jar:6.1.8]
	at org.junit.jupiter.engine.descriptor.ClassBasedTestDescriptor.lambda$invokeTestInstancePostProcessors$10(ClassBasedTestDescriptor.java:378) ~[junit-jupiter-engine-5.10.2.jar:5.10.2]
	at org.junit.jupiter.engine.descriptor.ClassBasedTestDescriptor.executeAndMaskThrowable(ClassBasedTestDescriptor.java:383) ~[junit-jupiter-engine-5.10.2.jar:5.10.2]
	at org.junit.jupiter.engine.descriptor.ClassBasedTestDescriptor.lambda$invokeTestInstancePostProcessors$11(ClassBasedTestDescriptor.java:378) ~[junit-jupiter-engine-5.10.2.jar:5.10.2]
	at java.base/java.util.stream.ReferencePipeline$3$1.accept(ReferencePipeline.java:197) ~[na:na]
	at java.base/java.util.stream.ReferencePipeline$2$1.accept(ReferencePipeline.java:179) ~[na:na]
	at java.base/java.util.ArrayList$ArrayListSpliterator.forEachRemaining(ArrayList.java:1708) ~[na:na]
	at java.base/java.util.stream.AbstractPipeline.copyInto(AbstractPipeline.java:509) ~[na:na]
	at java.base/java.util.stream.AbstractPipeline.wrapAndCopyInto(AbstractPipeline.java:499) ~[na:na]
	at java.base/java.util.stream.StreamSpliterators$WrappingSpliterator.forEachRemaining(StreamSpliterators.java:310) ~[na:na]
	at java.base/java.util.stream.Streams$ConcatSpliterator.forEachRemaining(Streams.java:735) ~[na:na]
	at java.base/java.util.stream.Streams$ConcatSpliterator.forEachRemaining(Streams.java:734) ~[na:na]
	at java.base/java.util.stream.ReferencePipeline$Head.forEach(ReferencePipeline.java:762) ~[na:na]
	at org.junit.jupiter.engine.descriptor.ClassBasedTestDescriptor.invokeTestInstancePostProcessors(ClassBasedTestDescriptor.java:377) ~[junit-jupiter-engine-5.10.2.jar:5.10.2]
	at org.junit.jupiter.engine.descriptor.ClassBasedTestDescriptor.lambda$instantiateAndPostProcessTestInstance$6(ClassBasedTestDescriptor.java:290) ~[junit-jupiter-engine-5.10.2.jar:5.10.2]
	at org.junit.platform.engine.support.hierarchical.ThrowableCollector.execute(ThrowableCollector.java:73) ~[junit-platform-engine-1.10.2.jar:1.10.2]
	at org.junit.jupiter.engine.descriptor.ClassBasedTestDescriptor.instantiateAndPostProcessTestInstance(ClassBasedTestDescriptor.java:289) ~[junit-jupiter-engine-5.10.2.jar:5.10.2]
	at org.junit.jupiter.engine.descriptor.ClassBasedTestDescriptor.lambda$testInstancesProvider$4(ClassBasedTestDescriptor.java:279) ~[junit-jupiter-engine-5.10.2.jar:5.10.2]
	at java.base/java.util.Optional.orElseGet(Optional.java:364) ~[na:na]
	at org.junit.jupiter.engine.descriptor.ClassBasedTestDescriptor.lambda$testInstancesProvider$5(ClassBasedTestDescriptor.java:278) ~[junit-jupiter-engine-5.10.2.jar:5.10.2]
	at org.junit.jupiter.engine.execution.TestInstancesProvider.getTestInstances(TestInstancesProvider.java:31) ~[junit-jupiter-engine-5.10.2.jar:5.10.2]
	at org.junit.jupiter.engine.descriptor.TestMethodTestDescriptor.lambda$prepare$0(TestMethodTestDescriptor.java:106) ~[junit-jupiter-engine-5.10.2.jar:5.10.2]
	at org.junit.platform.engine.support.hierarchical.ThrowableCollector.execute(ThrowableCollector.java:73) ~[junit-platform-engine-1.10.2.jar:1.10.2]
	at org.junit.jupiter.engine.descriptor.TestMethodTestDescriptor.prepare(TestMethodTestDescriptor.java:105) ~[junit-jupiter-engine-5.10.2.jar:5.10.2]
	at org.junit.jupiter.engine.descriptor.TestMethodTestDescriptor.prepare(TestMethodTestDescriptor.java:69) ~[junit-jupiter-engine-5.10.2.jar:5.10.2]
	at org.junit.platform.engine.support.hierarchical.NodeTestTask.lambda$prepare$2(NodeTestTask.java:123) ~[junit-platform-engine-1.10.2.jar:1.10.2]
	at org.junit.platform.engine.support.hierarchical.ThrowableCollector.execute(ThrowableCollector.java:73) ~[junit-platform-engine-1.10.2.jar:1.10.2]
	at org.junit.platform.engine.support.hierarchical.NodeTestTask.prepare(NodeTestTask.java:123) ~[junit-platform-engine-1.10.2.jar:1.10.2]
	at org.junit.platform.engine.support.hierarchical.NodeTestTask.execute(NodeTestTask.java:90) ~[junit-platform-engine-1.10.2.jar:1.10.2]
	at java.base/java.util.ArrayList.forEach(ArrayList.java:1596) ~[na:na]
	at org.junit.platform.engine.support.hierarchical.SameThreadHierarchicalTestExecutorService.invokeAll(SameThreadHierarchicalTestExecutorService.java:41) ~[junit-platform-engine-1.10.2.jar:1.10.2]
	at org.junit.platform.engine.support.hierarchical.NodeTestTask.lambda$executeRecursively$6(NodeTestTask.java:155) ~[junit-platform-engine-1.10.2.jar:1.10.2]
	at org.junit.platform.engine.support.hierarchical.ThrowableCollector.execute(ThrowableCollector.java:73) ~[junit-platform-engine-1.10.2.jar:1.10.2]
	at org.junit.platform.engine.support.hierarchical.NodeTestTask.lambda$executeRecursively$8(NodeTestTask.java:141) ~[junit-platform-engine-1.10.2.jar:1.10.2]
	at org.junit.platform.engine.support.hierarchical.Node.around(Node.java:137) ~[junit-platform-engine-1.10.2.jar:1.10.2]
	at org.junit.platform.engine.support.hierarchical.NodeTestTask.lambda$executeRecursively$9(NodeTestTask.java:139) ~[junit-platform-engine-1.10.2.jar:1.10.2]
	at org.junit.platform.engine.support.hierarchical.ThrowableCollector.execute(ThrowableCollector.java:73) ~[junit-platform-engine-1.10.2.jar:1.10.2]
	at org.junit.platform.engine.support.hierarchical.NodeTestTask.executeRecursively(NodeTestTask.java:138) ~[junit-platform-engine-1.10.2.jar:1.10.2]
	at org.junit.platform.engine.support.hierarchical.NodeTestTask.execute(NodeTestTask.java:95) ~[junit-platform-engine-1.10.2.jar:1.10.2]
	at java.base/java.util.ArrayList.forEach(ArrayList.java:1596) ~[na:na]
	at org.junit.platform.engine.support.hierarchical.SameThreadHierarchicalTestExecutorService.invokeAll(SameThreadHierarchicalTestExecutorService.java:41) ~[junit-platform-engine-1.10.2.jar:1.10.2]
	at org.junit.platform.engine.support.hierarchical.NodeTestTask.lambda$executeRecursively$6(NodeTestTask.java:155) ~[junit-platform-engine-1.10.2.jar:1.10.2]
	at org.junit.platform.engine.support.hierarchical.ThrowableCollector.execute(ThrowableCollector.java:73) ~[junit-platform-engine-1.10.2.jar:1.10.2]
	at org.junit.platform.engine.support.hierarchical.NodeTestTask.lambda$executeRecursively$8(NodeTestTask.java:141) ~[junit-platform-engine-1.10.2.jar:1.10.2]
	at org.junit.platform.engine.support.hierarchical.Node.around(Node.java:137) ~[junit-platform-engine-1.10.2.jar:1.10.2]
	at org.junit.platform.engine.support.hierarchical.NodeTestTask.lambda$executeRecursively$9(NodeTestTask.java:139) ~[junit-platform-engine-1.10.2.jar:1.10.2]
	at org.junit.platform.engine.support.hierarchical.ThrowableCollector.execute(ThrowableCollector.java:73) ~[junit-platform-engine-1.10.2.jar:1.10.2]
	at org.junit.platform.engine.support.hierarchical.NodeTestTask.executeRecursively(NodeTestTask.java:138) ~[junit-platform-engine-1.10.2.jar:1.10.2]
	at org.junit.platform.engine.support.hierarchical.NodeTestTask.execute(NodeTestTask.java:95) ~[junit-platform-engine-1.10.2.jar:1.10.2]
	at org.junit.platform.engine.support.hierarchical.SameThreadHierarchicalTestExecutorService.submit(SameThreadHierarchicalTestExecutorService.java:35) ~[junit-platform-engine-1.10.2.jar:1.10.2]
	at org.junit.platform.engine.support.hierarchical.HierarchicalTestExecutor.execute(HierarchicalTestExecutor.java:57) ~[junit-platform-engine-1.10.2.jar:1.10.2]
	at org.junit.platform.engine.support.hierarchical.HierarchicalTestEngine.execute(HierarchicalTestEngine.java:54) ~[junit-platform-engine-1.10.2.jar:1.10.2]
	at org.junit.platform.launcher.core.EngineExecutionOrchestrator.execute(EngineExecutionOrchestrator.java:198) ~[junit-platform-launcher-1.10.2.jar:1.10.2]
	at org.junit.platform.launcher.core.EngineExecutionOrchestrator.execute(EngineExecutionOrchestrator.java:169) ~[junit-platform-launcher-1.10.2.jar:1.10.2]
	at org.junit.platform.launcher.core.EngineExecutionOrchestrator.execute(EngineExecutionOrchestrator.java:93) ~[junit-platform-launcher-1.10.2.jar:1.10.2]
	at org.junit.platform.launcher.core.EngineExecutionOrchestrator.lambda$execute$0(EngineExecutionOrchestrator.java:58) ~[junit-platform-launcher-1.10.2.jar:1.10.2]
	at org.junit.platform.launcher.core.EngineExecutionOrchestrator.withInterceptedStreams(EngineExecutionOrchestrator.java:141) ~[junit-platform-launcher-1.10.2.jar:1.10.2]
	at org.junit.platform.launcher.core.EngineExecutionOrchestrator.execute(EngineExecutionOrchestrator.java:57) ~[junit-platform-launcher-1.10.2.jar:1.10.2]
	at org.junit.platform.launcher.core.DefaultLauncher.execute(DefaultLauncher.java:103) ~[junit-platform-launcher-1.10.2.jar:1.10.2]
	at org.junit.platform.launcher.core.DefaultLauncher.execute(DefaultLauncher.java:85) ~[junit-platform-launcher-1.10.2.jar:1.10.2]
	at org.junit.platform.launcher.core.DelegatingLauncher.execute(DelegatingLauncher.java:47) ~[junit-platform-launcher-1.10.2.jar:1.10.2]
	at org.apache.maven.surefire.junitplatform.LazyLauncher.execute(LazyLauncher.java:56) ~[surefire-junit-platform-3.1.2.jar:3.1.2]
	at org.apache.maven.surefire.junitplatform.JUnitPlatformProvider.execute(JUnitPlatformProvider.java:184) ~[surefire-junit-platform-3.1.2.jar:3.1.2]
	at org.apache.maven.surefire.junitplatform.JUnitPlatformProvider.invokeAllTests(JUnitPlatformProvider.java:148) ~[surefire-junit-platform-3.1.2.jar:3.1.2]
	at org.apache.maven.surefire.junitplatform.JUnitPlatformProvider.invoke(JUnitPlatformProvider.java:122) ~[surefire-junit-platform-3.1.2.jar:3.1.2]
	at org.apache.maven.surefire.booter.ForkedBooter.runSuitesInProcess(ForkedBooter.java:385) ~[surefire-booter-3.1.2.jar:3.1.2]
	at org.apache.maven.surefire.booter.ForkedBooter.execute(ForkedBooter.java:162) ~[surefire-booter-3.1.2.jar:3.1.2]
	at org.apache.maven.surefire.booter.ForkedBooter.run(ForkedBooter.java:507) ~[surefire-booter-3.1.2.jar:3.1.2]
	at org.apache.maven.surefire.booter.ForkedBooter.main(ForkedBooter.java:495) ~[surefire-booter-3.1.2.jar:3.1.2]
Caused by: org.postgresql.util.PSQLException: ERROR: syntax error at or near "user"
  Position: 20
	at org.postgresql.core.v3.QueryExecutorImpl.receiveErrorResponse(QueryExecutorImpl.java:2713) ~[postgresql-42.6.2.jar:42.6.2]
	at org.postgresql.core.v3.QueryExecutorImpl.processResults(QueryExecutorImpl.java:2401) ~[postgresql-42.6.2.jar:42.6.2]
	at org.postgresql.core.v3.QueryExecutorImpl.execute(QueryExecutorImpl.java:368) ~[postgresql-42.6.2.jar:42.6.2]
	at org.postgresql.jdbc.PgStatement.executeInternal(PgStatement.java:498) ~[postgresql-42.6.2.jar:42.6.2]
	at org.postgresql.jdbc.PgStatement.execute(PgStatement.java:415) ~[postgresql-42.6.2.jar:42.6.2]
	at org.postgresql.jdbc.PgStatement.executeWithFlags(PgStatement.java:335) ~[postgresql-42.6.2.jar:42.6.2]
	at org.postgresql.jdbc.PgStatement.executeCachedSql(PgStatement.java:321) ~[postgresql-42.6.2.jar:42.6.2]
	at org.postgresql.jdbc.PgStatement.executeWithFlags(PgStatement.java:297) ~[postgresql-42.6.2.jar:42.6.2]
	at org.postgresql.jdbc.PgStatement.execute(PgStatement.java:292) ~[postgresql-42.6.2.jar:42.6.2]
	at com.zaxxer.hikari.pool.ProxyStatement.execute(ProxyStatement.java:94) ~[HikariCP-5.0.1.jar:na]
	at com.zaxxer.hikari.pool.HikariProxyStatement.execute(HikariProxyStatement.java) ~[HikariCP-5.0.1.jar:na]
	at org.hibernate.tool.schema.internal.exec.GenerationTargetToDatabase.accept(GenerationTargetToDatabase.java:80) ~[hibernate-core-6.4.8.Final.jar:6.4.8.Final]
	... 117 common frames omitted

2024-06-27T14:13:00.235-05:00 DEBUG 22344 --- [mindcare-backend] [           main] org.hibernate.SQL                        : 
    create table user_roles (
        role_id bigint not null,
        user_id bigint not null,
        primary key (role_id, user_id)
    )
Hibernate: 
    create table user_roles (
        role_id bigint not null,
        user_id bigint not null,
        primary key (role_id, user_id)
    )
2024-06-27T14:13:00.237-05:00 DEBUG 22344 --- [mindcare-backend] [           main] org.hibernate.SQL                        : 
    alter table if exists note 
       add constraint FKh4wkimr2c201h9blypkt58pl5 
       foreign key (appointmentnote_id) 
       references appointment_note
Hibernate: 
    alter table if exists note 
       add constraint FKh4wkimr2c201h9blypkt58pl5 
       foreign key (appointmentnote_id) 
       references appointment_note
2024-06-27T14:13:00.240-05:00 DEBUG 22344 --- [mindcare-backend] [           main] org.hibernate.SQL                        : 
    alter table if exists reservation 
       add constraint FKjhy65q5kmadkpjil9wlyp5o64 
       foreign key (schedule_id) 
       references schedule
Hibernate: 
    alter table if exists reservation 
       add constraint FKjhy65q5kmadkpjil9wlyp5o64 
       foreign key (schedule_id) 
       references schedule
2024-06-27T14:13:00.241-05:00 DEBUG 22344 --- [mindcare-backend] [           main] org.hibernate.SQL                        : 
    alter table if exists transaction 
       add constraint FK73qhxtfaho9ffticwljgs1cs6 
       foreign key (financial_id) 
       references financial
Hibernate: 
    alter table if exists transaction 
       add constraint FK73qhxtfaho9ffticwljgs1cs6 
       foreign key (financial_id) 
       references financial
2024-06-27T14:13:00.242-05:00 DEBUG 22344 --- [mindcare-backend] [           main] org.hibernate.SQL                        : 
    alter table if exists user_roles 
       add constraint FKrhfovtciq1l558cw6udg0h0d3 
       foreign key (role_id) 
       references role
Hibernate: 
    alter table if exists user_roles 
       add constraint FKrhfovtciq1l558cw6udg0h0d3 
       foreign key (role_id) 
       references role
2024-06-27T14:13:00.243-05:00 DEBUG 22344 --- [mindcare-backend] [           main] org.hibernate.SQL                        : 
    alter table if exists user_roles 
       add constraint FK55itppkw3i07do3h7qoclqd4k 
       foreign key (user_id) 
       references user
Hibernate: 
    alter table if exists user_roles 
       add constraint FK55itppkw3i07do3h7qoclqd4k 
       foreign key (user_id) 
       references user
2024-06-27T14:13:00.244-05:00  WARN 22344 --- [mindcare-backend] [           main] o.h.t.s.i.ExceptionHandlerLoggedImpl     : GenerationTarget encountered exception accepting command : Error executing DDL "
    alter table if exists user_roles 
       add constraint FK55itppkw3i07do3h7qoclqd4k 
       foreign key (user_id) 
       references user" via JDBC [ERROR: syntax error at or near "user"
  Position: 143]

org.hibernate.tool.schema.spi.CommandAcceptanceException: Error executing DDL "
    alter table if exists user_roles 
       add constraint FK55itppkw3i07do3h7qoclqd4k 
       foreign key (user_id) 
       references user" via JDBC [ERROR: syntax error at or near "user"
  Position: 143]
	at org.hibernate.tool.schema.internal.exec.GenerationTargetToDatabase.accept(GenerationTargetToDatabase.java:94) ~[hibernate-core-6.4.8.Final.jar:6.4.8.Final]
	at org.hibernate.tool.schema.internal.Helper.applySqlString(Helper.java:233) ~[hibernate-core-6.4.8.Final.jar:6.4.8.Final]
	at org.hibernate.tool.schema.internal.Helper.applySqlStrings(Helper.java:217) ~[hibernate-core-6.4.8.Final.jar:6.4.8.Final]
	at org.hibernate.tool.schema.internal.SchemaCreatorImpl.createForeignKeys(SchemaCreatorImpl.java:305) ~[hibernate-core-6.4.8.Final.jar:6.4.8.Final]
	at org.hibernate.tool.schema.internal.SchemaCreatorImpl.createFromMetadata(SchemaCreatorImpl.java:251) ~[hibernate-core-6.4.8.Final.jar:6.4.8.Final]
	at org.hibernate.tool.schema.internal.SchemaCreatorImpl.performCreation(SchemaCreatorImpl.java:172) ~[hibernate-core-6.4.8.Final.jar:6.4.8.Final]
	at org.hibernate.tool.schema.internal.SchemaCreatorImpl.doCreation(SchemaCreatorImpl.java:142) ~[hibernate-core-6.4.8.Final.jar:6.4.8.Final]
	at org.hibernate.tool.schema.internal.SchemaCreatorImpl.doCreation(SchemaCreatorImpl.java:118) ~[hibernate-core-6.4.8.Final.jar:6.4.8.Final]
	at org.hibernate.tool.schema.spi.SchemaManagementToolCoordinator.performDatabaseAction(SchemaManagementToolCoordinator.java:250) ~[hibernate-core-6.4.8.Final.jar:6.4.8.Final]
	at org.hibernate.tool.schema.spi.SchemaManagementToolCoordinator.lambda$process$5(SchemaManagementToolCoordinator.java:144) ~[hibernate-core-6.4.8.Final.jar:6.4.8.Final]
	at java.base/java.util.HashMap.forEach(HashMap.java:1429) ~[na:na]
	at org.hibernate.tool.schema.spi.SchemaManagementToolCoordinator.process(SchemaManagementToolCoordinator.java:141) ~[hibernate-core-6.4.8.Final.jar:6.4.8.Final]
	at org.hibernate.boot.internal.SessionFactoryObserverForSchemaExport.sessionFactoryCreated(SessionFactoryObserverForSchemaExport.java:37) ~[hibernate-core-6.4.8.Final.jar:6.4.8.Final]
	at org.hibernate.internal.SessionFactoryObserverChain.sessionFactoryCreated(SessionFactoryObserverChain.java:35) ~[hibernate-core-6.4.8.Final.jar:6.4.8.Final]
	at org.hibernate.internal.SessionFactoryImpl.<init>(SessionFactoryImpl.java:315) ~[hibernate-core-6.4.8.Final.jar:6.4.8.Final]
	at org.hibernate.boot.internal.SessionFactoryBuilderImpl.build(SessionFactoryBuilderImpl.java:450) ~[hibernate-core-6.4.8.Final.jar:6.4.8.Final]
	at org.hibernate.jpa.boot.internal.EntityManagerFactoryBuilderImpl.build(EntityManagerFactoryBuilderImpl.java:1507) ~[hibernate-core-6.4.8.Final.jar:6.4.8.Final]
	at org.springframework.orm.jpa.vendor.SpringHibernateJpaPersistenceProvider.createContainerEntityManagerFactory(SpringHibernateJpaPersistenceProvider.java:75) ~[spring-orm-6.1.8.jar:6.1.8]
	at org.springframework.orm.jpa.LocalContainerEntityManagerFactoryBean.createNativeEntityManagerFactory(LocalContainerEntityManagerFactoryBean.java:390) ~[spring-orm-6.1.8.jar:6.1.8]
	at org.springframework.orm.jpa.AbstractEntityManagerFactoryBean.buildNativeEntityManagerFactory(AbstractEntityManagerFactoryBean.java:409) ~[spring-orm-6.1.8.jar:6.1.8]
	at org.springframework.orm.jpa.AbstractEntityManagerFactoryBean.afterPropertiesSet(AbstractEntityManagerFactoryBean.java:396) ~[spring-orm-6.1.8.jar:6.1.8]
	at org.springframework.orm.jpa.LocalContainerEntityManagerFactoryBean.afterPropertiesSet(LocalContainerEntityManagerFactoryBean.java:366) ~[spring-orm-6.1.8.jar:6.1.8]
	at org.springframework.beans.factory.support.AbstractAutowireCapableBeanFactory.invokeInitMethods(AbstractAutowireCapableBeanFactory.java:1835) ~[spring-beans-6.1.8.jar:6.1.8]
	at org.springframework.beans.factory.support.AbstractAutowireCapableBeanFactory.initializeBean(AbstractAutowireCapableBeanFactory.java:1784) ~[spring-beans-6.1.8.jar:6.1.8]
	at org.springframework.beans.factory.support.AbstractAutowireCapableBeanFactory.doCreateBean(AbstractAutowireCapableBeanFactory.java:600) ~[spring-beans-6.1.8.jar:6.1.8]
	at org.springframework.beans.factory.support.AbstractAutowireCapableBeanFactory.createBean(AbstractAutowireCapableBeanFactory.java:522) ~[spring-beans-6.1.8.jar:6.1.8]
	at org.springframework.beans.factory.support.AbstractBeanFactory.lambda$doGetBean$0(AbstractBeanFactory.java:337) ~[spring-beans-6.1.8.jar:6.1.8]
	at org.springframework.beans.factory.support.DefaultSingletonBeanRegistry.getSingleton(DefaultSingletonBeanRegistry.java:234) ~[spring-beans-6.1.8.jar:6.1.8]
	at org.springframework.beans.factory.support.AbstractBeanFactory.doGetBean(AbstractBeanFactory.java:335) ~[spring-beans-6.1.8.jar:6.1.8]
	at org.springframework.beans.factory.support.AbstractBeanFactory.getBean(AbstractBeanFactory.java:205) ~[spring-beans-6.1.8.jar:6.1.8]
	at org.springframework.context.support.AbstractApplicationContext.finishBeanFactoryInitialization(AbstractApplicationContext.java:952) ~[spring-context-6.1.8.jar:6.1.8]
	at org.springframework.context.support.AbstractApplicationContext.refresh(AbstractApplicationContext.java:624) ~[spring-context-6.1.8.jar:6.1.8]
	at org.springframework.boot.SpringApplication.refresh(SpringApplication.java:754) ~[spring-boot-3.2.6.jar:3.2.6]
	at org.springframework.boot.SpringApplication.refreshContext(SpringApplication.java:456) ~[spring-boot-3.2.6.jar:3.2.6]
	at org.springframework.boot.SpringApplication.run(SpringApplication.java:335) ~[spring-boot-3.2.6.jar:3.2.6]
	at org.springframework.boot.test.context.SpringBootContextLoader.lambda$loadContext$3(SpringBootContextLoader.java:137) ~[spring-boot-test-3.2.6.jar:3.2.6]
	at org.springframework.util.function.ThrowingSupplier.get(ThrowingSupplier.java:58) ~[spring-core-6.1.8.jar:6.1.8]
	at org.springframework.util.function.ThrowingSupplier.get(ThrowingSupplier.java:46) ~[spring-core-6.1.8.jar:6.1.8]
	at org.springframework.boot.SpringApplication.withHook(SpringApplication.java:1463) ~[spring-boot-3.2.6.jar:3.2.6]
	at org.springframework.boot.test.context.SpringBootContextLoader$ContextLoaderHook.run(SpringBootContextLoader.java:553) ~[spring-boot-test-3.2.6.jar:3.2.6]
	at org.springframework.boot.test.context.SpringBootContextLoader.loadContext(SpringBootContextLoader.java:137) ~[spring-boot-test-3.2.6.jar:3.2.6]
	at org.springframework.boot.test.context.SpringBootContextLoader.loadContext(SpringBootContextLoader.java:108) ~[spring-boot-test-3.2.6.jar:3.2.6]
	at org.springframework.test.context.cache.DefaultCacheAwareContextLoaderDelegate.loadContextInternal(DefaultCacheAwareContextLoaderDelegate.java:225) ~[spring-test-6.1.8.jar:6.1.8]
	at org.springframework.test.context.cache.DefaultCacheAwareContextLoaderDelegate.loadContext(DefaultCacheAwareContextLoaderDelegate.java:152) ~[spring-test-6.1.8.jar:6.1.8]
	at org.springframework.test.context.support.DefaultTestContext.getApplicationContext(DefaultTestContext.java:130) ~[spring-test-6.1.8.jar:6.1.8]
	at org.springframework.test.context.web.ServletTestExecutionListener.setUpRequestContextIfNecessary(ServletTestExecutionListener.java:191) ~[spring-test-6.1.8.jar:6.1.8]
	at org.springframework.test.context.web.ServletTestExecutionListener.prepareTestInstance(ServletTestExecutionListener.java:130) ~[spring-test-6.1.8.jar:6.1.8]
	at org.springframework.test.context.TestContextManager.prepareTestInstance(TestContextManager.java:260) ~[spring-test-6.1.8.jar:6.1.8]
	at org.springframework.test.context.junit.jupiter.SpringExtension.postProcessTestInstance(SpringExtension.java:163) ~[spring-test-6.1.8.jar:6.1.8]
	at org.junit.jupiter.engine.descriptor.ClassBasedTestDescriptor.lambda$invokeTestInstancePostProcessors$10(ClassBasedTestDescriptor.java:378) ~[junit-jupiter-engine-5.10.2.jar:5.10.2]
	at org.junit.jupiter.engine.descriptor.ClassBasedTestDescriptor.executeAndMaskThrowable(ClassBasedTestDescriptor.java:383) ~[junit-jupiter-engine-5.10.2.jar:5.10.2]
	at org.junit.jupiter.engine.descriptor.ClassBasedTestDescriptor.lambda$invokeTestInstancePostProcessors$11(ClassBasedTestDescriptor.java:378) ~[junit-jupiter-engine-5.10.2.jar:5.10.2]
	at java.base/java.util.stream.ReferencePipeline$3$1.accept(ReferencePipeline.java:197) ~[na:na]
	at java.base/java.util.stream.ReferencePipeline$2$1.accept(ReferencePipeline.java:179) ~[na:na]
	at java.base/java.util.ArrayList$ArrayListSpliterator.forEachRemaining(ArrayList.java:1708) ~[na:na]
	at java.base/java.util.stream.AbstractPipeline.copyInto(AbstractPipeline.java:509) ~[na:na]
	at java.base/java.util.stream.AbstractPipeline.wrapAndCopyInto(AbstractPipeline.java:499) ~[na:na]
	at java.base/java.util.stream.StreamSpliterators$WrappingSpliterator.forEachRemaining(StreamSpliterators.java:310) ~[na:na]
	at java.base/java.util.stream.Streams$ConcatSpliterator.forEachRemaining(Streams.java:735) ~[na:na]
	at java.base/java.util.stream.Streams$ConcatSpliterator.forEachRemaining(Streams.java:734) ~[na:na]
	at java.base/java.util.stream.ReferencePipeline$Head.forEach(ReferencePipeline.java:762) ~[na:na]
	at org.junit.jupiter.engine.descriptor.ClassBasedTestDescriptor.invokeTestInstancePostProcessors(ClassBasedTestDescriptor.java:377) ~[junit-jupiter-engine-5.10.2.jar:5.10.2]
	at org.junit.jupiter.engine.descriptor.ClassBasedTestDescriptor.lambda$instantiateAndPostProcessTestInstance$6(ClassBasedTestDescriptor.java:290) ~[junit-jupiter-engine-5.10.2.jar:5.10.2]
	at org.junit.platform.engine.support.hierarchical.ThrowableCollector.execute(ThrowableCollector.java:73) ~[junit-platform-engine-1.10.2.jar:1.10.2]
	at org.junit.jupiter.engine.descriptor.ClassBasedTestDescriptor.instantiateAndPostProcessTestInstance(ClassBasedTestDescriptor.java:289) ~[junit-jupiter-engine-5.10.2.jar:5.10.2]
	at org.junit.jupiter.engine.descriptor.ClassBasedTestDescriptor.lambda$testInstancesProvider$4(ClassBasedTestDescriptor.java:279) ~[junit-jupiter-engine-5.10.2.jar:5.10.2]
	at java.base/java.util.Optional.orElseGet(Optional.java:364) ~[na:na]
	at org.junit.jupiter.engine.descriptor.ClassBasedTestDescriptor.lambda$testInstancesProvider$5(ClassBasedTestDescriptor.java:278) ~[junit-jupiter-engine-5.10.2.jar:5.10.2]
	at org.junit.jupiter.engine.execution.TestInstancesProvider.getTestInstances(TestInstancesProvider.java:31) ~[junit-jupiter-engine-5.10.2.jar:5.10.2]
	at org.junit.jupiter.engine.descriptor.TestMethodTestDescriptor.lambda$prepare$0(TestMethodTestDescriptor.java:106) ~[junit-jupiter-engine-5.10.2.jar:5.10.2]
	at org.junit.platform.engine.support.hierarchical.ThrowableCollector.execute(ThrowableCollector.java:73) ~[junit-platform-engine-1.10.2.jar:1.10.2]
	at org.junit.jupiter.engine.descriptor.TestMethodTestDescriptor.prepare(TestMethodTestDescriptor.java:105) ~[junit-jupiter-engine-5.10.2.jar:5.10.2]
	at org.junit.jupiter.engine.descriptor.TestMethodTestDescriptor.prepare(TestMethodTestDescriptor.java:69) ~[junit-jupiter-engine-5.10.2.jar:5.10.2]
	at org.junit.platform.engine.support.hierarchical.NodeTestTask.lambda$prepare$2(NodeTestTask.java:123) ~[junit-platform-engine-1.10.2.jar:1.10.2]
	at org.junit.platform.engine.support.hierarchical.ThrowableCollector.execute(ThrowableCollector.java:73) ~[junit-platform-engine-1.10.2.jar:1.10.2]
	at org.junit.platform.engine.support.hierarchical.NodeTestTask.prepare(NodeTestTask.java:123) ~[junit-platform-engine-1.10.2.jar:1.10.2]
	at org.junit.platform.engine.support.hierarchical.NodeTestTask.execute(NodeTestTask.java:90) ~[junit-platform-engine-1.10.2.jar:1.10.2]
	at java.base/java.util.ArrayList.forEach(ArrayList.java:1596) ~[na:na]
	at org.junit.platform.engine.support.hierarchical.SameThreadHierarchicalTestExecutorService.invokeAll(SameThreadHierarchicalTestExecutorService.java:41) ~[junit-platform-engine-1.10.2.jar:1.10.2]
	at org.junit.platform.engine.support.hierarchical.NodeTestTask.lambda$executeRecursively$6(NodeTestTask.java:155) ~[junit-platform-engine-1.10.2.jar:1.10.2]
	at org.junit.platform.engine.support.hierarchical.ThrowableCollector.execute(ThrowableCollector.java:73) ~[junit-platform-engine-1.10.2.jar:1.10.2]
	at org.junit.platform.engine.support.hierarchical.NodeTestTask.lambda$executeRecursively$8(NodeTestTask.java:141) ~[junit-platform-engine-1.10.2.jar:1.10.2]
	at org.junit.platform.engine.support.hierarchical.Node.around(Node.java:137) ~[junit-platform-engine-1.10.2.jar:1.10.2]
	at org.junit.platform.engine.support.hierarchical.NodeTestTask.lambda$executeRecursively$9(NodeTestTask.java:139) ~[junit-platform-engine-1.10.2.jar:1.10.2]
	at org.junit.platform.engine.support.hierarchical.ThrowableCollector.execute(ThrowableCollector.java:73) ~[junit-platform-engine-1.10.2.jar:1.10.2]
	at org.junit.platform.engine.support.hierarchical.NodeTestTask.executeRecursively(NodeTestTask.java:138) ~[junit-platform-engine-1.10.2.jar:1.10.2]
	at org.junit.platform.engine.support.hierarchical.NodeTestTask.execute(NodeTestTask.java:95) ~[junit-platform-engine-1.10.2.jar:1.10.2]
	at java.base/java.util.ArrayList.forEach(ArrayList.java:1596) ~[na:na]
	at org.junit.platform.engine.support.hierarchical.SameThreadHierarchicalTestExecutorService.invokeAll(SameThreadHierarchicalTestExecutorService.java:41) ~[junit-platform-engine-1.10.2.jar:1.10.2]
	at org.junit.platform.engine.support.hierarchical.NodeTestTask.lambda$executeRecursively$6(NodeTestTask.java:155) ~[junit-platform-engine-1.10.2.jar:1.10.2]
	at org.junit.platform.engine.support.hierarchical.ThrowableCollector.execute(ThrowableCollector.java:73) ~[junit-platform-engine-1.10.2.jar:1.10.2]
	at org.junit.platform.engine.support.hierarchical.NodeTestTask.lambda$executeRecursively$8(NodeTestTask.java:141) ~[junit-platform-engine-1.10.2.jar:1.10.2]
	at org.junit.platform.engine.support.hierarchical.Node.around(Node.java:137) ~[junit-platform-engine-1.10.2.jar:1.10.2]
	at org.junit.platform.engine.support.hierarchical.NodeTestTask.lambda$executeRecursively$9(NodeTestTask.java:139) ~[junit-platform-engine-1.10.2.jar:1.10.2]
	at org.junit.platform.engine.support.hierarchical.ThrowableCollector.execute(ThrowableCollector.java:73) ~[junit-platform-engine-1.10.2.jar:1.10.2]
	at org.junit.platform.engine.support.hierarchical.NodeTestTask.executeRecursively(NodeTestTask.java:138) ~[junit-platform-engine-1.10.2.jar:1.10.2]
	at org.junit.platform.engine.support.hierarchical.NodeTestTask.execute(NodeTestTask.java:95) ~[junit-platform-engine-1.10.2.jar:1.10.2]
	at org.junit.platform.engine.support.hierarchical.SameThreadHierarchicalTestExecutorService.submit(SameThreadHierarchicalTestExecutorService.java:35) ~[junit-platform-engine-1.10.2.jar:1.10.2]
	at org.junit.platform.engine.support.hierarchical.HierarchicalTestExecutor.execute(HierarchicalTestExecutor.java:57) ~[junit-platform-engine-1.10.2.jar:1.10.2]
	at org.junit.platform.engine.support.hierarchical.HierarchicalTestEngine.execute(HierarchicalTestEngine.java:54) ~[junit-platform-engine-1.10.2.jar:1.10.2]
	at org.junit.platform.launcher.core.EngineExecutionOrchestrator.execute(EngineExecutionOrchestrator.java:198) ~[junit-platform-launcher-1.10.2.jar:1.10.2]
	at org.junit.platform.launcher.core.EngineExecutionOrchestrator.execute(EngineExecutionOrchestrator.java:169) ~[junit-platform-launcher-1.10.2.jar:1.10.2]
	at org.junit.platform.launcher.core.EngineExecutionOrchestrator.execute(EngineExecutionOrchestrator.java:93) ~[junit-platform-launcher-1.10.2.jar:1.10.2]
	at org.junit.platform.launcher.core.EngineExecutionOrchestrator.lambda$execute$0(EngineExecutionOrchestrator.java:58) ~[junit-platform-launcher-1.10.2.jar:1.10.2]
	at org.junit.platform.launcher.core.EngineExecutionOrchestrator.withInterceptedStreams(EngineExecutionOrchestrator.java:141) ~[junit-platform-launcher-1.10.2.jar:1.10.2]
	at org.junit.platform.launcher.core.EngineExecutionOrchestrator.execute(EngineExecutionOrchestrator.java:57) ~[junit-platform-launcher-1.10.2.jar:1.10.2]
	at org.junit.platform.launcher.core.DefaultLauncher.execute(DefaultLauncher.java:103) ~[junit-platform-launcher-1.10.2.jar:1.10.2]
	at org.junit.platform.launcher.core.DefaultLauncher.execute(DefaultLauncher.java:85) ~[junit-platform-launcher-1.10.2.jar:1.10.2]
	at org.junit.platform.launcher.core.DelegatingLauncher.execute(DelegatingLauncher.java:47) ~[junit-platform-launcher-1.10.2.jar:1.10.2]
	at org.apache.maven.surefire.junitplatform.LazyLauncher.execute(LazyLauncher.java:56) ~[surefire-junit-platform-3.1.2.jar:3.1.2]
	at org.apache.maven.surefire.junitplatform.JUnitPlatformProvider.execute(JUnitPlatformProvider.java:184) ~[surefire-junit-platform-3.1.2.jar:3.1.2]
	at org.apache.maven.surefire.junitplatform.JUnitPlatformProvider.invokeAllTests(JUnitPlatformProvider.java:148) ~[surefire-junit-platform-3.1.2.jar:3.1.2]
	at org.apache.maven.surefire.junitplatform.JUnitPlatformProvider.invoke(JUnitPlatformProvider.java:122) ~[surefire-junit-platform-3.1.2.jar:3.1.2]
	at org.apache.maven.surefire.booter.ForkedBooter.runSuitesInProcess(ForkedBooter.java:385) ~[surefire-booter-3.1.2.jar:3.1.2]
	at org.apache.maven.surefire.booter.ForkedBooter.execute(ForkedBooter.java:162) ~[surefire-booter-3.1.2.jar:3.1.2]
	at org.apache.maven.surefire.booter.ForkedBooter.run(ForkedBooter.java:507) ~[surefire-booter-3.1.2.jar:3.1.2]
	at org.apache.maven.surefire.booter.ForkedBooter.main(ForkedBooter.java:495) ~[surefire-booter-3.1.2.jar:3.1.2]
Caused by: org.postgresql.util.PSQLException: ERROR: syntax error at or near "user"
  Position: 143
	at org.postgresql.core.v3.QueryExecutorImpl.receiveErrorResponse(QueryExecutorImpl.java:2713) ~[postgresql-42.6.2.jar:42.6.2]
	at org.postgresql.core.v3.QueryExecutorImpl.processResults(QueryExecutorImpl.java:2401) ~[postgresql-42.6.2.jar:42.6.2]
	at org.postgresql.core.v3.QueryExecutorImpl.execute(QueryExecutorImpl.java:368) ~[postgresql-42.6.2.jar:42.6.2]
	at org.postgresql.jdbc.PgStatement.executeInternal(PgStatement.java:498) ~[postgresql-42.6.2.jar:42.6.2]
	at org.postgresql.jdbc.PgStatement.execute(PgStatement.java:415) ~[postgresql-42.6.2.jar:42.6.2]
	at org.postgresql.jdbc.PgStatement.executeWithFlags(PgStatement.java:335) ~[postgresql-42.6.2.jar:42.6.2]
	at org.postgresql.jdbc.PgStatement.executeCachedSql(PgStatement.java:321) ~[postgresql-42.6.2.jar:42.6.2]
	at org.postgresql.jdbc.PgStatement.executeWithFlags(PgStatement.java:297) ~[postgresql-42.6.2.jar:42.6.2]
	at org.postgresql.jdbc.PgStatement.execute(PgStatement.java:292) ~[postgresql-42.6.2.jar:42.6.2]
	at com.zaxxer.hikari.pool.ProxyStatement.execute(ProxyStatement.java:94) ~[HikariCP-5.0.1.jar:na]
	at com.zaxxer.hikari.pool.HikariProxyStatement.execute(HikariProxyStatement.java) ~[HikariCP-5.0.1.jar:na]
	at org.hibernate.tool.schema.internal.exec.GenerationTargetToDatabase.accept(GenerationTargetToDatabase.java:80) ~[hibernate-core-6.4.8.Final.jar:6.4.8.Final]
	... 116 common frames omitted

2024-06-27T14:13:00.246-05:00 DEBUG 22344 --- [mindcare-backend] [           main] o.h.internal.SessionFactoryRegistry      : Initializing SessionFactoryRegistry : org.hibernate.internal.SessionFactoryRegistry@2fcad739
2024-06-27T14:13:00.246-05:00 DEBUG 22344 --- [mindcare-backend] [           main] o.h.internal.SessionFactoryRegistry      : Registering SessionFactory: 961cf516-27bd-4faf-860c-17384403e2f5 (<unnamed>)
2024-06-27T14:13:00.246-05:00 DEBUG 22344 --- [mindcare-backend] [           main] o.h.internal.SessionFactoryRegistry      : Not binding SessionFactory to JNDI, no JNDI name configured
2024-06-27T14:13:00.246-05:00 DEBUG 22344 --- [mindcare-backend] [           main] o.hibernate.internal.SessionFactoryImpl  : Instantiated SessionFactory
2024-06-27T14:13:00.246-05:00  INFO 22344 --- [mindcare-backend] [           main] j.LocalContainerEntityManagerFactoryBean : Initialized JPA EntityManagerFactory for persistence unit 'default'
2024-06-27T14:13:00.252-05:00 DEBUG 22344 --- [mindcare-backend] [           main] o.s.b.f.s.DefaultListableBeanFactory     : Creating shared instance of singleton bean 'mindCarePlatformApplication'
2024-06-27T14:13:00.254-05:00 DEBUG 22344 --- [mindcare-backend] [           main] o.s.b.f.s.DefaultListableBeanFactory     : Creating shared instance of singleton bean 'appointmentCommandServiceImpl'
2024-06-27T14:13:00.256-05:00 DEBUG 22344 --- [mindcare-backend] [           main] o.s.b.f.s.DefaultListableBeanFactory     : Creating shared instance of singleton bean 'appointmentRepository'
2024-06-27T14:13:00.267-05:00 DEBUG 22344 --- [mindcare-backend] [           main] o.s.b.f.s.DefaultListableBeanFactory     : Creating shared instance of singleton bean 'jpa.named-queries#1'
2024-06-27T14:13:00.270-05:00 DEBUG 22344 --- [mindcare-backend] [           main] o.s.b.f.s.DefaultListableBeanFactory     : Creating shared instance of singleton bean 'jpa.AppointmentRepository.fragments#0'
2024-06-27T14:13:00.275-05:00 DEBUG 22344 --- [mindcare-backend] [           main] o.s.b.f.s.DefaultListableBeanFactory     : Creating shared instance of singleton bean 'jpaSharedEM_entityManagerFactory'
2024-06-27T14:13:00.302-05:00 DEBUG 22344 --- [mindcare-backend] [           main] o.s.b.f.s.DefaultListableBeanFactory     : Creating shared instance of singleton bean 'jpaMappingContext'
2024-06-27T14:13:00.302-05:00 DEBUG 22344 --- [mindcare-backend] [           main] .c.JpaMetamodelMappingContextFactoryBean : Initializing JpaMetamodelMappingContext…
2024-06-27T14:13:00.320-05:00 DEBUG 22344 --- [mindcare-backend] [           main] .c.JpaMetamodelMappingContextFactoryBean : Finished initializing JpaMetamodelMappingContext
2024-06-27T14:13:00.351-05:00 DEBUG 22344 --- [mindcare-backend] [           main] tor$SharedEntityManagerInvocationHandler : Creating new EntityManager for shared EntityManager invocation
2024-06-27T14:13:00.396-05:00 DEBUG 22344 --- [mindcare-backend] [           main] o.h.stat.internal.StatisticsInitiator    : Statistics initialized [enabled=false]
2024-06-27T14:13:00.405-05:00 DEBUG 22344 --- [mindcare-backend] [           main] tor$SharedEntityManagerInvocationHandler : Creating new EntityManager for shared EntityManager invocation
2024-06-27T14:13:00.448-05:00 DEBUG 22344 --- [mindcare-backend] [           main] o.s.d.r.c.s.RepositoryFactorySupport     : Initializing repository instance for pe.edu.upc.mind.care.platform.appointmentManagement.infrastructure.persistence.jpa.repositories.AppointmentRepository…
2024-06-27T14:13:00.470-05:00 DEBUG 22344 --- [mindcare-backend] [           main] tor$SharedEntityManagerInvocationHandler : Creating new EntityManager for shared EntityManager invocation
2024-06-27T14:13:00.510-05:00 DEBUG 22344 --- [mindcare-backend] [           main] o.s.d.jpa.repository.query.NamedQuery    : Looking up named query Appointment.existsByDateAndPatientIdAndPsychologistId
2024-06-27T14:13:00.512-05:00 DEBUG 22344 --- [mindcare-backend] [           main] cResourceLocalTransactionCoordinatorImpl : JDBC transaction marked for rollback-only (exception provided for stack trace)

java.lang.Exception: exception just for purpose of providing stack trace
	at org.hibernate.resource.transaction.backend.jdbc.internal.JdbcResourceLocalTransactionCoordinatorImpl$TransactionDriverControlImpl.markRollbackOnly(JdbcResourceLocalTransactionCoordinatorImpl.java:310) ~[hibernate-core-6.4.8.Final.jar:6.4.8.Final]
	at org.hibernate.internal.AbstractSharedSessionContract.buildNamedQuery(AbstractSharedSessionContract.java:1097) ~[hibernate-core-6.4.8.Final.jar:6.4.8.Final]
	at org.hibernate.internal.AbstractSharedSessionContract.createNamedQuery(AbstractSharedSessionContract.java:975) ~[hibernate-core-6.4.8.Final.jar:6.4.8.Final]
	at org.hibernate.internal.AbstractSharedSessionContract.createNamedQuery(AbstractSharedSessionContract.java:136) ~[hibernate-core-6.4.8.Final.jar:6.4.8.Final]
	at java.base/jdk.internal.reflect.DirectMethodHandleAccessor.invoke(DirectMethodHandleAccessor.java:103) ~[na:na]
	at java.base/java.lang.reflect.Method.invoke(Method.java:580) ~[na:na]
	at org.springframework.orm.jpa.ExtendedEntityManagerCreator$ExtendedEntityManagerInvocationHandler.invoke(ExtendedEntityManagerCreator.java:364) ~[spring-orm-6.1.8.jar:6.1.8]
	at jdk.proxy2/jdk.proxy2.$Proxy161.createNamedQuery(Unknown Source) ~[na:na]
	at org.springframework.data.jpa.repository.query.NamedQuery.hasNamedQuery(NamedQuery.java:113) ~[spring-data-jpa-3.2.6.jar:3.2.6]
	at org.springframework.data.jpa.repository.query.NamedQuery.lookupFrom(NamedQuery.java:141) ~[spring-data-jpa-3.2.6.jar:3.2.6]
	at org.springframework.data.jpa.repository.query.JpaQueryLookupStrategy$DeclaredQueryLookupStrategy.resolveQuery(JpaQueryLookupStrategy.java:180) ~[spring-data-jpa-3.2.6.jar:3.2.6]
	at org.springframework.data.jpa.repository.query.JpaQueryLookupStrategy$CreateIfNotFoundQueryLookupStrategy.resolveQuery(JpaQueryLookupStrategy.java:252) ~[spring-data-jpa-3.2.6.jar:3.2.6]
	at org.springframework.data.jpa.repository.query.JpaQueryLookupStrategy$AbstractQueryLookupStrategy.resolveQuery(JpaQueryLookupStrategy.java:95) ~[spring-data-jpa-3.2.6.jar:3.2.6]
	at org.springframework.data.repository.core.support.QueryExecutorMethodInterceptor.lookupQuery(QueryExecutorMethodInterceptor.java:111) ~[spring-data-commons-3.2.6.jar:3.2.6]
	at org.springframework.data.repository.core.support.QueryExecutorMethodInterceptor.mapMethodsToQuery(QueryExecutorMethodInterceptor.java:99) ~[spring-data-commons-3.2.6.jar:3.2.6]
	at org.springframework.data.repository.core.support.QueryExecutorMethodInterceptor.lambda$new$0(QueryExecutorMethodInterceptor.java:88) ~[spring-data-commons-3.2.6.jar:3.2.6]
	at java.base/java.util.Optional.map(Optional.java:260) ~[na:na]
	at org.springframework.data.repository.core.support.QueryExecutorMethodInterceptor.<init>(QueryExecutorMethodInterceptor.java:88) ~[spring-data-commons-3.2.6.jar:3.2.6]
	at org.springframework.data.repository.core.support.RepositoryFactorySupport.getRepository(RepositoryFactorySupport.java:357) ~[spring-data-commons-3.2.6.jar:3.2.6]
	at org.springframework.data.repository.core.support.RepositoryFactoryBeanSupport.lambda$afterPropertiesSet$5(RepositoryFactoryBeanSupport.java:286) ~[spring-data-commons-3.2.6.jar:3.2.6]
	at org.springframework.data.util.Lazy.getNullable(Lazy.java:135) ~[spring-data-commons-3.2.6.jar:3.2.6]
	at org.springframework.data.util.Lazy.get(Lazy.java:113) ~[spring-data-commons-3.2.6.jar:3.2.6]
	at org.springframework.data.repository.core.support.RepositoryFactoryBeanSupport.afterPropertiesSet(RepositoryFactoryBeanSupport.java:292) ~[spring-data-commons-3.2.6.jar:3.2.6]
	at org.springframework.data.jpa.repository.support.JpaRepositoryFactoryBean.afterPropertiesSet(JpaRepositoryFactoryBean.java:132) ~[spring-data-jpa-3.2.6.jar:3.2.6]
	at org.springframework.beans.factory.support.AbstractAutowireCapableBeanFactory.invokeInitMethods(AbstractAutowireCapableBeanFactory.java:1835) ~[spring-beans-6.1.8.jar:6.1.8]
	at org.springframework.beans.factory.support.AbstractAutowireCapableBeanFactory.initializeBean(AbstractAutowireCapableBeanFactory.java:1784) ~[spring-beans-6.1.8.jar:6.1.8]
	at org.springframework.beans.factory.support.AbstractAutowireCapableBeanFactory.doCreateBean(AbstractAutowireCapableBeanFactory.java:600) ~[spring-beans-6.1.8.jar:6.1.8]
	at org.springframework.beans.factory.support.AbstractAutowireCapableBeanFactory.createBean(AbstractAutowireCapableBeanFactory.java:522) ~[spring-beans-6.1.8.jar:6.1.8]
	at org.springframework.beans.factory.support.AbstractBeanFactory.lambda$doGetBean$0(AbstractBeanFactory.java:337) ~[spring-beans-6.1.8.jar:6.1.8]
	at org.springframework.beans.factory.support.DefaultSingletonBeanRegistry.getSingleton(DefaultSingletonBeanRegistry.java:234) ~[spring-beans-6.1.8.jar:6.1.8]
	at org.springframework.beans.factory.support.AbstractBeanFactory.doGetBean(AbstractBeanFactory.java:335) ~[spring-beans-6.1.8.jar:6.1.8]
	at org.springframework.beans.factory.support.AbstractBeanFactory.getBean(AbstractBeanFactory.java:200) ~[spring-beans-6.1.8.jar:6.1.8]
	at org.springframework.beans.factory.config.DependencyDescriptor.resolveCandidate(DependencyDescriptor.java:254) ~[spring-beans-6.1.8.jar:6.1.8]
	at org.springframework.beans.factory.support.DefaultListableBeanFactory.doResolveDependency(DefaultListableBeanFactory.java:1443) ~[spring-beans-6.1.8.jar:6.1.8]
	at org.springframework.beans.factory.support.DefaultListableBeanFactory.resolveDependency(DefaultListableBeanFactory.java:1353) ~[spring-beans-6.1.8.jar:6.1.8]
	at org.springframework.beans.factory.support.ConstructorResolver.resolveAutowiredArgument(ConstructorResolver.java:904) ~[spring-beans-6.1.8.jar:6.1.8]
	at org.springframework.beans.factory.support.ConstructorResolver.createArgumentArray(ConstructorResolver.java:782) ~[spring-beans-6.1.8.jar:6.1.8]
	at org.springframework.beans.factory.support.ConstructorResolver.autowireConstructor(ConstructorResolver.java:237) ~[spring-beans-6.1.8.jar:6.1.8]
	at org.springframework.beans.factory.support.AbstractAutowireCapableBeanFactory.autowireConstructor(AbstractAutowireCapableBeanFactory.java:1357) ~[spring-beans-6.1.8.jar:6.1.8]
	at org.springframework.beans.factory.support.AbstractAutowireCapableBeanFactory.createBeanInstance(AbstractAutowireCapableBeanFactory.java:1194) ~[spring-beans-6.1.8.jar:6.1.8]
	at org.springframework.beans.factory.support.AbstractAutowireCapableBeanFactory.doCreateBean(AbstractAutowireCapableBeanFactory.java:562) ~[spring-beans-6.1.8.jar:6.1.8]
	at org.springframework.beans.factory.support.AbstractAutowireCapableBeanFactory.createBean(AbstractAutowireCapableBeanFactory.java:522) ~[spring-beans-6.1.8.jar:6.1.8]
	at org.springframework.beans.factory.support.AbstractBeanFactory.lambda$doGetBean$0(AbstractBeanFactory.java:337) ~[spring-beans-6.1.8.jar:6.1.8]
	at org.springframework.beans.factory.support.DefaultSingletonBeanRegistry.getSingleton(DefaultSingletonBeanRegistry.java:234) ~[spring-beans-6.1.8.jar:6.1.8]
	at org.springframework.beans.factory.support.AbstractBeanFactory.doGetBean(AbstractBeanFactory.java:335) ~[spring-beans-6.1.8.jar:6.1.8]
	at org.springframework.beans.factory.support.AbstractBeanFactory.getBean(AbstractBeanFactory.java:200) ~[spring-beans-6.1.8.jar:6.1.8]
	at org.springframework.beans.factory.support.DefaultListableBeanFactory.preInstantiateSingletons(DefaultListableBeanFactory.java:975) ~[spring-beans-6.1.8.jar:6.1.8]
	at org.springframework.context.support.AbstractApplicationContext.finishBeanFactoryInitialization(AbstractApplicationContext.java:962) ~[spring-context-6.1.8.jar:6.1.8]
	at org.springframework.context.support.AbstractApplicationContext.refresh(AbstractApplicationContext.java:624) ~[spring-context-6.1.8.jar:6.1.8]
	at org.springframework.boot.SpringApplication.refresh(SpringApplication.java:754) ~[spring-boot-3.2.6.jar:3.2.6]
	at org.springframework.boot.SpringApplication.refreshContext(SpringApplication.java:456) ~[spring-boot-3.2.6.jar:3.2.6]
	at org.springframework.boot.SpringApplication.run(SpringApplication.java:335) ~[spring-boot-3.2.6.jar:3.2.6]
	at org.springframework.boot.test.context.SpringBootContextLoader.lambda$loadContext$3(SpringBootContextLoader.java:137) ~[spring-boot-test-3.2.6.jar:3.2.6]
	at org.springframework.util.function.ThrowingSupplier.get(ThrowingSupplier.java:58) ~[spring-core-6.1.8.jar:6.1.8]
	at org.springframework.util.function.ThrowingSupplier.get(ThrowingSupplier.java:46) ~[spring-core-6.1.8.jar:6.1.8]
	at org.springframework.boot.SpringApplication.withHook(SpringApplication.java:1463) ~[spring-boot-3.2.6.jar:3.2.6]
	at org.springframework.boot.test.context.SpringBootContextLoader$ContextLoaderHook.run(SpringBootContextLoader.java:553) ~[spring-boot-test-3.2.6.jar:3.2.6]
	at org.springframework.boot.test.context.SpringBootContextLoader.loadContext(SpringBootContextLoader.java:137) ~[spring-boot-test-3.2.6.jar:3.2.6]
	at org.springframework.boot.test.context.SpringBootContextLoader.loadContext(SpringBootContextLoader.java:108) ~[spring-boot-test-3.2.6.jar:3.2.6]
	at org.springframework.test.context.cache.DefaultCacheAwareContextLoaderDelegate.loadContextInternal(DefaultCacheAwareContextLoaderDelegate.java:225) ~[spring-test-6.1.8.jar:6.1.8]
	at org.springframework.test.context.cache.DefaultCacheAwareContextLoaderDelegate.loadContext(DefaultCacheAwareContextLoaderDelegate.java:152) ~[spring-test-6.1.8.jar:6.1.8]
	at org.springframework.test.context.support.DefaultTestContext.getApplicationContext(DefaultTestContext.java:130) ~[spring-test-6.1.8.jar:6.1.8]
	at org.springframework.test.context.web.ServletTestExecutionListener.setUpRequestContextIfNecessary(ServletTestExecutionListener.java:191) ~[spring-test-6.1.8.jar:6.1.8]
	at org.springframework.test.context.web.ServletTestExecutionListener.prepareTestInstance(ServletTestExecutionListener.java:130) ~[spring-test-6.1.8.jar:6.1.8]
	at org.springframework.test.context.TestContextManager.prepareTestInstance(TestContextManager.java:260) ~[spring-test-6.1.8.jar:6.1.8]
	at org.springframework.test.context.junit.jupiter.SpringExtension.postProcessTestInstance(SpringExtension.java:163) ~[spring-test-6.1.8.jar:6.1.8]
	at org.junit.jupiter.engine.descriptor.ClassBasedTestDescriptor.lambda$invokeTestInstancePostProcessors$10(ClassBasedTestDescriptor.java:378) ~[junit-jupiter-engine-5.10.2.jar:5.10.2]
	at org.junit.jupiter.engine.descriptor.ClassBasedTestDescriptor.executeAndMaskThrowable(ClassBasedTestDescriptor.java:383) ~[junit-jupiter-engine-5.10.2.jar:5.10.2]
	at org.junit.jupiter.engine.descriptor.ClassBasedTestDescriptor.lambda$invokeTestInstancePostProcessors$11(ClassBasedTestDescriptor.java:378) ~[junit-jupiter-engine-5.10.2.jar:5.10.2]
	at java.base/java.util.stream.ReferencePipeline$3$1.accept(ReferencePipeline.java:197) ~[na:na]
	at java.base/java.util.stream.ReferencePipeline$2$1.accept(ReferencePipeline.java:179) ~[na:na]
	at java.base/java.util.ArrayList$ArrayListSpliterator.forEachRemaining(ArrayList.java:1708) ~[na:na]
	at java.base/java.util.stream.AbstractPipeline.copyInto(AbstractPipeline.java:509) ~[na:na]
	at java.base/java.util.stream.AbstractPipeline.wrapAndCopyInto(AbstractPipeline.java:499) ~[na:na]
	at java.base/java.util.stream.StreamSpliterators$WrappingSpliterator.forEachRemaining(StreamSpliterators.java:310) ~[na:na]
	at java.base/java.util.stream.Streams$ConcatSpliterator.forEachRemaining(Streams.java:735) ~[na:na]
	at java.base/java.util.stream.Streams$ConcatSpliterator.forEachRemaining(Streams.java:734) ~[na:na]
	at java.base/java.util.stream.ReferencePipeline$Head.forEach(ReferencePipeline.java:762) ~[na:na]
	at org.junit.jupiter.engine.descriptor.ClassBasedTestDescriptor.invokeTestInstancePostProcessors(ClassBasedTestDescriptor.java:377) ~[junit-jupiter-engine-5.10.2.jar:5.10.2]
	at org.junit.jupiter.engine.descriptor.ClassBasedTestDescriptor.lambda$instantiateAndPostProcessTestInstance$6(ClassBasedTestDescriptor.java:290) ~[junit-jupiter-engine-5.10.2.jar:5.10.2]
	at org.junit.platform.engine.support.hierarchical.ThrowableCollector.execute(ThrowableCollector.java:73) ~[junit-platform-engine-1.10.2.jar:1.10.2]
	at org.junit.jupiter.engine.descriptor.ClassBasedTestDescriptor.instantiateAndPostProcessTestInstance(ClassBasedTestDescriptor.java:289) ~[junit-jupiter-engine-5.10.2.jar:5.10.2]
	at org.junit.jupiter.engine.descriptor.ClassBasedTestDescriptor.lambda$testInstancesProvider$4(ClassBasedTestDescriptor.java:279) ~[junit-jupiter-engine-5.10.2.jar:5.10.2]
	at java.base/java.util.Optional.orElseGet(Optional.java:364) ~[na:na]
	at org.junit.jupiter.engine.descriptor.ClassBasedTestDescriptor.lambda$testInstancesProvider$5(ClassBasedTestDescriptor.java:278) ~[junit-jupiter-engine-5.10.2.jar:5.10.2]
	at org.junit.jupiter.engine.execution.TestInstancesProvider.getTestInstances(TestInstancesProvider.java:31) ~[junit-jupiter-engine-5.10.2.jar:5.10.2]
	at org.junit.jupiter.engine.descriptor.TestMethodTestDescriptor.lambda$prepare$0(TestMethodTestDescriptor.java:106) ~[junit-jupiter-engine-5.10.2.jar:5.10.2]
	at org.junit.platform.engine.support.hierarchical.ThrowableCollector.execute(ThrowableCollector.java:73) ~[junit-platform-engine-1.10.2.jar:1.10.2]
	at org.junit.jupiter.engine.descriptor.TestMethodTestDescriptor.prepare(TestMethodTestDescriptor.java:105) ~[junit-jupiter-engine-5.10.2.jar:5.10.2]
	at org.junit.jupiter.engine.descriptor.TestMethodTestDescriptor.prepare(TestMethodTestDescriptor.java:69) ~[junit-jupiter-engine-5.10.2.jar:5.10.2]
	at org.junit.platform.engine.support.hierarchical.NodeTestTask.lambda$prepare$2(NodeTestTask.java:123) ~[junit-platform-engine-1.10.2.jar:1.10.2]
	at org.junit.platform.engine.support.hierarchical.ThrowableCollector.execute(ThrowableCollector.java:73) ~[junit-platform-engine-1.10.2.jar:1.10.2]
	at org.junit.platform.engine.support.hierarchical.NodeTestTask.prepare(NodeTestTask.java:123) ~[junit-platform-engine-1.10.2.jar:1.10.2]
	at org.junit.platform.engine.support.hierarchical.NodeTestTask.execute(NodeTestTask.java:90) ~[junit-platform-engine-1.10.2.jar:1.10.2]
	at java.base/java.util.ArrayList.forEach(ArrayList.java:1596) ~[na:na]
	at org.junit.platform.engine.support.hierarchical.SameThreadHierarchicalTestExecutorService.invokeAll(SameThreadHierarchicalTestExecutorService.java:41) ~[junit-platform-engine-1.10.2.jar:1.10.2]
	at org.junit.platform.engine.support.hierarchical.NodeTestTask.lambda$executeRecursively$6(NodeTestTask.java:155) ~[junit-platform-engine-1.10.2.jar:1.10.2]
	at org.junit.platform.engine.support.hierarchical.ThrowableCollector.execute(ThrowableCollector.java:73) ~[junit-platform-engine-1.10.2.jar:1.10.2]
	at org.junit.platform.engine.support.hierarchical.NodeTestTask.lambda$executeRecursively$8(NodeTestTask.java:141) ~[junit-platform-engine-1.10.2.jar:1.10.2]
	at org.junit.platform.engine.support.hierarchical.Node.around(Node.java:137) ~[junit-platform-engine-1.10.2.jar:1.10.2]
	at org.junit.platform.engine.support.hierarchical.NodeTestTask.lambda$executeRecursively$9(NodeTestTask.java:139) ~[junit-platform-engine-1.10.2.jar:1.10.2]
	at org.junit.platform.engine.support.hierarchical.ThrowableCollector.execute(ThrowableCollector.java:73) ~[junit-platform-engine-1.10.2.jar:1.10.2]
	at org.junit.platform.engine.support.hierarchical.NodeTestTask.executeRecursively(NodeTestTask.java:138) ~[junit-platform-engine-1.10.2.jar:1.10.2]
	at org.junit.platform.engine.support.hierarchical.NodeTestTask.execute(NodeTestTask.java:95) ~[junit-platform-engine-1.10.2.jar:1.10.2]
	at java.base/java.util.ArrayList.forEach(ArrayList.java:1596) ~[na:na]
	at org.junit.platform.engine.support.hierarchical.SameThreadHierarchicalTestExecutorService.invokeAll(SameThreadHierarchicalTestExecutorService.java:41) ~[junit-platform-engine-1.10.2.jar:1.10.2]
	at org.junit.platform.engine.support.hierarchical.NodeTestTask.lambda$executeRecursively$6(NodeTestTask.java:155) ~[junit-platform-engine-1.10.2.jar:1.10.2]
	at org.junit.platform.engine.support.hierarchical.ThrowableCollector.execute(ThrowableCollector.java:73) ~[junit-platform-engine-1.10.2.jar:1.10.2]
	at org.junit.platform.engine.support.hierarchical.NodeTestTask.lambda$executeRecursively$8(NodeTestTask.java:141) ~[junit-platform-engine-1.10.2.jar:1.10.2]
	at org.junit.platform.engine.support.hierarchical.Node.around(Node.java:137) ~[junit-platform-engine-1.10.2.jar:1.10.2]
	at org.junit.platform.engine.support.hierarchical.NodeTestTask.lambda$executeRecursively$9(NodeTestTask.java:139) ~[junit-platform-engine-1.10.2.jar:1.10.2]
	at org.junit.platform.engine.support.hierarchical.ThrowableCollector.execute(ThrowableCollector.java:73) ~[junit-platform-engine-1.10.2.jar:1.10.2]
	at org.junit.platform.engine.support.hierarchical.NodeTestTask.executeRecursively(NodeTestTask.java:138) ~[junit-platform-engine-1.10.2.jar:1.10.2]
	at org.junit.platform.engine.support.hierarchical.NodeTestTask.execute(NodeTestTask.java:95) ~[junit-platform-engine-1.10.2.jar:1.10.2]
	at org.junit.platform.engine.support.hierarchical.SameThreadHierarchicalTestExecutorService.submit(SameThreadHierarchicalTestExecutorService.java:35) ~[junit-platform-engine-1.10.2.jar:1.10.2]
	at org.junit.platform.engine.support.hierarchical.HierarchicalTestExecutor.execute(HierarchicalTestExecutor.java:57) ~[junit-platform-engine-1.10.2.jar:1.10.2]
	at org.junit.platform.engine.support.hierarchical.HierarchicalTestEngine.execute(HierarchicalTestEngine.java:54) ~[junit-platform-engine-1.10.2.jar:1.10.2]
	at org.junit.platform.launcher.core.EngineExecutionOrchestrator.execute(EngineExecutionOrchestrator.java:198) ~[junit-platform-launcher-1.10.2.jar:1.10.2]
	at org.junit.platform.launcher.core.EngineExecutionOrchestrator.execute(EngineExecutionOrchestrator.java:169) ~[junit-platform-launcher-1.10.2.jar:1.10.2]
	at org.junit.platform.launcher.core.EngineExecutionOrchestrator.execute(EngineExecutionOrchestrator.java:93) ~[junit-platform-launcher-1.10.2.jar:1.10.2]
	at org.junit.platform.launcher.core.EngineExecutionOrchestrator.lambda$execute$0(EngineExecutionOrchestrator.java:58) ~[junit-platform-launcher-1.10.2.jar:1.10.2]
	at org.junit.platform.launcher.core.EngineExecutionOrchestrator.withInterceptedStreams(EngineExecutionOrchestrator.java:141) ~[junit-platform-launcher-1.10.2.jar:1.10.2]
	at org.junit.platform.launcher.core.EngineExecutionOrchestrator.execute(EngineExecutionOrchestrator.java:57) ~[junit-platform-launcher-1.10.2.jar:1.10.2]
	at org.junit.platform.launcher.core.DefaultLauncher.execute(DefaultLauncher.java:103) ~[junit-platform-launcher-1.10.2.jar:1.10.2]
	at org.junit.platform.launcher.core.DefaultLauncher.execute(DefaultLauncher.java:85) ~[junit-platform-launcher-1.10.2.jar:1.10.2]
	at org.junit.platform.launcher.core.DelegatingLauncher.execute(DelegatingLauncher.java:47) ~[junit-platform-launcher-1.10.2.jar:1.10.2]
	at org.apache.maven.surefire.junitplatform.LazyLauncher.execute(LazyLauncher.java:56) ~[surefire-junit-platform-3.1.2.jar:3.1.2]
	at org.apache.maven.surefire.junitplatform.JUnitPlatformProvider.execute(JUnitPlatformProvider.java:184) ~[surefire-junit-platform-3.1.2.jar:3.1.2]
	at org.apache.maven.surefire.junitplatform.JUnitPlatformProvider.invokeAllTests(JUnitPlatformProvider.java:148) ~[surefire-junit-platform-3.1.2.jar:3.1.2]
	at org.apache.maven.surefire.junitplatform.JUnitPlatformProvider.invoke(JUnitPlatformProvider.java:122) ~[surefire-junit-platform-3.1.2.jar:3.1.2]
	at org.apache.maven.surefire.booter.ForkedBooter.runSuitesInProcess(ForkedBooter.java:385) ~[surefire-booter-3.1.2.jar:3.1.2]
	at org.apache.maven.surefire.booter.ForkedBooter.execute(ForkedBooter.java:162) ~[surefire-booter-3.1.2.jar:3.1.2]
	at org.apache.maven.surefire.booter.ForkedBooter.run(ForkedBooter.java:507) ~[surefire-booter-3.1.2.jar:3.1.2]
	at org.apache.maven.surefire.booter.ForkedBooter.main(ForkedBooter.java:495) ~[surefire-booter-3.1.2.jar:3.1.2]

2024-06-27T14:13:00.513-05:00 DEBUG 22344 --- [mindcare-backend] [           main] o.s.d.jpa.repository.query.NamedQuery    : Did not find named query Appointment.existsByDateAndPatientIdAndPsychologistId
2024-06-27T14:13:00.515-05:00 DEBUG 22344 --- [mindcare-backend] [           main] tor$SharedEntityManagerInvocationHandler : Creating new EntityManager for shared EntityManager invocation
2024-06-27T14:13:00.570-05:00 DEBUG 22344 --- [mindcare-backend] [           main] o.s.d.jpa.repository.query.NamedQuery    : Looking up named query Appointment.existsByTitle
2024-06-27T14:13:00.571-05:00 DEBUG 22344 --- [mindcare-backend] [           main] cResourceLocalTransactionCoordinatorImpl : JDBC transaction marked for rollback-only (exception provided for stack trace)

java.lang.Exception: exception just for purpose of providing stack trace
	at org.hibernate.resource.transaction.backend.jdbc.internal.JdbcResourceLocalTransactionCoordinatorImpl$TransactionDriverControlImpl.markRollbackOnly(JdbcResourceLocalTransactionCoordinatorImpl.java:310) ~[hibernate-core-6.4.8.Final.jar:6.4.8.Final]
	at org.hibernate.internal.AbstractSharedSessionContract.buildNamedQuery(AbstractSharedSessionContract.java:1097) ~[hibernate-core-6.4.8.Final.jar:6.4.8.Final]
	at org.hibernate.internal.AbstractSharedSessionContract.createNamedQuery(AbstractSharedSessionContract.java:975) ~[hibernate-core-6.4.8.Final.jar:6.4.8.Final]
	at org.hibernate.internal.AbstractSharedSessionContract.createNamedQuery(AbstractSharedSessionContract.java:136) ~[hibernate-core-6.4.8.Final.jar:6.4.8.Final]
	at java.base/jdk.internal.reflect.DirectMethodHandleAccessor.invoke(DirectMethodHandleAccessor.java:103) ~[na:na]
	at java.base/java.lang.reflect.Method.invoke(Method.java:580) ~[na:na]
	at org.springframework.orm.jpa.ExtendedEntityManagerCreator$ExtendedEntityManagerInvocationHandler.invoke(ExtendedEntityManagerCreator.java:364) ~[spring-orm-6.1.8.jar:6.1.8]
	at jdk.proxy2/jdk.proxy2.$Proxy161.createNamedQuery(Unknown Source) ~[na:na]
	at org.springframework.data.jpa.repository.query.NamedQuery.hasNamedQuery(NamedQuery.java:113) ~[spring-data-jpa-3.2.6.jar:3.2.6]
	at org.springframework.data.jpa.repository.query.NamedQuery.lookupFrom(NamedQuery.java:141) ~[spring-data-jpa-3.2.6.jar:3.2.6]
	at org.springframework.data.jpa.repository.query.JpaQueryLookupStrategy$DeclaredQueryLookupStrategy.resolveQuery(JpaQueryLookupStrategy.java:180) ~[spring-data-jpa-3.2.6.jar:3.2.6]
	at org.springframework.data.jpa.repository.query.JpaQueryLookupStrategy$CreateIfNotFoundQueryLookupStrategy.resolveQuery(JpaQueryLookupStrategy.java:252) ~[spring-data-jpa-3.2.6.jar:3.2.6]
	at org.springframework.data.jpa.repository.query.JpaQueryLookupStrategy$AbstractQueryLookupStrategy.resolveQuery(JpaQueryLookupStrategy.java:95) ~[spring-data-jpa-3.2.6.jar:3.2.6]
	at org.springframework.data.repository.core.support.QueryExecutorMethodInterceptor.lookupQuery(QueryExecutorMethodInterceptor.java:111) ~[spring-data-commons-3.2.6.jar:3.2.6]
	at org.springframework.data.repository.core.support.QueryExecutorMethodInterceptor.mapMethodsToQuery(QueryExecutorMethodInterceptor.java:99) ~[spring-data-commons-3.2.6.jar:3.2.6]
	at org.springframework.data.repository.core.support.QueryExecutorMethodInterceptor.lambda$new$0(QueryExecutorMethodInterceptor.java:88) ~[spring-data-commons-3.2.6.jar:3.2.6]
	at java.base/java.util.Optional.map(Optional.java:260) ~[na:na]
	at org.springframework.data.repository.core.support.QueryExecutorMethodInterceptor.<init>(QueryExecutorMethodInterceptor.java:88) ~[spring-data-commons-3.2.6.jar:3.2.6]
	at org.springframework.data.repository.core.support.RepositoryFactorySupport.getRepository(RepositoryFactorySupport.java:357) ~[spring-data-commons-3.2.6.jar:3.2.6]
	at org.springframework.data.repository.core.support.RepositoryFactoryBeanSupport.lambda$afterPropertiesSet$5(RepositoryFactoryBeanSupport.java:286) ~[spring-data-commons-3.2.6.jar:3.2.6]
	at org.springframework.data.util.Lazy.getNullable(Lazy.java:135) ~[spring-data-commons-3.2.6.jar:3.2.6]
	at org.springframework.data.util.Lazy.get(Lazy.java:113) ~[spring-data-commons-3.2.6.jar:3.2.6]
	at org.springframework.data.repository.core.support.RepositoryFactoryBeanSupport.afterPropertiesSet(RepositoryFactoryBeanSupport.java:292) ~[spring-data-commons-3.2.6.jar:3.2.6]
	at org.springframework.data.jpa.repository.support.JpaRepositoryFactoryBean.afterPropertiesSet(JpaRepositoryFactoryBean.java:132) ~[spring-data-jpa-3.2.6.jar:3.2.6]
	at org.springframework.beans.factory.support.AbstractAutowireCapableBeanFactory.invokeInitMethods(AbstractAutowireCapableBeanFactory.java:1835) ~[spring-beans-6.1.8.jar:6.1.8]
	at org.springframework.beans.factory.support.AbstractAutowireCapableBeanFactory.initializeBean(AbstractAutowireCapableBeanFactory.java:1784) ~[spring-beans-6.1.8.jar:6.1.8]
	at org.springframework.beans.factory.support.AbstractAutowireCapableBeanFactory.doCreateBean(AbstractAutowireCapableBeanFactory.java:600) ~[spring-beans-6.1.8.jar:6.1.8]
	at org.springframework.beans.factory.support.AbstractAutowireCapableBeanFactory.createBean(AbstractAutowireCapableBeanFactory.java:522) ~[spring-beans-6.1.8.jar:6.1.8]
	at org.springframework.beans.factory.support.AbstractBeanFactory.lambda$doGetBean$0(AbstractBeanFactory.java:337) ~[spring-beans-6.1.8.jar:6.1.8]
	at org.springframework.beans.factory.support.DefaultSingletonBeanRegistry.getSingleton(DefaultSingletonBeanRegistry.java:234) ~[spring-beans-6.1.8.jar:6.1.8]
	at org.springframework.beans.factory.support.AbstractBeanFactory.doGetBean(AbstractBeanFactory.java:335) ~[spring-beans-6.1.8.jar:6.1.8]
	at org.springframework.beans.factory.support.AbstractBeanFactory.getBean(AbstractBeanFactory.java:200) ~[spring-beans-6.1.8.jar:6.1.8]
	at org.springframework.beans.factory.config.DependencyDescriptor.resolveCandidate(DependencyDescriptor.java:254) ~[spring-beans-6.1.8.jar:6.1.8]
	at org.springframework.beans.factory.support.DefaultListableBeanFactory.doResolveDependency(DefaultListableBeanFactory.java:1443) ~[spring-beans-6.1.8.jar:6.1.8]
	at org.springframework.beans.factory.support.DefaultListableBeanFactory.resolveDependency(DefaultListableBeanFactory.java:1353) ~[spring-beans-6.1.8.jar:6.1.8]
	at org.springframework.beans.factory.support.ConstructorResolver.resolveAutowiredArgument(ConstructorResolver.java:904) ~[spring-beans-6.1.8.jar:6.1.8]
	at org.springframework.beans.factory.support.ConstructorResolver.createArgumentArray(ConstructorResolver.java:782) ~[spring-beans-6.1.8.jar:6.1.8]
	at org.springframework.beans.factory.support.ConstructorResolver.autowireConstructor(ConstructorResolver.java:237) ~[spring-beans-6.1.8.jar:6.1.8]
	at org.springframework.beans.factory.support.AbstractAutowireCapableBeanFactory.autowireConstructor(AbstractAutowireCapableBeanFactory.java:1357) ~[spring-beans-6.1.8.jar:6.1.8]
	at org.springframework.beans.factory.support.AbstractAutowireCapableBeanFactory.createBeanInstance(AbstractAutowireCapableBeanFactory.java:1194) ~[spring-beans-6.1.8.jar:6.1.8]
	at org.springframework.beans.factory.support.AbstractAutowireCapableBeanFactory.doCreateBean(AbstractAutowireCapableBeanFactory.java:562) ~[spring-beans-6.1.8.jar:6.1.8]
	at org.springframework.beans.factory.support.AbstractAutowireCapableBeanFactory.createBean(AbstractAutowireCapableBeanFactory.java:522) ~[spring-beans-6.1.8.jar:6.1.8]
	at org.springframework.beans.factory.support.AbstractBeanFactory.lambda$doGetBean$0(AbstractBeanFactory.java:337) ~[spring-beans-6.1.8.jar:6.1.8]
	at org.springframework.beans.factory.support.DefaultSingletonBeanRegistry.getSingleton(DefaultSingletonBeanRegistry.java:234) ~[spring-beans-6.1.8.jar:6.1.8]
	at org.springframework.beans.factory.support.AbstractBeanFactory.doGetBean(AbstractBeanFactory.java:335) ~[spring-beans-6.1.8.jar:6.1.8]
	at org.springframework.beans.factory.support.AbstractBeanFactory.getBean(AbstractBeanFactory.java:200) ~[spring-beans-6.1.8.jar:6.1.8]
	at org.springframework.beans.factory.support.DefaultListableBeanFactory.preInstantiateSingletons(DefaultListableBeanFactory.java:975) ~[spring-beans-6.1.8.jar:6.1.8]
	at org.springframework.context.support.AbstractApplicationContext.finishBeanFactoryInitialization(AbstractApplicationContext.java:962) ~[spring-context-6.1.8.jar:6.1.8]
	at org.springframework.context.support.AbstractApplicationContext.refresh(AbstractApplicationContext.java:624) ~[spring-context-6.1.8.jar:6.1.8]
	at org.springframework.boot.SpringApplication.refresh(SpringApplication.java:754) ~[spring-boot-3.2.6.jar:3.2.6]
	at org.springframework.boot.SpringApplication.refreshContext(SpringApplication.java:456) ~[spring-boot-3.2.6.jar:3.2.6]
	at org.springframework.boot.SpringApplication.run(SpringApplication.java:335) ~[spring-boot-3.2.6.jar:3.2.6]
	at org.springframework.boot.test.context.SpringBootContextLoader.lambda$loadContext$3(SpringBootContextLoader.java:137) ~[spring-boot-test-3.2.6.jar:3.2.6]
	at org.springframework.util.function.ThrowingSupplier.get(ThrowingSupplier.java:58) ~[spring-core-6.1.8.jar:6.1.8]
	at org.springframework.util.function.ThrowingSupplier.get(ThrowingSupplier.java:46) ~[spring-core-6.1.8.jar:6.1.8]
	at org.springframework.boot.SpringApplication.withHook(SpringApplication.java:1463) ~[spring-boot-3.2.6.jar:3.2.6]
	at org.springframework.boot.test.context.SpringBootContextLoader$ContextLoaderHook.run(SpringBootContextLoader.java:553) ~[spring-boot-test-3.2.6.jar:3.2.6]
	at org.springframework.boot.test.context.SpringBootContextLoader.loadContext(SpringBootContextLoader.java:137) ~[spring-boot-test-3.2.6.jar:3.2.6]
	at org.springframework.boot.test.context.SpringBootContextLoader.loadContext(SpringBootContextLoader.java:108) ~[spring-boot-test-3.2.6.jar:3.2.6]
	at org.springframework.test.context.cache.DefaultCacheAwareContextLoaderDelegate.loadContextInternal(DefaultCacheAwareContextLoaderDelegate.java:225) ~[spring-test-6.1.8.jar:6.1.8]
	at org.springframework.test.context.cache.DefaultCacheAwareContextLoaderDelegate.loadContext(DefaultCacheAwareContextLoaderDelegate.java:152) ~[spring-test-6.1.8.jar:6.1.8]
	at org.springframework.test.context.support.DefaultTestContext.getApplicationContext(DefaultTestContext.java:130) ~[spring-test-6.1.8.jar:6.1.8]
	at org.springframework.test.context.web.ServletTestExecutionListener.setUpRequestContextIfNecessary(ServletTestExecutionListener.java:191) ~[spring-test-6.1.8.jar:6.1.8]
	at org.springframework.test.context.web.ServletTestExecutionListener.prepareTestInstance(ServletTestExecutionListener.java:130) ~[spring-test-6.1.8.jar:6.1.8]
	at org.springframework.test.context.TestContextManager.prepareTestInstance(TestContextManager.java:260) ~[spring-test-6.1.8.jar:6.1.8]
	at org.springframework.test.context.junit.jupiter.SpringExtension.postProcessTestInstance(SpringExtension.java:163) ~[spring-test-6.1.8.jar:6.1.8]
	at org.junit.jupiter.engine.descriptor.ClassBasedTestDescriptor.lambda$invokeTestInstancePostProcessors$10(ClassBasedTestDescriptor.java:378) ~[junit-jupiter-engine-5.10.2.jar:5.10.2]
	at org.junit.jupiter.engine.descriptor.ClassBasedTestDescriptor.executeAndMaskThrowable(ClassBasedTestDescriptor.java:383) ~[junit-jupiter-engine-5.10.2.jar:5.10.2]
	at org.junit.jupiter.engine.descriptor.ClassBasedTestDescriptor.lambda$invokeTestInstancePostProcessors$11(ClassBasedTestDescriptor.java:378) ~[junit-jupiter-engine-5.10.2.jar:5.10.2]
	at java.base/java.util.stream.ReferencePipeline$3$1.accept(ReferencePipeline.java:197) ~[na:na]
	at java.base/java.util.stream.ReferencePipeline$2$1.accept(ReferencePipeline.java:179) ~[na:na]
	at java.base/java.util.ArrayList$ArrayListSpliterator.forEachRemaining(ArrayList.java:1708) ~[na:na]
	at java.base/java.util.stream.AbstractPipeline.copyInto(AbstractPipeline.java:509) ~[na:na]
	at java.base/java.util.stream.AbstractPipeline.wrapAndCopyInto(AbstractPipeline.java:499) ~[na:na]
	at java.base/java.util.stream.StreamSpliterators$WrappingSpliterator.forEachRemaining(StreamSpliterators.java:310) ~[na:na]
	at java.base/java.util.stream.Streams$ConcatSpliterator.forEachRemaining(Streams.java:735) ~[na:na]
	at java.base/java.util.stream.Streams$ConcatSpliterator.forEachRemaining(Streams.java:734) ~[na:na]
	at java.base/java.util.stream.ReferencePipeline$Head.forEach(ReferencePipeline.java:762) ~[na:na]
	at org.junit.jupiter.engine.descriptor.ClassBasedTestDescriptor.invokeTestInstancePostProcessors(ClassBasedTestDescriptor.java:377) ~[junit-jupiter-engine-5.10.2.jar:5.10.2]
	at org.junit.jupiter.engine.descriptor.ClassBasedTestDescriptor.lambda$instantiateAndPostProcessTestInstance$6(ClassBasedTestDescriptor.java:290) ~[junit-jupiter-engine-5.10.2.jar:5.10.2]
	at org.junit.platform.engine.support.hierarchical.ThrowableCollector.execute(ThrowableCollector.java:73) ~[junit-platform-engine-1.10.2.jar:1.10.2]
	at org.junit.jupiter.engine.descriptor.ClassBasedTestDescriptor.instantiateAndPostProcessTestInstance(ClassBasedTestDescriptor.java:289) ~[junit-jupiter-engine-5.10.2.jar:5.10.2]
	at org.junit.jupiter.engine.descriptor.ClassBasedTestDescriptor.lambda$testInstancesProvider$4(ClassBasedTestDescriptor.java:279) ~[junit-jupiter-engine-5.10.2.jar:5.10.2]
	at java.base/java.util.Optional.orElseGet(Optional.java:364) ~[na:na]
	at org.junit.jupiter.engine.descriptor.ClassBasedTestDescriptor.lambda$testInstancesProvider$5(ClassBasedTestDescriptor.java:278) ~[junit-jupiter-engine-5.10.2.jar:5.10.2]
	at org.junit.jupiter.engine.execution.TestInstancesProvider.getTestInstances(TestInstancesProvider.java:31) ~[junit-jupiter-engine-5.10.2.jar:5.10.2]
	at org.junit.jupiter.engine.descriptor.TestMethodTestDescriptor.lambda$prepare$0(TestMethodTestDescriptor.java:106) ~[junit-jupiter-engine-5.10.2.jar:5.10.2]
	at org.junit.platform.engine.support.hierarchical.ThrowableCollector.execute(ThrowableCollector.java:73) ~[junit-platform-engine-1.10.2.jar:1.10.2]
	at org.junit.jupiter.engine.descriptor.TestMethodTestDescriptor.prepare(TestMethodTestDescriptor.java:105) ~[junit-jupiter-engine-5.10.2.jar:5.10.2]
	at org.junit.jupiter.engine.descriptor.TestMethodTestDescriptor.prepare(TestMethodTestDescriptor.java:69) ~[junit-jupiter-engine-5.10.2.jar:5.10.2]
	at org.junit.platform.engine.support.hierarchical.NodeTestTask.lambda$prepare$2(NodeTestTask.java:123) ~[junit-platform-engine-1.10.2.jar:1.10.2]
	at org.junit.platform.engine.support.hierarchical.ThrowableCollector.execute(ThrowableCollector.java:73) ~[junit-platform-engine-1.10.2.jar:1.10.2]
	at org.junit.platform.engine.support.hierarchical.NodeTestTask.prepare(NodeTestTask.java:123) ~[junit-platform-engine-1.10.2.jar:1.10.2]
	at org.junit.platform.engine.support.hierarchical.NodeTestTask.execute(NodeTestTask.java:90) ~[junit-platform-engine-1.10.2.jar:1.10.2]
	at java.base/java.util.ArrayList.forEach(ArrayList.java:1596) ~[na:na]
	at org.junit.platform.engine.support.hierarchical.SameThreadHierarchicalTestExecutorService.invokeAll(SameThreadHierarchicalTestExecutorService.java:41) ~[junit-platform-engine-1.10.2.jar:1.10.2]
	at org.junit.platform.engine.support.hierarchical.NodeTestTask.lambda$executeRecursively$6(NodeTestTask.java:155) ~[junit-platform-engine-1.10.2.jar:1.10.2]
	at org.junit.platform.engine.support.hierarchical.ThrowableCollector.execute(ThrowableCollector.java:73) ~[junit-platform-engine-1.10.2.jar:1.10.2]
	at org.junit.platform.engine.support.hierarchical.NodeTestTask.lambda$executeRecursively$8(NodeTestTask.java:141) ~[junit-platform-engine-1.10.2.jar:1.10.2]
	at org.junit.platform.engine.support.hierarchical.Node.around(Node.java:137) ~[junit-platform-engine-1.10.2.jar:1.10.2]
	at org.junit.platform.engine.support.hierarchical.NodeTestTask.lambda$executeRecursively$9(NodeTestTask.java:139) ~[junit-platform-engine-1.10.2.jar:1.10.2]
	at org.junit.platform.engine.support.hierarchical.ThrowableCollector.execute(ThrowableCollector.java:73) ~[junit-platform-engine-1.10.2.jar:1.10.2]
	at org.junit.platform.engine.support.hierarchical.NodeTestTask.executeRecursively(NodeTestTask.java:138) ~[junit-platform-engine-1.10.2.jar:1.10.2]
	at org.junit.platform.engine.support.hierarchical.NodeTestTask.execute(NodeTestTask.java:95) ~[junit-platform-engine-1.10.2.jar:1.10.2]
	at java.base/java.util.ArrayList.forEach(ArrayList.java:1596) ~[na:na]
	at org.junit.platform.engine.support.hierarchical.SameThreadHierarchicalTestExecutorService.invokeAll(SameThreadHierarchicalTestExecutorService.java:41) ~[junit-platform-engine-1.10.2.jar:1.10.2]
	at org.junit.platform.engine.support.hierarchical.NodeTestTask.lambda$executeRecursively$6(NodeTestTask.java:155) ~[junit-platform-engine-1.10.2.jar:1.10.2]
	at org.junit.platform.engine.support.hierarchical.ThrowableCollector.execute(ThrowableCollector.java:73) ~[junit-platform-engine-1.10.2.jar:1.10.2]
	at org.junit.platform.engine.support.hierarchical.NodeTestTask.lambda$executeRecursively$8(NodeTestTask.java:141) ~[junit-platform-engine-1.10.2.jar:1.10.2]
	at org.junit.platform.engine.support.hierarchical.Node.around(Node.java:137) ~[junit-platform-engine-1.10.2.jar:1.10.2]
	at org.junit.platform.engine.support.hierarchical.NodeTestTask.lambda$executeRecursively$9(NodeTestTask.java:139) ~[junit-platform-engine-1.10.2.jar:1.10.2]
	at org.junit.platform.engine.support.hierarchical.ThrowableCollector.execute(ThrowableCollector.java:73) ~[junit-platform-engine-1.10.2.jar:1.10.2]
	at org.junit.platform.engine.support.hierarchical.NodeTestTask.executeRecursively(NodeTestTask.java:138) ~[junit-platform-engine-1.10.2.jar:1.10.2]
	at org.junit.platform.engine.support.hierarchical.NodeTestTask.execute(NodeTestTask.java:95) ~[junit-platform-engine-1.10.2.jar:1.10.2]
	at org.junit.platform.engine.support.hierarchical.SameThreadHierarchicalTestExecutorService.submit(SameThreadHierarchicalTestExecutorService.java:35) ~[junit-platform-engine-1.10.2.jar:1.10.2]
	at org.junit.platform.engine.support.hierarchical.HierarchicalTestExecutor.execute(HierarchicalTestExecutor.java:57) ~[junit-platform-engine-1.10.2.jar:1.10.2]
	at org.junit.platform.engine.support.hierarchical.HierarchicalTestEngine.execute(HierarchicalTestEngine.java:54) ~[junit-platform-engine-1.10.2.jar:1.10.2]
	at org.junit.platform.launcher.core.EngineExecutionOrchestrator.execute(EngineExecutionOrchestrator.java:198) ~[junit-platform-launcher-1.10.2.jar:1.10.2]
	at org.junit.platform.launcher.core.EngineExecutionOrchestrator.execute(EngineExecutionOrchestrator.java:169) ~[junit-platform-launcher-1.10.2.jar:1.10.2]
	at org.junit.platform.launcher.core.EngineExecutionOrchestrator.execute(EngineExecutionOrchestrator.java:93) ~[junit-platform-launcher-1.10.2.jar:1.10.2]
	at org.junit.platform.launcher.core.EngineExecutionOrchestrator.lambda$execute$0(EngineExecutionOrchestrator.java:58) ~[junit-platform-launcher-1.10.2.jar:1.10.2]
	at org.junit.platform.launcher.core.EngineExecutionOrchestrator.withInterceptedStreams(EngineExecutionOrchestrator.java:141) ~[junit-platform-launcher-1.10.2.jar:1.10.2]
	at org.junit.platform.launcher.core.EngineExecutionOrchestrator.execute(EngineExecutionOrchestrator.java:57) ~[junit-platform-launcher-1.10.2.jar:1.10.2]
	at org.junit.platform.launcher.core.DefaultLauncher.execute(DefaultLauncher.java:103) ~[junit-platform-launcher-1.10.2.jar:1.10.2]
	at org.junit.platform.launcher.core.DefaultLauncher.execute(DefaultLauncher.java:85) ~[junit-platform-launcher-1.10.2.jar:1.10.2]
	at org.junit.platform.launcher.core.DelegatingLauncher.execute(DelegatingLauncher.java:47) ~[junit-platform-launcher-1.10.2.jar:1.10.2]
	at org.apache.maven.surefire.junitplatform.LazyLauncher.execute(LazyLauncher.java:56) ~[surefire-junit-platform-3.1.2.jar:3.1.2]
	at org.apache.maven.surefire.junitplatform.JUnitPlatformProvider.execute(JUnitPlatformProvider.java:184) ~[surefire-junit-platform-3.1.2.jar:3.1.2]
	at org.apache.maven.surefire.junitplatform.JUnitPlatformProvider.invokeAllTests(JUnitPlatformProvider.java:148) ~[surefire-junit-platform-3.1.2.jar:3.1.2]
	at org.apache.maven.surefire.junitplatform.JUnitPlatformProvider.invoke(JUnitPlatformProvider.java:122) ~[surefire-junit-platform-3.1.2.jar:3.1.2]
	at org.apache.maven.surefire.booter.ForkedBooter.runSuitesInProcess(ForkedBooter.java:385) ~[surefire-booter-3.1.2.jar:3.1.2]
	at org.apache.maven.surefire.booter.ForkedBooter.execute(ForkedBooter.java:162) ~[surefire-booter-3.1.2.jar:3.1.2]
	at org.apache.maven.surefire.booter.ForkedBooter.run(ForkedBooter.java:507) ~[surefire-booter-3.1.2.jar:3.1.2]
	at org.apache.maven.surefire.booter.ForkedBooter.main(ForkedBooter.java:495) ~[surefire-booter-3.1.2.jar:3.1.2]

2024-06-27T14:13:00.572-05:00 DEBUG 22344 --- [mindcare-backend] [           main] o.s.d.jpa.repository.query.NamedQuery    : Did not find named query Appointment.existsByTitle
2024-06-27T14:13:00.572-05:00 DEBUG 22344 --- [mindcare-backend] [           main] tor$SharedEntityManagerInvocationHandler : Creating new EntityManager for shared EntityManager invocation
2024-06-27T14:13:00.576-05:00 DEBUG 22344 --- [mindcare-backend] [           main] o.s.d.r.c.s.RepositoryFactorySupport     : Finished creation of repository instance for pe.edu.upc.mind.care.platform.appointmentManagement.infrastructure.persistence.jpa.repositories.AppointmentRepository.
2024-06-27T14:13:00.582-05:00 DEBUG 22344 --- [mindcare-backend] [           main] o.s.b.f.s.DefaultListableBeanFactory     : Autowiring by type from bean name 'appointmentCommandServiceImpl' via constructor to bean named 'appointmentRepository'
2024-06-27T14:13:00.583-05:00 DEBUG 22344 --- [mindcare-backend] [           main] o.s.b.f.s.DefaultListableBeanFactory     : Creating shared instance of singleton bean 'appointmentQueryServiceImpl'
2024-06-27T14:13:00.584-05:00 DEBUG 22344 --- [mindcare-backend] [           main] o.s.b.f.s.DefaultListableBeanFactory     : Autowiring by type from bean name 'appointmentQueryServiceImpl' via constructor to bean named 'appointmentRepository'
2024-06-27T14:13:00.585-05:00 DEBUG 22344 --- [mindcare-backend] [           main] o.s.b.f.s.DefaultListableBeanFactory     : Creating shared instance of singleton bean 'appointmentController'
2024-06-27T14:13:00.588-05:00 DEBUG 22344 --- [mindcare-backend] [           main] o.s.b.f.s.DefaultListableBeanFactory     : Autowiring by type from bean name 'appointmentController' via constructor to bean named 'appointmentCommandServiceImpl'
2024-06-27T14:13:00.588-05:00 DEBUG 22344 --- [mindcare-backend] [           main] o.s.b.f.s.DefaultListableBeanFactory     : Autowiring by type from bean name 'appointmentController' via constructor to bean named 'appointmentQueryServiceImpl'
2024-06-27T14:13:00.590-05:00 DEBUG 22344 --- [mindcare-backend] [           main] o.s.b.f.s.DefaultListableBeanFactory     : Creating shared instance of singleton bean 'roleCommandServiceImpl'
2024-06-27T14:13:00.592-05:00 DEBUG 22344 --- [mindcare-backend] [           main] o.s.b.f.s.DefaultListableBeanFactory     : Creating shared instance of singleton bean 'roleRepository'
2024-06-27T14:13:00.593-05:00 DEBUG 22344 --- [mindcare-backend] [           main] o.s.b.f.s.DefaultListableBeanFactory     : Creating shared instance of singleton bean 'jpa.named-queries#2'
2024-06-27T14:13:00.594-05:00 DEBUG 22344 --- [mindcare-backend] [           main] o.s.b.f.s.DefaultListableBeanFactory     : Creating shared instance of singleton bean 'jpa.RoleRepository.fragments#0'
2024-06-27T14:13:00.595-05:00 DEBUG 22344 --- [mindcare-backend] [           main] tor$SharedEntityManagerInvocationHandler : Creating new EntityManager for shared EntityManager invocation
2024-06-27T14:13:00.598-05:00 DEBUG 22344 --- [mindcare-backend] [           main] o.s.d.r.c.s.RepositoryFactorySupport     : Initializing repository instance for pe.edu.upc.mind.care.platform.iam.infrastructure.persistence.jpa.repositories.RoleRepository…
2024-06-27T14:13:00.599-05:00 DEBUG 22344 --- [mindcare-backend] [           main] tor$SharedEntityManagerInvocationHandler : Creating new EntityManager for shared EntityManager invocation
2024-06-27T14:13:00.602-05:00 DEBUG 22344 --- [mindcare-backend] [           main] o.s.d.jpa.repository.query.NamedQuery    : Looking up named query Role.findByName
2024-06-27T14:13:00.602-05:00 DEBUG 22344 --- [mindcare-backend] [           main] cResourceLocalTransactionCoordinatorImpl : JDBC transaction marked for rollback-only (exception provided for stack trace)

java.lang.Exception: exception just for purpose of providing stack trace
	at org.hibernate.resource.transaction.backend.jdbc.internal.JdbcResourceLocalTransactionCoordinatorImpl$TransactionDriverControlImpl.markRollbackOnly(JdbcResourceLocalTransactionCoordinatorImpl.java:310) ~[hibernate-core-6.4.8.Final.jar:6.4.8.Final]
	at org.hibernate.internal.AbstractSharedSessionContract.buildNamedQuery(AbstractSharedSessionContract.java:1097) ~[hibernate-core-6.4.8.Final.jar:6.4.8.Final]
	at org.hibernate.internal.AbstractSharedSessionContract.createNamedQuery(AbstractSharedSessionContract.java:975) ~[hibernate-core-6.4.8.Final.jar:6.4.8.Final]
	at org.hibernate.internal.AbstractSharedSessionContract.createNamedQuery(AbstractSharedSessionContract.java:136) ~[hibernate-core-6.4.8.Final.jar:6.4.8.Final]
	at java.base/jdk.internal.reflect.DirectMethodHandleAccessor.invoke(DirectMethodHandleAccessor.java:103) ~[na:na]
	at java.base/java.lang.reflect.Method.invoke(Method.java:580) ~[na:na]
	at org.springframework.orm.jpa.ExtendedEntityManagerCreator$ExtendedEntityManagerInvocationHandler.invoke(ExtendedEntityManagerCreator.java:364) ~[spring-orm-6.1.8.jar:6.1.8]
	at jdk.proxy2/jdk.proxy2.$Proxy161.createNamedQuery(Unknown Source) ~[na:na]
	at org.springframework.data.jpa.repository.query.NamedQuery.hasNamedQuery(NamedQuery.java:113) ~[spring-data-jpa-3.2.6.jar:3.2.6]
	at org.springframework.data.jpa.repository.query.NamedQuery.lookupFrom(NamedQuery.java:141) ~[spring-data-jpa-3.2.6.jar:3.2.6]
	at org.springframework.data.jpa.repository.query.JpaQueryLookupStrategy$DeclaredQueryLookupStrategy.resolveQuery(JpaQueryLookupStrategy.java:180) ~[spring-data-jpa-3.2.6.jar:3.2.6]
	at org.springframework.data.jpa.repository.query.JpaQueryLookupStrategy$CreateIfNotFoundQueryLookupStrategy.resolveQuery(JpaQueryLookupStrategy.java:252) ~[spring-data-jpa-3.2.6.jar:3.2.6]
	at org.springframework.data.jpa.repository.query.JpaQueryLookupStrategy$AbstractQueryLookupStrategy.resolveQuery(JpaQueryLookupStrategy.java:95) ~[spring-data-jpa-3.2.6.jar:3.2.6]
	at org.springframework.data.repository.core.support.QueryExecutorMethodInterceptor.lookupQuery(QueryExecutorMethodInterceptor.java:111) ~[spring-data-commons-3.2.6.jar:3.2.6]
	at org.springframework.data.repository.core.support.QueryExecutorMethodInterceptor.mapMethodsToQuery(QueryExecutorMethodInterceptor.java:99) ~[spring-data-commons-3.2.6.jar:3.2.6]
	at org.springframework.data.repository.core.support.QueryExecutorMethodInterceptor.lambda$new$0(QueryExecutorMethodInterceptor.java:88) ~[spring-data-commons-3.2.6.jar:3.2.6]
	at java.base/java.util.Optional.map(Optional.java:260) ~[na:na]
	at org.springframework.data.repository.core.support.QueryExecutorMethodInterceptor.<init>(QueryExecutorMethodInterceptor.java:88) ~[spring-data-commons-3.2.6.jar:3.2.6]
	at org.springframework.data.repository.core.support.RepositoryFactorySupport.getRepository(RepositoryFactorySupport.java:357) ~[spring-data-commons-3.2.6.jar:3.2.6]
	at org.springframework.data.repository.core.support.RepositoryFactoryBeanSupport.lambda$afterPropertiesSet$5(RepositoryFactoryBeanSupport.java:286) ~[spring-data-commons-3.2.6.jar:3.2.6]
	at org.springframework.data.util.Lazy.getNullable(Lazy.java:135) ~[spring-data-commons-3.2.6.jar:3.2.6]
	at org.springframework.data.util.Lazy.get(Lazy.java:113) ~[spring-data-commons-3.2.6.jar:3.2.6]
	at org.springframework.data.repository.core.support.RepositoryFactoryBeanSupport.afterPropertiesSet(RepositoryFactoryBeanSupport.java:292) ~[spring-data-commons-3.2.6.jar:3.2.6]
	at org.springframework.data.jpa.repository.support.JpaRepositoryFactoryBean.afterPropertiesSet(JpaRepositoryFactoryBean.java:132) ~[spring-data-jpa-3.2.6.jar:3.2.6]
	at org.springframework.beans.factory.support.AbstractAutowireCapableBeanFactory.invokeInitMethods(AbstractAutowireCapableBeanFactory.java:1835) ~[spring-beans-6.1.8.jar:6.1.8]
	at org.springframework.beans.factory.support.AbstractAutowireCapableBeanFactory.initializeBean(AbstractAutowireCapableBeanFactory.java:1784) ~[spring-beans-6.1.8.jar:6.1.8]
	at org.springframework.beans.factory.support.AbstractAutowireCapableBeanFactory.doCreateBean(AbstractAutowireCapableBeanFactory.java:600) ~[spring-beans-6.1.8.jar:6.1.8]
	at org.springframework.beans.factory.support.AbstractAutowireCapableBeanFactory.createBean(AbstractAutowireCapableBeanFactory.java:522) ~[spring-beans-6.1.8.jar:6.1.8]
	at org.springframework.beans.factory.support.AbstractBeanFactory.lambda$doGetBean$0(AbstractBeanFactory.java:337) ~[spring-beans-6.1.8.jar:6.1.8]
	at org.springframework.beans.factory.support.DefaultSingletonBeanRegistry.getSingleton(DefaultSingletonBeanRegistry.java:234) ~[spring-beans-6.1.8.jar:6.1.8]
	at org.springframework.beans.factory.support.AbstractBeanFactory.doGetBean(AbstractBeanFactory.java:335) ~[spring-beans-6.1.8.jar:6.1.8]
	at org.springframework.beans.factory.support.AbstractBeanFactory.getBean(AbstractBeanFactory.java:200) ~[spring-beans-6.1.8.jar:6.1.8]
	at org.springframework.beans.factory.config.DependencyDescriptor.resolveCandidate(DependencyDescriptor.java:254) ~[spring-beans-6.1.8.jar:6.1.8]
	at org.springframework.beans.factory.support.DefaultListableBeanFactory.doResolveDependency(DefaultListableBeanFactory.java:1443) ~[spring-beans-6.1.8.jar:6.1.8]
	at org.springframework.beans.factory.support.DefaultListableBeanFactory.resolveDependency(DefaultListableBeanFactory.java:1353) ~[spring-beans-6.1.8.jar:6.1.8]
	at org.springframework.beans.factory.support.ConstructorResolver.resolveAutowiredArgument(ConstructorResolver.java:904) ~[spring-beans-6.1.8.jar:6.1.8]
	at org.springframework.beans.factory.support.ConstructorResolver.createArgumentArray(ConstructorResolver.java:782) ~[spring-beans-6.1.8.jar:6.1.8]
	at org.springframework.beans.factory.support.ConstructorResolver.autowireConstructor(ConstructorResolver.java:237) ~[spring-beans-6.1.8.jar:6.1.8]
	at org.springframework.beans.factory.support.AbstractAutowireCapableBeanFactory.autowireConstructor(AbstractAutowireCapableBeanFactory.java:1357) ~[spring-beans-6.1.8.jar:6.1.8]
	at org.springframework.beans.factory.support.AbstractAutowireCapableBeanFactory.createBeanInstance(AbstractAutowireCapableBeanFactory.java:1194) ~[spring-beans-6.1.8.jar:6.1.8]
	at org.springframework.beans.factory.support.AbstractAutowireCapableBeanFactory.doCreateBean(AbstractAutowireCapableBeanFactory.java:562) ~[spring-beans-6.1.8.jar:6.1.8]
	at org.springframework.beans.factory.support.AbstractAutowireCapableBeanFactory.createBean(AbstractAutowireCapableBeanFactory.java:522) ~[spring-beans-6.1.8.jar:6.1.8]
	at org.springframework.beans.factory.support.AbstractBeanFactory.lambda$doGetBean$0(AbstractBeanFactory.java:337) ~[spring-beans-6.1.8.jar:6.1.8]
	at org.springframework.beans.factory.support.DefaultSingletonBeanRegistry.getSingleton(DefaultSingletonBeanRegistry.java:234) ~[spring-beans-6.1.8.jar:6.1.8]
	at org.springframework.beans.factory.support.AbstractBeanFactory.doGetBean(AbstractBeanFactory.java:335) ~[spring-beans-6.1.8.jar:6.1.8]
	at org.springframework.beans.factory.support.AbstractBeanFactory.getBean(AbstractBeanFactory.java:200) ~[spring-beans-6.1.8.jar:6.1.8]
	at org.springframework.beans.factory.support.DefaultListableBeanFactory.preInstantiateSingletons(DefaultListableBeanFactory.java:975) ~[spring-beans-6.1.8.jar:6.1.8]
	at org.springframework.context.support.AbstractApplicationContext.finishBeanFactoryInitialization(AbstractApplicationContext.java:962) ~[spring-context-6.1.8.jar:6.1.8]
	at org.springframework.context.support.AbstractApplicationContext.refresh(AbstractApplicationContext.java:624) ~[spring-context-6.1.8.jar:6.1.8]
	at org.springframework.boot.SpringApplication.refresh(SpringApplication.java:754) ~[spring-boot-3.2.6.jar:3.2.6]
	at org.springframework.boot.SpringApplication.refreshContext(SpringApplication.java:456) ~[spring-boot-3.2.6.jar:3.2.6]
	at org.springframework.boot.SpringApplication.run(SpringApplication.java:335) ~[spring-boot-3.2.6.jar:3.2.6]
	at org.springframework.boot.test.context.SpringBootContextLoader.lambda$loadContext$3(SpringBootContextLoader.java:137) ~[spring-boot-test-3.2.6.jar:3.2.6]
	at org.springframework.util.function.ThrowingSupplier.get(ThrowingSupplier.java:58) ~[spring-core-6.1.8.jar:6.1.8]
	at org.springframework.util.function.ThrowingSupplier.get(ThrowingSupplier.java:46) ~[spring-core-6.1.8.jar:6.1.8]
	at org.springframework.boot.SpringApplication.withHook(SpringApplication.java:1463) ~[spring-boot-3.2.6.jar:3.2.6]
	at org.springframework.boot.test.context.SpringBootContextLoader$ContextLoaderHook.run(SpringBootContextLoader.java:553) ~[spring-boot-test-3.2.6.jar:3.2.6]
	at org.springframework.boot.test.context.SpringBootContextLoader.loadContext(SpringBootContextLoader.java:137) ~[spring-boot-test-3.2.6.jar:3.2.6]
	at org.springframework.boot.test.context.SpringBootContextLoader.loadContext(SpringBootContextLoader.java:108) ~[spring-boot-test-3.2.6.jar:3.2.6]
	at org.springframework.test.context.cache.DefaultCacheAwareContextLoaderDelegate.loadContextInternal(DefaultCacheAwareContextLoaderDelegate.java:225) ~[spring-test-6.1.8.jar:6.1.8]
	at org.springframework.test.context.cache.DefaultCacheAwareContextLoaderDelegate.loadContext(DefaultCacheAwareContextLoaderDelegate.java:152) ~[spring-test-6.1.8.jar:6.1.8]
	at org.springframework.test.context.support.DefaultTestContext.getApplicationContext(DefaultTestContext.java:130) ~[spring-test-6.1.8.jar:6.1.8]
	at org.springframework.test.context.web.ServletTestExecutionListener.setUpRequestContextIfNecessary(ServletTestExecutionListener.java:191) ~[spring-test-6.1.8.jar:6.1.8]
	at org.springframework.test.context.web.ServletTestExecutionListener.prepareTestInstance(ServletTestExecutionListener.java:130) ~[spring-test-6.1.8.jar:6.1.8]
	at org.springframework.test.context.TestContextManager.prepareTestInstance(TestContextManager.java:260) ~[spring-test-6.1.8.jar:6.1.8]
	at org.springframework.test.context.junit.jupiter.SpringExtension.postProcessTestInstance(SpringExtension.java:163) ~[spring-test-6.1.8.jar:6.1.8]
	at org.junit.jupiter.engine.descriptor.ClassBasedTestDescriptor.lambda$invokeTestInstancePostProcessors$10(ClassBasedTestDescriptor.java:378) ~[junit-jupiter-engine-5.10.2.jar:5.10.2]
	at org.junit.jupiter.engine.descriptor.ClassBasedTestDescriptor.executeAndMaskThrowable(ClassBasedTestDescriptor.java:383) ~[junit-jupiter-engine-5.10.2.jar:5.10.2]
	at org.junit.jupiter.engine.descriptor.ClassBasedTestDescriptor.lambda$invokeTestInstancePostProcessors$11(ClassBasedTestDescriptor.java:378) ~[junit-jupiter-engine-5.10.2.jar:5.10.2]
	at java.base/java.util.stream.ReferencePipeline$3$1.accept(ReferencePipeline.java:197) ~[na:na]
	at java.base/java.util.stream.ReferencePipeline$2$1.accept(ReferencePipeline.java:179) ~[na:na]
	at java.base/java.util.ArrayList$ArrayListSpliterator.forEachRemaining(ArrayList.java:1708) ~[na:na]
	at java.base/java.util.stream.AbstractPipeline.copyInto(AbstractPipeline.java:509) ~[na:na]
	at java.base/java.util.stream.AbstractPipeline.wrapAndCopyInto(AbstractPipeline.java:499) ~[na:na]
	at java.base/java.util.stream.StreamSpliterators$WrappingSpliterator.forEachRemaining(StreamSpliterators.java:310) ~[na:na]
	at java.base/java.util.stream.Streams$ConcatSpliterator.forEachRemaining(Streams.java:735) ~[na:na]
	at java.base/java.util.stream.Streams$ConcatSpliterator.forEachRemaining(Streams.java:734) ~[na:na]
	at java.base/java.util.stream.ReferencePipeline$Head.forEach(ReferencePipeline.java:762) ~[na:na]
	at org.junit.jupiter.engine.descriptor.ClassBasedTestDescriptor.invokeTestInstancePostProcessors(ClassBasedTestDescriptor.java:377) ~[junit-jupiter-engine-5.10.2.jar:5.10.2]
	at org.junit.jupiter.engine.descriptor.ClassBasedTestDescriptor.lambda$instantiateAndPostProcessTestInstance$6(ClassBasedTestDescriptor.java:290) ~[junit-jupiter-engine-5.10.2.jar:5.10.2]
	at org.junit.platform.engine.support.hierarchical.ThrowableCollector.execute(ThrowableCollector.java:73) ~[junit-platform-engine-1.10.2.jar:1.10.2]
	at org.junit.jupiter.engine.descriptor.ClassBasedTestDescriptor.instantiateAndPostProcessTestInstance(ClassBasedTestDescriptor.java:289) ~[junit-jupiter-engine-5.10.2.jar:5.10.2]
	at org.junit.jupiter.engine.descriptor.ClassBasedTestDescriptor.lambda$testInstancesProvider$4(ClassBasedTestDescriptor.java:279) ~[junit-jupiter-engine-5.10.2.jar:5.10.2]
	at java.base/java.util.Optional.orElseGet(Optional.java:364) ~[na:na]
	at org.junit.jupiter.engine.descriptor.ClassBasedTestDescriptor.lambda$testInstancesProvider$5(ClassBasedTestDescriptor.java:278) ~[junit-jupiter-engine-5.10.2.jar:5.10.2]
	at org.junit.jupiter.engine.execution.TestInstancesProvider.getTestInstances(TestInstancesProvider.java:31) ~[junit-jupiter-engine-5.10.2.jar:5.10.2]
	at org.junit.jupiter.engine.descriptor.TestMethodTestDescriptor.lambda$prepare$0(TestMethodTestDescriptor.java:106) ~[junit-jupiter-engine-5.10.2.jar:5.10.2]
	at org.junit.platform.engine.support.hierarchical.ThrowableCollector.execute(ThrowableCollector.java:73) ~[junit-platform-engine-1.10.2.jar:1.10.2]
	at org.junit.jupiter.engine.descriptor.TestMethodTestDescriptor.prepare(TestMethodTestDescriptor.java:105) ~[junit-jupiter-engine-5.10.2.jar:5.10.2]
	at org.junit.jupiter.engine.descriptor.TestMethodTestDescriptor.prepare(TestMethodTestDescriptor.java:69) ~[junit-jupiter-engine-5.10.2.jar:5.10.2]
	at org.junit.platform.engine.support.hierarchical.NodeTestTask.lambda$prepare$2(NodeTestTask.java:123) ~[junit-platform-engine-1.10.2.jar:1.10.2]
	at org.junit.platform.engine.support.hierarchical.ThrowableCollector.execute(ThrowableCollector.java:73) ~[junit-platform-engine-1.10.2.jar:1.10.2]
	at org.junit.platform.engine.support.hierarchical.NodeTestTask.prepare(NodeTestTask.java:123) ~[junit-platform-engine-1.10.2.jar:1.10.2]
	at org.junit.platform.engine.support.hierarchical.NodeTestTask.execute(NodeTestTask.java:90) ~[junit-platform-engine-1.10.2.jar:1.10.2]
	at java.base/java.util.ArrayList.forEach(ArrayList.java:1596) ~[na:na]
	at org.junit.platform.engine.support.hierarchical.SameThreadHierarchicalTestExecutorService.invokeAll(SameThreadHierarchicalTestExecutorService.java:41) ~[junit-platform-engine-1.10.2.jar:1.10.2]
	at org.junit.platform.engine.support.hierarchical.NodeTestTask.lambda$executeRecursively$6(NodeTestTask.java:155) ~[junit-platform-engine-1.10.2.jar:1.10.2]
	at org.junit.platform.engine.support.hierarchical.ThrowableCollector.execute(ThrowableCollector.java:73) ~[junit-platform-engine-1.10.2.jar:1.10.2]
	at org.junit.platform.engine.support.hierarchical.NodeTestTask.lambda$executeRecursively$8(NodeTestTask.java:141) ~[junit-platform-engine-1.10.2.jar:1.10.2]
	at org.junit.platform.engine.support.hierarchical.Node.around(Node.java:137) ~[junit-platform-engine-1.10.2.jar:1.10.2]
	at org.junit.platform.engine.support.hierarchical.NodeTestTask.lambda$executeRecursively$9(NodeTestTask.java:139) ~[junit-platform-engine-1.10.2.jar:1.10.2]
	at org.junit.platform.engine.support.hierarchical.ThrowableCollector.execute(ThrowableCollector.java:73) ~[junit-platform-engine-1.10.2.jar:1.10.2]
	at org.junit.platform.engine.support.hierarchical.NodeTestTask.executeRecursively(NodeTestTask.java:138) ~[junit-platform-engine-1.10.2.jar:1.10.2]
	at org.junit.platform.engine.support.hierarchical.NodeTestTask.execute(NodeTestTask.java:95) ~[junit-platform-engine-1.10.2.jar:1.10.2]
	at java.base/java.util.ArrayList.forEach(ArrayList.java:1596) ~[na:na]
	at org.junit.platform.engine.support.hierarchical.SameThreadHierarchicalTestExecutorService.invokeAll(SameThreadHierarchicalTestExecutorService.java:41) ~[junit-platform-engine-1.10.2.jar:1.10.2]
	at org.junit.platform.engine.support.hierarchical.NodeTestTask.lambda$executeRecursively$6(NodeTestTask.java:155) ~[junit-platform-engine-1.10.2.jar:1.10.2]
	at org.junit.platform.engine.support.hierarchical.ThrowableCollector.execute(ThrowableCollector.java:73) ~[junit-platform-engine-1.10.2.jar:1.10.2]
	at org.junit.platform.engine.support.hierarchical.NodeTestTask.lambda$executeRecursively$8(NodeTestTask.java:141) ~[junit-platform-engine-1.10.2.jar:1.10.2]
	at org.junit.platform.engine.support.hierarchical.Node.around(Node.java:137) ~[junit-platform-engine-1.10.2.jar:1.10.2]
	at org.junit.platform.engine.support.hierarchical.NodeTestTask.lambda$executeRecursively$9(NodeTestTask.java:139) ~[junit-platform-engine-1.10.2.jar:1.10.2]
	at org.junit.platform.engine.support.hierarchical.ThrowableCollector.execute(ThrowableCollector.java:73) ~[junit-platform-engine-1.10.2.jar:1.10.2]
	at org.junit.platform.engine.support.hierarchical.NodeTestTask.executeRecursively(NodeTestTask.java:138) ~[junit-platform-engine-1.10.2.jar:1.10.2]
	at org.junit.platform.engine.support.hierarchical.NodeTestTask.execute(NodeTestTask.java:95) ~[junit-platform-engine-1.10.2.jar:1.10.2]
	at org.junit.platform.engine.support.hierarchical.SameThreadHierarchicalTestExecutorService.submit(SameThreadHierarchicalTestExecutorService.java:35) ~[junit-platform-engine-1.10.2.jar:1.10.2]
	at org.junit.platform.engine.support.hierarchical.HierarchicalTestExecutor.execute(HierarchicalTestExecutor.java:57) ~[junit-platform-engine-1.10.2.jar:1.10.2]
	at org.junit.platform.engine.support.hierarchical.HierarchicalTestEngine.execute(HierarchicalTestEngine.java:54) ~[junit-platform-engine-1.10.2.jar:1.10.2]
	at org.junit.platform.launcher.core.EngineExecutionOrchestrator.execute(EngineExecutionOrchestrator.java:198) ~[junit-platform-launcher-1.10.2.jar:1.10.2]
	at org.junit.platform.launcher.core.EngineExecutionOrchestrator.execute(EngineExecutionOrchestrator.java:169) ~[junit-platform-launcher-1.10.2.jar:1.10.2]
	at org.junit.platform.launcher.core.EngineExecutionOrchestrator.execute(EngineExecutionOrchestrator.java:93) ~[junit-platform-launcher-1.10.2.jar:1.10.2]
	at org.junit.platform.launcher.core.EngineExecutionOrchestrator.lambda$execute$0(EngineExecutionOrchestrator.java:58) ~[junit-platform-launcher-1.10.2.jar:1.10.2]
	at org.junit.platform.launcher.core.EngineExecutionOrchestrator.withInterceptedStreams(EngineExecutionOrchestrator.java:141) ~[junit-platform-launcher-1.10.2.jar:1.10.2]
	at org.junit.platform.launcher.core.EngineExecutionOrchestrator.execute(EngineExecutionOrchestrator.java:57) ~[junit-platform-launcher-1.10.2.jar:1.10.2]
	at org.junit.platform.launcher.core.DefaultLauncher.execute(DefaultLauncher.java:103) ~[junit-platform-launcher-1.10.2.jar:1.10.2]
	at org.junit.platform.launcher.core.DefaultLauncher.execute(DefaultLauncher.java:85) ~[junit-platform-launcher-1.10.2.jar:1.10.2]
	at org.junit.platform.launcher.core.DelegatingLauncher.execute(DelegatingLauncher.java:47) ~[junit-platform-launcher-1.10.2.jar:1.10.2]
	at org.apache.maven.surefire.junitplatform.LazyLauncher.execute(LazyLauncher.java:56) ~[surefire-junit-platform-3.1.2.jar:3.1.2]
	at org.apache.maven.surefire.junitplatform.JUnitPlatformProvider.execute(JUnitPlatformProvider.java:184) ~[surefire-junit-platform-3.1.2.jar:3.1.2]
	at org.apache.maven.surefire.junitplatform.JUnitPlatformProvider.invokeAllTests(JUnitPlatformProvider.java:148) ~[surefire-junit-platform-3.1.2.jar:3.1.2]
	at org.apache.maven.surefire.junitplatform.JUnitPlatformProvider.invoke(JUnitPlatformProvider.java:122) ~[surefire-junit-platform-3.1.2.jar:3.1.2]
	at org.apache.maven.surefire.booter.ForkedBooter.runSuitesInProcess(ForkedBooter.java:385) ~[surefire-booter-3.1.2.jar:3.1.2]
	at org.apache.maven.surefire.booter.ForkedBooter.execute(ForkedBooter.java:162) ~[surefire-booter-3.1.2.jar:3.1.2]
	at org.apache.maven.surefire.booter.ForkedBooter.run(ForkedBooter.java:507) ~[surefire-booter-3.1.2.jar:3.1.2]
	at org.apache.maven.surefire.booter.ForkedBooter.main(ForkedBooter.java:495) ~[surefire-booter-3.1.2.jar:3.1.2]

2024-06-27T14:13:00.603-05:00 DEBUG 22344 --- [mindcare-backend] [           main] o.s.d.jpa.repository.query.NamedQuery    : Did not find named query Role.findByName
2024-06-27T14:13:00.604-05:00 DEBUG 22344 --- [mindcare-backend] [           main] tor$SharedEntityManagerInvocationHandler : Creating new EntityManager for shared EntityManager invocation
2024-06-27T14:13:00.605-05:00 DEBUG 22344 --- [mindcare-backend] [           main] o.s.d.jpa.repository.query.NamedQuery    : Looking up named query Role.existsByName
2024-06-27T14:13:00.605-05:00 DEBUG 22344 --- [mindcare-backend] [           main] cResourceLocalTransactionCoordinatorImpl : JDBC transaction marked for rollback-only (exception provided for stack trace)

java.lang.Exception: exception just for purpose of providing stack trace
	at org.hibernate.resource.transaction.backend.jdbc.internal.JdbcResourceLocalTransactionCoordinatorImpl$TransactionDriverControlImpl.markRollbackOnly(JdbcResourceLocalTransactionCoordinatorImpl.java:310) ~[hibernate-core-6.4.8.Final.jar:6.4.8.Final]
	at org.hibernate.internal.AbstractSharedSessionContract.buildNamedQuery(AbstractSharedSessionContract.java:1097) ~[hibernate-core-6.4.8.Final.jar:6.4.8.Final]
	at org.hibernate.internal.AbstractSharedSessionContract.createNamedQuery(AbstractSharedSessionContract.java:975) ~[hibernate-core-6.4.8.Final.jar:6.4.8.Final]
	at org.hibernate.internal.AbstractSharedSessionContract.createNamedQuery(AbstractSharedSessionContract.java:136) ~[hibernate-core-6.4.8.Final.jar:6.4.8.Final]
	at java.base/jdk.internal.reflect.DirectMethodHandleAccessor.invoke(DirectMethodHandleAccessor.java:103) ~[na:na]
	at java.base/java.lang.reflect.Method.invoke(Method.java:580) ~[na:na]
	at org.springframework.orm.jpa.ExtendedEntityManagerCreator$ExtendedEntityManagerInvocationHandler.invoke(ExtendedEntityManagerCreator.java:364) ~[spring-orm-6.1.8.jar:6.1.8]
	at jdk.proxy2/jdk.proxy2.$Proxy161.createNamedQuery(Unknown Source) ~[na:na]
	at org.springframework.data.jpa.repository.query.NamedQuery.hasNamedQuery(NamedQuery.java:113) ~[spring-data-jpa-3.2.6.jar:3.2.6]
	at org.springframework.data.jpa.repository.query.NamedQuery.lookupFrom(NamedQuery.java:141) ~[spring-data-jpa-3.2.6.jar:3.2.6]
	at org.springframework.data.jpa.repository.query.JpaQueryLookupStrategy$DeclaredQueryLookupStrategy.resolveQuery(JpaQueryLookupStrategy.java:180) ~[spring-data-jpa-3.2.6.jar:3.2.6]
	at org.springframework.data.jpa.repository.query.JpaQueryLookupStrategy$CreateIfNotFoundQueryLookupStrategy.resolveQuery(JpaQueryLookupStrategy.java:252) ~[spring-data-jpa-3.2.6.jar:3.2.6]
	at org.springframework.data.jpa.repository.query.JpaQueryLookupStrategy$AbstractQueryLookupStrategy.resolveQuery(JpaQueryLookupStrategy.java:95) ~[spring-data-jpa-3.2.6.jar:3.2.6]
	at org.springframework.data.repository.core.support.QueryExecutorMethodInterceptor.lookupQuery(QueryExecutorMethodInterceptor.java:111) ~[spring-data-commons-3.2.6.jar:3.2.6]
	at org.springframework.data.repository.core.support.QueryExecutorMethodInterceptor.mapMethodsToQuery(QueryExecutorMethodInterceptor.java:99) ~[spring-data-commons-3.2.6.jar:3.2.6]
	at org.springframework.data.repository.core.support.QueryExecutorMethodInterceptor.lambda$new$0(QueryExecutorMethodInterceptor.java:88) ~[spring-data-commons-3.2.6.jar:3.2.6]
	at java.base/java.util.Optional.map(Optional.java:260) ~[na:na]
	at org.springframework.data.repository.core.support.QueryExecutorMethodInterceptor.<init>(QueryExecutorMethodInterceptor.java:88) ~[spring-data-commons-3.2.6.jar:3.2.6]
	at org.springframework.data.repository.core.support.RepositoryFactorySupport.getRepository(RepositoryFactorySupport.java:357) ~[spring-data-commons-3.2.6.jar:3.2.6]
	at org.springframework.data.repository.core.support.RepositoryFactoryBeanSupport.lambda$afterPropertiesSet$5(RepositoryFactoryBeanSupport.java:286) ~[spring-data-commons-3.2.6.jar:3.2.6]
	at org.springframework.data.util.Lazy.getNullable(Lazy.java:135) ~[spring-data-commons-3.2.6.jar:3.2.6]
	at org.springframework.data.util.Lazy.get(Lazy.java:113) ~[spring-data-commons-3.2.6.jar:3.2.6]
	at org.springframework.data.repository.core.support.RepositoryFactoryBeanSupport.afterPropertiesSet(RepositoryFactoryBeanSupport.java:292) ~[spring-data-commons-3.2.6.jar:3.2.6]
	at org.springframework.data.jpa.repository.support.JpaRepositoryFactoryBean.afterPropertiesSet(JpaRepositoryFactoryBean.java:132) ~[spring-data-jpa-3.2.6.jar:3.2.6]
	at org.springframework.beans.factory.support.AbstractAutowireCapableBeanFactory.invokeInitMethods(AbstractAutowireCapableBeanFactory.java:1835) ~[spring-beans-6.1.8.jar:6.1.8]
	at org.springframework.beans.factory.support.AbstractAutowireCapableBeanFactory.initializeBean(AbstractAutowireCapableBeanFactory.java:1784) ~[spring-beans-6.1.8.jar:6.1.8]
	at org.springframework.beans.factory.support.AbstractAutowireCapableBeanFactory.doCreateBean(AbstractAutowireCapableBeanFactory.java:600) ~[spring-beans-6.1.8.jar:6.1.8]
	at org.springframework.beans.factory.support.AbstractAutowireCapableBeanFactory.createBean(AbstractAutowireCapableBeanFactory.java:522) ~[spring-beans-6.1.8.jar:6.1.8]
	at org.springframework.beans.factory.support.AbstractBeanFactory.lambda$doGetBean$0(AbstractBeanFactory.java:337) ~[spring-beans-6.1.8.jar:6.1.8]
	at org.springframework.beans.factory.support.DefaultSingletonBeanRegistry.getSingleton(DefaultSingletonBeanRegistry.java:234) ~[spring-beans-6.1.8.jar:6.1.8]
	at org.springframework.beans.factory.support.AbstractBeanFactory.doGetBean(AbstractBeanFactory.java:335) ~[spring-beans-6.1.8.jar:6.1.8]
	at org.springframework.beans.factory.support.AbstractBeanFactory.getBean(AbstractBeanFactory.java:200) ~[spring-beans-6.1.8.jar:6.1.8]
	at org.springframework.beans.factory.config.DependencyDescriptor.resolveCandidate(DependencyDescriptor.java:254) ~[spring-beans-6.1.8.jar:6.1.8]
	at org.springframework.beans.factory.support.DefaultListableBeanFactory.doResolveDependency(DefaultListableBeanFactory.java:1443) ~[spring-beans-6.1.8.jar:6.1.8]
	at org.springframework.beans.factory.support.DefaultListableBeanFactory.resolveDependency(DefaultListableBeanFactory.java:1353) ~[spring-beans-6.1.8.jar:6.1.8]
	at org.springframework.beans.factory.support.ConstructorResolver.resolveAutowiredArgument(ConstructorResolver.java:904) ~[spring-beans-6.1.8.jar:6.1.8]
	at org.springframework.beans.factory.support.ConstructorResolver.createArgumentArray(ConstructorResolver.java:782) ~[spring-beans-6.1.8.jar:6.1.8]
	at org.springframework.beans.factory.support.ConstructorResolver.autowireConstructor(ConstructorResolver.java:237) ~[spring-beans-6.1.8.jar:6.1.8]
	at org.springframework.beans.factory.support.AbstractAutowireCapableBeanFactory.autowireConstructor(AbstractAutowireCapableBeanFactory.java:1357) ~[spring-beans-6.1.8.jar:6.1.8]
	at org.springframework.beans.factory.support.AbstractAutowireCapableBeanFactory.createBeanInstance(AbstractAutowireCapableBeanFactory.java:1194) ~[spring-beans-6.1.8.jar:6.1.8]
	at org.springframework.beans.factory.support.AbstractAutowireCapableBeanFactory.doCreateBean(AbstractAutowireCapableBeanFactory.java:562) ~[spring-beans-6.1.8.jar:6.1.8]
	at org.springframework.beans.factory.support.AbstractAutowireCapableBeanFactory.createBean(AbstractAutowireCapableBeanFactory.java:522) ~[spring-beans-6.1.8.jar:6.1.8]
	at org.springframework.beans.factory.support.AbstractBeanFactory.lambda$doGetBean$0(AbstractBeanFactory.java:337) ~[spring-beans-6.1.8.jar:6.1.8]
	at org.springframework.beans.factory.support.DefaultSingletonBeanRegistry.getSingleton(DefaultSingletonBeanRegistry.java:234) ~[spring-beans-6.1.8.jar:6.1.8]
	at org.springframework.beans.factory.support.AbstractBeanFactory.doGetBean(AbstractBeanFactory.java:335) ~[spring-beans-6.1.8.jar:6.1.8]
	at org.springframework.beans.factory.support.AbstractBeanFactory.getBean(AbstractBeanFactory.java:200) ~[spring-beans-6.1.8.jar:6.1.8]
	at org.springframework.beans.factory.support.DefaultListableBeanFactory.preInstantiateSingletons(DefaultListableBeanFactory.java:975) ~[spring-beans-6.1.8.jar:6.1.8]
	at org.springframework.context.support.AbstractApplicationContext.finishBeanFactoryInitialization(AbstractApplicationContext.java:962) ~[spring-context-6.1.8.jar:6.1.8]
	at org.springframework.context.support.AbstractApplicationContext.refresh(AbstractApplicationContext.java:624) ~[spring-context-6.1.8.jar:6.1.8]
	at org.springframework.boot.SpringApplication.refresh(SpringApplication.java:754) ~[spring-boot-3.2.6.jar:3.2.6]
	at org.springframework.boot.SpringApplication.refreshContext(SpringApplication.java:456) ~[spring-boot-3.2.6.jar:3.2.6]
	at org.springframework.boot.SpringApplication.run(SpringApplication.java:335) ~[spring-boot-3.2.6.jar:3.2.6]
	at org.springframework.boot.test.context.SpringBootContextLoader.lambda$loadContext$3(SpringBootContextLoader.java:137) ~[spring-boot-test-3.2.6.jar:3.2.6]
	at org.springframework.util.function.ThrowingSupplier.get(ThrowingSupplier.java:58) ~[spring-core-6.1.8.jar:6.1.8]
	at org.springframework.util.function.ThrowingSupplier.get(ThrowingSupplier.java:46) ~[spring-core-6.1.8.jar:6.1.8]
	at org.springframework.boot.SpringApplication.withHook(SpringApplication.java:1463) ~[spring-boot-3.2.6.jar:3.2.6]
	at org.springframework.boot.test.context.SpringBootContextLoader$ContextLoaderHook.run(SpringBootContextLoader.java:553) ~[spring-boot-test-3.2.6.jar:3.2.6]
	at org.springframework.boot.test.context.SpringBootContextLoader.loadContext(SpringBootContextLoader.java:137) ~[spring-boot-test-3.2.6.jar:3.2.6]
	at org.springframework.boot.test.context.SpringBootContextLoader.loadContext(SpringBootContextLoader.java:108) ~[spring-boot-test-3.2.6.jar:3.2.6]
	at org.springframework.test.context.cache.DefaultCacheAwareContextLoaderDelegate.loadContextInternal(DefaultCacheAwareContextLoaderDelegate.java:225) ~[spring-test-6.1.8.jar:6.1.8]
	at org.springframework.test.context.cache.DefaultCacheAwareContextLoaderDelegate.loadContext(DefaultCacheAwareContextLoaderDelegate.java:152) ~[spring-test-6.1.8.jar:6.1.8]
	at org.springframework.test.context.support.DefaultTestContext.getApplicationContext(DefaultTestContext.java:130) ~[spring-test-6.1.8.jar:6.1.8]
	at org.springframework.test.context.web.ServletTestExecutionListener.setUpRequestContextIfNecessary(ServletTestExecutionListener.java:191) ~[spring-test-6.1.8.jar:6.1.8]
	at org.springframework.test.context.web.ServletTestExecutionListener.prepareTestInstance(ServletTestExecutionListener.java:130) ~[spring-test-6.1.8.jar:6.1.8]
	at org.springframework.test.context.TestContextManager.prepareTestInstance(TestContextManager.java:260) ~[spring-test-6.1.8.jar:6.1.8]
	at org.springframework.test.context.junit.jupiter.SpringExtension.postProcessTestInstance(SpringExtension.java:163) ~[spring-test-6.1.8.jar:6.1.8]
	at org.junit.jupiter.engine.descriptor.ClassBasedTestDescriptor.lambda$invokeTestInstancePostProcessors$10(ClassBasedTestDescriptor.java:378) ~[junit-jupiter-engine-5.10.2.jar:5.10.2]
	at org.junit.jupiter.engine.descriptor.ClassBasedTestDescriptor.executeAndMaskThrowable(ClassBasedTestDescriptor.java:383) ~[junit-jupiter-engine-5.10.2.jar:5.10.2]
	at org.junit.jupiter.engine.descriptor.ClassBasedTestDescriptor.lambda$invokeTestInstancePostProcessors$11(ClassBasedTestDescriptor.java:378) ~[junit-jupiter-engine-5.10.2.jar:5.10.2]
	at java.base/java.util.stream.ReferencePipeline$3$1.accept(ReferencePipeline.java:197) ~[na:na]
	at java.base/java.util.stream.ReferencePipeline$2$1.accept(ReferencePipeline.java:179) ~[na:na]
	at java.base/java.util.ArrayList$ArrayListSpliterator.forEachRemaining(ArrayList.java:1708) ~[na:na]
	at java.base/java.util.stream.AbstractPipeline.copyInto(AbstractPipeline.java:509) ~[na:na]
	at java.base/java.util.stream.AbstractPipeline.wrapAndCopyInto(AbstractPipeline.java:499) ~[na:na]
	at java.base/java.util.stream.StreamSpliterators$WrappingSpliterator.forEachRemaining(StreamSpliterators.java:310) ~[na:na]
	at java.base/java.util.stream.Streams$ConcatSpliterator.forEachRemaining(Streams.java:735) ~[na:na]
	at java.base/java.util.stream.Streams$ConcatSpliterator.forEachRemaining(Streams.java:734) ~[na:na]
	at java.base/java.util.stream.ReferencePipeline$Head.forEach(ReferencePipeline.java:762) ~[na:na]
	at org.junit.jupiter.engine.descriptor.ClassBasedTestDescriptor.invokeTestInstancePostProcessors(ClassBasedTestDescriptor.java:377) ~[junit-jupiter-engine-5.10.2.jar:5.10.2]
	at org.junit.jupiter.engine.descriptor.ClassBasedTestDescriptor.lambda$instantiateAndPostProcessTestInstance$6(ClassBasedTestDescriptor.java:290) ~[junit-jupiter-engine-5.10.2.jar:5.10.2]
	at org.junit.platform.engine.support.hierarchical.ThrowableCollector.execute(ThrowableCollector.java:73) ~[junit-platform-engine-1.10.2.jar:1.10.2]
	at org.junit.jupiter.engine.descriptor.ClassBasedTestDescriptor.instantiateAndPostProcessTestInstance(ClassBasedTestDescriptor.java:289) ~[junit-jupiter-engine-5.10.2.jar:5.10.2]
	at org.junit.jupiter.engine.descriptor.ClassBasedTestDescriptor.lambda$testInstancesProvider$4(ClassBasedTestDescriptor.java:279) ~[junit-jupiter-engine-5.10.2.jar:5.10.2]
	at java.base/java.util.Optional.orElseGet(Optional.java:364) ~[na:na]
	at org.junit.jupiter.engine.descriptor.ClassBasedTestDescriptor.lambda$testInstancesProvider$5(ClassBasedTestDescriptor.java:278) ~[junit-jupiter-engine-5.10.2.jar:5.10.2]
	at org.junit.jupiter.engine.execution.TestInstancesProvider.getTestInstances(TestInstancesProvider.java:31) ~[junit-jupiter-engine-5.10.2.jar:5.10.2]
	at org.junit.jupiter.engine.descriptor.TestMethodTestDescriptor.lambda$prepare$0(TestMethodTestDescriptor.java:106) ~[junit-jupiter-engine-5.10.2.jar:5.10.2]
	at org.junit.platform.engine.support.hierarchical.ThrowableCollector.execute(ThrowableCollector.java:73) ~[junit-platform-engine-1.10.2.jar:1.10.2]
	at org.junit.jupiter.engine.descriptor.TestMethodTestDescriptor.prepare(TestMethodTestDescriptor.java:105) ~[junit-jupiter-engine-5.10.2.jar:5.10.2]
	at org.junit.jupiter.engine.descriptor.TestMethodTestDescriptor.prepare(TestMethodTestDescriptor.java:69) ~[junit-jupiter-engine-5.10.2.jar:5.10.2]
	at org.junit.platform.engine.support.hierarchical.NodeTestTask.lambda$prepare$2(NodeTestTask.java:123) ~[junit-platform-engine-1.10.2.jar:1.10.2]
	at org.junit.platform.engine.support.hierarchical.ThrowableCollector.execute(ThrowableCollector.java:73) ~[junit-platform-engine-1.10.2.jar:1.10.2]
	at org.junit.platform.engine.support.hierarchical.NodeTestTask.prepare(NodeTestTask.java:123) ~[junit-platform-engine-1.10.2.jar:1.10.2]
	at org.junit.platform.engine.support.hierarchical.NodeTestTask.execute(NodeTestTask.java:90) ~[junit-platform-engine-1.10.2.jar:1.10.2]
	at java.base/java.util.ArrayList.forEach(ArrayList.java:1596) ~[na:na]
	at org.junit.platform.engine.support.hierarchical.SameThreadHierarchicalTestExecutorService.invokeAll(SameThreadHierarchicalTestExecutorService.java:41) ~[junit-platform-engine-1.10.2.jar:1.10.2]
	at org.junit.platform.engine.support.hierarchical.NodeTestTask.lambda$executeRecursively$6(NodeTestTask.java:155) ~[junit-platform-engine-1.10.2.jar:1.10.2]
	at org.junit.platform.engine.support.hierarchical.ThrowableCollector.execute(ThrowableCollector.java:73) ~[junit-platform-engine-1.10.2.jar:1.10.2]
	at org.junit.platform.engine.support.hierarchical.NodeTestTask.lambda$executeRecursively$8(NodeTestTask.java:141) ~[junit-platform-engine-1.10.2.jar:1.10.2]
	at org.junit.platform.engine.support.hierarchical.Node.around(Node.java:137) ~[junit-platform-engine-1.10.2.jar:1.10.2]
	at org.junit.platform.engine.support.hierarchical.NodeTestTask.lambda$executeRecursively$9(NodeTestTask.java:139) ~[junit-platform-engine-1.10.2.jar:1.10.2]
	at org.junit.platform.engine.support.hierarchical.ThrowableCollector.execute(ThrowableCollector.java:73) ~[junit-platform-engine-1.10.2.jar:1.10.2]
	at org.junit.platform.engine.support.hierarchical.NodeTestTask.executeRecursively(NodeTestTask.java:138) ~[junit-platform-engine-1.10.2.jar:1.10.2]
	at org.junit.platform.engine.support.hierarchical.NodeTestTask.execute(NodeTestTask.java:95) ~[junit-platform-engine-1.10.2.jar:1.10.2]
	at java.base/java.util.ArrayList.forEach(ArrayList.java:1596) ~[na:na]
	at org.junit.platform.engine.support.hierarchical.SameThreadHierarchicalTestExecutorService.invokeAll(SameThreadHierarchicalTestExecutorService.java:41) ~[junit-platform-engine-1.10.2.jar:1.10.2]
	at org.junit.platform.engine.support.hierarchical.NodeTestTask.lambda$executeRecursively$6(NodeTestTask.java:155) ~[junit-platform-engine-1.10.2.jar:1.10.2]
	at org.junit.platform.engine.support.hierarchical.ThrowableCollector.execute(ThrowableCollector.java:73) ~[junit-platform-engine-1.10.2.jar:1.10.2]
	at org.junit.platform.engine.support.hierarchical.NodeTestTask.lambda$executeRecursively$8(NodeTestTask.java:141) ~[junit-platform-engine-1.10.2.jar:1.10.2]
	at org.junit.platform.engine.support.hierarchical.Node.around(Node.java:137) ~[junit-platform-engine-1.10.2.jar:1.10.2]
	at org.junit.platform.engine.support.hierarchical.NodeTestTask.lambda$executeRecursively$9(NodeTestTask.java:139) ~[junit-platform-engine-1.10.2.jar:1.10.2]
	at org.junit.platform.engine.support.hierarchical.ThrowableCollector.execute(ThrowableCollector.java:73) ~[junit-platform-engine-1.10.2.jar:1.10.2]
	at org.junit.platform.engine.support.hierarchical.NodeTestTask.executeRecursively(NodeTestTask.java:138) ~[junit-platform-engine-1.10.2.jar:1.10.2]
	at org.junit.platform.engine.support.hierarchical.NodeTestTask.execute(NodeTestTask.java:95) ~[junit-platform-engine-1.10.2.jar:1.10.2]
	at org.junit.platform.engine.support.hierarchical.SameThreadHierarchicalTestExecutorService.submit(SameThreadHierarchicalTestExecutorService.java:35) ~[junit-platform-engine-1.10.2.jar:1.10.2]
	at org.junit.platform.engine.support.hierarchical.HierarchicalTestExecutor.execute(HierarchicalTestExecutor.java:57) ~[junit-platform-engine-1.10.2.jar:1.10.2]
	at org.junit.platform.engine.support.hierarchical.HierarchicalTestEngine.execute(HierarchicalTestEngine.java:54) ~[junit-platform-engine-1.10.2.jar:1.10.2]
	at org.junit.platform.launcher.core.EngineExecutionOrchestrator.execute(EngineExecutionOrchestrator.java:198) ~[junit-platform-launcher-1.10.2.jar:1.10.2]
	at org.junit.platform.launcher.core.EngineExecutionOrchestrator.execute(EngineExecutionOrchestrator.java:169) ~[junit-platform-launcher-1.10.2.jar:1.10.2]
	at org.junit.platform.launcher.core.EngineExecutionOrchestrator.execute(EngineExecutionOrchestrator.java:93) ~[junit-platform-launcher-1.10.2.jar:1.10.2]
	at org.junit.platform.launcher.core.EngineExecutionOrchestrator.lambda$execute$0(EngineExecutionOrchestrator.java:58) ~[junit-platform-launcher-1.10.2.jar:1.10.2]
	at org.junit.platform.launcher.core.EngineExecutionOrchestrator.withInterceptedStreams(EngineExecutionOrchestrator.java:141) ~[junit-platform-launcher-1.10.2.jar:1.10.2]
	at org.junit.platform.launcher.core.EngineExecutionOrchestrator.execute(EngineExecutionOrchestrator.java:57) ~[junit-platform-launcher-1.10.2.jar:1.10.2]
	at org.junit.platform.launcher.core.DefaultLauncher.execute(DefaultLauncher.java:103) ~[junit-platform-launcher-1.10.2.jar:1.10.2]
	at org.junit.platform.launcher.core.DefaultLauncher.execute(DefaultLauncher.java:85) ~[junit-platform-launcher-1.10.2.jar:1.10.2]
	at org.junit.platform.launcher.core.DelegatingLauncher.execute(DelegatingLauncher.java:47) ~[junit-platform-launcher-1.10.2.jar:1.10.2]
	at org.apache.maven.surefire.junitplatform.LazyLauncher.execute(LazyLauncher.java:56) ~[surefire-junit-platform-3.1.2.jar:3.1.2]
	at org.apache.maven.surefire.junitplatform.JUnitPlatformProvider.execute(JUnitPlatformProvider.java:184) ~[surefire-junit-platform-3.1.2.jar:3.1.2]
	at org.apache.maven.surefire.junitplatform.JUnitPlatformProvider.invokeAllTests(JUnitPlatformProvider.java:148) ~[surefire-junit-platform-3.1.2.jar:3.1.2]
	at org.apache.maven.surefire.junitplatform.JUnitPlatformProvider.invoke(JUnitPlatformProvider.java:122) ~[surefire-junit-platform-3.1.2.jar:3.1.2]
	at org.apache.maven.surefire.booter.ForkedBooter.runSuitesInProcess(ForkedBooter.java:385) ~[surefire-booter-3.1.2.jar:3.1.2]
	at org.apache.maven.surefire.booter.ForkedBooter.execute(ForkedBooter.java:162) ~[surefire-booter-3.1.2.jar:3.1.2]
	at org.apache.maven.surefire.booter.ForkedBooter.run(ForkedBooter.java:507) ~[surefire-booter-3.1.2.jar:3.1.2]
	at org.apache.maven.surefire.booter.ForkedBooter.main(ForkedBooter.java:495) ~[surefire-booter-3.1.2.jar:3.1.2]

2024-06-27T14:13:00.607-05:00 DEBUG 22344 --- [mindcare-backend] [           main] o.s.d.jpa.repository.query.NamedQuery    : Did not find named query Role.existsByName
2024-06-27T14:13:00.607-05:00 DEBUG 22344 --- [mindcare-backend] [           main] tor$SharedEntityManagerInvocationHandler : Creating new EntityManager for shared EntityManager invocation
2024-06-27T14:13:00.612-05:00 DEBUG 22344 --- [mindcare-backend] [           main] o.s.d.r.c.s.RepositoryFactorySupport     : Finished creation of repository instance for pe.edu.upc.mind.care.platform.iam.infrastructure.persistence.jpa.repositories.RoleRepository.
2024-06-27T14:13:00.614-05:00 DEBUG 22344 --- [mindcare-backend] [           main] o.s.b.f.s.DefaultListableBeanFactory     : Autowiring by type from bean name 'roleCommandServiceImpl' via constructor to bean named 'roleRepository'
2024-06-27T14:13:00.615-05:00 DEBUG 22344 --- [mindcare-backend] [           main] o.s.b.f.s.DefaultListableBeanFactory     : Creating shared instance of singleton bean 'userCommandServiceImpl'
2024-06-27T14:13:00.617-05:00 DEBUG 22344 --- [mindcare-backend] [           main] o.s.b.f.s.DefaultListableBeanFactory     : Creating shared instance of singleton bean 'userRepository'
2024-06-27T14:13:00.618-05:00 DEBUG 22344 --- [mindcare-backend] [           main] o.s.b.f.s.DefaultListableBeanFactory     : Creating shared instance of singleton bean 'jpa.named-queries#5'
2024-06-27T14:13:00.619-05:00 DEBUG 22344 --- [mindcare-backend] [           main] o.s.b.f.s.DefaultListableBeanFactory     : Creating shared instance of singleton bean 'jpa.UserRepository.fragments#0'
2024-06-27T14:13:00.620-05:00 DEBUG 22344 --- [mindcare-backend] [           main] tor$SharedEntityManagerInvocationHandler : Creating new EntityManager for shared EntityManager invocation
2024-06-27T14:13:00.624-05:00 DEBUG 22344 --- [mindcare-backend] [           main] o.s.d.r.c.s.RepositoryFactorySupport     : Initializing repository instance for pe.edu.upc.mind.care.platform.iam.infrastructure.persistence.jpa.repositories.UserRepository…
2024-06-27T14:13:00.624-05:00 DEBUG 22344 --- [mindcare-backend] [           main] tor$SharedEntityManagerInvocationHandler : Creating new EntityManager for shared EntityManager invocation
2024-06-27T14:13:00.627-05:00 DEBUG 22344 --- [mindcare-backend] [           main] o.s.d.jpa.repository.query.NamedQuery    : Looking up named query User.findByUsername
2024-06-27T14:13:00.627-05:00 DEBUG 22344 --- [mindcare-backend] [           main] cResourceLocalTransactionCoordinatorImpl : JDBC transaction marked for rollback-only (exception provided for stack trace)

java.lang.Exception: exception just for purpose of providing stack trace
	at org.hibernate.resource.transaction.backend.jdbc.internal.JdbcResourceLocalTransactionCoordinatorImpl$TransactionDriverControlImpl.markRollbackOnly(JdbcResourceLocalTransactionCoordinatorImpl.java:310) ~[hibernate-core-6.4.8.Final.jar:6.4.8.Final]
	at org.hibernate.internal.AbstractSharedSessionContract.buildNamedQuery(AbstractSharedSessionContract.java:1097) ~[hibernate-core-6.4.8.Final.jar:6.4.8.Final]
	at org.hibernate.internal.AbstractSharedSessionContract.createNamedQuery(AbstractSharedSessionContract.java:975) ~[hibernate-core-6.4.8.Final.jar:6.4.8.Final]
	at org.hibernate.internal.AbstractSharedSessionContract.createNamedQuery(AbstractSharedSessionContract.java:136) ~[hibernate-core-6.4.8.Final.jar:6.4.8.Final]
	at java.base/jdk.internal.reflect.DirectMethodHandleAccessor.invoke(DirectMethodHandleAccessor.java:103) ~[na:na]
	at java.base/java.lang.reflect.Method.invoke(Method.java:580) ~[na:na]
	at org.springframework.orm.jpa.ExtendedEntityManagerCreator$ExtendedEntityManagerInvocationHandler.invoke(ExtendedEntityManagerCreator.java:364) ~[spring-orm-6.1.8.jar:6.1.8]
	at jdk.proxy2/jdk.proxy2.$Proxy161.createNamedQuery(Unknown Source) ~[na:na]
	at org.springframework.data.jpa.repository.query.NamedQuery.hasNamedQuery(NamedQuery.java:113) ~[spring-data-jpa-3.2.6.jar:3.2.6]
	at org.springframework.data.jpa.repository.query.NamedQuery.lookupFrom(NamedQuery.java:141) ~[spring-data-jpa-3.2.6.jar:3.2.6]
	at org.springframework.data.jpa.repository.query.JpaQueryLookupStrategy$DeclaredQueryLookupStrategy.resolveQuery(JpaQueryLookupStrategy.java:180) ~[spring-data-jpa-3.2.6.jar:3.2.6]
	at org.springframework.data.jpa.repository.query.JpaQueryLookupStrategy$CreateIfNotFoundQueryLookupStrategy.resolveQuery(JpaQueryLookupStrategy.java:252) ~[spring-data-jpa-3.2.6.jar:3.2.6]
	at org.springframework.data.jpa.repository.query.JpaQueryLookupStrategy$AbstractQueryLookupStrategy.resolveQuery(JpaQueryLookupStrategy.java:95) ~[spring-data-jpa-3.2.6.jar:3.2.6]
	at org.springframework.data.repository.core.support.QueryExecutorMethodInterceptor.lookupQuery(QueryExecutorMethodInterceptor.java:111) ~[spring-data-commons-3.2.6.jar:3.2.6]
	at org.springframework.data.repository.core.support.QueryExecutorMethodInterceptor.mapMethodsToQuery(QueryExecutorMethodInterceptor.java:99) ~[spring-data-commons-3.2.6.jar:3.2.6]
	at org.springframework.data.repository.core.support.QueryExecutorMethodInterceptor.lambda$new$0(QueryExecutorMethodInterceptor.java:88) ~[spring-data-commons-3.2.6.jar:3.2.6]
	at java.base/java.util.Optional.map(Optional.java:260) ~[na:na]
	at org.springframework.data.repository.core.support.QueryExecutorMethodInterceptor.<init>(QueryExecutorMethodInterceptor.java:88) ~[spring-data-commons-3.2.6.jar:3.2.6]
	at org.springframework.data.repository.core.support.RepositoryFactorySupport.getRepository(RepositoryFactorySupport.java:357) ~[spring-data-commons-3.2.6.jar:3.2.6]
	at org.springframework.data.repository.core.support.RepositoryFactoryBeanSupport.lambda$afterPropertiesSet$5(RepositoryFactoryBeanSupport.java:286) ~[spring-data-commons-3.2.6.jar:3.2.6]
	at org.springframework.data.util.Lazy.getNullable(Lazy.java:135) ~[spring-data-commons-3.2.6.jar:3.2.6]
	at org.springframework.data.util.Lazy.get(Lazy.java:113) ~[spring-data-commons-3.2.6.jar:3.2.6]
	at org.springframework.data.repository.core.support.RepositoryFactoryBeanSupport.afterPropertiesSet(RepositoryFactoryBeanSupport.java:292) ~[spring-data-commons-3.2.6.jar:3.2.6]
	at org.springframework.data.jpa.repository.support.JpaRepositoryFactoryBean.afterPropertiesSet(JpaRepositoryFactoryBean.java:132) ~[spring-data-jpa-3.2.6.jar:3.2.6]
	at org.springframework.beans.factory.support.AbstractAutowireCapableBeanFactory.invokeInitMethods(AbstractAutowireCapableBeanFactory.java:1835) ~[spring-beans-6.1.8.jar:6.1.8]
	at org.springframework.beans.factory.support.AbstractAutowireCapableBeanFactory.initializeBean(AbstractAutowireCapableBeanFactory.java:1784) ~[spring-beans-6.1.8.jar:6.1.8]
	at org.springframework.beans.factory.support.AbstractAutowireCapableBeanFactory.doCreateBean(AbstractAutowireCapableBeanFactory.java:600) ~[spring-beans-6.1.8.jar:6.1.8]
	at org.springframework.beans.factory.support.AbstractAutowireCapableBeanFactory.createBean(AbstractAutowireCapableBeanFactory.java:522) ~[spring-beans-6.1.8.jar:6.1.8]
	at org.springframework.beans.factory.support.AbstractBeanFactory.lambda$doGetBean$0(AbstractBeanFactory.java:337) ~[spring-beans-6.1.8.jar:6.1.8]
	at org.springframework.beans.factory.support.DefaultSingletonBeanRegistry.getSingleton(DefaultSingletonBeanRegistry.java:234) ~[spring-beans-6.1.8.jar:6.1.8]
	at org.springframework.beans.factory.support.AbstractBeanFactory.doGetBean(AbstractBeanFactory.java:335) ~[spring-beans-6.1.8.jar:6.1.8]
	at org.springframework.beans.factory.support.AbstractBeanFactory.getBean(AbstractBeanFactory.java:200) ~[spring-beans-6.1.8.jar:6.1.8]
	at org.springframework.beans.factory.config.DependencyDescriptor.resolveCandidate(DependencyDescriptor.java:254) ~[spring-beans-6.1.8.jar:6.1.8]
	at org.springframework.beans.factory.support.DefaultListableBeanFactory.doResolveDependency(DefaultListableBeanFactory.java:1443) ~[spring-beans-6.1.8.jar:6.1.8]
	at org.springframework.beans.factory.support.DefaultListableBeanFactory.resolveDependency(DefaultListableBeanFactory.java:1353) ~[spring-beans-6.1.8.jar:6.1.8]
	at org.springframework.beans.factory.support.ConstructorResolver.resolveAutowiredArgument(ConstructorResolver.java:904) ~[spring-beans-6.1.8.jar:6.1.8]
	at org.springframework.beans.factory.support.ConstructorResolver.createArgumentArray(ConstructorResolver.java:782) ~[spring-beans-6.1.8.jar:6.1.8]
	at org.springframework.beans.factory.support.ConstructorResolver.autowireConstructor(ConstructorResolver.java:237) ~[spring-beans-6.1.8.jar:6.1.8]
	at org.springframework.beans.factory.support.AbstractAutowireCapableBeanFactory.autowireConstructor(AbstractAutowireCapableBeanFactory.java:1357) ~[spring-beans-6.1.8.jar:6.1.8]
	at org.springframework.beans.factory.support.AbstractAutowireCapableBeanFactory.createBeanInstance(AbstractAutowireCapableBeanFactory.java:1194) ~[spring-beans-6.1.8.jar:6.1.8]
	at org.springframework.beans.factory.support.AbstractAutowireCapableBeanFactory.doCreateBean(AbstractAutowireCapableBeanFactory.java:562) ~[spring-beans-6.1.8.jar:6.1.8]
	at org.springframework.beans.factory.support.AbstractAutowireCapableBeanFactory.createBean(AbstractAutowireCapableBeanFactory.java:522) ~[spring-beans-6.1.8.jar:6.1.8]
	at org.springframework.beans.factory.support.AbstractBeanFactory.lambda$doGetBean$0(AbstractBeanFactory.java:337) ~[spring-beans-6.1.8.jar:6.1.8]
	at org.springframework.beans.factory.support.DefaultSingletonBeanRegistry.getSingleton(DefaultSingletonBeanRegistry.java:234) ~[spring-beans-6.1.8.jar:6.1.8]
	at org.springframework.beans.factory.support.AbstractBeanFactory.doGetBean(AbstractBeanFactory.java:335) ~[spring-beans-6.1.8.jar:6.1.8]
	at org.springframework.beans.factory.support.AbstractBeanFactory.getBean(AbstractBeanFactory.java:200) ~[spring-beans-6.1.8.jar:6.1.8]
	at org.springframework.beans.factory.support.DefaultListableBeanFactory.preInstantiateSingletons(DefaultListableBeanFactory.java:975) ~[spring-beans-6.1.8.jar:6.1.8]
	at org.springframework.context.support.AbstractApplicationContext.finishBeanFactoryInitialization(AbstractApplicationContext.java:962) ~[spring-context-6.1.8.jar:6.1.8]
	at org.springframework.context.support.AbstractApplicationContext.refresh(AbstractApplicationContext.java:624) ~[spring-context-6.1.8.jar:6.1.8]
	at org.springframework.boot.SpringApplication.refresh(SpringApplication.java:754) ~[spring-boot-3.2.6.jar:3.2.6]
	at org.springframework.boot.SpringApplication.refreshContext(SpringApplication.java:456) ~[spring-boot-3.2.6.jar:3.2.6]
	at org.springframework.boot.SpringApplication.run(SpringApplication.java:335) ~[spring-boot-3.2.6.jar:3.2.6]
	at org.springframework.boot.test.context.SpringBootContextLoader.lambda$loadContext$3(SpringBootContextLoader.java:137) ~[spring-boot-test-3.2.6.jar:3.2.6]
	at org.springframework.util.function.ThrowingSupplier.get(ThrowingSupplier.java:58) ~[spring-core-6.1.8.jar:6.1.8]
	at org.springframework.util.function.ThrowingSupplier.get(ThrowingSupplier.java:46) ~[spring-core-6.1.8.jar:6.1.8]
	at org.springframework.boot.SpringApplication.withHook(SpringApplication.java:1463) ~[spring-boot-3.2.6.jar:3.2.6]
	at org.springframework.boot.test.context.SpringBootContextLoader$ContextLoaderHook.run(SpringBootContextLoader.java:553) ~[spring-boot-test-3.2.6.jar:3.2.6]
	at org.springframework.boot.test.context.SpringBootContextLoader.loadContext(SpringBootContextLoader.java:137) ~[spring-boot-test-3.2.6.jar:3.2.6]
	at org.springframework.boot.test.context.SpringBootContextLoader.loadContext(SpringBootContextLoader.java:108) ~[spring-boot-test-3.2.6.jar:3.2.6]
	at org.springframework.test.context.cache.DefaultCacheAwareContextLoaderDelegate.loadContextInternal(DefaultCacheAwareContextLoaderDelegate.java:225) ~[spring-test-6.1.8.jar:6.1.8]
	at org.springframework.test.context.cache.DefaultCacheAwareContextLoaderDelegate.loadContext(DefaultCacheAwareContextLoaderDelegate.java:152) ~[spring-test-6.1.8.jar:6.1.8]
	at org.springframework.test.context.support.DefaultTestContext.getApplicationContext(DefaultTestContext.java:130) ~[spring-test-6.1.8.jar:6.1.8]
	at org.springframework.test.context.web.ServletTestExecutionListener.setUpRequestContextIfNecessary(ServletTestExecutionListener.java:191) ~[spring-test-6.1.8.jar:6.1.8]
	at org.springframework.test.context.web.ServletTestExecutionListener.prepareTestInstance(ServletTestExecutionListener.java:130) ~[spring-test-6.1.8.jar:6.1.8]
	at org.springframework.test.context.TestContextManager.prepareTestInstance(TestContextManager.java:260) ~[spring-test-6.1.8.jar:6.1.8]
	at org.springframework.test.context.junit.jupiter.SpringExtension.postProcessTestInstance(SpringExtension.java:163) ~[spring-test-6.1.8.jar:6.1.8]
	at org.junit.jupiter.engine.descriptor.ClassBasedTestDescriptor.lambda$invokeTestInstancePostProcessors$10(ClassBasedTestDescriptor.java:378) ~[junit-jupiter-engine-5.10.2.jar:5.10.2]
	at org.junit.jupiter.engine.descriptor.ClassBasedTestDescriptor.executeAndMaskThrowable(ClassBasedTestDescriptor.java:383) ~[junit-jupiter-engine-5.10.2.jar:5.10.2]
	at org.junit.jupiter.engine.descriptor.ClassBasedTestDescriptor.lambda$invokeTestInstancePostProcessors$11(ClassBasedTestDescriptor.java:378) ~[junit-jupiter-engine-5.10.2.jar:5.10.2]
	at java.base/java.util.stream.ReferencePipeline$3$1.accept(ReferencePipeline.java:197) ~[na:na]
	at java.base/java.util.stream.ReferencePipeline$2$1.accept(ReferencePipeline.java:179) ~[na:na]
	at java.base/java.util.ArrayList$ArrayListSpliterator.forEachRemaining(ArrayList.java:1708) ~[na:na]
	at java.base/java.util.stream.AbstractPipeline.copyInto(AbstractPipeline.java:509) ~[na:na]
	at java.base/java.util.stream.AbstractPipeline.wrapAndCopyInto(AbstractPipeline.java:499) ~[na:na]
	at java.base/java.util.stream.StreamSpliterators$WrappingSpliterator.forEachRemaining(StreamSpliterators.java:310) ~[na:na]
	at java.base/java.util.stream.Streams$ConcatSpliterator.forEachRemaining(Streams.java:735) ~[na:na]
	at java.base/java.util.stream.Streams$ConcatSpliterator.forEachRemaining(Streams.java:734) ~[na:na]
	at java.base/java.util.stream.ReferencePipeline$Head.forEach(ReferencePipeline.java:762) ~[na:na]
	at org.junit.jupiter.engine.descriptor.ClassBasedTestDescriptor.invokeTestInstancePostProcessors(ClassBasedTestDescriptor.java:377) ~[junit-jupiter-engine-5.10.2.jar:5.10.2]
	at org.junit.jupiter.engine.descriptor.ClassBasedTestDescriptor.lambda$instantiateAndPostProcessTestInstance$6(ClassBasedTestDescriptor.java:290) ~[junit-jupiter-engine-5.10.2.jar:5.10.2]
	at org.junit.platform.engine.support.hierarchical.ThrowableCollector.execute(ThrowableCollector.java:73) ~[junit-platform-engine-1.10.2.jar:1.10.2]
	at org.junit.jupiter.engine.descriptor.ClassBasedTestDescriptor.instantiateAndPostProcessTestInstance(ClassBasedTestDescriptor.java:289) ~[junit-jupiter-engine-5.10.2.jar:5.10.2]
	at org.junit.jupiter.engine.descriptor.ClassBasedTestDescriptor.lambda$testInstancesProvider$4(ClassBasedTestDescriptor.java:279) ~[junit-jupiter-engine-5.10.2.jar:5.10.2]
	at java.base/java.util.Optional.orElseGet(Optional.java:364) ~[na:na]
	at org.junit.jupiter.engine.descriptor.ClassBasedTestDescriptor.lambda$testInstancesProvider$5(ClassBasedTestDescriptor.java:278) ~[junit-jupiter-engine-5.10.2.jar:5.10.2]
	at org.junit.jupiter.engine.execution.TestInstancesProvider.getTestInstances(TestInstancesProvider.java:31) ~[junit-jupiter-engine-5.10.2.jar:5.10.2]
	at org.junit.jupiter.engine.descriptor.TestMethodTestDescriptor.lambda$prepare$0(TestMethodTestDescriptor.java:106) ~[junit-jupiter-engine-5.10.2.jar:5.10.2]
	at org.junit.platform.engine.support.hierarchical.ThrowableCollector.execute(ThrowableCollector.java:73) ~[junit-platform-engine-1.10.2.jar:1.10.2]
	at org.junit.jupiter.engine.descriptor.TestMethodTestDescriptor.prepare(TestMethodTestDescriptor.java:105) ~[junit-jupiter-engine-5.10.2.jar:5.10.2]
	at org.junit.jupiter.engine.descriptor.TestMethodTestDescriptor.prepare(TestMethodTestDescriptor.java:69) ~[junit-jupiter-engine-5.10.2.jar:5.10.2]
	at org.junit.platform.engine.support.hierarchical.NodeTestTask.lambda$prepare$2(NodeTestTask.java:123) ~[junit-platform-engine-1.10.2.jar:1.10.2]
	at org.junit.platform.engine.support.hierarchical.ThrowableCollector.execute(ThrowableCollector.java:73) ~[junit-platform-engine-1.10.2.jar:1.10.2]
	at org.junit.platform.engine.support.hierarchical.NodeTestTask.prepare(NodeTestTask.java:123) ~[junit-platform-engine-1.10.2.jar:1.10.2]
	at org.junit.platform.engine.support.hierarchical.NodeTestTask.execute(NodeTestTask.java:90) ~[junit-platform-engine-1.10.2.jar:1.10.2]
	at java.base/java.util.ArrayList.forEach(ArrayList.java:1596) ~[na:na]
	at org.junit.platform.engine.support.hierarchical.SameThreadHierarchicalTestExecutorService.invokeAll(SameThreadHierarchicalTestExecutorService.java:41) ~[junit-platform-engine-1.10.2.jar:1.10.2]
	at org.junit.platform.engine.support.hierarchical.NodeTestTask.lambda$executeRecursively$6(NodeTestTask.java:155) ~[junit-platform-engine-1.10.2.jar:1.10.2]
	at org.junit.platform.engine.support.hierarchical.ThrowableCollector.execute(ThrowableCollector.java:73) ~[junit-platform-engine-1.10.2.jar:1.10.2]
	at org.junit.platform.engine.support.hierarchical.NodeTestTask.lambda$executeRecursively$8(NodeTestTask.java:141) ~[junit-platform-engine-1.10.2.jar:1.10.2]
	at org.junit.platform.engine.support.hierarchical.Node.around(Node.java:137) ~[junit-platform-engine-1.10.2.jar:1.10.2]
	at org.junit.platform.engine.support.hierarchical.NodeTestTask.lambda$executeRecursively$9(NodeTestTask.java:139) ~[junit-platform-engine-1.10.2.jar:1.10.2]
	at org.junit.platform.engine.support.hierarchical.ThrowableCollector.execute(ThrowableCollector.java:73) ~[junit-platform-engine-1.10.2.jar:1.10.2]
	at org.junit.platform.engine.support.hierarchical.NodeTestTask.executeRecursively(NodeTestTask.java:138) ~[junit-platform-engine-1.10.2.jar:1.10.2]
	at org.junit.platform.engine.support.hierarchical.NodeTestTask.execute(NodeTestTask.java:95) ~[junit-platform-engine-1.10.2.jar:1.10.2]
	at java.base/java.util.ArrayList.forEach(ArrayList.java:1596) ~[na:na]
	at org.junit.platform.engine.support.hierarchical.SameThreadHierarchicalTestExecutorService.invokeAll(SameThreadHierarchicalTestExecutorService.java:41) ~[junit-platform-engine-1.10.2.jar:1.10.2]
	at org.junit.platform.engine.support.hierarchical.NodeTestTask.lambda$executeRecursively$6(NodeTestTask.java:155) ~[junit-platform-engine-1.10.2.jar:1.10.2]
	at org.junit.platform.engine.support.hierarchical.ThrowableCollector.execute(ThrowableCollector.java:73) ~[junit-platform-engine-1.10.2.jar:1.10.2]
	at org.junit.platform.engine.support.hierarchical.NodeTestTask.lambda$executeRecursively$8(NodeTestTask.java:141) ~[junit-platform-engine-1.10.2.jar:1.10.2]
	at org.junit.platform.engine.support.hierarchical.Node.around(Node.java:137) ~[junit-platform-engine-1.10.2.jar:1.10.2]
	at org.junit.platform.engine.support.hierarchical.NodeTestTask.lambda$executeRecursively$9(NodeTestTask.java:139) ~[junit-platform-engine-1.10.2.jar:1.10.2]
	at org.junit.platform.engine.support.hierarchical.ThrowableCollector.execute(ThrowableCollector.java:73) ~[junit-platform-engine-1.10.2.jar:1.10.2]
	at org.junit.platform.engine.support.hierarchical.NodeTestTask.executeRecursively(NodeTestTask.java:138) ~[junit-platform-engine-1.10.2.jar:1.10.2]
	at org.junit.platform.engine.support.hierarchical.NodeTestTask.execute(NodeTestTask.java:95) ~[junit-platform-engine-1.10.2.jar:1.10.2]
	at org.junit.platform.engine.support.hierarchical.SameThreadHierarchicalTestExecutorService.submit(SameThreadHierarchicalTestExecutorService.java:35) ~[junit-platform-engine-1.10.2.jar:1.10.2]
	at org.junit.platform.engine.support.hierarchical.HierarchicalTestExecutor.execute(HierarchicalTestExecutor.java:57) ~[junit-platform-engine-1.10.2.jar:1.10.2]
	at org.junit.platform.engine.support.hierarchical.HierarchicalTestEngine.execute(HierarchicalTestEngine.java:54) ~[junit-platform-engine-1.10.2.jar:1.10.2]
	at org.junit.platform.launcher.core.EngineExecutionOrchestrator.execute(EngineExecutionOrchestrator.java:198) ~[junit-platform-launcher-1.10.2.jar:1.10.2]
	at org.junit.platform.launcher.core.EngineExecutionOrchestrator.execute(EngineExecutionOrchestrator.java:169) ~[junit-platform-launcher-1.10.2.jar:1.10.2]
	at org.junit.platform.launcher.core.EngineExecutionOrchestrator.execute(EngineExecutionOrchestrator.java:93) ~[junit-platform-launcher-1.10.2.jar:1.10.2]
	at org.junit.platform.launcher.core.EngineExecutionOrchestrator.lambda$execute$0(EngineExecutionOrchestrator.java:58) ~[junit-platform-launcher-1.10.2.jar:1.10.2]
	at org.junit.platform.launcher.core.EngineExecutionOrchestrator.withInterceptedStreams(EngineExecutionOrchestrator.java:141) ~[junit-platform-launcher-1.10.2.jar:1.10.2]
	at org.junit.platform.launcher.core.EngineExecutionOrchestrator.execute(EngineExecutionOrchestrator.java:57) ~[junit-platform-launcher-1.10.2.jar:1.10.2]
	at org.junit.platform.launcher.core.DefaultLauncher.execute(DefaultLauncher.java:103) ~[junit-platform-launcher-1.10.2.jar:1.10.2]
	at org.junit.platform.launcher.core.DefaultLauncher.execute(DefaultLauncher.java:85) ~[junit-platform-launcher-1.10.2.jar:1.10.2]
	at org.junit.platform.launcher.core.DelegatingLauncher.execute(DelegatingLauncher.java:47) ~[junit-platform-launcher-1.10.2.jar:1.10.2]
	at org.apache.maven.surefire.junitplatform.LazyLauncher.execute(LazyLauncher.java:56) ~[surefire-junit-platform-3.1.2.jar:3.1.2]
	at org.apache.maven.surefire.junitplatform.JUnitPlatformProvider.execute(JUnitPlatformProvider.java:184) ~[surefire-junit-platform-3.1.2.jar:3.1.2]
	at org.apache.maven.surefire.junitplatform.JUnitPlatformProvider.invokeAllTests(JUnitPlatformProvider.java:148) ~[surefire-junit-platform-3.1.2.jar:3.1.2]
	at org.apache.maven.surefire.junitplatform.JUnitPlatformProvider.invoke(JUnitPlatformProvider.java:122) ~[surefire-junit-platform-3.1.2.jar:3.1.2]
	at org.apache.maven.surefire.booter.ForkedBooter.runSuitesInProcess(ForkedBooter.java:385) ~[surefire-booter-3.1.2.jar:3.1.2]
	at org.apache.maven.surefire.booter.ForkedBooter.execute(ForkedBooter.java:162) ~[surefire-booter-3.1.2.jar:3.1.2]
	at org.apache.maven.surefire.booter.ForkedBooter.run(ForkedBooter.java:507) ~[surefire-booter-3.1.2.jar:3.1.2]
	at org.apache.maven.surefire.booter.ForkedBooter.main(ForkedBooter.java:495) ~[surefire-booter-3.1.2.jar:3.1.2]

2024-06-27T14:13:00.629-05:00 DEBUG 22344 --- [mindcare-backend] [           main] o.s.d.jpa.repository.query.NamedQuery    : Did not find named query User.findByUsername
2024-06-27T14:13:00.629-05:00 DEBUG 22344 --- [mindcare-backend] [           main] tor$SharedEntityManagerInvocationHandler : Creating new EntityManager for shared EntityManager invocation
2024-06-27T14:13:00.631-05:00 DEBUG 22344 --- [mindcare-backend] [           main] o.s.d.jpa.repository.query.NamedQuery    : Looking up named query User.existsByUsername
2024-06-27T14:13:00.631-05:00 DEBUG 22344 --- [mindcare-backend] [           main] cResourceLocalTransactionCoordinatorImpl : JDBC transaction marked for rollback-only (exception provided for stack trace)

java.lang.Exception: exception just for purpose of providing stack trace
	at org.hibernate.resource.transaction.backend.jdbc.internal.JdbcResourceLocalTransactionCoordinatorImpl$TransactionDriverControlImpl.markRollbackOnly(JdbcResourceLocalTransactionCoordinatorImpl.java:310) ~[hibernate-core-6.4.8.Final.jar:6.4.8.Final]
	at org.hibernate.internal.AbstractSharedSessionContract.buildNamedQuery(AbstractSharedSessionContract.java:1097) ~[hibernate-core-6.4.8.Final.jar:6.4.8.Final]
	at org.hibernate.internal.AbstractSharedSessionContract.createNamedQuery(AbstractSharedSessionContract.java:975) ~[hibernate-core-6.4.8.Final.jar:6.4.8.Final]
	at org.hibernate.internal.AbstractSharedSessionContract.createNamedQuery(AbstractSharedSessionContract.java:136) ~[hibernate-core-6.4.8.Final.jar:6.4.8.Final]
	at java.base/jdk.internal.reflect.DirectMethodHandleAccessor.invoke(DirectMethodHandleAccessor.java:103) ~[na:na]
	at java.base/java.lang.reflect.Method.invoke(Method.java:580) ~[na:na]
	at org.springframework.orm.jpa.ExtendedEntityManagerCreator$ExtendedEntityManagerInvocationHandler.invoke(ExtendedEntityManagerCreator.java:364) ~[spring-orm-6.1.8.jar:6.1.8]
	at jdk.proxy2/jdk.proxy2.$Proxy161.createNamedQuery(Unknown Source) ~[na:na]
	at org.springframework.data.jpa.repository.query.NamedQuery.hasNamedQuery(NamedQuery.java:113) ~[spring-data-jpa-3.2.6.jar:3.2.6]
	at org.springframework.data.jpa.repository.query.NamedQuery.lookupFrom(NamedQuery.java:141) ~[spring-data-jpa-3.2.6.jar:3.2.6]
	at org.springframework.data.jpa.repository.query.JpaQueryLookupStrategy$DeclaredQueryLookupStrategy.resolveQuery(JpaQueryLookupStrategy.java:180) ~[spring-data-jpa-3.2.6.jar:3.2.6]
	at org.springframework.data.jpa.repository.query.JpaQueryLookupStrategy$CreateIfNotFoundQueryLookupStrategy.resolveQuery(JpaQueryLookupStrategy.java:252) ~[spring-data-jpa-3.2.6.jar:3.2.6]
	at org.springframework.data.jpa.repository.query.JpaQueryLookupStrategy$AbstractQueryLookupStrategy.resolveQuery(JpaQueryLookupStrategy.java:95) ~[spring-data-jpa-3.2.6.jar:3.2.6]
	at org.springframework.data.repository.core.support.QueryExecutorMethodInterceptor.lookupQuery(QueryExecutorMethodInterceptor.java:111) ~[spring-data-commons-3.2.6.jar:3.2.6]
	at org.springframework.data.repository.core.support.QueryExecutorMethodInterceptor.mapMethodsToQuery(QueryExecutorMethodInterceptor.java:99) ~[spring-data-commons-3.2.6.jar:3.2.6]
	at org.springframework.data.repository.core.support.QueryExecutorMethodInterceptor.lambda$new$0(QueryExecutorMethodInterceptor.java:88) ~[spring-data-commons-3.2.6.jar:3.2.6]
	at java.base/java.util.Optional.map(Optional.java:260) ~[na:na]
	at org.springframework.data.repository.core.support.QueryExecutorMethodInterceptor.<init>(QueryExecutorMethodInterceptor.java:88) ~[spring-data-commons-3.2.6.jar:3.2.6]
	at org.springframework.data.repository.core.support.RepositoryFactorySupport.getRepository(RepositoryFactorySupport.java:357) ~[spring-data-commons-3.2.6.jar:3.2.6]
	at org.springframework.data.repository.core.support.RepositoryFactoryBeanSupport.lambda$afterPropertiesSet$5(RepositoryFactoryBeanSupport.java:286) ~[spring-data-commons-3.2.6.jar:3.2.6]
	at org.springframework.data.util.Lazy.getNullable(Lazy.java:135) ~[spring-data-commons-3.2.6.jar:3.2.6]
	at org.springframework.data.util.Lazy.get(Lazy.java:113) ~[spring-data-commons-3.2.6.jar:3.2.6]
	at org.springframework.data.repository.core.support.RepositoryFactoryBeanSupport.afterPropertiesSet(RepositoryFactoryBeanSupport.java:292) ~[spring-data-commons-3.2.6.jar:3.2.6]
	at org.springframework.data.jpa.repository.support.JpaRepositoryFactoryBean.afterPropertiesSet(JpaRepositoryFactoryBean.java:132) ~[spring-data-jpa-3.2.6.jar:3.2.6]
	at org.springframework.beans.factory.support.AbstractAutowireCapableBeanFactory.invokeInitMethods(AbstractAutowireCapableBeanFactory.java:1835) ~[spring-beans-6.1.8.jar:6.1.8]
	at org.springframework.beans.factory.support.AbstractAutowireCapableBeanFactory.initializeBean(AbstractAutowireCapableBeanFactory.java:1784) ~[spring-beans-6.1.8.jar:6.1.8]
	at org.springframework.beans.factory.support.AbstractAutowireCapableBeanFactory.doCreateBean(AbstractAutowireCapableBeanFactory.java:600) ~[spring-beans-6.1.8.jar:6.1.8]
	at org.springframework.beans.factory.support.AbstractAutowireCapableBeanFactory.createBean(AbstractAutowireCapableBeanFactory.java:522) ~[spring-beans-6.1.8.jar:6.1.8]
	at org.springframework.beans.factory.support.AbstractBeanFactory.lambda$doGetBean$0(AbstractBeanFactory.java:337) ~[spring-beans-6.1.8.jar:6.1.8]
	at org.springframework.beans.factory.support.DefaultSingletonBeanRegistry.getSingleton(DefaultSingletonBeanRegistry.java:234) ~[spring-beans-6.1.8.jar:6.1.8]
	at org.springframework.beans.factory.support.AbstractBeanFactory.doGetBean(AbstractBeanFactory.java:335) ~[spring-beans-6.1.8.jar:6.1.8]
	at org.springframework.beans.factory.support.AbstractBeanFactory.getBean(AbstractBeanFactory.java:200) ~[spring-beans-6.1.8.jar:6.1.8]
	at org.springframework.beans.factory.config.DependencyDescriptor.resolveCandidate(DependencyDescriptor.java:254) ~[spring-beans-6.1.8.jar:6.1.8]
	at org.springframework.beans.factory.support.DefaultListableBeanFactory.doResolveDependency(DefaultListableBeanFactory.java:1443) ~[spring-beans-6.1.8.jar:6.1.8]
	at org.springframework.beans.factory.support.DefaultListableBeanFactory.resolveDependency(DefaultListableBeanFactory.java:1353) ~[spring-beans-6.1.8.jar:6.1.8]
	at org.springframework.beans.factory.support.ConstructorResolver.resolveAutowiredArgument(ConstructorResolver.java:904) ~[spring-beans-6.1.8.jar:6.1.8]
	at org.springframework.beans.factory.support.ConstructorResolver.createArgumentArray(ConstructorResolver.java:782) ~[spring-beans-6.1.8.jar:6.1.8]
	at org.springframework.beans.factory.support.ConstructorResolver.autowireConstructor(ConstructorResolver.java:237) ~[spring-beans-6.1.8.jar:6.1.8]
	at org.springframework.beans.factory.support.AbstractAutowireCapableBeanFactory.autowireConstructor(AbstractAutowireCapableBeanFactory.java:1357) ~[spring-beans-6.1.8.jar:6.1.8]
	at org.springframework.beans.factory.support.AbstractAutowireCapableBeanFactory.createBeanInstance(AbstractAutowireCapableBeanFactory.java:1194) ~[spring-beans-6.1.8.jar:6.1.8]
	at org.springframework.beans.factory.support.AbstractAutowireCapableBeanFactory.doCreateBean(AbstractAutowireCapableBeanFactory.java:562) ~[spring-beans-6.1.8.jar:6.1.8]
	at org.springframework.beans.factory.support.AbstractAutowireCapableBeanFactory.createBean(AbstractAutowireCapableBeanFactory.java:522) ~[spring-beans-6.1.8.jar:6.1.8]
	at org.springframework.beans.factory.support.AbstractBeanFactory.lambda$doGetBean$0(AbstractBeanFactory.java:337) ~[spring-beans-6.1.8.jar:6.1.8]
	at org.springframework.beans.factory.support.DefaultSingletonBeanRegistry.getSingleton(DefaultSingletonBeanRegistry.java:234) ~[spring-beans-6.1.8.jar:6.1.8]
	at org.springframework.beans.factory.support.AbstractBeanFactory.doGetBean(AbstractBeanFactory.java:335) ~[spring-beans-6.1.8.jar:6.1.8]
	at org.springframework.beans.factory.support.AbstractBeanFactory.getBean(AbstractBeanFactory.java:200) ~[spring-beans-6.1.8.jar:6.1.8]
	at org.springframework.beans.factory.support.DefaultListableBeanFactory.preInstantiateSingletons(DefaultListableBeanFactory.java:975) ~[spring-beans-6.1.8.jar:6.1.8]
	at org.springframework.context.support.AbstractApplicationContext.finishBeanFactoryInitialization(AbstractApplicationContext.java:962) ~[spring-context-6.1.8.jar:6.1.8]
	at org.springframework.context.support.AbstractApplicationContext.refresh(AbstractApplicationContext.java:624) ~[spring-context-6.1.8.jar:6.1.8]
	at org.springframework.boot.SpringApplication.refresh(SpringApplication.java:754) ~[spring-boot-3.2.6.jar:3.2.6]
	at org.springframework.boot.SpringApplication.refreshContext(SpringApplication.java:456) ~[spring-boot-3.2.6.jar:3.2.6]
	at org.springframework.boot.SpringApplication.run(SpringApplication.java:335) ~[spring-boot-3.2.6.jar:3.2.6]
	at org.springframework.boot.test.context.SpringBootContextLoader.lambda$loadContext$3(SpringBootContextLoader.java:137) ~[spring-boot-test-3.2.6.jar:3.2.6]
	at org.springframework.util.function.ThrowingSupplier.get(ThrowingSupplier.java:58) ~[spring-core-6.1.8.jar:6.1.8]
	at org.springframework.util.function.ThrowingSupplier.get(ThrowingSupplier.java:46) ~[spring-core-6.1.8.jar:6.1.8]
	at org.springframework.boot.SpringApplication.withHook(SpringApplication.java:1463) ~[spring-boot-3.2.6.jar:3.2.6]
	at org.springframework.boot.test.context.SpringBootContextLoader$ContextLoaderHook.run(SpringBootContextLoader.java:553) ~[spring-boot-test-3.2.6.jar:3.2.6]
	at org.springframework.boot.test.context.SpringBootContextLoader.loadContext(SpringBootContextLoader.java:137) ~[spring-boot-test-3.2.6.jar:3.2.6]
	at org.springframework.boot.test.context.SpringBootContextLoader.loadContext(SpringBootContextLoader.java:108) ~[spring-boot-test-3.2.6.jar:3.2.6]
	at org.springframework.test.context.cache.DefaultCacheAwareContextLoaderDelegate.loadContextInternal(DefaultCacheAwareContextLoaderDelegate.java:225) ~[spring-test-6.1.8.jar:6.1.8]
	at org.springframework.test.context.cache.DefaultCacheAwareContextLoaderDelegate.loadContext(DefaultCacheAwareContextLoaderDelegate.java:152) ~[spring-test-6.1.8.jar:6.1.8]
	at org.springframework.test.context.support.DefaultTestContext.getApplicationContext(DefaultTestContext.java:130) ~[spring-test-6.1.8.jar:6.1.8]
	at org.springframework.test.context.web.ServletTestExecutionListener.setUpRequestContextIfNecessary(ServletTestExecutionListener.java:191) ~[spring-test-6.1.8.jar:6.1.8]
	at org.springframework.test.context.web.ServletTestExecutionListener.prepareTestInstance(ServletTestExecutionListener.java:130) ~[spring-test-6.1.8.jar:6.1.8]
	at org.springframework.test.context.TestContextManager.prepareTestInstance(TestContextManager.java:260) ~[spring-test-6.1.8.jar:6.1.8]
	at org.springframework.test.context.junit.jupiter.SpringExtension.postProcessTestInstance(SpringExtension.java:163) ~[spring-test-6.1.8.jar:6.1.8]
	at org.junit.jupiter.engine.descriptor.ClassBasedTestDescriptor.lambda$invokeTestInstancePostProcessors$10(ClassBasedTestDescriptor.java:378) ~[junit-jupiter-engine-5.10.2.jar:5.10.2]
	at org.junit.jupiter.engine.descriptor.ClassBasedTestDescriptor.executeAndMaskThrowable(ClassBasedTestDescriptor.java:383) ~[junit-jupiter-engine-5.10.2.jar:5.10.2]
	at org.junit.jupiter.engine.descriptor.ClassBasedTestDescriptor.lambda$invokeTestInstancePostProcessors$11(ClassBasedTestDescriptor.java:378) ~[junit-jupiter-engine-5.10.2.jar:5.10.2]
	at java.base/java.util.stream.ReferencePipeline$3$1.accept(ReferencePipeline.java:197) ~[na:na]
	at java.base/java.util.stream.ReferencePipeline$2$1.accept(ReferencePipeline.java:179) ~[na:na]
	at java.base/java.util.ArrayList$ArrayListSpliterator.forEachRemaining(ArrayList.java:1708) ~[na:na]
	at java.base/java.util.stream.AbstractPipeline.copyInto(AbstractPipeline.java:509) ~[na:na]
	at java.base/java.util.stream.AbstractPipeline.wrapAndCopyInto(AbstractPipeline.java:499) ~[na:na]
	at java.base/java.util.stream.StreamSpliterators$WrappingSpliterator.forEachRemaining(StreamSpliterators.java:310) ~[na:na]
	at java.base/java.util.stream.Streams$ConcatSpliterator.forEachRemaining(Streams.java:735) ~[na:na]
	at java.base/java.util.stream.Streams$ConcatSpliterator.forEachRemaining(Streams.java:734) ~[na:na]
	at java.base/java.util.stream.ReferencePipeline$Head.forEach(ReferencePipeline.java:762) ~[na:na]
	at org.junit.jupiter.engine.descriptor.ClassBasedTestDescriptor.invokeTestInstancePostProcessors(ClassBasedTestDescriptor.java:377) ~[junit-jupiter-engine-5.10.2.jar:5.10.2]
	at org.junit.jupiter.engine.descriptor.ClassBasedTestDescriptor.lambda$instantiateAndPostProcessTestInstance$6(ClassBasedTestDescriptor.java:290) ~[junit-jupiter-engine-5.10.2.jar:5.10.2]
	at org.junit.platform.engine.support.hierarchical.ThrowableCollector.execute(ThrowableCollector.java:73) ~[junit-platform-engine-1.10.2.jar:1.10.2]
	at org.junit.jupiter.engine.descriptor.ClassBasedTestDescriptor.instantiateAndPostProcessTestInstance(ClassBasedTestDescriptor.java:289) ~[junit-jupiter-engine-5.10.2.jar:5.10.2]
	at org.junit.jupiter.engine.descriptor.ClassBasedTestDescriptor.lambda$testInstancesProvider$4(ClassBasedTestDescriptor.java:279) ~[junit-jupiter-engine-5.10.2.jar:5.10.2]
	at java.base/java.util.Optional.orElseGet(Optional.java:364) ~[na:na]
	at org.junit.jupiter.engine.descriptor.ClassBasedTestDescriptor.lambda$testInstancesProvider$5(ClassBasedTestDescriptor.java:278) ~[junit-jupiter-engine-5.10.2.jar:5.10.2]
	at org.junit.jupiter.engine.execution.TestInstancesProvider.getTestInstances(TestInstancesProvider.java:31) ~[junit-jupiter-engine-5.10.2.jar:5.10.2]
	at org.junit.jupiter.engine.descriptor.TestMethodTestDescriptor.lambda$prepare$0(TestMethodTestDescriptor.java:106) ~[junit-jupiter-engine-5.10.2.jar:5.10.2]
	at org.junit.platform.engine.support.hierarchical.ThrowableCollector.execute(ThrowableCollector.java:73) ~[junit-platform-engine-1.10.2.jar:1.10.2]
	at org.junit.jupiter.engine.descriptor.TestMethodTestDescriptor.prepare(TestMethodTestDescriptor.java:105) ~[junit-jupiter-engine-5.10.2.jar:5.10.2]
	at org.junit.jupiter.engine.descriptor.TestMethodTestDescriptor.prepare(TestMethodTestDescriptor.java:69) ~[junit-jupiter-engine-5.10.2.jar:5.10.2]
	at org.junit.platform.engine.support.hierarchical.NodeTestTask.lambda$prepare$2(NodeTestTask.java:123) ~[junit-platform-engine-1.10.2.jar:1.10.2]
	at org.junit.platform.engine.support.hierarchical.ThrowableCollector.execute(ThrowableCollector.java:73) ~[junit-platform-engine-1.10.2.jar:1.10.2]
	at org.junit.platform.engine.support.hierarchical.NodeTestTask.prepare(NodeTestTask.java:123) ~[junit-platform-engine-1.10.2.jar:1.10.2]
	at org.junit.platform.engine.support.hierarchical.NodeTestTask.execute(NodeTestTask.java:90) ~[junit-platform-engine-1.10.2.jar:1.10.2]
	at java.base/java.util.ArrayList.forEach(ArrayList.java:1596) ~[na:na]
	at org.junit.platform.engine.support.hierarchical.SameThreadHierarchicalTestExecutorService.invokeAll(SameThreadHierarchicalTestExecutorService.java:41) ~[junit-platform-engine-1.10.2.jar:1.10.2]
	at org.junit.platform.engine.support.hierarchical.NodeTestTask.lambda$executeRecursively$6(NodeTestTask.java:155) ~[junit-platform-engine-1.10.2.jar:1.10.2]
	at org.junit.platform.engine.support.hierarchical.ThrowableCollector.execute(ThrowableCollector.java:73) ~[junit-platform-engine-1.10.2.jar:1.10.2]
	at org.junit.platform.engine.support.hierarchical.NodeTestTask.lambda$executeRecursively$8(NodeTestTask.java:141) ~[junit-platform-engine-1.10.2.jar:1.10.2]
	at org.junit.platform.engine.support.hierarchical.Node.around(Node.java:137) ~[junit-platform-engine-1.10.2.jar:1.10.2]
	at org.junit.platform.engine.support.hierarchical.NodeTestTask.lambda$executeRecursively$9(NodeTestTask.java:139) ~[junit-platform-engine-1.10.2.jar:1.10.2]
	at org.junit.platform.engine.support.hierarchical.ThrowableCollector.execute(ThrowableCollector.java:73) ~[junit-platform-engine-1.10.2.jar:1.10.2]
	at org.junit.platform.engine.support.hierarchical.NodeTestTask.executeRecursively(NodeTestTask.java:138) ~[junit-platform-engine-1.10.2.jar:1.10.2]
	at org.junit.platform.engine.support.hierarchical.NodeTestTask.execute(NodeTestTask.java:95) ~[junit-platform-engine-1.10.2.jar:1.10.2]
	at java.base/java.util.ArrayList.forEach(ArrayList.java:1596) ~[na:na]
	at org.junit.platform.engine.support.hierarchical.SameThreadHierarchicalTestExecutorService.invokeAll(SameThreadHierarchicalTestExecutorService.java:41) ~[junit-platform-engine-1.10.2.jar:1.10.2]
	at org.junit.platform.engine.support.hierarchical.NodeTestTask.lambda$executeRecursively$6(NodeTestTask.java:155) ~[junit-platform-engine-1.10.2.jar:1.10.2]
	at org.junit.platform.engine.support.hierarchical.ThrowableCollector.execute(ThrowableCollector.java:73) ~[junit-platform-engine-1.10.2.jar:1.10.2]
	at org.junit.platform.engine.support.hierarchical.NodeTestTask.lambda$executeRecursively$8(NodeTestTask.java:141) ~[junit-platform-engine-1.10.2.jar:1.10.2]
	at org.junit.platform.engine.support.hierarchical.Node.around(Node.java:137) ~[junit-platform-engine-1.10.2.jar:1.10.2]
	at org.junit.platform.engine.support.hierarchical.NodeTestTask.lambda$executeRecursively$9(NodeTestTask.java:139) ~[junit-platform-engine-1.10.2.jar:1.10.2]
	at org.junit.platform.engine.support.hierarchical.ThrowableCollector.execute(ThrowableCollector.java:73) ~[junit-platform-engine-1.10.2.jar:1.10.2]
	at org.junit.platform.engine.support.hierarchical.NodeTestTask.executeRecursively(NodeTestTask.java:138) ~[junit-platform-engine-1.10.2.jar:1.10.2]
	at org.junit.platform.engine.support.hierarchical.NodeTestTask.execute(NodeTestTask.java:95) ~[junit-platform-engine-1.10.2.jar:1.10.2]
	at org.junit.platform.engine.support.hierarchical.SameThreadHierarchicalTestExecutorService.submit(SameThreadHierarchicalTestExecutorService.java:35) ~[junit-platform-engine-1.10.2.jar:1.10.2]
	at org.junit.platform.engine.support.hierarchical.HierarchicalTestExecutor.execute(HierarchicalTestExecutor.java:57) ~[junit-platform-engine-1.10.2.jar:1.10.2]
	at org.junit.platform.engine.support.hierarchical.HierarchicalTestEngine.execute(HierarchicalTestEngine.java:54) ~[junit-platform-engine-1.10.2.jar:1.10.2]
	at org.junit.platform.launcher.core.EngineExecutionOrchestrator.execute(EngineExecutionOrchestrator.java:198) ~[junit-platform-launcher-1.10.2.jar:1.10.2]
	at org.junit.platform.launcher.core.EngineExecutionOrchestrator.execute(EngineExecutionOrchestrator.java:169) ~[junit-platform-launcher-1.10.2.jar:1.10.2]
	at org.junit.platform.launcher.core.EngineExecutionOrchestrator.execute(EngineExecutionOrchestrator.java:93) ~[junit-platform-launcher-1.10.2.jar:1.10.2]
	at org.junit.platform.launcher.core.EngineExecutionOrchestrator.lambda$execute$0(EngineExecutionOrchestrator.java:58) ~[junit-platform-launcher-1.10.2.jar:1.10.2]
	at org.junit.platform.launcher.core.EngineExecutionOrchestrator.withInterceptedStreams(EngineExecutionOrchestrator.java:141) ~[junit-platform-launcher-1.10.2.jar:1.10.2]
	at org.junit.platform.launcher.core.EngineExecutionOrchestrator.execute(EngineExecutionOrchestrator.java:57) ~[junit-platform-launcher-1.10.2.jar:1.10.2]
	at org.junit.platform.launcher.core.DefaultLauncher.execute(DefaultLauncher.java:103) ~[junit-platform-launcher-1.10.2.jar:1.10.2]
	at org.junit.platform.launcher.core.DefaultLauncher.execute(DefaultLauncher.java:85) ~[junit-platform-launcher-1.10.2.jar:1.10.2]
	at org.junit.platform.launcher.core.DelegatingLauncher.execute(DelegatingLauncher.java:47) ~[junit-platform-launcher-1.10.2.jar:1.10.2]
	at org.apache.maven.surefire.junitplatform.LazyLauncher.execute(LazyLauncher.java:56) ~[surefire-junit-platform-3.1.2.jar:3.1.2]
	at org.apache.maven.surefire.junitplatform.JUnitPlatformProvider.execute(JUnitPlatformProvider.java:184) ~[surefire-junit-platform-3.1.2.jar:3.1.2]
	at org.apache.maven.surefire.junitplatform.JUnitPlatformProvider.invokeAllTests(JUnitPlatformProvider.java:148) ~[surefire-junit-platform-3.1.2.jar:3.1.2]
	at org.apache.maven.surefire.junitplatform.JUnitPlatformProvider.invoke(JUnitPlatformProvider.java:122) ~[surefire-junit-platform-3.1.2.jar:3.1.2]
	at org.apache.maven.surefire.booter.ForkedBooter.runSuitesInProcess(ForkedBooter.java:385) ~[surefire-booter-3.1.2.jar:3.1.2]
	at org.apache.maven.surefire.booter.ForkedBooter.execute(ForkedBooter.java:162) ~[surefire-booter-3.1.2.jar:3.1.2]
	at org.apache.maven.surefire.booter.ForkedBooter.run(ForkedBooter.java:507) ~[surefire-booter-3.1.2.jar:3.1.2]
	at org.apache.maven.surefire.booter.ForkedBooter.main(ForkedBooter.java:495) ~[surefire-booter-3.1.2.jar:3.1.2]

2024-06-27T14:13:00.632-05:00 DEBUG 22344 --- [mindcare-backend] [           main] o.s.d.jpa.repository.query.NamedQuery    : Did not find named query User.existsByUsername
2024-06-27T14:13:00.633-05:00 DEBUG 22344 --- [mindcare-backend] [           main] tor$SharedEntityManagerInvocationHandler : Creating new EntityManager for shared EntityManager invocation
2024-06-27T14:13:00.636-05:00 DEBUG 22344 --- [mindcare-backend] [           main] o.s.d.r.c.s.RepositoryFactorySupport     : Finished creation of repository instance for pe.edu.upc.mind.care.platform.iam.infrastructure.persistence.jpa.repositories.UserRepository.
2024-06-27T14:13:00.639-05:00 DEBUG 22344 --- [mindcare-backend] [           main] o.s.b.f.s.DefaultListableBeanFactory     : Creating shared instance of singleton bean 'hashingServiceImpl'
2024-06-27T14:13:00.641-05:00 DEBUG 22344 --- [mindcare-backend] [           main] o.s.b.f.s.DefaultListableBeanFactory     : Creating shared instance of singleton bean 'tokenServiceImpl'
2024-06-27T14:13:00.644-05:00  WARN 22344 --- [mindcare-backend] [           main] o.s.w.c.s.GenericWebApplicationContext   : Exception encountered during context initialization - cancelling refresh attempt: org.springframework.beans.factory.UnsatisfiedDependencyException: Error creating bean with name 'userCommandServiceImpl' defined in file [C:\Users\sebas\OneDrive\Escritorio\Sebas\UPC\Desarrollo de Aplicaciones Open Source\mindcare-backend\target\classes\pe\edu\upc\mind\care\platform\iam\application\internal\commandservices\UserCommandServiceImpl.class]: Unsatisfied dependency expressed through constructor parameter 2: Error creating bean with name 'tokenServiceImpl': Injection of autowired dependencies failed
2024-06-27T14:13:00.644-05:00  INFO 22344 --- [mindcare-backend] [           main] j.LocalContainerEntityManagerFactoryBean : Closing JPA EntityManagerFactory for persistence unit 'default'
2024-06-27T14:13:00.644-05:00 DEBUG 22344 --- [mindcare-backend] [           main] o.hibernate.internal.SessionFactoryImpl  : HHH000031: Closing
2024-06-27T14:13:00.645-05:00 DEBUG 22344 --- [mindcare-backend] [           main] o.h.type.spi.TypeConfiguration$Scope     : Un-scoping TypeConfiguration [org.hibernate.type.spi.TypeConfiguration$Scope@35bb3fea] from SessionFactory [org.hibernate.internal.SessionFactoryImpl@2319c1e0]
2024-06-27T14:13:00.645-05:00 DEBUG 22344 --- [mindcare-backend] [           main] o.h.s.i.AbstractServiceRegistryImpl      : Implicitly destroying ServiceRegistry on de-registration of all child ServiceRegistries
2024-06-27T14:13:00.646-05:00 DEBUG 22344 --- [mindcare-backend] [           main] o.h.b.r.i.BootstrapServiceRegistryImpl   : Implicitly destroying Boot-strap registry on de-registration of all child ServiceRegistries
2024-06-27T14:13:00.646-05:00  INFO 22344 --- [mindcare-backend] [           main] com.zaxxer.hikari.HikariDataSource       : HikariPool-1 - Shutdown initiated...
2024-06-27T14:13:00.646-05:00 DEBUG 22344 --- [mindcare-backend] [           main] com.zaxxer.hikari.pool.HikariPool        : HikariPool-1 - Before shutdown stats (total=10, active=0, idle=10, waiting=0)
2024-06-27T14:13:00.647-05:00 DEBUG 22344 --- [mindcare-backend] [nnection closer] com.zaxxer.hikari.pool.PoolBase          : HikariPool-1 - Closing connection org.postgresql.jdbc.PgConnection@3bf5911d: (connection evicted)
2024-06-27T14:13:00.648-05:00 DEBUG 22344 --- [mindcare-backend] [nnection closer] com.zaxxer.hikari.pool.PoolBase          : HikariPool-1 - Closing connection org.postgresql.jdbc.PgConnection@64008ae7: (connection evicted)
2024-06-27T14:13:00.648-05:00 DEBUG 22344 --- [mindcare-backend] [nnection closer] com.zaxxer.hikari.pool.PoolBase          : HikariPool-1 - Closing connection org.postgresql.jdbc.PgConnection@6ef8e197: (connection evicted)
2024-06-27T14:13:00.648-05:00 DEBUG 22344 --- [mindcare-backend] [nnection closer] com.zaxxer.hikari.pool.PoolBase          : HikariPool-1 - Closing connection org.postgresql.jdbc.PgConnection@2bfa722c: (connection evicted)
2024-06-27T14:13:00.649-05:00 DEBUG 22344 --- [mindcare-backend] [nnection closer] com.zaxxer.hikari.pool.PoolBase          : HikariPool-1 - Closing connection org.postgresql.jdbc.PgConnection@4bcd8206: (connection evicted)
2024-06-27T14:13:00.649-05:00 DEBUG 22344 --- [mindcare-backend] [nnection closer] com.zaxxer.hikari.pool.PoolBase          : HikariPool-1 - Closing connection org.postgresql.jdbc.PgConnection@1a1b5ca8: (connection evicted)
2024-06-27T14:13:00.649-05:00 DEBUG 22344 --- [mindcare-backend] [nnection closer] com.zaxxer.hikari.pool.PoolBase          : HikariPool-1 - Closing connection org.postgresql.jdbc.PgConnection@33c6f225: (connection evicted)
2024-06-27T14:13:00.649-05:00 DEBUG 22344 --- [mindcare-backend] [nnection closer] com.zaxxer.hikari.pool.PoolBase          : HikariPool-1 - Closing connection org.postgresql.jdbc.PgConnection@4bd58d63: (connection evicted)
2024-06-27T14:13:00.649-05:00 DEBUG 22344 --- [mindcare-backend] [nnection closer] com.zaxxer.hikari.pool.PoolBase          : HikariPool-1 - Closing connection org.postgresql.jdbc.PgConnection@6cafebad: (connection evicted)
2024-06-27T14:13:00.650-05:00 DEBUG 22344 --- [mindcare-backend] [nnection closer] com.zaxxer.hikari.pool.PoolBase          : HikariPool-1 - Closing connection org.postgresql.jdbc.PgConnection@2c91148c: (connection evicted)
2024-06-27T14:13:00.650-05:00 DEBUG 22344 --- [mindcare-backend] [           main] com.zaxxer.hikari.pool.HikariPool        : HikariPool-1 - After shutdown stats (total=0, active=0, idle=0, waiting=0)
2024-06-27T14:13:00.650-05:00  INFO 22344 --- [mindcare-backend] [           main] com.zaxxer.hikari.HikariDataSource       : HikariPool-1 - Shutdown completed.
2024-06-27T14:13:00.653-05:00 DEBUG 22344 --- [mindcare-backend] [           main] o.s.boot.devtools.restart.Restarter      : Creating new Restarter for thread Thread[#1,main,5,main]
2024-06-27T14:13:00.663-05:00 DEBUG 22344 --- [mindcare-backend] [           main] .s.b.a.l.ConditionEvaluationReportLogger : 


============================
CONDITIONS EVALUATION REPORT
============================


Positive matches:
-----------------

   AopAutoConfiguration matched:
      - @ConditionalOnProperty (spring.aop.auto=true) matched (OnPropertyCondition)

   AopAutoConfiguration.AspectJAutoProxyingConfiguration matched:
      - @ConditionalOnClass found required class 'org.aspectj.weaver.Advice' (OnClassCondition)

   AopAutoConfiguration.AspectJAutoProxyingConfiguration.CglibAutoProxyConfiguration matched:
      - @ConditionalOnProperty (spring.aop.proxy-target-class=true) matched (OnPropertyCondition)

   ApplicationAvailabilityAutoConfiguration#applicationAvailability matched:
      - @ConditionalOnMissingBean (types: org.springframework.boot.availability.ApplicationAvailability; SearchStrategy: all) did not find any beans (OnBeanCondition)

   DataSourceAutoConfiguration matched:
      - @ConditionalOnClass found required classes 'javax.sql.DataSource', 'org.springframework.jdbc.datasource.embedded.EmbeddedDatabaseType' (OnClassCondition)
      - @ConditionalOnMissingBean (types: io.r2dbc.spi.ConnectionFactory; SearchStrategy: all) did not find any beans (OnBeanCondition)

   DataSourceAutoConfiguration.PooledDataSourceConfiguration matched:
      - AnyNestedCondition 1 matched 1 did not; NestedCondition on DataSourceAutoConfiguration.PooledDataSourceCondition.PooledDataSourceAvailable PooledDataSource found supported DataSource; NestedCondition on DataSourceAutoConfiguration.PooledDataSourceCondition.ExplicitType @ConditionalOnProperty (spring.datasource.type) did not find property 'type' (DataSourceAutoConfiguration.PooledDataSourceCondition)
      - @ConditionalOnMissingBean (types: javax.sql.DataSource,javax.sql.XADataSource; SearchStrategy: all) did not find any beans (OnBeanCondition)

   DataSourceAutoConfiguration.PooledDataSourceConfiguration#jdbcConnectionDetails matched:
      - @ConditionalOnMissingBean (types: org.springframework.boot.autoconfigure.jdbc.JdbcConnectionDetails; SearchStrategy: all) did not find any beans (OnBeanCondition)

   DataSourceConfiguration.Hikari matched:
      - @ConditionalOnClass found required class 'com.zaxxer.hikari.HikariDataSource' (OnClassCondition)
      - @ConditionalOnProperty (spring.datasource.type=com.zaxxer.hikari.HikariDataSource) matched (OnPropertyCondition)
      - @ConditionalOnMissingBean (types: javax.sql.DataSource; SearchStrategy: all) did not find any beans (OnBeanCondition)

   DataSourceInitializationConfiguration matched:
      - @ConditionalOnClass found required class 'org.springframework.jdbc.datasource.init.DatabasePopulator' (OnClassCondition)
      - @ConditionalOnSingleCandidate (types: javax.sql.DataSource; SearchStrategy: all) found a single bean 'dataSource'; @ConditionalOnMissingBean (types: org.springframework.boot.autoconfigure.sql.init.SqlDataSourceScriptDatabaseInitializer,org.springframework.boot.autoconfigure.sql.init.SqlR2dbcScriptDatabaseInitializer; SearchStrategy: all) did not find any beans (OnBeanCondition)

   DataSourcePoolMetadataProvidersConfiguration.HikariPoolDataSourceMetadataProviderConfiguration matched:
      - @ConditionalOnClass found required class 'com.zaxxer.hikari.HikariDataSource' (OnClassCondition)

   DataSourceTransactionManagerAutoConfiguration matched:
      - @ConditionalOnClass found required classes 'org.springframework.jdbc.core.JdbcTemplate', 'org.springframework.transaction.TransactionManager' (OnClassCondition)

   DataSourceTransactionManagerAutoConfiguration.JdbcTransactionManagerConfiguration matched:
      - @ConditionalOnSingleCandidate (types: javax.sql.DataSource; SearchStrategy: all) found a single bean 'dataSource' (OnBeanCondition)

   DispatcherServletAutoConfiguration matched:
      - @ConditionalOnClass found required class 'org.springframework.web.servlet.DispatcherServlet' (OnClassCondition)
      - found 'session' scope (OnWebApplicationCondition)

   DispatcherServletAutoConfiguration.DispatcherServletConfiguration matched:
      - @ConditionalOnClass found required class 'jakarta.servlet.ServletRegistration' (OnClassCondition)
      - Default DispatcherServlet did not find dispatcher servlet beans (DispatcherServletAutoConfiguration.DefaultDispatcherServletCondition)

   DispatcherServletAutoConfiguration.DispatcherServletRegistrationConfiguration matched:
      - @ConditionalOnClass found required class 'jakarta.servlet.ServletRegistration' (OnClassCondition)
      - DispatcherServlet Registration did not find servlet registration bean (DispatcherServletAutoConfiguration.DispatcherServletRegistrationCondition)

   DispatcherServletAutoConfiguration.DispatcherServletRegistrationConfiguration#dispatcherServletRegistration matched:
      - @ConditionalOnBean (names: dispatcherServlet types: org.springframework.web.servlet.DispatcherServlet; SearchStrategy: all) found bean 'dispatcherServlet' (OnBeanCondition)

   ErrorMvcAutoConfiguration matched:
      - @ConditionalOnClass found required classes 'jakarta.servlet.Servlet', 'org.springframework.web.servlet.DispatcherServlet' (OnClassCondition)
      - found 'session' scope (OnWebApplicationCondition)

   ErrorMvcAutoConfiguration#basicErrorController matched:
      - @ConditionalOnMissingBean (types: org.springframework.boot.web.servlet.error.ErrorController; SearchStrategy: current) did not find any beans (OnBeanCondition)

   ErrorMvcAutoConfiguration#errorAttributes matched:
      - @ConditionalOnMissingBean (types: org.springframework.boot.web.servlet.error.ErrorAttributes; SearchStrategy: current) did not find any beans (OnBeanCondition)

   ErrorMvcAutoConfiguration.DefaultErrorViewResolverConfiguration#conventionErrorViewResolver matched:
      - @ConditionalOnBean (types: org.springframework.web.servlet.DispatcherServlet; SearchStrategy: all) found bean 'dispatcherServlet'; @ConditionalOnMissingBean (types: org.springframework.boot.autoconfigure.web.servlet.error.ErrorViewResolver; SearchStrategy: all) did not find any beans (OnBeanCondition)

   ErrorMvcAutoConfiguration.WhitelabelErrorViewConfiguration matched:
      - @ConditionalOnProperty (server.error.whitelabel.enabled) matched (OnPropertyCondition)
      - ErrorTemplate Missing did not find error template view (ErrorMvcAutoConfiguration.ErrorTemplateMissingCondition)

   ErrorMvcAutoConfiguration.WhitelabelErrorViewConfiguration#beanNameViewResolver matched:
      - @ConditionalOnMissingBean (types: org.springframework.web.servlet.view.BeanNameViewResolver; SearchStrategy: all) did not find any beans (OnBeanCondition)

   ErrorMvcAutoConfiguration.WhitelabelErrorViewConfiguration#defaultErrorView matched:
      - @ConditionalOnMissingBean (names: error; SearchStrategy: all) did not find any beans (OnBeanCondition)

   EventExternalizationAutoConfiguration matched:
      - @ConditionalOnProperty (spring.modulith.events.externalization.enabled=true) matched (OnPropertyCondition)

   EventExternalizationAutoConfiguration#eventExternalizationConfiguration matched:
      - @ConditionalOnMissingBean (types: org.springframework.modulith.events.EventExternalizationConfiguration; SearchStrategy: all) did not find any beans (OnBeanCondition)

   EventPublicationAutoConfiguration#applicationEventMulticaster matched:
      - @ConditionalOnBean (types: org.springframework.modulith.events.core.EventPublicationRegistry; SearchStrategy: all) found bean 'eventPublicationRegistry' (OnBeanCondition)

   EventPublicationAutoConfiguration#asyncPropertiesDefaulter matched:
      - @ConditionalOnProperty (spring.modulith.default-async-termination=true) matched (OnPropertyCondition)

   EventPublicationAutoConfiguration#completionRegisteringAdvisor matched:
      - @ConditionalOnBean (types: org.springframework.modulith.events.core.EventPublicationRegistry; SearchStrategy: all) found bean 'eventPublicationRegistry' (OnBeanCondition)

   EventPublicationAutoConfiguration#eventPublicationRegistry matched:
      - @ConditionalOnBean (types: org.springframework.modulith.events.core.EventPublicationRepository; SearchStrategy: all) found bean 'jpaEventPublicationRepository' (OnBeanCondition)

   EventPublicationAutoConfiguration.AsyncEnablingConfiguration matched:
      - @ConditionalOnMissingBean (types: org.springframework.scheduling.annotation.AbstractAsyncConfiguration; SearchStrategy: all) did not find any beans (OnBeanCondition)

   GenericCacheConfiguration matched:
      - Cache org.springframework.boot.autoconfigure.cache.GenericCacheConfiguration automatic cache type (CacheCondition)

   HibernateJpaAutoConfiguration matched:
      - @ConditionalOnClass found required classes 'org.springframework.orm.jpa.LocalContainerEntityManagerFactoryBean', 'jakarta.persistence.EntityManager', 'org.hibernate.engine.spi.SessionImplementor' (OnClassCondition)

   HibernateJpaConfiguration matched:
      - @ConditionalOnSingleCandidate (types: javax.sql.DataSource; SearchStrategy: all) found a single bean 'dataSource' (OnBeanCondition)

   HttpEncodingAutoConfiguration matched:
      - @ConditionalOnClass found required class 'org.springframework.web.filter.CharacterEncodingFilter' (OnClassCondition)
      - found 'session' scope (OnWebApplicationCondition)
      - @ConditionalOnProperty (server.servlet.encoding.enabled) matched (OnPropertyCondition)

   HttpEncodingAutoConfiguration#characterEncodingFilter matched:
      - @ConditionalOnMissingBean (types: org.springframework.web.filter.CharacterEncodingFilter; SearchStrategy: all) did not find any beans (OnBeanCondition)

   HttpMessageConvertersAutoConfiguration matched:
      - @ConditionalOnClass found required class 'org.springframework.http.converter.HttpMessageConverter' (OnClassCondition)
      - NoneNestedConditions 0 matched 1 did not; NestedCondition on HttpMessageConvertersAutoConfiguration.NotReactiveWebApplicationCondition.ReactiveWebApplication did not find reactive web application classes (HttpMessageConvertersAutoConfiguration.NotReactiveWebApplicationCondition)

   HttpMessageConvertersAutoConfiguration#messageConverters matched:
      - @ConditionalOnMissingBean (types: org.springframework.boot.autoconfigure.http.HttpMessageConverters; SearchStrategy: all) did not find any beans (OnBeanCondition)

   HttpMessageConvertersAutoConfiguration.StringHttpMessageConverterConfiguration matched:
      - @ConditionalOnClass found required class 'org.springframework.http.converter.StringHttpMessageConverter' (OnClassCondition)

   HttpMessageConvertersAutoConfiguration.StringHttpMessageConverterConfiguration#stringHttpMessageConverter matched:
      - @ConditionalOnMissingBean (types: org.springframework.http.converter.StringHttpMessageConverter; SearchStrategy: all) did not find any beans (OnBeanCondition)

   JacksonAutoConfiguration matched:
      - @ConditionalOnClass found required class 'com.fasterxml.jackson.databind.ObjectMapper' (OnClassCondition)

   JacksonAutoConfiguration.Jackson2ObjectMapperBuilderCustomizerConfiguration matched:
      - @ConditionalOnClass found required class 'org.springframework.http.converter.json.Jackson2ObjectMapperBuilder' (OnClassCondition)

   JacksonAutoConfiguration.JacksonObjectMapperBuilderConfiguration matched:
      - @ConditionalOnClass found required class 'org.springframework.http.converter.json.Jackson2ObjectMapperBuilder' (OnClassCondition)

   JacksonAutoConfiguration.JacksonObjectMapperBuilderConfiguration#jacksonObjectMapperBuilder matched:
      - @ConditionalOnMissingBean (types: org.springframework.http.converter.json.Jackson2ObjectMapperBuilder; SearchStrategy: all) did not find any beans (OnBeanCondition)

   JacksonAutoConfiguration.JacksonObjectMapperConfiguration matched:
      - @ConditionalOnClass found required class 'org.springframework.http.converter.json.Jackson2ObjectMapperBuilder' (OnClassCondition)

   JacksonAutoConfiguration.JacksonObjectMapperConfiguration#jacksonObjectMapper matched:
      - @ConditionalOnMissingBean (types: com.fasterxml.jackson.databind.ObjectMapper; SearchStrategy: all) did not find any beans (OnBeanCondition)

   JacksonAutoConfiguration.ParameterNamesModuleConfiguration matched:
      - @ConditionalOnClass found required class 'com.fasterxml.jackson.module.paramnames.ParameterNamesModule' (OnClassCondition)

   JacksonAutoConfiguration.ParameterNamesModuleConfiguration#parameterNamesModule matched:
      - @ConditionalOnMissingBean (types: com.fasterxml.jackson.module.paramnames.ParameterNamesModule; SearchStrategy: all) did not find any beans (OnBeanCondition)

   JacksonHttpMessageConvertersConfiguration.MappingJackson2HttpMessageConverterConfiguration matched:
      - @ConditionalOnClass found required class 'com.fasterxml.jackson.databind.ObjectMapper' (OnClassCondition)
      - @ConditionalOnProperty (spring.mvc.converters.preferred-json-mapper=jackson) matched (OnPropertyCondition)
      - @ConditionalOnBean (types: com.fasterxml.jackson.databind.ObjectMapper; SearchStrategy: all) found bean 'jacksonObjectMapper' (OnBeanCondition)

   JacksonHttpMessageConvertersConfiguration.MappingJackson2HttpMessageConverterConfiguration#mappingJackson2HttpMessageConverter matched:
      - @ConditionalOnMissingBean (types: org.springframework.http.converter.json.MappingJackson2HttpMessageConverter ignored: org.springframework.hateoas.server.mvc.TypeConstrainedMappingJackson2HttpMessageConverter,org.springframework.data.rest.webmvc.alps.AlpsJsonHttpMessageConverter; SearchStrategy: all) did not find any beans (OnBeanCondition)

   JdbcClientAutoConfiguration matched:
      - @ConditionalOnSingleCandidate (types: org.springframework.jdbc.core.namedparam.NamedParameterJdbcTemplate; SearchStrategy: all) found a single bean 'namedParameterJdbcTemplate'; @ConditionalOnMissingBean (types: org.springframework.jdbc.core.simple.JdbcClient; SearchStrategy: all) did not find any beans (OnBeanCondition)

   JdbcTemplateAutoConfiguration matched:
      - @ConditionalOnClass found required classes 'javax.sql.DataSource', 'org.springframework.jdbc.core.JdbcTemplate' (OnClassCondition)
      - @ConditionalOnSingleCandidate (types: javax.sql.DataSource; SearchStrategy: all) found a single bean 'dataSource' (OnBeanCondition)

   JdbcTemplateConfiguration matched:
      - @ConditionalOnMissingBean (types: org.springframework.jdbc.core.JdbcOperations; SearchStrategy: all) did not find any beans (OnBeanCondition)

   JpaBaseConfiguration#entityManagerFactory matched:
      - @ConditionalOnMissingBean (types: org.springframework.orm.jpa.LocalContainerEntityManagerFactoryBean,jakarta.persistence.EntityManagerFactory; SearchStrategy: all) did not find any beans (OnBeanCondition)

   JpaBaseConfiguration#entityManagerFactoryBuilder matched:
      - @ConditionalOnMissingBean (types: org.springframework.boot.orm.jpa.EntityManagerFactoryBuilder; SearchStrategy: all) did not find any beans (OnBeanCondition)

   JpaBaseConfiguration#jpaVendorAdapter matched:
      - @ConditionalOnMissingBean (types: org.springframework.orm.jpa.JpaVendorAdapter; SearchStrategy: all) did not find any beans (OnBeanCondition)

   JpaBaseConfiguration#transactionManager matched:
      - @ConditionalOnMissingBean (types: org.springframework.transaction.TransactionManager; SearchStrategy: all) did not find any beans (OnBeanCondition)

   JpaBaseConfiguration.PersistenceManagedTypesConfiguration matched:
      - @ConditionalOnMissingBean (types: org.springframework.orm.jpa.LocalContainerEntityManagerFactoryBean,jakarta.persistence.EntityManagerFactory; SearchStrategy: all) did not find any beans (OnBeanCondition)

   JpaBaseConfiguration.PersistenceManagedTypesConfiguration#persistenceManagedTypes matched:
      - @ConditionalOnMissingBean (types: org.springframework.orm.jpa.persistenceunit.PersistenceManagedTypes; SearchStrategy: all) did not find any beans (OnBeanCondition)

   JpaRepositoriesAutoConfiguration matched:
      - @ConditionalOnClass found required class 'org.springframework.data.jpa.repository.JpaRepository' (OnClassCondition)
      - @ConditionalOnProperty (spring.data.jpa.repositories.enabled=true) matched (OnPropertyCondition)
      - @ConditionalOnBean (types: javax.sql.DataSource; SearchStrategy: all) found bean 'dataSource'; @ConditionalOnMissingBean (types: org.springframework.data.jpa.repository.support.JpaRepositoryFactoryBean,org.springframework.data.jpa.repository.config.JpaRepositoryConfigExtension; SearchStrategy: all) did not find any beans (OnBeanCondition)

   JtaAutoConfiguration matched:
      - @ConditionalOnClass found required class 'jakarta.transaction.Transaction' (OnClassCondition)
      - @ConditionalOnProperty (spring.jta.enabled) matched (OnPropertyCondition)

   LifecycleAutoConfiguration#defaultLifecycleProcessor matched:
      - @ConditionalOnMissingBean (names: lifecycleProcessor; SearchStrategy: current) did not find any beans (OnBeanCondition)

   MomentsAutoConfiguration matched:
      - @ConditionalOnProperty (spring.modulith.moments.enabled=true) matched (OnPropertyCondition)

   MomentsAutoConfiguration#moments matched:
      - @ConditionalOnProperty (spring.modulith.moments.enable-time-machine=false) matched (OnPropertyCondition)

   MultipartAutoConfiguration matched:
      - @ConditionalOnClass found required classes 'jakarta.servlet.Servlet', 'org.springframework.web.multipart.support.StandardServletMultipartResolver', 'jakarta.servlet.MultipartConfigElement' (OnClassCondition)
      - found 'session' scope (OnWebApplicationCondition)
      - @ConditionalOnProperty (spring.servlet.multipart.enabled) matched (OnPropertyCondition)

   MultipartAutoConfiguration#multipartConfigElement matched:
      - @ConditionalOnMissingBean (types: jakarta.servlet.MultipartConfigElement; SearchStrategy: all) did not find any beans (OnBeanCondition)

   MultipartAutoConfiguration#multipartResolver matched:
      - @ConditionalOnMissingBean (types: org.springframework.web.multipart.MultipartResolver; SearchStrategy: all) did not find any beans (OnBeanCondition)

   NamedParameterJdbcTemplateConfiguration matched:
      - @ConditionalOnSingleCandidate (types: org.springframework.jdbc.core.JdbcTemplate; SearchStrategy: all) found a single bean 'jdbcTemplate'; @ConditionalOnMissingBean (types: org.springframework.jdbc.core.namedparam.NamedParameterJdbcOperations; SearchStrategy: all) did not find any beans (OnBeanCondition)

   NoOpCacheConfiguration matched:
      - Cache org.springframework.boot.autoconfigure.cache.NoOpCacheConfiguration automatic cache type (CacheCondition)

   PersistenceExceptionTranslationAutoConfiguration matched:
      - @ConditionalOnClass found required class 'org.springframework.dao.annotation.PersistenceExceptionTranslationPostProcessor' (OnClassCondition)

   PersistenceExceptionTranslationAutoConfiguration#persistenceExceptionTranslationPostProcessor matched:
      - @ConditionalOnProperty (spring.dao.exceptiontranslation.enabled) matched (OnPropertyCondition)
      - @ConditionalOnMissingBean (types: org.springframework.dao.annotation.PersistenceExceptionTranslationPostProcessor; SearchStrategy: all) did not find any beans (OnBeanCondition)

   PropertyPlaceholderAutoConfiguration#propertySourcesPlaceholderConfigurer matched:
      - @ConditionalOnMissingBean (types: org.springframework.context.support.PropertySourcesPlaceholderConfigurer; SearchStrategy: current) did not find any beans (OnBeanCondition)

   RestClientAutoConfiguration matched:
      - @ConditionalOnClass found required class 'org.springframework.web.client.RestClient' (OnClassCondition)
      - NoneNestedConditions 0 matched 1 did not; NestedCondition on NotReactiveWebApplicationCondition.ReactiveWebApplication did not find reactive web application classes (NotReactiveWebApplicationCondition)

   RestClientAutoConfiguration#httpMessageConvertersRestClientCustomizer matched:
      - @ConditionalOnMissingBean (types: org.springframework.boot.autoconfigure.web.client.HttpMessageConvertersRestClientCustomizer; SearchStrategy: all) did not find any beans (OnBeanCondition)

   RestClientAutoConfiguration#restClientBuilder matched:
      - @ConditionalOnMissingBean (types: org.springframework.web.client.RestClient$Builder; SearchStrategy: all) did not find any beans (OnBeanCondition)

   RestClientAutoConfiguration#restClientBuilderConfigurer matched:
      - @ConditionalOnMissingBean (types: org.springframework.boot.autoconfigure.web.client.RestClientBuilderConfigurer; SearchStrategy: all) did not find any beans (OnBeanCondition)

   RestClientAutoConfiguration#restClientSsl matched:
      - @ConditionalOnBean (types: org.springframework.boot.ssl.SslBundles; SearchStrategy: all) found bean 'sslBundleRegistry'; @ConditionalOnMissingBean (types: org.springframework.boot.autoconfigure.web.client.RestClientSsl; SearchStrategy: all) did not find any beans (OnBeanCondition)

   RestTemplateAutoConfiguration matched:
      - @ConditionalOnClass found required class 'org.springframework.web.client.RestTemplate' (OnClassCondition)
      - NoneNestedConditions 0 matched 1 did not; NestedCondition on NotReactiveWebApplicationCondition.ReactiveWebApplication did not find reactive web application classes (NotReactiveWebApplicationCondition)

   RestTemplateAutoConfiguration#restTemplateBuilder matched:
      - @ConditionalOnMissingBean (types: org.springframework.boot.web.client.RestTemplateBuilder; SearchStrategy: all) did not find any beans (OnBeanCondition)

   SecurityAutoConfiguration matched:
      - @ConditionalOnClass found required class 'org.springframework.security.authentication.DefaultAuthenticationEventPublisher' (OnClassCondition)

   SecurityAutoConfiguration#authenticationEventPublisher matched:
      - @ConditionalOnMissingBean (types: org.springframework.security.authentication.AuthenticationEventPublisher; SearchStrategy: all) did not find any beans (OnBeanCondition)

   SecurityFilterAutoConfiguration matched:
      - @ConditionalOnClass found required classes 'org.springframework.security.web.context.AbstractSecurityWebApplicationInitializer', 'org.springframework.security.config.http.SessionCreationPolicy' (OnClassCondition)
      - found 'session' scope (OnWebApplicationCondition)

   SecurityFilterAutoConfiguration#securityFilterChainRegistration matched:
      - @ConditionalOnBean (names: springSecurityFilterChain; SearchStrategy: all) found bean 'springSecurityFilterChain' (OnBeanCondition)

   ServletWebServerFactoryAutoConfiguration matched:
      - @ConditionalOnClass found required class 'jakarta.servlet.ServletRequest' (OnClassCondition)
      - found 'session' scope (OnWebApplicationCondition)

   ServletWebServerFactoryAutoConfiguration#tomcatServletWebServerFactoryCustomizer matched:
      - @ConditionalOnClass found required class 'org.apache.catalina.startup.Tomcat' (OnClassCondition)

   ServletWebServerFactoryConfiguration.EmbeddedTomcat matched:
      - @ConditionalOnClass found required classes 'jakarta.servlet.Servlet', 'org.apache.catalina.startup.Tomcat', 'org.apache.coyote.UpgradeProtocol' (OnClassCondition)
      - @ConditionalOnMissingBean (types: org.springframework.boot.web.servlet.server.ServletWebServerFactory; SearchStrategy: current) did not find any beans (OnBeanCondition)

   SimpleCacheConfiguration matched:
      - Cache org.springframework.boot.autoconfigure.cache.SimpleCacheConfiguration automatic cache type (CacheCondition)

   SpringBootWebSecurityConfiguration matched:
      - found 'session' scope (OnWebApplicationCondition)

   SpringBootWebSecurityConfiguration.WebSecurityEnablerConfiguration matched:
      - @ConditionalOnClass found required class 'org.springframework.security.config.annotation.web.configuration.EnableWebSecurity' (OnClassCondition)
      - @ConditionalOnMissingBean (names: springSecurityFilterChain; SearchStrategy: all) did not find any beans (OnBeanCondition)

   SpringDataWebAutoConfiguration matched:
      - @ConditionalOnClass found required classes 'org.springframework.data.web.PageableHandlerMethodArgumentResolver', 'org.springframework.web.servlet.config.annotation.WebMvcConfigurer' (OnClassCondition)
      - found 'session' scope (OnWebApplicationCondition)
      - @ConditionalOnMissingBean (types: org.springframework.data.web.PageableHandlerMethodArgumentResolver; SearchStrategy: all) did not find any beans (OnBeanCondition)

   SpringDataWebAutoConfiguration#pageableCustomizer matched:
      - @ConditionalOnMissingBean (types: org.springframework.data.web.config.PageableHandlerMethodArgumentResolverCustomizer; SearchStrategy: all) did not find any beans (OnBeanCondition)

   SpringDataWebAutoConfiguration#sortCustomizer matched:
      - @ConditionalOnMissingBean (types: org.springframework.data.web.config.SortHandlerMethodArgumentResolverCustomizer; SearchStrategy: all) did not find any beans (OnBeanCondition)

   SpringDocConfigProperties matched:
      - @ConditionalOnProperty (springdoc.api-docs.enabled) matched (OnPropertyCondition)
      - @ConditionalOnBean (types: org.springdoc.core.configuration.SpringDocConfiguration; SearchStrategy: all) found bean 'org.springdoc.core.configuration.SpringDocConfiguration' (OnBeanCondition)

   SpringDocConfiguration matched:
      - @ConditionalOnWebApplication (required) found 'session' scope (OnWebApplicationCondition)
      - @ConditionalOnProperty (springdoc.api-docs.enabled) matched (OnPropertyCondition)

   SpringDocConfiguration#fileSupportConverter matched:
      - @ConditionalOnMissingBean (types: org.springdoc.core.converters.FileSupportConverter; SearchStrategy: all) did not find any beans (OnBeanCondition)

   SpringDocConfiguration#openAPIBuilder matched:
      - @ConditionalOnMissingBean (types: org.springdoc.core.service.OpenAPIService; SearchStrategy: all) did not find any beans (OnBeanCondition)

   SpringDocConfiguration#operationBuilder matched:
      - @ConditionalOnMissingBean (types: org.springdoc.core.service.OperationService; SearchStrategy: all) did not find any beans (OnBeanCondition)

   SpringDocConfiguration#parameterBuilder matched:
      - @ConditionalOnMissingBean (types: org.springdoc.core.service.GenericParameterService; SearchStrategy: all) did not find any beans (OnBeanCondition)

   SpringDocConfiguration#polymorphicModelConverter matched:
      - @ConditionalOnProperty (springdoc.model-converters.polymorphic-converter.enabled) matched (OnPropertyCondition)
      - @ConditionalOnMissingBean (types: org.springdoc.core.converters.PolymorphicModelConverter; SearchStrategy: all) did not find any beans (OnBeanCondition)

   SpringDocConfiguration#requestBodyBuilder matched:
      - @ConditionalOnMissingBean (types: org.springdoc.core.service.RequestBodyService; SearchStrategy: all) did not find any beans (OnBeanCondition)

   SpringDocConfiguration#responseSupportConverter matched:
      - @ConditionalOnMissingBean (types: org.springdoc.core.converters.ResponseSupportConverter; SearchStrategy: all) did not find any beans (OnBeanCondition)

   SpringDocConfiguration#schemaPropertyDeprecatingConverter matched:
      - @ConditionalOnProperty (springdoc.model-converters.deprecating-converter.enabled) matched (OnPropertyCondition)
      - @ConditionalOnMissingBean (types: org.springdoc.core.converters.SchemaPropertyDeprecatingConverter; SearchStrategy: all) did not find any beans (OnBeanCondition)

   SpringDocConfiguration#securityParser matched:
      - @ConditionalOnMissingBean (types: org.springdoc.core.service.SecurityService; SearchStrategy: all) did not find any beans (OnBeanCondition)

   SpringDocConfiguration#springDocCustomizers matched:
      - @ConditionalOnMissingBean (types: org.springdoc.core.customizers.SpringDocCustomizers; SearchStrategy: all) did not find any beans (OnBeanCondition)

   SpringDocConfiguration#springDocProviders matched:
      - @ConditionalOnMissingBean (types: org.springdoc.core.providers.SpringDocProviders; SearchStrategy: all) did not find any beans (OnBeanCondition)

   SpringDocConfiguration#springdocObjectMapperProvider matched:
      - @ConditionalOnMissingBean (types: org.springdoc.core.providers.ObjectMapperProvider; SearchStrategy: all) did not find any beans (OnBeanCondition)

   SpringDocConfiguration.QuerydslProvider matched:
      - @ConditionalOnClass found required class 'org.springframework.data.querydsl.binding.QuerydslBindingsFactory' (OnClassCondition)

   SpringDocConfiguration.QuerydslProvider#queryDslQuerydslPredicateOperationCustomizer matched:
      - @ConditionalOnMissingBean (types: org.springdoc.core.customizers.QuerydslPredicateOperationCustomizer; SearchStrategy: all) did not find any beans (OnBeanCondition)

   SpringDocConfiguration.SpringDocSpringDataWebPropertiesProvider matched:
      - @ConditionalOnClass found required class 'org.springframework.boot.autoconfigure.data.web.SpringDataWebProperties' (OnClassCondition)

   SpringDocConfiguration.SpringDocSpringDataWebPropertiesProvider#springDataWebPropertiesProvider matched:
      - @ConditionalOnMissingBean (types: org.springdoc.core.providers.SpringDataWebPropertiesProvider; SearchStrategy: all) did not find any beans (OnBeanCondition)

   SpringDocConfiguration.WebConversionServiceConfiguration matched:
      - @ConditionalOnClass found required class 'org.springframework.boot.autoconfigure.web.format.WebConversionService' (OnClassCondition)

   SpringDocPageableConfiguration matched:
      - @ConditionalOnClass found required class 'org.springframework.data.domain.Pageable' (OnClassCondition)
      - @ConditionalOnWebApplication (required) found 'session' scope (OnWebApplicationCondition)
      - @ConditionalOnProperty (springdoc.api-docs.enabled) matched (OnPropertyCondition)
      - @ConditionalOnBean (types: org.springdoc.core.configuration.SpringDocConfiguration; SearchStrategy: all) found bean 'org.springdoc.core.configuration.SpringDocConfiguration' (OnBeanCondition)

   SpringDocPageableConfiguration#delegatingMethodParameterCustomizer matched:
      - @ConditionalOnMissingBean (types: org.springdoc.core.customizers.DelegatingMethodParameterCustomizer; SearchStrategy: all) did not find any beans (OnBeanCondition)

   SpringDocPageableConfiguration#pageableOpenAPIConverter matched:
      - @ConditionalOnProperty (springdoc.model-converters.pageable-converter.enabled) matched (OnPropertyCondition)
      - @ConditionalOnMissingBean (types: org.springdoc.core.converters.PageableOpenAPIConverter; SearchStrategy: all) did not find any beans (OnBeanCondition)

   SpringDocSecurityConfiguration matched:
      - @ConditionalOnClass found required class 'org.springframework.security.web.SecurityFilterChain' (OnClassCondition)
      - @ConditionalOnWebApplication (required) found 'session' scope (OnWebApplicationCondition)
      - @ConditionalOnExpression (#{${springdoc.api-docs.enabled:true} and ${springdoc.enable-spring-security:true}}) resulted in true (OnExpressionCondition)
      - @ConditionalOnBean (types: org.springdoc.core.configuration.SpringDocConfiguration; SearchStrategy: all) found bean 'org.springdoc.core.configuration.SpringDocConfiguration' (OnBeanCondition)

   SpringDocSecurityConfiguration.SpringSecurityLoginEndpointConfiguration matched:
      - @ConditionalOnClass found required class 'jakarta.servlet.Filter' (OnClassCondition)

   SpringDocSortConfiguration matched:
      - @ConditionalOnClass found required class 'org.springframework.data.domain.Sort' (OnClassCondition)
      - @ConditionalOnWebApplication (required) found 'session' scope (OnWebApplicationCondition)
      - @ConditionalOnProperty (springdoc.api-docs.enabled) matched (OnPropertyCondition)
      - @ConditionalOnBean (types: org.springdoc.core.configuration.SpringDocConfiguration; SearchStrategy: all) found bean 'org.springdoc.core.configuration.SpringDocConfiguration' (OnBeanCondition)

   SpringDocSortConfiguration#sortOpenAPIConverter matched:
      - @ConditionalOnProperty (springdoc.sort-converter.enabled) matched (OnPropertyCondition)
      - @ConditionalOnMissingBean (types: org.springdoc.core.converters.SortOpenAPIConverter; SearchStrategy: all) did not find any beans (OnBeanCondition)

   SpringDocUIConfiguration matched:
      - @ConditionalOnWebApplication (required) found 'session' scope (OnWebApplicationCondition)
      - @ConditionalOnBean (types: org.springdoc.core.configuration.SpringDocConfiguration; SearchStrategy: all) found bean 'org.springdoc.core.configuration.SpringDocConfiguration' (OnBeanCondition)

   SpringDocWebMvcConfiguration matched:
      - found 'session' scope (OnWebApplicationCondition)
      - @ConditionalOnProperty (springdoc.api-docs.enabled) matched (OnPropertyCondition)
      - @ConditionalOnBean (types: org.springdoc.core.configuration.SpringDocConfiguration; SearchStrategy: all) found bean 'org.springdoc.core.configuration.SpringDocConfiguration' (OnBeanCondition)

   SpringDocWebMvcConfiguration#openApiResource matched:
      - @ConditionalOnExpression (#{(${springdoc.use-management-port:false} == false ) and ${springdoc.enable-default-api-docs:true}}) resulted in true (OnExpressionCondition)
      - @ConditionalOnMissingBean (types: org.springdoc.webmvc.api.OpenApiWebMvcResource; SearchStrategy: all) did not find any beans (OnBeanCondition)

   SpringDocWebMvcConfiguration#requestBuilder matched:
      - @ConditionalOnMissingBean (types: org.springdoc.webmvc.core.service.RequestService; SearchStrategy: all) did not find any beans (OnBeanCondition)

   SpringDocWebMvcConfiguration#responseBuilder matched:
      - @ConditionalOnMissingBean (types: org.springdoc.core.service.GenericResponseService; SearchStrategy: all) did not find any beans (OnBeanCondition)

   SpringDocWebMvcConfiguration#springWebProvider matched:
      - @ConditionalOnMissingBean (types: org.springdoc.core.providers.SpringWebProvider; SearchStrategy: all) did not find any beans (OnBeanCondition)

   SpringDocWebMvcConfiguration.SpringDocWebMvcRouterConfiguration matched:
      - @ConditionalOnClass found required class 'org.springframework.web.servlet.function.RouterFunction' (OnClassCondition)

   SpringDocWebMvcConfiguration.SpringDocWebMvcRouterConfiguration#routerFunctionProvider matched:
      - @ConditionalOnMissingBean (types: org.springdoc.webmvc.core.providers.RouterFunctionWebMvcProvider; SearchStrategy: all) did not find any beans (OnBeanCondition)

   SqlInitializationAutoConfiguration matched:
      - @ConditionalOnProperty (spring.sql.init.enabled) matched (OnPropertyCondition)
      - NoneNestedConditions 0 matched 1 did not; NestedCondition on SqlInitializationAutoConfiguration.SqlInitializationModeCondition.ModeIsNever @ConditionalOnProperty (spring.sql.init.mode=never) did not find property 'mode' (SqlInitializationAutoConfiguration.SqlInitializationModeCondition)

   SslAutoConfiguration#sslBundleRegistry matched:
      - @ConditionalOnMissingBean (types: org.springframework.boot.ssl.SslBundleRegistry,org.springframework.boot.ssl.SslBundles; SearchStrategy: all) did not find any beans (OnBeanCondition)

   SwaggerConfig matched:
      - found 'session' scope (OnWebApplicationCondition)
      - @ConditionalOnProperty (springdoc.swagger-ui.enabled) matched (OnPropertyCondition)
      - @ConditionalOnBean (types: org.springdoc.core.configuration.SpringDocConfiguration; SearchStrategy: all) found bean 'org.springdoc.core.configuration.SpringDocConfiguration' (OnBeanCondition)

   SwaggerConfig#indexPageTransformer matched:
      - @ConditionalOnMissingBean (types: org.springdoc.webmvc.ui.SwaggerIndexTransformer; SearchStrategy: all) did not find any beans (OnBeanCondition)

   SwaggerConfig#swaggerConfigResource matched:
      - @ConditionalOnProperty (springdoc.use-management-port=false) matched (OnPropertyCondition)
      - @ConditionalOnMissingBean (types: org.springdoc.webmvc.ui.SwaggerConfigResource; SearchStrategy: all) did not find any beans (OnBeanCondition)

   SwaggerConfig#swaggerResourceResolver matched:
      - @ConditionalOnMissingBean (types: org.springdoc.webmvc.ui.SwaggerResourceResolver; SearchStrategy: all) did not find any beans (OnBeanCondition)

   SwaggerConfig#swaggerWebMvcConfigurer matched:
      - @ConditionalOnMissingBean (types: org.springdoc.webmvc.ui.SwaggerWebMvcConfigurer; SearchStrategy: all) did not find any beans (OnBeanCondition)

   SwaggerConfig#swaggerWelcome matched:
      - @ConditionalOnProperty (springdoc.use-management-port=false) matched (OnPropertyCondition)
      - @ConditionalOnMissingBean (types: org.springdoc.webmvc.ui.SwaggerWelcomeWebMvc; SearchStrategy: all) did not find any beans (OnBeanCondition)

   SwaggerUiConfigParameters matched:
      - @ConditionalOnProperty (springdoc.swagger-ui.enabled) matched (OnPropertyCondition)
      - @ConditionalOnBean (types: org.springdoc.core.configuration.SpringDocConfiguration; SearchStrategy: all) found bean 'org.springdoc.core.configuration.SpringDocConfiguration' (OnBeanCondition)

   SwaggerUiConfigProperties matched:
      - @ConditionalOnProperty (springdoc.swagger-ui.enabled) matched (OnPropertyCondition)
      - @ConditionalOnBean (types: org.springdoc.core.configuration.SpringDocConfiguration; SearchStrategy: all) found bean 'org.springdoc.core.configuration.SpringDocConfiguration' (OnBeanCondition)

   SwaggerUiOAuthProperties matched:
      - @ConditionalOnProperty (springdoc.swagger-ui.enabled) matched (OnPropertyCondition)
      - @ConditionalOnBean (types: org.springdoc.core.configuration.SpringDocConfiguration; SearchStrategy: all) found bean 'org.springdoc.core.configuration.SpringDocConfiguration' (OnBeanCondition)

   TaskExecutionAutoConfiguration matched:
      - @ConditionalOnClass found required class 'org.springframework.scheduling.concurrent.ThreadPoolTaskExecutor' (OnClassCondition)

   TaskExecutorConfigurations.SimpleAsyncTaskExecutorBuilderConfiguration#simpleAsyncTaskExecutorBuilder matched:
      - @ConditionalOnMissingBean (types: org.springframework.boot.task.SimpleAsyncTaskExecutorBuilder; SearchStrategy: all) did not find any beans (OnBeanCondition)
      - @ConditionalOnThreading found PLATFORM (OnThreadingCondition)

   TaskExecutorConfigurations.TaskExecutorBuilderConfiguration#taskExecutorBuilder matched:
      - @ConditionalOnMissingBean (types: org.springframework.boot.task.TaskExecutorBuilder; SearchStrategy: all) did not find any beans (OnBeanCondition)

   TaskExecutorConfigurations.TaskExecutorConfiguration matched:
      - @ConditionalOnMissingBean (types: java.util.concurrent.Executor; SearchStrategy: all) did not find any beans (OnBeanCondition)

   TaskExecutorConfigurations.TaskExecutorConfiguration#applicationTaskExecutor matched:
      - @ConditionalOnThreading found PLATFORM (OnThreadingCondition)

   TaskExecutorConfigurations.ThreadPoolTaskExecutorBuilderConfiguration#threadPoolTaskExecutorBuilder matched:
      - @ConditionalOnMissingBean (types: org.springframework.boot.task.TaskExecutorBuilder,org.springframework.boot.task.ThreadPoolTaskExecutorBuilder; SearchStrategy: all) did not find any beans (OnBeanCondition)

   TaskSchedulingAutoConfiguration matched:
      - @ConditionalOnClass found required class 'org.springframework.scheduling.concurrent.ThreadPoolTaskScheduler' (OnClassCondition)

   TaskSchedulingConfigurations.SimpleAsyncTaskSchedulerBuilderConfiguration#simpleAsyncTaskSchedulerBuilder matched:
      - @ConditionalOnMissingBean (types: org.springframework.boot.task.SimpleAsyncTaskSchedulerBuilder; SearchStrategy: all) did not find any beans (OnBeanCondition)
      - @ConditionalOnThreading found PLATFORM (OnThreadingCondition)

   TaskSchedulingConfigurations.TaskSchedulerBuilderConfiguration#taskSchedulerBuilder matched:
      - @ConditionalOnMissingBean (types: org.springframework.boot.task.TaskSchedulerBuilder; SearchStrategy: all) did not find any beans (OnBeanCondition)

   TaskSchedulingConfigurations.ThreadPoolTaskSchedulerBuilderConfiguration#threadPoolTaskSchedulerBuilder matched:
      - @ConditionalOnMissingBean (types: org.springframework.boot.task.TaskSchedulerBuilder,org.springframework.boot.task.ThreadPoolTaskSchedulerBuilder; SearchStrategy: all) did not find any beans (OnBeanCondition)

   TransactionAutoConfiguration matched:
      - @ConditionalOnClass found required class 'org.springframework.transaction.PlatformTransactionManager' (OnClassCondition)

   TransactionAutoConfiguration.EnableTransactionManagementConfiguration matched:
      - @ConditionalOnBean (types: org.springframework.transaction.TransactionManager; SearchStrategy: all) found bean 'transactionManager'; @ConditionalOnMissingBean (types: org.springframework.transaction.annotation.AbstractTransactionManagementConfiguration; SearchStrategy: all) did not find any beans (OnBeanCondition)

   TransactionAutoConfiguration.EnableTransactionManagementConfiguration.CglibAutoProxyConfiguration matched:
      - @ConditionalOnProperty (spring.aop.proxy-target-class=true) matched (OnPropertyCondition)

   TransactionAutoConfiguration.TransactionTemplateConfiguration matched:
      - @ConditionalOnSingleCandidate (types: org.springframework.transaction.PlatformTransactionManager; SearchStrategy: all) found a single bean 'transactionManager' (OnBeanCondition)

   TransactionAutoConfiguration.TransactionTemplateConfiguration#transactionTemplate matched:
      - @ConditionalOnMissingBean (types: org.springframework.transaction.support.TransactionOperations; SearchStrategy: all) did not find any beans (OnBeanCondition)

   TransactionManagerCustomizationAutoConfiguration matched:
      - @ConditionalOnClass found required class 'org.springframework.transaction.PlatformTransactionManager' (OnClassCondition)

   TransactionManagerCustomizationAutoConfiguration#platformTransactionManagerCustomizers matched:
      - @ConditionalOnMissingBean (types: org.springframework.boot.autoconfigure.transaction.TransactionManagerCustomizers; SearchStrategy: all) did not find any beans (OnBeanCondition)

   ValidationAutoConfiguration matched:
      - @ConditionalOnClass found required class 'jakarta.validation.executable.ExecutableValidator' (OnClassCondition)
      - @ConditionalOnResource found location classpath:META-INF/services/jakarta.validation.spi.ValidationProvider (OnResourceCondition)

   ValidationAutoConfiguration#defaultValidator matched:
      - @ConditionalOnMissingBean (types: jakarta.validation.Validator; SearchStrategy: all) did not find any beans (OnBeanCondition)

   ValidationAutoConfiguration#methodValidationPostProcessor matched:
      - @ConditionalOnMissingBean (types: org.springframework.validation.beanvalidation.MethodValidationPostProcessor; SearchStrategy: current) did not find any beans (OnBeanCondition)

   WebMvcAutoConfiguration matched:
      - @ConditionalOnClass found required classes 'jakarta.servlet.Servlet', 'org.springframework.web.servlet.DispatcherServlet', 'org.springframework.web.servlet.config.annotation.WebMvcConfigurer' (OnClassCondition)
      - found 'session' scope (OnWebApplicationCondition)
      - @ConditionalOnMissingBean (types: org.springframework.web.servlet.config.annotation.WebMvcConfigurationSupport; SearchStrategy: all) did not find any beans (OnBeanCondition)

   WebMvcAutoConfiguration#formContentFilter matched:
      - @ConditionalOnProperty (spring.mvc.formcontent.filter.enabled) matched (OnPropertyCondition)
      - @ConditionalOnMissingBean (types: org.springframework.web.filter.FormContentFilter; SearchStrategy: all) did not find any beans (OnBeanCondition)

   WebMvcAutoConfiguration.EnableWebMvcConfiguration#flashMapManager matched:
      - @ConditionalOnMissingBean (names: flashMapManager; SearchStrategy: all) did not find any beans (OnBeanCondition)

   WebMvcAutoConfiguration.EnableWebMvcConfiguration#localeResolver matched:
      - @ConditionalOnMissingBean (names: localeResolver; SearchStrategy: all) did not find any beans (OnBeanCondition)

   WebMvcAutoConfiguration.EnableWebMvcConfiguration#themeResolver matched:
      - @ConditionalOnMissingBean (names: themeResolver; SearchStrategy: all) did not find any beans (OnBeanCondition)

   WebMvcAutoConfiguration.WebMvcAutoConfigurationAdapter#defaultViewResolver matched:
      - @ConditionalOnMissingBean (types: org.springframework.web.servlet.view.InternalResourceViewResolver; SearchStrategy: all) did not find any beans (OnBeanCondition)

   WebMvcAutoConfiguration.WebMvcAutoConfigurationAdapter#requestContextFilter matched:
      - @ConditionalOnMissingBean (types: org.springframework.web.context.request.RequestContextListener,org.springframework.web.filter.RequestContextFilter; SearchStrategy: all) did not find any beans (OnBeanCondition)

   WebMvcAutoConfiguration.WebMvcAutoConfigurationAdapter#viewResolver matched:
      - @ConditionalOnBean (types: org.springframework.web.servlet.ViewResolver; SearchStrategy: all) found beans 'defaultViewResolver', 'beanNameViewResolver', 'mvcViewResolver'; @ConditionalOnMissingBean (names: viewResolver types: org.springframework.web.servlet.view.ContentNegotiatingViewResolver; SearchStrategy: all) did not find any beans (OnBeanCondition)

   WebSocketServletAutoConfiguration matched:
      - @ConditionalOnClass found required classes 'jakarta.servlet.Servlet', 'jakarta.websocket.server.ServerContainer' (OnClassCondition)
      - found 'session' scope (OnWebApplicationCondition)

   WebSocketServletAutoConfiguration.TomcatWebSocketConfiguration matched:
      - @ConditionalOnClass found required classes 'org.apache.catalina.startup.Tomcat', 'org.apache.tomcat.websocket.server.WsSci' (OnClassCondition)

   WebSocketServletAutoConfiguration.TomcatWebSocketConfiguration#websocketServletWebServerCustomizer matched:
      - @ConditionalOnMissingBean (names: websocketServletWebServerCustomizer; SearchStrategy: all) did not find any beans (OnBeanCondition)


Negative matches:
-----------------

   ActiveMQAutoConfiguration:
      Did not match:
         - @ConditionalOnClass did not find required class 'jakarta.jms.ConnectionFactory' (OnClassCondition)

   AopAutoConfiguration.AspectJAutoProxyingConfiguration.JdkDynamicAutoProxyConfiguration:
      Did not match:
         - @ConditionalOnProperty (spring.aop.proxy-target-class=false) did not find property 'proxy-target-class' (OnPropertyCondition)

   AopAutoConfiguration.ClassProxyingConfiguration:
      Did not match:
         - @ConditionalOnMissingClass found unwanted class 'org.aspectj.weaver.Advice' (OnClassCondition)

   ArtemisAutoConfiguration:
      Did not match:
         - @ConditionalOnClass did not find required class 'jakarta.jms.ConnectionFactory' (OnClassCondition)

   BatchAutoConfiguration:
      Did not match:
         - @ConditionalOnClass did not find required class 'org.springframework.batch.core.launch.JobLauncher' (OnClassCondition)

   Cache2kCacheConfiguration:
      Did not match:
         - @ConditionalOnClass did not find required class 'org.cache2k.Cache2kBuilder' (OnClassCondition)

   CacheAutoConfiguration:
      Did not match:
         - @ConditionalOnBean (types: org.springframework.cache.interceptor.CacheAspectSupport; SearchStrategy: all) did not find any beans of type org.springframework.cache.interceptor.CacheAspectSupport (OnBeanCondition)
      Matched:
         - @ConditionalOnClass found required class 'org.springframework.cache.CacheManager' (OnClassCondition)

   CacheAutoConfiguration.CacheManagerEntityManagerFactoryDependsOnPostProcessor:
      Did not match:
         - Ancestor org.springframework.boot.autoconfigure.cache.CacheAutoConfiguration did not match (ConditionEvaluationReport.AncestorsMatchedCondition)
      Matched:
         - @ConditionalOnClass found required class 'org.springframework.orm.jpa.LocalContainerEntityManagerFactoryBean' (OnClassCondition)

   CaffeineCacheConfiguration:
      Did not match:
         - @ConditionalOnClass did not find required class 'com.github.benmanes.caffeine.cache.Caffeine' (OnClassCondition)

   CassandraAutoConfiguration:
      Did not match:
         - @ConditionalOnClass did not find required class 'com.datastax.oss.driver.api.core.CqlSession' (OnClassCondition)

   CassandraDataAutoConfiguration:
      Did not match:
         - @ConditionalOnClass did not find required class 'com.datastax.oss.driver.api.core.CqlSession' (OnClassCondition)

   CassandraReactiveDataAutoConfiguration:
      Did not match:
         - @ConditionalOnClass did not find required class 'com.datastax.oss.driver.api.core.CqlSession' (OnClassCondition)

   CassandraReactiveRepositoriesAutoConfiguration:
      Did not match:
         - @ConditionalOnClass did not find required class 'org.springframework.data.cassandra.ReactiveSession' (OnClassCondition)

   CassandraRepositoriesAutoConfiguration:
      Did not match:
         - @ConditionalOnClass did not find required class 'com.datastax.oss.driver.api.core.CqlSession' (OnClassCondition)

   ClientHttpConnectorAutoConfiguration:
      Did not match:
         - @ConditionalOnClass did not find required class 'org.springframework.web.reactive.function.client.WebClient' (OnClassCondition)

   CodecsAutoConfiguration:
      Did not match:
         - @ConditionalOnClass did not find required class 'org.springframework.web.reactive.function.client.WebClient' (OnClassCondition)

   CouchbaseAutoConfiguration:
      Did not match:
         - @ConditionalOnClass did not find required class 'com.couchbase.client.java.Cluster' (OnClassCondition)

   CouchbaseCacheConfiguration:
      Did not match:
         - @ConditionalOnClass did not find required class 'com.couchbase.client.java.Cluster' (OnClassCondition)

   CouchbaseDataAutoConfiguration:
      Did not match:
         - @ConditionalOnClass did not find required class 'com.couchbase.client.java.Bucket' (OnClassCondition)

   CouchbaseReactiveDataAutoConfiguration:
      Did not match:
         - @ConditionalOnClass did not find required class 'com.couchbase.client.java.Cluster' (OnClassCondition)

   CouchbaseReactiveRepositoriesAutoConfiguration:
      Did not match:
         - @ConditionalOnClass did not find required class 'com.couchbase.client.java.Cluster' (OnClassCondition)

   CouchbaseRepositoriesAutoConfiguration:
      Did not match:
         - @ConditionalOnClass did not find required class 'com.couchbase.client.java.Bucket' (OnClassCondition)

   DataSourceAutoConfiguration.EmbeddedDatabaseConfiguration:
      Did not match:
         - EmbeddedDataSource spring.datasource.url is set (DataSourceAutoConfiguration.EmbeddedDatabaseCondition)

   DataSourceCheckpointRestoreConfiguration:
      Did not match:
         - @ConditionalOnClass did not find required class 'org.crac.Resource' (OnClassCondition)

   DataSourceConfiguration.Dbcp2:
      Did not match:
         - @ConditionalOnClass did not find required class 'org.apache.commons.dbcp2.BasicDataSource' (OnClassCondition)

   DataSourceConfiguration.Generic:
      Did not match:
         - @ConditionalOnProperty (spring.datasource.type) did not find property 'spring.datasource.type' (OnPropertyCondition)

   DataSourceConfiguration.OracleUcp:
      Did not match:
         - @ConditionalOnClass did not find required classes 'oracle.ucp.jdbc.PoolDataSourceImpl', 'oracle.jdbc.OracleConnection' (OnClassCondition)

   DataSourceConfiguration.Tomcat:
      Did not match:
         - @ConditionalOnClass did not find required class 'org.apache.tomcat.jdbc.pool.DataSource' (OnClassCondition)

   DataSourceJmxConfiguration:
      Did not match:
         - @ConditionalOnProperty (spring.jmx.enabled=true) found different value in property 'enabled' (OnPropertyCondition)

   DataSourcePoolMetadataProvidersConfiguration.CommonsDbcp2PoolDataSourceMetadataProviderConfiguration:
      Did not match:
         - @ConditionalOnClass did not find required class 'org.apache.commons.dbcp2.BasicDataSource' (OnClassCondition)

   DataSourcePoolMetadataProvidersConfiguration.OracleUcpPoolDataSourceMetadataProviderConfiguration:
      Did not match:
         - @ConditionalOnClass did not find required classes 'oracle.ucp.jdbc.PoolDataSource', 'oracle.jdbc.OracleConnection' (OnClassCondition)

   DataSourcePoolMetadataProvidersConfiguration.TomcatDataSourcePoolMetadataProviderConfiguration:
      Did not match:
         - @ConditionalOnClass did not find required class 'org.apache.tomcat.jdbc.pool.DataSource' (OnClassCondition)

   DataSourceTransactionManagerAutoConfiguration.JdbcTransactionManagerConfiguration#transactionManager:
      Did not match:
         - @ConditionalOnMissingBean (types: org.springframework.transaction.TransactionManager; SearchStrategy: all) found beans of type 'org.springframework.transaction.TransactionManager' transactionManager (OnBeanCondition)

   DevToolsDataSourceAutoConfiguration:
      Did not match:
         - Devtools devtools is disabled for current context. (OnEnabledDevToolsCondition)
      Matched:
         - @ConditionalOnClass found required class 'javax.sql.DataSource' (OnClassCondition)

   DevToolsR2dbcAutoConfiguration:
      Did not match:
         - @ConditionalOnClass did not find required class 'io.r2dbc.spi.ConnectionFactory' (OnClassCondition)

   DispatcherServletAutoConfiguration.DispatcherServletConfiguration#multipartResolver:
      Did not match:
         - @ConditionalOnBean (types: org.springframework.web.multipart.MultipartResolver; SearchStrategy: all) did not find any beans of type org.springframework.web.multipart.MultipartResolver (OnBeanCondition)

   ElasticsearchClientAutoConfiguration:
      Did not match:
         - @ConditionalOnClass did not find required class 'co.elastic.clients.elasticsearch.ElasticsearchClient' (OnClassCondition)

   ElasticsearchDataAutoConfiguration:
      Did not match:
         - @ConditionalOnClass did not find required class 'org.springframework.data.elasticsearch.client.elc.ElasticsearchTemplate' (OnClassCondition)

   ElasticsearchRepositoriesAutoConfiguration:
      Did not match:
         - @ConditionalOnClass did not find required class 'org.springframework.data.elasticsearch.repository.ElasticsearchRepository' (OnClassCondition)

   ElasticsearchRestClientAutoConfiguration:
      Did not match:
         - @ConditionalOnClass did not find required class 'org.elasticsearch.client.RestClientBuilder' (OnClassCondition)

   EmbeddedLdapAutoConfiguration:
      Did not match:
         - @ConditionalOnClass did not find required class 'com.unboundid.ldap.listener.InMemoryDirectoryServer' (OnClassCondition)

   EmbeddedWebServerFactoryCustomizerAutoConfiguration:
      Did not match:
         - Application is deployed as a WAR file. (OnWarDeploymentCondition)
      Matched:
         - @ConditionalOnWebApplication (required) found 'session' scope (OnWebApplicationCondition)

   ErrorWebFluxAutoConfiguration:
      Did not match:
         - @ConditionalOnClass did not find required class 'org.springframework.web.reactive.config.WebFluxConfigurer' (OnClassCondition)

   FlywayAutoConfiguration:
      Did not match:
         - @ConditionalOnClass did not find required class 'org.flywaydb.core.Flyway' (OnClassCondition)

   FreeMarkerAutoConfiguration:
      Did not match:
         - @ConditionalOnClass did not find required class 'freemarker.template.Configuration' (OnClassCondition)

   GraphQlAutoConfiguration:
      Did not match:
         - @ConditionalOnClass did not find required class 'graphql.GraphQL' (OnClassCondition)

   GraphQlQueryByExampleAutoConfiguration:
      Did not match:
         - @ConditionalOnClass did not find required class 'graphql.GraphQL' (OnClassCondition)

   GraphQlQuerydslAutoConfiguration:
      Did not match:
         - @ConditionalOnClass did not find required class 'com.querydsl.core.Query' (OnClassCondition)

   GraphQlRSocketAutoConfiguration:
      Did not match:
         - @ConditionalOnClass did not find required class 'graphql.GraphQL' (OnClassCondition)

   GraphQlReactiveQueryByExampleAutoConfiguration:
      Did not match:
         - @ConditionalOnClass did not find required class 'graphql.GraphQL' (OnClassCondition)

   GraphQlReactiveQuerydslAutoConfiguration:
      Did not match:
         - @ConditionalOnClass did not find required class 'com.querydsl.core.Query' (OnClassCondition)

   GraphQlWebFluxAutoConfiguration:
      Did not match:
         - @ConditionalOnClass did not find required class 'graphql.GraphQL' (OnClassCondition)

   GraphQlWebFluxSecurityAutoConfiguration:
      Did not match:
         - @ConditionalOnClass did not find required class 'graphql.GraphQL' (OnClassCondition)

   GraphQlWebMvcAutoConfiguration:
      Did not match:
         - @ConditionalOnClass did not find required class 'graphql.GraphQL' (OnClassCondition)

   GraphQlWebMvcSecurityAutoConfiguration:
      Did not match:
         - @ConditionalOnClass did not find required class 'graphql.GraphQL' (OnClassCondition)

   GroovyTemplateAutoConfiguration:
      Did not match:
         - @ConditionalOnClass did not find required class 'groovy.text.markup.MarkupTemplateEngine' (OnClassCondition)

   GsonAutoConfiguration:
      Did not match:
         - @ConditionalOnClass did not find required class 'com.google.gson.Gson' (OnClassCondition)

   GsonHttpMessageConvertersConfiguration:
      Did not match:
         - @ConditionalOnClass did not find required class 'com.google.gson.Gson' (OnClassCondition)

   H2ConsoleAutoConfiguration:
      Did not match:
         - @ConditionalOnClass did not find required class 'org.h2.server.web.JakartaWebServlet' (OnClassCondition)

   HazelcastAutoConfiguration:
      Did not match:
         - @ConditionalOnClass did not find required class 'com.hazelcast.core.HazelcastInstance' (OnClassCondition)

   HazelcastCacheConfiguration:
      Did not match:
         - @ConditionalOnClass did not find required class 'com.hazelcast.core.HazelcastInstance' (OnClassCondition)

   HazelcastJpaDependencyAutoConfiguration:
      Did not match:
         - @ConditionalOnClass did not find required class 'com.hazelcast.core.HazelcastInstance' (OnClassCondition)

   HttpHandlerAutoConfiguration:
      Did not match:
         - @ConditionalOnClass did not find required class 'org.springframework.web.reactive.DispatcherHandler' (OnClassCondition)

   HypermediaAutoConfiguration:
      Did not match:
         - @ConditionalOnClass did not find required class 'org.springframework.hateoas.EntityModel' (OnClassCondition)

   InfinispanCacheConfiguration:
      Did not match:
         - @ConditionalOnClass did not find required class 'org.infinispan.spring.embedded.provider.SpringEmbeddedCacheManager' (OnClassCondition)

   InfluxDbAutoConfiguration:
      Did not match:
         - @ConditionalOnClass did not find required class 'org.influxdb.InfluxDB' (OnClassCondition)

   IntegrationAutoConfiguration:
      Did not match:
         - @ConditionalOnClass did not find required class 'org.springframework.integration.config.EnableIntegration' (OnClassCondition)

   JCacheCacheConfiguration:
      Did not match:
         - @ConditionalOnClass did not find required class 'javax.cache.Caching' (OnClassCondition)

   JacksonHttpMessageConvertersConfiguration.MappingJackson2XmlHttpMessageConverterConfiguration:
      Did not match:
         - @ConditionalOnClass did not find required class 'com.fasterxml.jackson.dataformat.xml.XmlMapper' (OnClassCondition)

   JdbcRepositoriesAutoConfiguration:
      Did not match:
         - @ConditionalOnClass did not find required class 'org.springframework.data.jdbc.repository.config.AbstractJdbcConfiguration' (OnClassCondition)

   JerseyAutoConfiguration:
      Did not match:
         - @ConditionalOnClass did not find required class 'org.glassfish.jersey.server.spring.SpringComponentProvider' (OnClassCondition)

   JmsAutoConfiguration:
      Did not match:
         - @ConditionalOnClass did not find required class 'jakarta.jms.Message' (OnClassCondition)

   JmxAutoConfiguration:
      Did not match:
         - @ConditionalOnProperty (spring.jmx.enabled=true) found different value in property 'enabled' (OnPropertyCondition)
      Matched:
         - @ConditionalOnClass found required class 'org.springframework.jmx.export.MBeanExporter' (OnClassCondition)

   JndiConnectionFactoryAutoConfiguration:
      Did not match:
         - @ConditionalOnClass did not find required class 'org.springframework.jms.core.JmsTemplate' (OnClassCondition)

   JndiDataSourceAutoConfiguration:
      Did not match:
         - @ConditionalOnProperty (spring.datasource.jndi-name) did not find property 'jndi-name' (OnPropertyCondition)
      Matched:
         - @ConditionalOnClass found required classes 'javax.sql.DataSource', 'org.springframework.jdbc.datasource.embedded.EmbeddedDatabaseType' (OnClassCondition)

   JndiJtaConfiguration:
      Did not match:
         - @ConditionalOnJndi JNDI environment is not available (OnJndiCondition)
      Matched:
         - @ConditionalOnClass found required class 'org.springframework.transaction.jta.JtaTransactionManager' (OnClassCondition)

   JooqAutoConfiguration:
      Did not match:
         - @ConditionalOnClass did not find required class 'org.jooq.DSLContext' (OnClassCondition)

   JpaBaseConfiguration.JpaWebConfiguration:
      Did not match:
         - @ConditionalOnProperty (spring.jpa.open-in-view=true) found different value in property 'open-in-view' (OnPropertyCondition)
      Matched:
         - @ConditionalOnClass found required class 'org.springframework.web.servlet.config.annotation.WebMvcConfigurer' (OnClassCondition)
         - found 'session' scope (OnWebApplicationCondition)

   JpaRepositoriesAutoConfiguration#entityManagerFactoryBootstrapExecutorCustomizer:
      Did not match:
         - AnyNestedCondition 0 matched 2 did not; NestedCondition on JpaRepositoriesAutoConfiguration.BootstrapExecutorCondition.LazyBootstrapMode @ConditionalOnProperty (spring.data.jpa.repositories.bootstrap-mode=lazy) did not find property 'bootstrap-mode'; NestedCondition on JpaRepositoriesAutoConfiguration.BootstrapExecutorCondition.DeferredBootstrapMode @ConditionalOnProperty (spring.data.jpa.repositories.bootstrap-mode=deferred) did not find property 'bootstrap-mode' (JpaRepositoriesAutoConfiguration.BootstrapExecutorCondition)

   JsonbAutoConfiguration:
      Did not match:
         - @ConditionalOnClass did not find required class 'jakarta.json.bind.Jsonb' (OnClassCondition)

   JsonbHttpMessageConvertersConfiguration:
      Did not match:
         - @ConditionalOnClass did not find required class 'jakarta.json.bind.Jsonb' (OnClassCondition)

   KafkaAutoConfiguration:
      Did not match:
         - @ConditionalOnClass did not find required class 'org.springframework.kafka.core.KafkaTemplate' (OnClassCondition)

   LdapAutoConfiguration:
      Did not match:
         - @ConditionalOnClass did not find required class 'org.springframework.ldap.core.ContextSource' (OnClassCondition)

   LdapRepositoriesAutoConfiguration:
      Did not match:
         - @ConditionalOnClass did not find required class 'org.springframework.data.ldap.repository.LdapRepository' (OnClassCondition)

   LiquibaseAutoConfiguration:
      Did not match:
         - @ConditionalOnClass did not find required class 'liquibase.change.DatabaseChange' (OnClassCondition)

   LocalDevToolsAutoConfiguration:
      Did not match:
         - Initialized Restarter Condition initialized without URLs (OnInitializedRestarterCondition)

   MailSenderAutoConfiguration:
      Did not match:
         - @ConditionalOnClass did not find required class 'jakarta.mail.internet.MimeMessage' (OnClassCondition)

   MailSenderValidatorAutoConfiguration:
      Did not match:
         - @ConditionalOnSingleCandidate did not find required type 'org.springframework.mail.javamail.JavaMailSenderImpl' (OnBeanCondition)

   MessageSourceAutoConfiguration:
      Did not match:
         - ResourceBundle did not find bundle with basename messages (MessageSourceAutoConfiguration.ResourceBundleCondition)

   MomentsAutoConfiguration#timeMachine:
      Did not match:
         - @ConditionalOnProperty (spring.modulith.moments.enable-time-machine=true) did not find property 'spring.modulith.moments.enable-time-machine' (OnPropertyCondition)

   MongoAutoConfiguration:
      Did not match:
         - @ConditionalOnClass did not find required class 'com.mongodb.client.MongoClient' (OnClassCondition)

   MongoDataAutoConfiguration:
      Did not match:
         - @ConditionalOnClass did not find required class 'com.mongodb.client.MongoClient' (OnClassCondition)

   MongoReactiveAutoConfiguration:
      Did not match:
         - @ConditionalOnClass did not find required class 'com.mongodb.reactivestreams.client.MongoClient' (OnClassCondition)

   MongoReactiveDataAutoConfiguration:
      Did not match:
         - @ConditionalOnClass did not find required class 'com.mongodb.reactivestreams.client.MongoClient' (OnClassCondition)

   MongoReactiveRepositoriesAutoConfiguration:
      Did not match:
         - @ConditionalOnClass did not find required class 'com.mongodb.reactivestreams.client.MongoClient' (OnClassCondition)

   MongoRepositoriesAutoConfiguration:
      Did not match:
         - @ConditionalOnClass did not find required class 'com.mongodb.client.MongoClient' (OnClassCondition)

   MultipleOpenApiSupportConfiguration:
      Did not match:
         - AnyNestedCondition 0 matched 2 did not; NestedCondition on MultipleOpenApiSupportCondition.OnActuatorDifferentPort @ConditionalOnProperty (springdoc.show-actuator) did not find property 'springdoc.show-actuator'; NestedCondition on MultipleOpenApiSupportCondition.OnMultipleOpenApiSupportCondition AnyNestedCondition 0 matched 2 did not; NestedCondition on MultipleOpenApiGroupsCondition.OnGroupConfigProperty @ConditionalOnProperty (springdoc.group-configs[0].group) did not find property 'springdoc.group-configs[0].group'; NestedCondition on MultipleOpenApiGroupsCondition.OnGroupedOpenApiBean @ConditionalOnBean (types: org.springdoc.core.models.GroupedOpenApi; SearchStrategy: all) did not find any beans of type org.springdoc.core.models.GroupedOpenApi (MultipleOpenApiSupportCondition)
      Matched:
         - found 'session' scope (OnWebApplicationCondition)
         - @ConditionalOnProperty (springdoc.api-docs.enabled) matched (OnPropertyCondition)

   MultipleOpenApiSupportConfiguration.SpringDocWebMvcActuatorDifferentConfiguration:
      Did not match:
         - @ConditionalOnClass did not find required class 'org.springframework.boot.actuate.endpoint.web.servlet.WebMvcEndpointHandlerMapping' (OnClassCondition)
         - Ancestor org.springdoc.webmvc.core.configuration.MultipleOpenApiSupportConfiguration did not match (ConditionEvaluationReport.AncestorsMatchedCondition)

   MustacheAutoConfiguration:
      Did not match:
         - @ConditionalOnClass did not find required class 'com.samskivert.mustache.Mustache' (OnClassCondition)

   Neo4jAutoConfiguration:
      Did not match:
         - @ConditionalOnClass did not find required class 'org.neo4j.driver.Driver' (OnClassCondition)

   Neo4jDataAutoConfiguration:
      Did not match:
         - @ConditionalOnClass did not find required class 'org.neo4j.driver.Driver' (OnClassCondition)

   Neo4jReactiveDataAutoConfiguration:
      Did not match:
         - @ConditionalOnClass did not find required class 'org.neo4j.driver.Driver' (OnClassCondition)

   Neo4jReactiveRepositoriesAutoConfiguration:
      Did not match:
         - @ConditionalOnClass did not find required class 'org.neo4j.driver.Driver' (OnClassCondition)

   Neo4jRepositoriesAutoConfiguration:
      Did not match:
         - @ConditionalOnClass did not find required class 'org.neo4j.driver.Driver' (OnClassCondition)

   NettyAutoConfiguration:
      Did not match:
         - @ConditionalOnClass did not find required class 'io.netty.util.NettyRuntime' (OnClassCondition)

   OAuth2AuthorizationServerAutoConfiguration:
      Did not match:
         - @ConditionalOnClass did not find required class 'org.springframework.security.oauth2.server.authorization.OAuth2Authorization' (OnClassCondition)

   OAuth2AuthorizationServerJwtAutoConfiguration:
      Did not match:
         - @ConditionalOnClass did not find required class 'org.springframework.security.oauth2.server.authorization.OAuth2Authorization' (OnClassCondition)

   OAuth2ClientAutoConfiguration:
      Did not match:
         - @ConditionalOnClass did not find required class 'org.springframework.security.oauth2.client.registration.ClientRegistration' (OnClassCondition)

   OAuth2ResourceServerAutoConfiguration:
      Did not match:
         - @ConditionalOnClass did not find required class 'org.springframework.security.oauth2.server.resource.authentication.BearerTokenAuthenticationToken' (OnClassCondition)

   ProjectInfoAutoConfiguration#buildProperties:
      Did not match:
         - @ConditionalOnResource did not find resource '${spring.info.build.location:classpath:META-INF/build-info.properties}' (OnResourceCondition)

   ProjectInfoAutoConfiguration#gitProperties:
      Did not match:
         - GitResource did not find git info at classpath:git.properties (ProjectInfoAutoConfiguration.GitResourceAvailableCondition)

   PulsarAutoConfiguration:
      Did not match:
         - @ConditionalOnClass did not find required class 'org.apache.pulsar.client.api.PulsarClient' (OnClassCondition)

   PulsarReactiveAutoConfiguration:
      Did not match:
         - @ConditionalOnClass did not find required class 'org.apache.pulsar.client.api.PulsarClient' (OnClassCondition)

   QuartzAutoConfiguration:
      Did not match:
         - @ConditionalOnClass did not find required class 'org.quartz.Scheduler' (OnClassCondition)

   R2dbcAutoConfiguration:
      Did not match:
         - @ConditionalOnClass did not find required class 'io.r2dbc.spi.ConnectionFactory' (OnClassCondition)

   R2dbcDataAutoConfiguration:
      Did not match:
         - @ConditionalOnClass did not find required class 'org.springframework.data.r2dbc.core.R2dbcEntityTemplate' (OnClassCondition)

   R2dbcInitializationConfiguration:
      Did not match:
         - @ConditionalOnClass did not find required classes 'io.r2dbc.spi.ConnectionFactory', 'org.springframework.r2dbc.connection.init.DatabasePopulator' (OnClassCondition)

   R2dbcRepositoriesAutoConfiguration:
      Did not match:
         - @ConditionalOnClass did not find required class 'io.r2dbc.spi.ConnectionFactory' (OnClassCondition)

   R2dbcTransactionManagerAutoConfiguration:
      Did not match:
         - @ConditionalOnClass did not find required class 'org.springframework.r2dbc.connection.R2dbcTransactionManager' (OnClassCondition)

   RSocketGraphQlClientAutoConfiguration:
      Did not match:
         - @ConditionalOnClass did not find required class 'graphql.GraphQL' (OnClassCondition)

   RSocketMessagingAutoConfiguration:
      Did not match:
         - @ConditionalOnClass did not find required class 'io.rsocket.RSocket' (OnClassCondition)

   RSocketRequesterAutoConfiguration:
      Did not match:
         - @ConditionalOnClass did not find required class 'io.rsocket.RSocket' (OnClassCondition)

   RSocketSecurityAutoConfiguration:
      Did not match:
         - @ConditionalOnClass did not find required class 'org.springframework.security.rsocket.core.SecuritySocketAcceptorInterceptor' (OnClassCondition)

   RSocketServerAutoConfiguration:
      Did not match:
         - @ConditionalOnClass did not find required class 'io.rsocket.core.RSocketServer' (OnClassCondition)

   RSocketStrategiesAutoConfiguration:
      Did not match:
         - @ConditionalOnClass did not find required class 'io.netty.buffer.PooledByteBufAllocator' (OnClassCondition)

   RabbitAutoConfiguration:
      Did not match:
         - @ConditionalOnClass did not find required class 'com.rabbitmq.client.Channel' (OnClassCondition)

   ReactiveElasticsearchClientAutoConfiguration:
      Did not match:
         - @ConditionalOnClass did not find required class 'co.elastic.clients.transport.ElasticsearchTransport' (OnClassCondition)

   ReactiveElasticsearchRepositoriesAutoConfiguration:
      Did not match:
         - @ConditionalOnClass did not find required class 'org.springframework.data.elasticsearch.client.elc.ReactiveElasticsearchClient' (OnClassCondition)

   ReactiveMultipartAutoConfiguration:
      Did not match:
         - @ConditionalOnClass did not find required class 'org.springframework.web.reactive.config.WebFluxConfigurer' (OnClassCondition)

   ReactiveOAuth2ClientAutoConfiguration:
      Did not match:
         - @ConditionalOnClass did not find required class 'reactor.core.publisher.Flux' (OnClassCondition)

   ReactiveOAuth2ResourceServerAutoConfiguration:
      Did not match:
         - @ConditionalOnWebApplication did not find reactive web application classes (OnWebApplicationCondition)

   ReactiveSecurityAutoConfiguration:
      Did not match:
         - @ConditionalOnClass did not find required class 'reactor.core.publisher.Flux' (OnClassCondition)

   ReactiveUserDetailsServiceAutoConfiguration:
      Did not match:
         - AnyNestedCondition 0 matched 2 did not; NestedCondition on ReactiveUserDetailsServiceAutoConfiguration.RSocketEnabledOrReactiveWebApplication.ReactiveWebApplicationCondition did not find reactive web application classes; NestedCondition on ReactiveUserDetailsServiceAutoConfiguration.RSocketEnabledOrReactiveWebApplication.RSocketSecurityEnabledCondition @ConditionalOnBean (types: org.springframework.messaging.rsocket.annotation.support.RSocketMessageHandler; SearchStrategy: all) did not find any beans of type org.springframework.messaging.rsocket.annotation.support.RSocketMessageHandler (ReactiveUserDetailsServiceAutoConfiguration.RSocketEnabledOrReactiveWebApplication)
      Matched:
         - @ConditionalOnClass found required class 'org.springframework.security.authentication.ReactiveAuthenticationManager' (OnClassCondition)
         - AnyNestedCondition 1 matched 2 did not; NestedCondition on ReactiveUserDetailsServiceAutoConfiguration.MissingAlternativeOrUserPropertiesConfigured.PasswordConfigured @ConditionalOnProperty (spring.security.user.password) did not find property 'password'; NestedCondition on ReactiveUserDetailsServiceAutoConfiguration.MissingAlternativeOrUserPropertiesConfigured.NameConfigured @ConditionalOnProperty (spring.security.user.name) did not find property 'name'; NestedCondition on ReactiveUserDetailsServiceAutoConfiguration.MissingAlternativeOrUserPropertiesConfigured.MissingAlternative @ConditionalOnMissingClass did not find unwanted classes 'org.springframework.security.oauth2.client.registration.ClientRegistrationRepository', 'org.springframework.security.oauth2.server.resource.introspection.ReactiveOpaqueTokenIntrospector' (ReactiveUserDetailsServiceAutoConfiguration.MissingAlternativeOrUserPropertiesConfigured)

   ReactiveWebServerFactoryAutoConfiguration:
      Did not match:
         - @ConditionalOnWebApplication did not find reactive web application classes (OnWebApplicationCondition)

   ReactorAutoConfiguration:
      Did not match:
         - @ConditionalOnClass did not find required class 'reactor.core.publisher.Hooks' (OnClassCondition)

   RedisAutoConfiguration:
      Did not match:
         - @ConditionalOnClass did not find required class 'org.springframework.data.redis.core.RedisOperations' (OnClassCondition)

   RedisCacheConfiguration:
      Did not match:
         - @ConditionalOnClass did not find required class 'org.springframework.data.redis.connection.RedisConnectionFactory' (OnClassCondition)

   RedisReactiveAutoConfiguration:
      Did not match:
         - @ConditionalOnClass did not find required class 'reactor.core.publisher.Flux' (OnClassCondition)

   RedisRepositoriesAutoConfiguration:
      Did not match:
         - @ConditionalOnClass did not find required class 'org.springframework.data.redis.repository.configuration.EnableRedisRepositories' (OnClassCondition)

   RemoteDevToolsAutoConfiguration:
      Did not match:
         - @ConditionalOnProperty (spring.devtools.remote.secret) did not find property 'secret' (OnPropertyCondition)
      Matched:
         - @ConditionalOnClass found required classes 'jakarta.servlet.Filter', 'org.springframework.http.server.ServerHttpRequest' (OnClassCondition)

   RepositoryRestMvcAutoConfiguration:
      Did not match:
         - @ConditionalOnClass did not find required class 'org.springframework.data.rest.webmvc.config.RepositoryRestMvcConfiguration' (OnClassCondition)

   Saml2RelyingPartyAutoConfiguration:
      Did not match:
         - @ConditionalOnClass did not find required class 'org.springframework.security.saml2.provider.service.registration.RelyingPartyRegistrationRepository' (OnClassCondition)

   SecurityDataConfiguration:
      Did not match:
         - @ConditionalOnClass did not find required class 'org.springframework.security.data.repository.query.SecurityEvaluationContextExtension' (OnClassCondition)

   SendGridAutoConfiguration:
      Did not match:
         - @ConditionalOnClass did not find required class 'com.sendgrid.SendGrid' (OnClassCondition)

   ServletWebServerFactoryAutoConfiguration.ForwardedHeaderFilterConfiguration:
      Did not match:
         - @ConditionalOnProperty (server.forward-headers-strategy=framework) did not find property 'server.forward-headers-strategy' (OnPropertyCondition)

   ServletWebServerFactoryConfiguration.EmbeddedJetty:
      Did not match:
         - @ConditionalOnClass did not find required classes 'org.eclipse.jetty.server.Server', 'org.eclipse.jetty.util.Loader', 'org.eclipse.jetty.ee10.webapp.WebAppContext' (OnClassCondition)

   ServletWebServerFactoryConfiguration.EmbeddedUndertow:
      Did not match:
         - @ConditionalOnClass did not find required classes 'io.undertow.Undertow', 'org.xnio.SslClientAuthMode' (OnClassCondition)

   SessionAutoConfiguration:
      Did not match:
         - @ConditionalOnClass did not find required class 'org.springframework.session.Session' (OnClassCondition)

   SpringApplicationAdminJmxAutoConfiguration:
      Did not match:
         - @ConditionalOnProperty (spring.application.admin.enabled=true) did not find property 'enabled' (OnPropertyCondition)

   SpringBootWebSecurityConfiguration.SecurityFilterChainConfiguration:
      Did not match:
         - AllNestedConditions 1 matched 1 did not; NestedCondition on DefaultWebSecurityCondition.Beans @ConditionalOnMissingBean (types: org.springframework.security.web.SecurityFilterChain; SearchStrategy: all) found beans of type 'org.springframework.security.web.SecurityFilterChain' filterChain; NestedCondition on DefaultWebSecurityCondition.Classes @ConditionalOnClass found required classes 'org.springframework.security.web.SecurityFilterChain', 'org.springframework.security.config.annotation.web.builders.HttpSecurity' (DefaultWebSecurityCondition)

   SpringDocConfiguration#propertiesResolverForSchema:
      Did not match:
         - @ConditionalOnProperty (springdoc.api-docs.resolve-schema-properties) did not find property 'springdoc.api-docs.resolve-schema-properties' (OnPropertyCondition)

   SpringDocConfiguration#propertyCustomizingConverter:
      Did not match:
         - @ConditionalOnBean (types: org.springdoc.core.customizers.PropertyCustomizer; SearchStrategy: all) did not find any beans of type org.springdoc.core.customizers.PropertyCustomizer (OnBeanCondition)

   SpringDocConfiguration#springdocBeanFactoryPostProcessor:
      Did not match:
         - AnyNestedCondition 0 matched 2 did not; NestedCondition on CacheOrGroupedOpenApiCondition.OnCacheDisabled found non-matching nested conditions @ConditionalOnProperty (springdoc.cache.disabled) did not find property 'springdoc.cache.disabled'; NestedCondition on CacheOrGroupedOpenApiCondition.OnMultipleOpenApiSupportCondition AnyNestedCondition 0 matched 2 did not; NestedCondition on MultipleOpenApiSupportCondition.OnActuatorDifferentPort @ConditionalOnProperty (springdoc.show-actuator) did not find property 'springdoc.show-actuator'; NestedCondition on MultipleOpenApiSupportCondition.OnMultipleOpenApiSupportCondition AnyNestedCondition 0 matched 2 did not; NestedCondition on MultipleOpenApiGroupsCondition.OnGroupConfigProperty @ConditionalOnProperty (springdoc.group-configs[0].group) did not find property 'springdoc.group-configs[0].group'; NestedCondition on MultipleOpenApiGroupsCondition.OnGroupedOpenApiBean @ConditionalOnBean (types: org.springdoc.core.models.GroupedOpenApi; SearchStrategy: all) did not find any beans of type org.springdoc.core.models.GroupedOpenApi (CacheOrGroupedOpenApiCondition)
      Matched:
         - @ConditionalOnClass found required class 'org.springframework.boot.context.properties.bind.BindResult' (OnClassCondition)

   SpringDocConfiguration#springdocBeanFactoryPostProcessor2:
      Did not match:
         - @ConditionalOnMissingClass found unwanted class 'org.springframework.boot.context.properties.bind.BindResult' (OnClassCondition)

   SpringDocConfiguration.SpringDocActuatorConfiguration:
      Did not match:
         - @ConditionalOnClass did not find required class 'org.springframework.boot.actuate.autoconfigure.endpoint.web.WebEndpointProperties' (OnClassCondition)

   SpringDocConfiguration.SpringDocRepositoryRestConfiguration:
      Did not match:
         - @ConditionalOnClass did not find required class 'org.springframework.data.rest.core.config.RepositoryRestConfiguration' (OnClassCondition)

   SpringDocConfiguration.SpringDocWebFluxSupportConfiguration:
      Did not match:
         - @ConditionalOnClass did not find required class 'reactor.core.publisher.Flux' (OnClassCondition)

   SpringDocDataRestConfiguration:
      Did not match:
         - @ConditionalOnClass did not find required class 'org.springframework.data.rest.core.config.RepositoryRestConfiguration' (OnClassCondition)

   SpringDocFunctionCatalogConfiguration:
      Did not match:
         - @ConditionalOnClass did not find required class 'org.springframework.cloud.function.web.function.FunctionEndpointInitializer' (OnClassCondition)

   SpringDocGroovyConfiguration:
      Did not match:
         - @ConditionalOnClass did not find required class 'groovy.lang.MetaClass' (OnClassCondition)

   SpringDocHateoasConfiguration:
      Did not match:
         - @ConditionalOnClass did not find required class 'org.springframework.hateoas.server.LinkRelationProvider' (OnClassCondition)

   SpringDocJacksonKotlinModuleConfiguration:
      Did not match:
         - @ConditionalOnClass did not find required class 'com.fasterxml.jackson.module.kotlin.KotlinModule' (OnClassCondition)

   SpringDocJavadocConfiguration:
      Did not match:
         - @ConditionalOnClass did not find required class 'com.github.therapi.runtimejavadoc.CommentFormatter' (OnClassCondition)

   SpringDocKotlinConfiguration:
      Did not match:
         - @ConditionalOnClass did not find required class 'kotlin.coroutines.Continuation' (OnClassCondition)

   SpringDocKotlinxConfiguration:
      Did not match:
         - @ConditionalOnClass did not find required class 'kotlinx.coroutines.flow.Flow' (OnClassCondition)

   SpringDocSecurityConfiguration.SpringDocSecurityOAuth2Configuration:
      Did not match:
         - @ConditionalOnClass did not find required class 'org.springframework.security.oauth2.server.authorization.OAuth2AuthorizationService' (OnClassCondition)

   SpringDocSecurityConfiguration.SpringSecurityLoginEndpointConfiguration#springSecurityLoginEndpointCustomiser:
      Did not match:
         - @ConditionalOnProperty (springdoc.show-login-endpoint) did not find property 'springdoc.show-login-endpoint' (OnPropertyCondition)

   SpringDocSortConfiguration#delegatingMethodParameterCustomizer:
      Did not match:
         - @ConditionalOnMissingBean (types: org.springdoc.core.customizers.DelegatingMethodParameterCustomizer; SearchStrategy: all) found beans of type 'org.springdoc.core.customizers.DelegatingMethodParameterCustomizer' delegatingMethodParameterCustomizer (OnBeanCondition)

   SpringDocWebMvcConfiguration.SpringDocWebMvcActuatorConfiguration:
      Did not match:
         - @ConditionalOnClass did not find required class 'org.springframework.boot.actuate.endpoint.web.servlet.WebMvcEndpointHandlerMapping' (OnClassCondition)

   SwaggerConfig#springWebProvider:
      Did not match:
         - @ConditionalOnMissingBean (types: org.springdoc.core.providers.SpringWebProvider; SearchStrategy: all) found beans of type 'org.springdoc.core.providers.SpringWebProvider' springWebProvider (OnBeanCondition)

   SwaggerConfig#swaggerUiConfigParameters:
      Did not match:
         - @ConditionalOnMissingBean (types: org.springdoc.core.properties.SwaggerUiConfigParameters; SearchStrategy: all) found beans of type 'org.springdoc.core.properties.SwaggerUiConfigParameters' org.springdoc.core.properties.SwaggerUiConfigParameters (OnBeanCondition)

   SwaggerConfig#swaggerUiHome:
      Did not match:
         - @ConditionalOnProperty (springdoc.swagger-ui.use-root-path=true) did not find property 'springdoc.swagger-ui.use-root-path' (OnPropertyCondition)

   SwaggerConfig.SwaggerActuatorWelcomeConfiguration:
      Did not match:
         - @ConditionalOnClass did not find required class 'org.springframework.boot.actuate.endpoint.web.servlet.WebMvcEndpointHandlerMapping' (OnClassCondition)

   TaskExecutorConfigurations.SimpleAsyncTaskExecutorBuilderConfiguration#simpleAsyncTaskExecutorBuilderVirtualThreads:
      Did not match:
         - @ConditionalOnMissingBean (types: org.springframework.boot.task.SimpleAsyncTaskExecutorBuilder; SearchStrategy: all) found beans of type 'org.springframework.boot.task.SimpleAsyncTaskExecutorBuilder' simpleAsyncTaskExecutorBuilder (OnBeanCondition)

   TaskExecutorConfigurations.TaskExecutorConfiguration#applicationTaskExecutorVirtualThreads:
      Did not match:
         - @ConditionalOnThreading did not find VIRTUAL (OnThreadingCondition)

   TaskSchedulingAutoConfiguration#scheduledBeanLazyInitializationExcludeFilter:
      Did not match:
         - @ConditionalOnBean (names: org.springframework.context.annotation.internalScheduledAnnotationProcessor; SearchStrategy: all) did not find any beans named org.springframework.context.annotation.internalScheduledAnnotationProcessor (OnBeanCondition)

   TaskSchedulingConfigurations.SimpleAsyncTaskSchedulerBuilderConfiguration#simpleAsyncTaskSchedulerBuilderVirtualThreads:
      Did not match:
         - @ConditionalOnMissingBean (types: org.springframework.boot.task.SimpleAsyncTaskSchedulerBuilder; SearchStrategy: all) found beans of type 'org.springframework.boot.task.SimpleAsyncTaskSchedulerBuilder' simpleAsyncTaskSchedulerBuilder (OnBeanCondition)

   TaskSchedulingConfigurations.TaskSchedulerConfiguration:
      Did not match:
         - @ConditionalOnBean (names: org.springframework.context.annotation.internalScheduledAnnotationProcessor; SearchStrategy: all) did not find any beans named org.springframework.context.annotation.internalScheduledAnnotationProcessor (OnBeanCondition)

   ThymeleafAutoConfiguration:
      Did not match:
         - @ConditionalOnClass did not find required class 'org.thymeleaf.spring6.SpringTemplateEngine' (OnClassCondition)

   TransactionAutoConfiguration#transactionalOperator:
      Did not match:
         - @ConditionalOnSingleCandidate (types: org.springframework.transaction.ReactiveTransactionManager; SearchStrategy: all) did not find any beans (OnBeanCondition)

   TransactionAutoConfiguration.AspectJTransactionManagementConfiguration:
      Did not match:
         - @ConditionalOnBean (types: org.springframework.transaction.aspectj.AbstractTransactionAspect; SearchStrategy: all) did not find any beans of type org.springframework.transaction.aspectj.AbstractTransactionAspect (OnBeanCondition)

   TransactionAutoConfiguration.EnableTransactionManagementConfiguration.JdkDynamicAutoProxyConfiguration:
      Did not match:
         - @ConditionalOnProperty (spring.aop.proxy-target-class=false) did not find property 'proxy-target-class' (OnPropertyCondition)

   UserDetailsServiceAutoConfiguration:
      Did not match:
         - @ConditionalOnMissingBean (types: org.springframework.security.authentication.AuthenticationManager,org.springframework.security.authentication.AuthenticationProvider,org.springframework.security.core.userdetails.UserDetailsService,org.springframework.security.authentication.AuthenticationManagerResolver,org.springframework.security.oauth2.jwt.JwtDecoder; SearchStrategy: all) found beans of type 'org.springframework.security.authentication.AuthenticationManager' authenticationManager and found beans of type 'org.springframework.security.core.userdetails.UserDetailsService' defaultUserDetailsService and found beans of type 'org.springframework.security.authentication.AuthenticationProvider' authenticationProvider (OnBeanCondition)
      Matched:
         - @ConditionalOnClass found required class 'org.springframework.security.authentication.AuthenticationManager' (OnClassCondition)
         - AnyNestedCondition 1 matched 2 did not; NestedCondition on UserDetailsServiceAutoConfiguration.MissingAlternativeOrUserPropertiesConfigured.PasswordConfigured @ConditionalOnProperty (spring.security.user.password) did not find property 'password'; NestedCondition on UserDetailsServiceAutoConfiguration.MissingAlternativeOrUserPropertiesConfigured.NameConfigured @ConditionalOnProperty (spring.security.user.name) did not find property 'name'; NestedCondition on UserDetailsServiceAutoConfiguration.MissingAlternativeOrUserPropertiesConfigured.MissingAlternative @ConditionalOnMissingClass did not find unwanted classes 'org.springframework.security.oauth2.client.registration.ClientRegistrationRepository', 'org.springframework.security.oauth2.server.resource.introspection.OpaqueTokenIntrospector', 'org.springframework.security.saml2.provider.service.registration.RelyingPartyRegistrationRepository' (UserDetailsServiceAutoConfiguration.MissingAlternativeOrUserPropertiesConfigured)

   WebClientAutoConfiguration:
      Did not match:
         - @ConditionalOnClass did not find required class 'org.springframework.web.reactive.function.client.WebClient' (OnClassCondition)

   WebFluxAutoConfiguration:
      Did not match:
         - @ConditionalOnClass did not find required class 'org.springframework.web.reactive.config.WebFluxConfigurer' (OnClassCondition)

   WebMvcAutoConfiguration#hiddenHttpMethodFilter:
      Did not match:
         - @ConditionalOnProperty (spring.mvc.hiddenmethod.filter.enabled) did not find property 'enabled' (OnPropertyCondition)

   WebMvcAutoConfiguration.ProblemDetailsErrorHandlingConfiguration:
      Did not match:
         - @ConditionalOnProperty (spring.mvc.problemdetails.enabled=true) did not find property 'enabled' (OnPropertyCondition)

   WebMvcAutoConfiguration.ResourceChainCustomizerConfiguration:
      Did not match:
         - @ConditionalOnEnabledResourceChain did not find class org.webjars.WebJarAssetLocator (OnEnabledResourceChainCondition)

   WebMvcAutoConfiguration.WebMvcAutoConfigurationAdapter#beanNameViewResolver:
      Did not match:
         - @ConditionalOnMissingBean (types: org.springframework.web.servlet.view.BeanNameViewResolver; SearchStrategy: all) found beans of type 'org.springframework.web.servlet.view.BeanNameViewResolver' beanNameViewResolver (OnBeanCondition)

   WebServiceTemplateAutoConfiguration:
      Did not match:
         - @ConditionalOnClass did not find required class 'org.springframework.oxm.Marshaller' (OnClassCondition)

   WebServicesAutoConfiguration:
      Did not match:
         - @ConditionalOnClass did not find required class 'org.springframework.ws.transport.http.MessageDispatcherServlet' (OnClassCondition)

   WebSessionIdResolverAutoConfiguration:
      Did not match:
         - @ConditionalOnClass did not find required class 'reactor.core.publisher.Mono' (OnClassCondition)

   WebSocketMessagingAutoConfiguration:
      Did not match:
         - @ConditionalOnClass did not find required class 'org.springframework.web.socket.config.annotation.WebSocketMessageBrokerConfigurer' (OnClassCondition)

   WebSocketReactiveAutoConfiguration:
      Did not match:
         - @ConditionalOnWebApplication did not find reactive web application classes (OnWebApplicationCondition)

   WebSocketServletAutoConfiguration.JettyWebSocketConfiguration:
      Did not match:
         - @ConditionalOnClass did not find required class 'org.eclipse.jetty.ee10.websocket.jakarta.server.config.JakartaWebSocketServletContainerInitializer' (OnClassCondition)

   WebSocketServletAutoConfiguration.UndertowWebSocketConfiguration:
      Did not match:
         - @ConditionalOnClass did not find required class 'io.undertow.websockets.jsr.Bootstrap' (OnClassCondition)

   XADataSourceAutoConfiguration:
      Did not match:
         - @ConditionalOnBean (types: org.springframework.boot.jdbc.XADataSourceWrapper; SearchStrategy: all) did not find any beans of type org.springframework.boot.jdbc.XADataSourceWrapper (OnBeanCondition)
      Matched:
         - @ConditionalOnClass found required classes 'javax.sql.DataSource', 'jakarta.transaction.TransactionManager', 'org.springframework.jdbc.datasource.embedded.EmbeddedDatabaseType' (OnClassCondition)


Exclusions:
-----------

    None


Unconditional classes:
----------------------

    org.springframework.boot.autoconfigure.context.ConfigurationPropertiesAutoConfiguration

    org.springframework.modulith.events.jackson.JacksonEventSerializationConfiguration

    org.springframework.modulith.events.jpa.JpaEventPublicationAutoConfiguration

    org.springframework.boot.autoconfigure.ssl.SslAutoConfiguration

    org.springframework.boot.autoconfigure.context.PropertyPlaceholderAutoConfiguration

    org.springframework.boot.autoconfigure.context.LifecycleAutoConfiguration

    org.springframework.modulith.core.config.ApplicationModuleInitializerRuntimeVerification

    org.springdoc.core.configuration.SpringDocSpecPropertiesConfiguration

    org.springframework.boot.autoconfigure.availability.ApplicationAvailabilityAutoConfiguration

    org.springframework.modulith.events.config.EventPublicationAutoConfiguration

    org.springframework.boot.autoconfigure.info.ProjectInfoAutoConfiguration



2024-06-27T14:13:00.682-05:00 ERROR 22344 --- [mindcare-backend] [           main] o.s.boot.SpringApplication               : Application run failed

org.springframework.beans.factory.UnsatisfiedDependencyException: Error creating bean with name 'userCommandServiceImpl' defined in file [C:\Users\sebas\OneDrive\Escritorio\Sebas\UPC\Desarrollo de Aplicaciones Open Source\mindcare-backend\target\classes\pe\edu\upc\mind\care\platform\iam\application\internal\commandservices\UserCommandServiceImpl.class]: Unsatisfied dependency expressed through constructor parameter 2: Error creating bean with name 'tokenServiceImpl': Injection of autowired dependencies failed
	at org.springframework.beans.factory.support.ConstructorResolver.createArgumentArray(ConstructorResolver.java:795) ~[spring-beans-6.1.8.jar:6.1.8]
	at org.springframework.beans.factory.support.ConstructorResolver.autowireConstructor(ConstructorResolver.java:237) ~[spring-beans-6.1.8.jar:6.1.8]
	at org.springframework.beans.factory.support.AbstractAutowireCapableBeanFactory.autowireConstructor(AbstractAutowireCapableBeanFactory.java:1357) ~[spring-beans-6.1.8.jar:6.1.8]
	at org.springframework.beans.factory.support.AbstractAutowireCapableBeanFactory.createBeanInstance(AbstractAutowireCapableBeanFactory.java:1194) ~[spring-beans-6.1.8.jar:6.1.8]
	at org.springframework.beans.factory.support.AbstractAutowireCapableBeanFactory.doCreateBean(AbstractAutowireCapableBeanFactory.java:562) ~[spring-beans-6.1.8.jar:6.1.8]
	at org.springframework.beans.factory.support.AbstractAutowireCapableBeanFactory.createBean(AbstractAutowireCapableBeanFactory.java:522) ~[spring-beans-6.1.8.jar:6.1.8]
	at org.springframework.beans.factory.support.AbstractBeanFactory.lambda$doGetBean$0(AbstractBeanFactory.java:337) ~[spring-beans-6.1.8.jar:6.1.8]
	at org.springframework.beans.factory.support.DefaultSingletonBeanRegistry.getSingleton(DefaultSingletonBeanRegistry.java:234) ~[spring-beans-6.1.8.jar:6.1.8]
	at org.springframework.beans.factory.support.AbstractBeanFactory.doGetBean(AbstractBeanFactory.java:335) ~[spring-beans-6.1.8.jar:6.1.8]
	at org.springframework.beans.factory.support.AbstractBeanFactory.getBean(AbstractBeanFactory.java:200) ~[spring-beans-6.1.8.jar:6.1.8]
	at org.springframework.beans.factory.support.DefaultListableBeanFactory.preInstantiateSingletons(DefaultListableBeanFactory.java:975) ~[spring-beans-6.1.8.jar:6.1.8]
	at org.springframework.context.support.AbstractApplicationContext.finishBeanFactoryInitialization(AbstractApplicationContext.java:962) ~[spring-context-6.1.8.jar:6.1.8]
	at org.springframework.context.support.AbstractApplicationContext.refresh(AbstractApplicationContext.java:624) ~[spring-context-6.1.8.jar:6.1.8]
	at org.springframework.boot.SpringApplication.refresh(SpringApplication.java:754) ~[spring-boot-3.2.6.jar:3.2.6]
	at org.springframework.boot.SpringApplication.refreshContext(SpringApplication.java:456) ~[spring-boot-3.2.6.jar:3.2.6]
	at org.springframework.boot.SpringApplication.run(SpringApplication.java:335) ~[spring-boot-3.2.6.jar:3.2.6]
	at org.springframework.boot.test.context.SpringBootContextLoader.lambda$loadContext$3(SpringBootContextLoader.java:137) ~[spring-boot-test-3.2.6.jar:3.2.6]
	at org.springframework.util.function.ThrowingSupplier.get(ThrowingSupplier.java:58) ~[spring-core-6.1.8.jar:6.1.8]
	at org.springframework.util.function.ThrowingSupplier.get(ThrowingSupplier.java:46) ~[spring-core-6.1.8.jar:6.1.8]
	at org.springframework.boot.SpringApplication.withHook(SpringApplication.java:1463) ~[spring-boot-3.2.6.jar:3.2.6]
	at org.springframework.boot.test.context.SpringBootContextLoader$ContextLoaderHook.run(SpringBootContextLoader.java:553) ~[spring-boot-test-3.2.6.jar:3.2.6]
	at org.springframework.boot.test.context.SpringBootContextLoader.loadContext(SpringBootContextLoader.java:137) ~[spring-boot-test-3.2.6.jar:3.2.6]
	at org.springframework.boot.test.context.SpringBootContextLoader.loadContext(SpringBootContextLoader.java:108) ~[spring-boot-test-3.2.6.jar:3.2.6]
	at org.springframework.test.context.cache.DefaultCacheAwareContextLoaderDelegate.loadContextInternal(DefaultCacheAwareContextLoaderDelegate.java:225) ~[spring-test-6.1.8.jar:6.1.8]
	at org.springframework.test.context.cache.DefaultCacheAwareContextLoaderDelegate.loadContext(DefaultCacheAwareContextLoaderDelegate.java:152) ~[spring-test-6.1.8.jar:6.1.8]
	at org.springframework.test.context.support.DefaultTestContext.getApplicationContext(DefaultTestContext.java:130) ~[spring-test-6.1.8.jar:6.1.8]
	at org.springframework.test.context.web.ServletTestExecutionListener.setUpRequestContextIfNecessary(ServletTestExecutionListener.java:191) ~[spring-test-6.1.8.jar:6.1.8]
	at org.springframework.test.context.web.ServletTestExecutionListener.prepareTestInstance(ServletTestExecutionListener.java:130) ~[spring-test-6.1.8.jar:6.1.8]
	at org.springframework.test.context.TestContextManager.prepareTestInstance(TestContextManager.java:260) ~[spring-test-6.1.8.jar:6.1.8]
	at org.springframework.test.context.junit.jupiter.SpringExtension.postProcessTestInstance(SpringExtension.java:163) ~[spring-test-6.1.8.jar:6.1.8]
	at org.junit.jupiter.engine.descriptor.ClassBasedTestDescriptor.lambda$invokeTestInstancePostProcessors$10(ClassBasedTestDescriptor.java:378) ~[junit-jupiter-engine-5.10.2.jar:5.10.2]
	at org.junit.jupiter.engine.descriptor.ClassBasedTestDescriptor.executeAndMaskThrowable(ClassBasedTestDescriptor.java:383) ~[junit-jupiter-engine-5.10.2.jar:5.10.2]
	at org.junit.jupiter.engine.descriptor.ClassBasedTestDescriptor.lambda$invokeTestInstancePostProcessors$11(ClassBasedTestDescriptor.java:378) ~[junit-jupiter-engine-5.10.2.jar:5.10.2]
	at java.base/java.util.stream.ReferencePipeline$3$1.accept(ReferencePipeline.java:197) ~[na:na]
	at java.base/java.util.stream.ReferencePipeline$2$1.accept(ReferencePipeline.java:179) ~[na:na]
	at java.base/java.util.ArrayList$ArrayListSpliterator.forEachRemaining(ArrayList.java:1708) ~[na:na]
	at java.base/java.util.stream.AbstractPipeline.copyInto(AbstractPipeline.java:509) ~[na:na]
	at java.base/java.util.stream.AbstractPipeline.wrapAndCopyInto(AbstractPipeline.java:499) ~[na:na]
	at java.base/java.util.stream.StreamSpliterators$WrappingSpliterator.forEachRemaining(StreamSpliterators.java:310) ~[na:na]
	at java.base/java.util.stream.Streams$ConcatSpliterator.forEachRemaining(Streams.java:735) ~[na:na]
	at java.base/java.util.stream.Streams$ConcatSpliterator.forEachRemaining(Streams.java:734) ~[na:na]
	at java.base/java.util.stream.ReferencePipeline$Head.forEach(ReferencePipeline.java:762) ~[na:na]
	at org.junit.jupiter.engine.descriptor.ClassBasedTestDescriptor.invokeTestInstancePostProcessors(ClassBasedTestDescriptor.java:377) ~[junit-jupiter-engine-5.10.2.jar:5.10.2]
	at org.junit.jupiter.engine.descriptor.ClassBasedTestDescriptor.lambda$instantiateAndPostProcessTestInstance$6(ClassBasedTestDescriptor.java:290) ~[junit-jupiter-engine-5.10.2.jar:5.10.2]
	at org.junit.platform.engine.support.hierarchical.ThrowableCollector.execute(ThrowableCollector.java:73) ~[junit-platform-engine-1.10.2.jar:1.10.2]
	at org.junit.jupiter.engine.descriptor.ClassBasedTestDescriptor.instantiateAndPostProcessTestInstance(ClassBasedTestDescriptor.java:289) ~[junit-jupiter-engine-5.10.2.jar:5.10.2]
	at org.junit.jupiter.engine.descriptor.ClassBasedTestDescriptor.lambda$testInstancesProvider$4(ClassBasedTestDescriptor.java:279) ~[junit-jupiter-engine-5.10.2.jar:5.10.2]
	at java.base/java.util.Optional.orElseGet(Optional.java:364) ~[na:na]
	at org.junit.jupiter.engine.descriptor.ClassBasedTestDescriptor.lambda$testInstancesProvider$5(ClassBasedTestDescriptor.java:278) ~[junit-jupiter-engine-5.10.2.jar:5.10.2]
	at org.junit.jupiter.engine.execution.TestInstancesProvider.getTestInstances(TestInstancesProvider.java:31) ~[junit-jupiter-engine-5.10.2.jar:5.10.2]
	at org.junit.jupiter.engine.descriptor.TestMethodTestDescriptor.lambda$prepare$0(TestMethodTestDescriptor.java:106) ~[junit-jupiter-engine-5.10.2.jar:5.10.2]
	at org.junit.platform.engine.support.hierarchical.ThrowableCollector.execute(ThrowableCollector.java:73) ~[junit-platform-engine-1.10.2.jar:1.10.2]
	at org.junit.jupiter.engine.descriptor.TestMethodTestDescriptor.prepare(TestMethodTestDescriptor.java:105) ~[junit-jupiter-engine-5.10.2.jar:5.10.2]
	at org.junit.jupiter.engine.descriptor.TestMethodTestDescriptor.prepare(TestMethodTestDescriptor.java:69) ~[junit-jupiter-engine-5.10.2.jar:5.10.2]
	at org.junit.platform.engine.support.hierarchical.NodeTestTask.lambda$prepare$2(NodeTestTask.java:123) ~[junit-platform-engine-1.10.2.jar:1.10.2]
	at org.junit.platform.engine.support.hierarchical.ThrowableCollector.execute(ThrowableCollector.java:73) ~[junit-platform-engine-1.10.2.jar:1.10.2]
	at org.junit.platform.engine.support.hierarchical.NodeTestTask.prepare(NodeTestTask.java:123) ~[junit-platform-engine-1.10.2.jar:1.10.2]
	at org.junit.platform.engine.support.hierarchical.NodeTestTask.execute(NodeTestTask.java:90) ~[junit-platform-engine-1.10.2.jar:1.10.2]
	at java.base/java.util.ArrayList.forEach(ArrayList.java:1596) ~[na:na]
	at org.junit.platform.engine.support.hierarchical.SameThreadHierarchicalTestExecutorService.invokeAll(SameThreadHierarchicalTestExecutorService.java:41) ~[junit-platform-engine-1.10.2.jar:1.10.2]
	at org.junit.platform.engine.support.hierarchical.NodeTestTask.lambda$executeRecursively$6(NodeTestTask.java:155) ~[junit-platform-engine-1.10.2.jar:1.10.2]
	at org.junit.platform.engine.support.hierarchical.ThrowableCollector.execute(ThrowableCollector.java:73) ~[junit-platform-engine-1.10.2.jar:1.10.2]
	at org.junit.platform.engine.support.hierarchical.NodeTestTask.lambda$executeRecursively$8(NodeTestTask.java:141) ~[junit-platform-engine-1.10.2.jar:1.10.2]
	at org.junit.platform.engine.support.hierarchical.Node.around(Node.java:137) ~[junit-platform-engine-1.10.2.jar:1.10.2]
	at org.junit.platform.engine.support.hierarchical.NodeTestTask.lambda$executeRecursively$9(NodeTestTask.java:139) ~[junit-platform-engine-1.10.2.jar:1.10.2]
	at org.junit.platform.engine.support.hierarchical.ThrowableCollector.execute(ThrowableCollector.java:73) ~[junit-platform-engine-1.10.2.jar:1.10.2]
	at org.junit.platform.engine.support.hierarchical.NodeTestTask.executeRecursively(NodeTestTask.java:138) ~[junit-platform-engine-1.10.2.jar:1.10.2]
	at org.junit.platform.engine.support.hierarchical.NodeTestTask.execute(NodeTestTask.java:95) ~[junit-platform-engine-1.10.2.jar:1.10.2]
	at java.base/java.util.ArrayList.forEach(ArrayList.java:1596) ~[na:na]
	at org.junit.platform.engine.support.hierarchical.SameThreadHierarchicalTestExecutorService.invokeAll(SameThreadHierarchicalTestExecutorService.java:41) ~[junit-platform-engine-1.10.2.jar:1.10.2]
	at org.junit.platform.engine.support.hierarchical.NodeTestTask.lambda$executeRecursively$6(NodeTestTask.java:155) ~[junit-platform-engine-1.10.2.jar:1.10.2]
	at org.junit.platform.engine.support.hierarchical.ThrowableCollector.execute(ThrowableCollector.java:73) ~[junit-platform-engine-1.10.2.jar:1.10.2]
	at org.junit.platform.engine.support.hierarchical.NodeTestTask.lambda$executeRecursively$8(NodeTestTask.java:141) ~[junit-platform-engine-1.10.2.jar:1.10.2]
	at org.junit.platform.engine.support.hierarchical.Node.around(Node.java:137) ~[junit-platform-engine-1.10.2.jar:1.10.2]
	at org.junit.platform.engine.support.hierarchical.NodeTestTask.lambda$executeRecursively$9(NodeTestTask.java:139) ~[junit-platform-engine-1.10.2.jar:1.10.2]
	at org.junit.platform.engine.support.hierarchical.ThrowableCollector.execute(ThrowableCollector.java:73) ~[junit-platform-engine-1.10.2.jar:1.10.2]
	at org.junit.platform.engine.support.hierarchical.NodeTestTask.executeRecursively(NodeTestTask.java:138) ~[junit-platform-engine-1.10.2.jar:1.10.2]
	at org.junit.platform.engine.support.hierarchical.NodeTestTask.execute(NodeTestTask.java:95) ~[junit-platform-engine-1.10.2.jar:1.10.2]
	at org.junit.platform.engine.support.hierarchical.SameThreadHierarchicalTestExecutorService.submit(SameThreadHierarchicalTestExecutorService.java:35) ~[junit-platform-engine-1.10.2.jar:1.10.2]
	at org.junit.platform.engine.support.hierarchical.HierarchicalTestExecutor.execute(HierarchicalTestExecutor.java:57) ~[junit-platform-engine-1.10.2.jar:1.10.2]
	at org.junit.platform.engine.support.hierarchical.HierarchicalTestEngine.execute(HierarchicalTestEngine.java:54) ~[junit-platform-engine-1.10.2.jar:1.10.2]
	at org.junit.platform.launcher.core.EngineExecutionOrchestrator.execute(EngineExecutionOrchestrator.java:198) ~[junit-platform-launcher-1.10.2.jar:1.10.2]
	at org.junit.platform.launcher.core.EngineExecutionOrchestrator.execute(EngineExecutionOrchestrator.java:169) ~[junit-platform-launcher-1.10.2.jar:1.10.2]
	at org.junit.platform.launcher.core.EngineExecutionOrchestrator.execute(EngineExecutionOrchestrator.java:93) ~[junit-platform-launcher-1.10.2.jar:1.10.2]
	at org.junit.platform.launcher.core.EngineExecutionOrchestrator.lambda$execute$0(EngineExecutionOrchestrator.java:58) ~[junit-platform-launcher-1.10.2.jar:1.10.2]
	at org.junit.platform.launcher.core.EngineExecutionOrchestrator.withInterceptedStreams(EngineExecutionOrchestrator.java:141) ~[junit-platform-launcher-1.10.2.jar:1.10.2]
	at org.junit.platform.launcher.core.EngineExecutionOrchestrator.execute(EngineExecutionOrchestrator.java:57) ~[junit-platform-launcher-1.10.2.jar:1.10.2]
	at org.junit.platform.launcher.core.DefaultLauncher.execute(DefaultLauncher.java:103) ~[junit-platform-launcher-1.10.2.jar:1.10.2]
	at org.junit.platform.launcher.core.DefaultLauncher.execute(DefaultLauncher.java:85) ~[junit-platform-launcher-1.10.2.jar:1.10.2]
	at org.junit.platform.launcher.core.DelegatingLauncher.execute(DelegatingLauncher.java:47) ~[junit-platform-launcher-1.10.2.jar:1.10.2]
	at org.apache.maven.surefire.junitplatform.LazyLauncher.execute(LazyLauncher.java:56) ~[surefire-junit-platform-3.1.2.jar:3.1.2]
	at org.apache.maven.surefire.junitplatform.JUnitPlatformProvider.execute(JUnitPlatformProvider.java:184) ~[surefire-junit-platform-3.1.2.jar:3.1.2]
	at org.apache.maven.surefire.junitplatform.JUnitPlatformProvider.invokeAllTests(JUnitPlatformProvider.java:148) ~[surefire-junit-platform-3.1.2.jar:3.1.2]
	at org.apache.maven.surefire.junitplatform.JUnitPlatformProvider.invoke(JUnitPlatformProvider.java:122) ~[surefire-junit-platform-3.1.2.jar:3.1.2]
	at org.apache.maven.surefire.booter.ForkedBooter.runSuitesInProcess(ForkedBooter.java:385) ~[surefire-booter-3.1.2.jar:3.1.2]
	at org.apache.maven.surefire.booter.ForkedBooter.execute(ForkedBooter.java:162) ~[surefire-booter-3.1.2.jar:3.1.2]
	at org.apache.maven.surefire.booter.ForkedBooter.run(ForkedBooter.java:507) ~[surefire-booter-3.1.2.jar:3.1.2]
	at org.apache.maven.surefire.booter.ForkedBooter.main(ForkedBooter.java:495) ~[surefire-booter-3.1.2.jar:3.1.2]
Caused by: org.springframework.beans.factory.BeanCreationException: Error creating bean with name 'tokenServiceImpl': Injection of autowired dependencies failed
	at org.springframework.beans.factory.annotation.AutowiredAnnotationBeanPostProcessor.postProcessProperties(AutowiredAnnotationBeanPostProcessor.java:514) ~[spring-beans-6.1.8.jar:6.1.8]
	at org.springframework.beans.factory.support.AbstractAutowireCapableBeanFactory.populateBean(AbstractAutowireCapableBeanFactory.java:1421) ~[spring-beans-6.1.8.jar:6.1.8]
	at org.springframework.beans.factory.support.AbstractAutowireCapableBeanFactory.doCreateBean(AbstractAutowireCapableBeanFactory.java:599) ~[spring-beans-6.1.8.jar:6.1.8]
	at org.springframework.beans.factory.support.AbstractAutowireCapableBeanFactory.createBean(AbstractAutowireCapableBeanFactory.java:522) ~[spring-beans-6.1.8.jar:6.1.8]
	at org.springframework.beans.factory.support.AbstractBeanFactory.lambda$doGetBean$0(AbstractBeanFactory.java:337) ~[spring-beans-6.1.8.jar:6.1.8]
	at org.springframework.beans.factory.support.DefaultSingletonBeanRegistry.getSingleton(DefaultSingletonBeanRegistry.java:234) ~[spring-beans-6.1.8.jar:6.1.8]
	at org.springframework.beans.factory.support.AbstractBeanFactory.doGetBean(AbstractBeanFactory.java:335) ~[spring-beans-6.1.8.jar:6.1.8]
	at org.springframework.beans.factory.support.AbstractBeanFactory.getBean(AbstractBeanFactory.java:200) ~[spring-beans-6.1.8.jar:6.1.8]
	at org.springframework.beans.factory.config.DependencyDescriptor.resolveCandidate(DependencyDescriptor.java:254) ~[spring-beans-6.1.8.jar:6.1.8]
	at org.springframework.beans.factory.support.DefaultListableBeanFactory.doResolveDependency(DefaultListableBeanFactory.java:1443) ~[spring-beans-6.1.8.jar:6.1.8]
	at org.springframework.beans.factory.support.DefaultListableBeanFactory.resolveDependency(DefaultListableBeanFactory.java:1353) ~[spring-beans-6.1.8.jar:6.1.8]
	at org.springframework.beans.factory.support.ConstructorResolver.resolveAutowiredArgument(ConstructorResolver.java:904) ~[spring-beans-6.1.8.jar:6.1.8]
	at org.springframework.beans.factory.support.ConstructorResolver.createArgumentArray(ConstructorResolver.java:782) ~[spring-beans-6.1.8.jar:6.1.8]
	... 97 common frames omitted
Caused by: java.lang.IllegalArgumentException: Could not resolve placeholder 'authorization.jwt.secret' in value "${authorization.jwt.secret}"
	at org.springframework.util.PropertyPlaceholderHelper.parseStringValue(PropertyPlaceholderHelper.java:180) ~[spring-core-6.1.8.jar:6.1.8]
	at org.springframework.util.PropertyPlaceholderHelper.replacePlaceholders(PropertyPlaceholderHelper.java:126) ~[spring-core-6.1.8.jar:6.1.8]
	at org.springframework.core.env.AbstractPropertyResolver.doResolvePlaceholders(AbstractPropertyResolver.java:239) ~[spring-core-6.1.8.jar:6.1.8]
	at org.springframework.core.env.AbstractPropertyResolver.resolveRequiredPlaceholders(AbstractPropertyResolver.java:210) ~[spring-core-6.1.8.jar:6.1.8]
	at org.springframework.context.support.PropertySourcesPlaceholderConfigurer.lambda$processProperties$0(PropertySourcesPlaceholderConfigurer.java:200) ~[spring-context-6.1.8.jar:6.1.8]
	at org.springframework.beans.factory.support.AbstractBeanFactory.resolveEmbeddedValue(AbstractBeanFactory.java:964) ~[spring-beans-6.1.8.jar:6.1.8]
	at org.springframework.beans.factory.support.DefaultListableBeanFactory.doResolveDependency(DefaultListableBeanFactory.java:1374) ~[spring-beans-6.1.8.jar:6.1.8]
	at org.springframework.beans.factory.support.DefaultListableBeanFactory.resolveDependency(DefaultListableBeanFactory.java:1353) ~[spring-beans-6.1.8.jar:6.1.8]
	at org.springframework.beans.factory.annotation.AutowiredAnnotationBeanPostProcessor$AutowiredFieldElement.resolveFieldValue(AutowiredAnnotationBeanPostProcessor.java:784) ~[spring-beans-6.1.8.jar:6.1.8]
	at org.springframework.beans.factory.annotation.AutowiredAnnotationBeanPostProcessor$AutowiredFieldElement.inject(AutowiredAnnotationBeanPostProcessor.java:767) ~[spring-beans-6.1.8.jar:6.1.8]
	at org.springframework.beans.factory.annotation.InjectionMetadata.inject(InjectionMetadata.java:145) ~[spring-beans-6.1.8.jar:6.1.8]
	at org.springframework.beans.factory.annotation.AutowiredAnnotationBeanPostProcessor.postProcessProperties(AutowiredAnnotationBeanPostProcessor.java:508) ~[spring-beans-6.1.8.jar:6.1.8]
	... 109 common frames omitted

2024-06-27T14:13:00.689-05:00 DEBUG 22344 --- [mindcare-backend] [           main] org.springframework.test.context.cache   : Spring test ApplicationContext cache statistics: [DefaultContextCache@69860811 size = 0, maxSize = 32, parentContextCount = 0, hitCount = 0, missCount = 1, failureCount = 1]
2024-06-27T14:13:00.689-05:00  WARN 22344 --- [mindcare-backend] [           main] o.s.test.context.TestContextManager      : Caught exception while allowing TestExecutionListener [org.springframework.test.context.web.ServletTestExecutionListener] to prepare test instance [pe.edu.upc.mind.care.platform.MindCarePlatformApplicationTests@3ad80206]

java.lang.IllegalStateException: Failed to load ApplicationContext for [WebMergedContextConfiguration@16a78700 testClass = pe.edu.upc.mind.care.platform.MindCarePlatformApplicationTests, locations = [], classes = [pe.edu.upc.mind.care.platform.MindCarePlatformApplication], contextInitializerClasses = [], activeProfiles = [], propertySourceDescriptors = [], propertySourceProperties = ["org.springframework.boot.test.context.SpringBootTestContextBootstrapper=true"], contextCustomizers = [org.springframework.boot.test.context.filter.ExcludeFilterContextCustomizer@3b35a229, org.springframework.boot.test.json.DuplicateJsonObjectContextCustomizerFactory$DuplicateJsonObjectContextCustomizer@7dc3712, org.springframework.boot.test.mock.mockito.MockitoContextCustomizer@0, org.springframework.boot.test.web.client.TestRestTemplateContextCustomizer@10289886, org.springframework.boot.test.autoconfigure.actuate.observability.ObservabilityContextCustomizerFactory$DisableObservabilityContextCustomizer@1f, org.springframework.boot.test.autoconfigure.properties.PropertyMappingContextCustomizer@0, org.springframework.boot.test.autoconfigure.web.servlet.WebDriverContextCustomizer@79defdc, org.springframework.boot.test.context.SpringBootTestAnnotation@f9baaf3], resourceBasePath = "src/main/webapp", contextLoader = org.springframework.boot.test.context.SpringBootContextLoader, parent = null]
	at org.springframework.test.context.cache.DefaultCacheAwareContextLoaderDelegate.loadContext(DefaultCacheAwareContextLoaderDelegate.java:180) ~[spring-test-6.1.8.jar:6.1.8]
	at org.springframework.test.context.support.DefaultTestContext.getApplicationContext(DefaultTestContext.java:130) ~[spring-test-6.1.8.jar:6.1.8]
	at org.springframework.test.context.web.ServletTestExecutionListener.setUpRequestContextIfNecessary(ServletTestExecutionListener.java:191) ~[spring-test-6.1.8.jar:6.1.8]
	at org.springframework.test.context.web.ServletTestExecutionListener.prepareTestInstance(ServletTestExecutionListener.java:130) ~[spring-test-6.1.8.jar:6.1.8]
	at org.springframework.test.context.TestContextManager.prepareTestInstance(TestContextManager.java:260) ~[spring-test-6.1.8.jar:6.1.8]
	at org.springframework.test.context.junit.jupiter.SpringExtension.postProcessTestInstance(SpringExtension.java:163) ~[spring-test-6.1.8.jar:6.1.8]
	at org.junit.jupiter.engine.descriptor.ClassBasedTestDescriptor.lambda$invokeTestInstancePostProcessors$10(ClassBasedTestDescriptor.java:378) ~[junit-jupiter-engine-5.10.2.jar:5.10.2]
	at org.junit.jupiter.engine.descriptor.ClassBasedTestDescriptor.executeAndMaskThrowable(ClassBasedTestDescriptor.java:383) ~[junit-jupiter-engine-5.10.2.jar:5.10.2]
	at org.junit.jupiter.engine.descriptor.ClassBasedTestDescriptor.lambda$invokeTestInstancePostProcessors$11(ClassBasedTestDescriptor.java:378) ~[junit-jupiter-engine-5.10.2.jar:5.10.2]
	at java.base/java.util.stream.ReferencePipeline$3$1.accept(ReferencePipeline.java:197) ~[na:na]
	at java.base/java.util.stream.ReferencePipeline$2$1.accept(ReferencePipeline.java:179) ~[na:na]
	at java.base/java.util.ArrayList$ArrayListSpliterator.forEachRemaining(ArrayList.java:1708) ~[na:na]
	at java.base/java.util.stream.AbstractPipeline.copyInto(AbstractPipeline.java:509) ~[na:na]
	at java.base/java.util.stream.AbstractPipeline.wrapAndCopyInto(AbstractPipeline.java:499) ~[na:na]
	at java.base/java.util.stream.StreamSpliterators$WrappingSpliterator.forEachRemaining(StreamSpliterators.java:310) ~[na:na]
	at java.base/java.util.stream.Streams$ConcatSpliterator.forEachRemaining(Streams.java:735) ~[na:na]
	at java.base/java.util.stream.Streams$ConcatSpliterator.forEachRemaining(Streams.java:734) ~[na:na]
	at java.base/java.util.stream.ReferencePipeline$Head.forEach(ReferencePipeline.java:762) ~[na:na]
	at org.junit.jupiter.engine.descriptor.ClassBasedTestDescriptor.invokeTestInstancePostProcessors(ClassBasedTestDescriptor.java:377) ~[junit-jupiter-engine-5.10.2.jar:5.10.2]
	at org.junit.jupiter.engine.descriptor.ClassBasedTestDescriptor.lambda$instantiateAndPostProcessTestInstance$6(ClassBasedTestDescriptor.java:290) ~[junit-jupiter-engine-5.10.2.jar:5.10.2]
	at org.junit.platform.engine.support.hierarchical.ThrowableCollector.execute(ThrowableCollector.java:73) ~[junit-platform-engine-1.10.2.jar:1.10.2]
	at org.junit.jupiter.engine.descriptor.ClassBasedTestDescriptor.instantiateAndPostProcessTestInstance(ClassBasedTestDescriptor.java:289) ~[junit-jupiter-engine-5.10.2.jar:5.10.2]
	at org.junit.jupiter.engine.descriptor.ClassBasedTestDescriptor.lambda$testInstancesProvider$4(ClassBasedTestDescriptor.java:279) ~[junit-jupiter-engine-5.10.2.jar:5.10.2]
	at java.base/java.util.Optional.orElseGet(Optional.java:364) ~[na:na]
	at org.junit.jupiter.engine.descriptor.ClassBasedTestDescriptor.lambda$testInstancesProvider$5(ClassBasedTestDescriptor.java:278) ~[junit-jupiter-engine-5.10.2.jar:5.10.2]
	at org.junit.jupiter.engine.execution.TestInstancesProvider.getTestInstances(TestInstancesProvider.java:31) ~[junit-jupiter-engine-5.10.2.jar:5.10.2]
	at org.junit.jupiter.engine.descriptor.TestMethodTestDescriptor.lambda$prepare$0(TestMethodTestDescriptor.java:106) ~[junit-jupiter-engine-5.10.2.jar:5.10.2]
	at org.junit.platform.engine.support.hierarchical.ThrowableCollector.execute(ThrowableCollector.java:73) ~[junit-platform-engine-1.10.2.jar:1.10.2]
	at org.junit.jupiter.engine.descriptor.TestMethodTestDescriptor.prepare(TestMethodTestDescriptor.java:105) ~[junit-jupiter-engine-5.10.2.jar:5.10.2]
	at org.junit.jupiter.engine.descriptor.TestMethodTestDescriptor.prepare(TestMethodTestDescriptor.java:69) ~[junit-jupiter-engine-5.10.2.jar:5.10.2]
	at org.junit.platform.engine.support.hierarchical.NodeTestTask.lambda$prepare$2(NodeTestTask.java:123) ~[junit-platform-engine-1.10.2.jar:1.10.2]
	at org.junit.platform.engine.support.hierarchical.ThrowableCollector.execute(ThrowableCollector.java:73) ~[junit-platform-engine-1.10.2.jar:1.10.2]
	at org.junit.platform.engine.support.hierarchical.NodeTestTask.prepare(NodeTestTask.java:123) ~[junit-platform-engine-1.10.2.jar:1.10.2]
	at org.junit.platform.engine.support.hierarchical.NodeTestTask.execute(NodeTestTask.java:90) ~[junit-platform-engine-1.10.2.jar:1.10.2]
	at java.base/java.util.ArrayList.forEach(ArrayList.java:1596) ~[na:na]
	at org.junit.platform.engine.support.hierarchical.SameThreadHierarchicalTestExecutorService.invokeAll(SameThreadHierarchicalTestExecutorService.java:41) ~[junit-platform-engine-1.10.2.jar:1.10.2]
	at org.junit.platform.engine.support.hierarchical.NodeTestTask.lambda$executeRecursively$6(NodeTestTask.java:155) ~[junit-platform-engine-1.10.2.jar:1.10.2]
	at org.junit.platform.engine.support.hierarchical.ThrowableCollector.execute(ThrowableCollector.java:73) ~[junit-platform-engine-1.10.2.jar:1.10.2]
	at org.junit.platform.engine.support.hierarchical.NodeTestTask.lambda$executeRecursively$8(NodeTestTask.java:141) ~[junit-platform-engine-1.10.2.jar:1.10.2]
	at org.junit.platform.engine.support.hierarchical.Node.around(Node.java:137) ~[junit-platform-engine-1.10.2.jar:1.10.2]
	at org.junit.platform.engine.support.hierarchical.NodeTestTask.lambda$executeRecursively$9(NodeTestTask.java:139) ~[junit-platform-engine-1.10.2.jar:1.10.2]
	at org.junit.platform.engine.support.hierarchical.ThrowableCollector.execute(ThrowableCollector.java:73) ~[junit-platform-engine-1.10.2.jar:1.10.2]
	at org.junit.platform.engine.support.hierarchical.NodeTestTask.executeRecursively(NodeTestTask.java:138) ~[junit-platform-engine-1.10.2.jar:1.10.2]
	at org.junit.platform.engine.support.hierarchical.NodeTestTask.execute(NodeTestTask.java:95) ~[junit-platform-engine-1.10.2.jar:1.10.2]
	at java.base/java.util.ArrayList.forEach(ArrayList.java:1596) ~[na:na]
	at org.junit.platform.engine.support.hierarchical.SameThreadHierarchicalTestExecutorService.invokeAll(SameThreadHierarchicalTestExecutorService.java:41) ~[junit-platform-engine-1.10.2.jar:1.10.2]
	at org.junit.platform.engine.support.hierarchical.NodeTestTask.lambda$executeRecursively$6(NodeTestTask.java:155) ~[junit-platform-engine-1.10.2.jar:1.10.2]
	at org.junit.platform.engine.support.hierarchical.ThrowableCollector.execute(ThrowableCollector.java:73) ~[junit-platform-engine-1.10.2.jar:1.10.2]
	at org.junit.platform.engine.support.hierarchical.NodeTestTask.lambda$executeRecursively$8(NodeTestTask.java:141) ~[junit-platform-engine-1.10.2.jar:1.10.2]
	at org.junit.platform.engine.support.hierarchical.Node.around(Node.java:137) ~[junit-platform-engine-1.10.2.jar:1.10.2]
	at org.junit.platform.engine.support.hierarchical.NodeTestTask.lambda$executeRecursively$9(NodeTestTask.java:139) ~[junit-platform-engine-1.10.2.jar:1.10.2]
	at org.junit.platform.engine.support.hierarchical.ThrowableCollector.execute(ThrowableCollector.java:73) ~[junit-platform-engine-1.10.2.jar:1.10.2]
	at org.junit.platform.engine.support.hierarchical.NodeTestTask.executeRecursively(NodeTestTask.java:138) ~[junit-platform-engine-1.10.2.jar:1.10.2]
	at org.junit.platform.engine.support.hierarchical.NodeTestTask.execute(NodeTestTask.java:95) ~[junit-platform-engine-1.10.2.jar:1.10.2]
	at org.junit.platform.engine.support.hierarchical.SameThreadHierarchicalTestExecutorService.submit(SameThreadHierarchicalTestExecutorService.java:35) ~[junit-platform-engine-1.10.2.jar:1.10.2]
	at org.junit.platform.engine.support.hierarchical.HierarchicalTestExecutor.execute(HierarchicalTestExecutor.java:57) ~[junit-platform-engine-1.10.2.jar:1.10.2]
	at org.junit.platform.engine.support.hierarchical.HierarchicalTestEngine.execute(HierarchicalTestEngine.java:54) ~[junit-platform-engine-1.10.2.jar:1.10.2]
	at org.junit.platform.launcher.core.EngineExecutionOrchestrator.execute(EngineExecutionOrchestrator.java:198) ~[junit-platform-launcher-1.10.2.jar:1.10.2]
	at org.junit.platform.launcher.core.EngineExecutionOrchestrator.execute(EngineExecutionOrchestrator.java:169) ~[junit-platform-launcher-1.10.2.jar:1.10.2]
	at org.junit.platform.launcher.core.EngineExecutionOrchestrator.execute(EngineExecutionOrchestrator.java:93) ~[junit-platform-launcher-1.10.2.jar:1.10.2]
	at org.junit.platform.launcher.core.EngineExecutionOrchestrator.lambda$execute$0(EngineExecutionOrchestrator.java:58) ~[junit-platform-launcher-1.10.2.jar:1.10.2]
	at org.junit.platform.launcher.core.EngineExecutionOrchestrator.withInterceptedStreams(EngineExecutionOrchestrator.java:141) ~[junit-platform-launcher-1.10.2.jar:1.10.2]
	at org.junit.platform.launcher.core.EngineExecutionOrchestrator.execute(EngineExecutionOrchestrator.java:57) ~[junit-platform-launcher-1.10.2.jar:1.10.2]
	at org.junit.platform.launcher.core.DefaultLauncher.execute(DefaultLauncher.java:103) ~[junit-platform-launcher-1.10.2.jar:1.10.2]
	at org.junit.platform.launcher.core.DefaultLauncher.execute(DefaultLauncher.java:85) ~[junit-platform-launcher-1.10.2.jar:1.10.2]
	at org.junit.platform.launcher.core.DelegatingLauncher.execute(DelegatingLauncher.java:47) ~[junit-platform-launcher-1.10.2.jar:1.10.2]
	at org.apache.maven.surefire.junitplatform.LazyLauncher.execute(LazyLauncher.java:56) ~[surefire-junit-platform-3.1.2.jar:3.1.2]
	at org.apache.maven.surefire.junitplatform.JUnitPlatformProvider.execute(JUnitPlatformProvider.java:184) ~[surefire-junit-platform-3.1.2.jar:3.1.2]
	at org.apache.maven.surefire.junitplatform.JUnitPlatformProvider.invokeAllTests(JUnitPlatformProvider.java:148) ~[surefire-junit-platform-3.1.2.jar:3.1.2]
	at org.apache.maven.surefire.junitplatform.JUnitPlatformProvider.invoke(JUnitPlatformProvider.java:122) ~[surefire-junit-platform-3.1.2.jar:3.1.2]
	at org.apache.maven.surefire.booter.ForkedBooter.runSuitesInProcess(ForkedBooter.java:385) ~[surefire-booter-3.1.2.jar:3.1.2]
	at org.apache.maven.surefire.booter.ForkedBooter.execute(ForkedBooter.java:162) ~[surefire-booter-3.1.2.jar:3.1.2]
	at org.apache.maven.surefire.booter.ForkedBooter.run(ForkedBooter.java:507) ~[surefire-booter-3.1.2.jar:3.1.2]
	at org.apache.maven.surefire.booter.ForkedBooter.main(ForkedBooter.java:495) ~[surefire-booter-3.1.2.jar:3.1.2]
Caused by: org.springframework.beans.factory.UnsatisfiedDependencyException: Error creating bean with name 'userCommandServiceImpl' defined in file [C:\Users\sebas\OneDrive\Escritorio\Sebas\UPC\Desarrollo de Aplicaciones Open Source\mindcare-backend\target\classes\pe\edu\upc\mind\care\platform\iam\application\internal\commandservices\UserCommandServiceImpl.class]: Unsatisfied dependency expressed through constructor parameter 2: Error creating bean with name 'tokenServiceImpl': Injection of autowired dependencies failed
	at org.springframework.beans.factory.support.ConstructorResolver.createArgumentArray(ConstructorResolver.java:795) ~[spring-beans-6.1.8.jar:6.1.8]
	at org.springframework.beans.factory.support.ConstructorResolver.autowireConstructor(ConstructorResolver.java:237) ~[spring-beans-6.1.8.jar:6.1.8]
	at org.springframework.beans.factory.support.AbstractAutowireCapableBeanFactory.autowireConstructor(AbstractAutowireCapableBeanFactory.java:1357) ~[spring-beans-6.1.8.jar:6.1.8]
	at org.springframework.beans.factory.support.AbstractAutowireCapableBeanFactory.createBeanInstance(AbstractAutowireCapableBeanFactory.java:1194) ~[spring-beans-6.1.8.jar:6.1.8]
	at org.springframework.beans.factory.support.AbstractAutowireCapableBeanFactory.doCreateBean(AbstractAutowireCapableBeanFactory.java:562) ~[spring-beans-6.1.8.jar:6.1.8]
	at org.springframework.beans.factory.support.AbstractAutowireCapableBeanFactory.createBean(AbstractAutowireCapableBeanFactory.java:522) ~[spring-beans-6.1.8.jar:6.1.8]
	at org.springframework.beans.factory.support.AbstractBeanFactory.lambda$doGetBean$0(AbstractBeanFactory.java:337) ~[spring-beans-6.1.8.jar:6.1.8]
	at org.springframework.beans.factory.support.DefaultSingletonBeanRegistry.getSingleton(DefaultSingletonBeanRegistry.java:234) ~[spring-beans-6.1.8.jar:6.1.8]
	at org.springframework.beans.factory.support.AbstractBeanFactory.doGetBean(AbstractBeanFactory.java:335) ~[spring-beans-6.1.8.jar:6.1.8]
	at org.springframework.beans.factory.support.AbstractBeanFactory.getBean(AbstractBeanFactory.java:200) ~[spring-beans-6.1.8.jar:6.1.8]
	at org.springframework.beans.factory.support.DefaultListableBeanFactory.preInstantiateSingletons(DefaultListableBeanFactory.java:975) ~[spring-beans-6.1.8.jar:6.1.8]
	at org.springframework.context.support.AbstractApplicationContext.finishBeanFactoryInitialization(AbstractApplicationContext.java:962) ~[spring-context-6.1.8.jar:6.1.8]
	at org.springframework.context.support.AbstractApplicationContext.refresh(AbstractApplicationContext.java:624) ~[spring-context-6.1.8.jar:6.1.8]
	at org.springframework.boot.SpringApplication.refresh(SpringApplication.java:754) ~[spring-boot-3.2.6.jar:3.2.6]
	at org.springframework.boot.SpringApplication.refreshContext(SpringApplication.java:456) ~[spring-boot-3.2.6.jar:3.2.6]
	at org.springframework.boot.SpringApplication.run(SpringApplication.java:335) ~[spring-boot-3.2.6.jar:3.2.6]
	at org.springframework.boot.test.context.SpringBootContextLoader.lambda$loadContext$3(SpringBootContextLoader.java:137) ~[spring-boot-test-3.2.6.jar:3.2.6]
	at org.springframework.util.function.ThrowingSupplier.get(ThrowingSupplier.java:58) ~[spring-core-6.1.8.jar:6.1.8]
	at org.springframework.util.function.ThrowingSupplier.get(ThrowingSupplier.java:46) ~[spring-core-6.1.8.jar:6.1.8]
	at org.springframework.boot.SpringApplication.withHook(SpringApplication.java:1463) ~[spring-boot-3.2.6.jar:3.2.6]
	at org.springframework.boot.test.context.SpringBootContextLoader$ContextLoaderHook.run(SpringBootContextLoader.java:553) ~[spring-boot-test-3.2.6.jar:3.2.6]
	at org.springframework.boot.test.context.SpringBootContextLoader.loadContext(SpringBootContextLoader.java:137) ~[spring-boot-test-3.2.6.jar:3.2.6]
	at org.springframework.boot.test.context.SpringBootContextLoader.loadContext(SpringBootContextLoader.java:108) ~[spring-boot-test-3.2.6.jar:3.2.6]
	at org.springframework.test.context.cache.DefaultCacheAwareContextLoaderDelegate.loadContextInternal(DefaultCacheAwareContextLoaderDelegate.java:225) ~[spring-test-6.1.8.jar:6.1.8]
	at org.springframework.test.context.cache.DefaultCacheAwareContextLoaderDelegate.loadContext(DefaultCacheAwareContextLoaderDelegate.java:152) ~[spring-test-6.1.8.jar:6.1.8]
	... 73 common frames omitted
Caused by: org.springframework.beans.factory.BeanCreationException: Error creating bean with name 'tokenServiceImpl': Injection of autowired dependencies failed
	at org.springframework.beans.factory.annotation.AutowiredAnnotationBeanPostProcessor.postProcessProperties(AutowiredAnnotationBeanPostProcessor.java:514) ~[spring-beans-6.1.8.jar:6.1.8]
	at org.springframework.beans.factory.support.AbstractAutowireCapableBeanFactory.populateBean(AbstractAutowireCapableBeanFactory.java:1421) ~[spring-beans-6.1.8.jar:6.1.8]
	at org.springframework.beans.factory.support.AbstractAutowireCapableBeanFactory.doCreateBean(AbstractAutowireCapableBeanFactory.java:599) ~[spring-beans-6.1.8.jar:6.1.8]
	at org.springframework.beans.factory.support.AbstractAutowireCapableBeanFactory.createBean(AbstractAutowireCapableBeanFactory.java:522) ~[spring-beans-6.1.8.jar:6.1.8]
	at org.springframework.beans.factory.support.AbstractBeanFactory.lambda$doGetBean$0(AbstractBeanFactory.java:337) ~[spring-beans-6.1.8.jar:6.1.8]
	at org.springframework.beans.factory.support.DefaultSingletonBeanRegistry.getSingleton(DefaultSingletonBeanRegistry.java:234) ~[spring-beans-6.1.8.jar:6.1.8]
	at org.springframework.beans.factory.support.AbstractBeanFactory.doGetBean(AbstractBeanFactory.java:335) ~[spring-beans-6.1.8.jar:6.1.8]
	at org.springframework.beans.factory.support.AbstractBeanFactory.getBean(AbstractBeanFactory.java:200) ~[spring-beans-6.1.8.jar:6.1.8]
	at org.springframework.beans.factory.config.DependencyDescriptor.resolveCandidate(DependencyDescriptor.java:254) ~[spring-beans-6.1.8.jar:6.1.8]
	at org.springframework.beans.factory.support.DefaultListableBeanFactory.doResolveDependency(DefaultListableBeanFactory.java:1443) ~[spring-beans-6.1.8.jar:6.1.8]
	at org.springframework.beans.factory.support.DefaultListableBeanFactory.resolveDependency(DefaultListableBeanFactory.java:1353) ~[spring-beans-6.1.8.jar:6.1.8]
	at org.springframework.beans.factory.support.ConstructorResolver.resolveAutowiredArgument(ConstructorResolver.java:904) ~[spring-beans-6.1.8.jar:6.1.8]
	at org.springframework.beans.factory.support.ConstructorResolver.createArgumentArray(ConstructorResolver.java:782) ~[spring-beans-6.1.8.jar:6.1.8]
	... 97 common frames omitted
Caused by: java.lang.IllegalArgumentException: Could not resolve placeholder 'authorization.jwt.secret' in value "${authorization.jwt.secret}"
	at org.springframework.util.PropertyPlaceholderHelper.parseStringValue(PropertyPlaceholderHelper.java:180) ~[spring-core-6.1.8.jar:6.1.8]
	at org.springframework.util.PropertyPlaceholderHelper.replacePlaceholders(PropertyPlaceholderHelper.java:126) ~[spring-core-6.1.8.jar:6.1.8]
	at org.springframework.core.env.AbstractPropertyResolver.doResolvePlaceholders(AbstractPropertyResolver.java:239) ~[spring-core-6.1.8.jar:6.1.8]
	at org.springframework.core.env.AbstractPropertyResolver.resolveRequiredPlaceholders(AbstractPropertyResolver.java:210) ~[spring-core-6.1.8.jar:6.1.8]
	at org.springframework.context.support.PropertySourcesPlaceholderConfigurer.lambda$processProperties$0(PropertySourcesPlaceholderConfigurer.java:200) ~[spring-context-6.1.8.jar:6.1.8]
	at org.springframework.beans.factory.support.AbstractBeanFactory.resolveEmbeddedValue(AbstractBeanFactory.java:964) ~[spring-beans-6.1.8.jar:6.1.8]
	at org.springframework.beans.factory.support.DefaultListableBeanFactory.doResolveDependency(DefaultListableBeanFactory.java:1374) ~[spring-beans-6.1.8.jar:6.1.8]
	at org.springframework.beans.factory.support.DefaultListableBeanFactory.resolveDependency(DefaultListableBeanFactory.java:1353) ~[spring-beans-6.1.8.jar:6.1.8]
	at org.springframework.beans.factory.annotation.AutowiredAnnotationBeanPostProcessor$AutowiredFieldElement.resolveFieldValue(AutowiredAnnotationBeanPostProcessor.java:784) ~[spring-beans-6.1.8.jar:6.1.8]
	at org.springframework.beans.factory.annotation.AutowiredAnnotationBeanPostProcessor$AutowiredFieldElement.inject(AutowiredAnnotationBeanPostProcessor.java:767) ~[spring-beans-6.1.8.jar:6.1.8]
	at org.springframework.beans.factory.annotation.InjectionMetadata.inject(InjectionMetadata.java:145) ~[spring-beans-6.1.8.jar:6.1.8]
	at org.springframework.beans.factory.annotation.AutowiredAnnotationBeanPostProcessor.postProcessProperties(AutowiredAnnotationBeanPostProcessor.java:508) ~[spring-beans-6.1.8.jar:6.1.8]
	... 109 common frames omitted

]]></system-out>
    <system-err><![CDATA[


============================
CONDITIONS EVALUATION REPORT
============================


Positive matches:
-----------------

    None


Negative matches:
-----------------

    None


Exclusions:
-----------

    None


Unconditional classes:
----------------------

    None



]]></system-err>
  </testcase>
</testsuite>